GH13_30.hmm	365	demux_S_9.scaffolds_12_1	592	9.2e-167	1	365	33	401	0.9972602739726028
GH3.hmm	216	demux_S_9.scaffolds_1_104	435	1.3e-37	5	216	159	389	0.9768518518518519
GH13_9.hmm	301	demux_S_9.scaffolds_1_134	784	6.6e-155	1	301	332	632	0.9966777408637874
CBM48.hmm	76	demux_S_9.scaffolds_1_152	706	3.3e-19	2	71	3	92	0.9078947368421053
GH13_11.hmm	351	demux_S_9.scaffolds_1_152	706	6.9e-174	1	351	172	525	0.9971509971509972
GH13_5.hmm	342	demux_S_9.scaffolds_1_175	501	4e-134	3	342	37	374	0.9912280701754386
GH13_32.hmm	269	demux_S_9.scaffolds_1_202	177	6.8e-57	6	162	2	175	0.5799256505576208
GH13_32.hmm	269	demux_S_9.scaffolds_1_203	151	4.3e-26	167	268	7	115	0.3754646840148699
GT5.hmm	472	demux_S_9.scaffolds_1_238	415	7.4e-35	124	471	87	403	0.7351694915254238
GT4.hmm	160	demux_S_9.scaffolds_1_298	331	1.6e-31	6	157	145	300	0.94375
GT4.hmm	160	demux_S_9.scaffolds_1_30	397	2.2e-22	7	154	206	358	0.91875
GT4.hmm	160	demux_S_9.scaffolds_1_498	401	4.5e-17	12	154	220	359	0.8875
CE1.hmm	227	demux_S_9.scaffolds_1_517	458	2.5e-27	7	222	197	433	0.947136563876652
GH43_10.hmm	271	demux_S_9.scaffolds_1_590	520	2.8e-90	1	271	5	273	0.996309963099631
CBM91.hmm	200	demux_S_9.scaffolds_1_590	520	3.2e-25	12	198	317	513	0.93
CE20.hmm	249	demux_S_9.scaffolds_1_592	642	6.5e-34	3	117	81	199	0.4578313253012048
CE20.hmm	249	demux_S_9.scaffolds_1_592	642	4.3e-36	122	246	377	500	0.4979919678714859
GH43_11.hmm	292	demux_S_9.scaffolds_1_593	542	1.4e-135	1	292	3	304	0.9965753424657534
CBM91.hmm	200	demux_S_9.scaffolds_1_593	542	5.7e-46	3	199	332	539	0.98
GH43_12.hmm	281	demux_S_9.scaffolds_1_598	561	2.5e-95	1	278	11	366	0.9857651245551602
GT2.hmm	230	demux_S_9.scaffolds_1_616	429	5.2e-24	3	228	45	271	0.9782608695652174
GT2.hmm	170	demux_S_9.scaffolds_1_618	342	6.3e-29	1	117	5	123	0.6823529411764706
GH42.hmm	371	demux_S_9.scaffolds_1_622	696	3.9e-153	1	370	28	400	0.9946091644204852
GH2.hmm	752	demux_S_9.scaffolds_1_629	1068	1.1e-204	22	749	60	950	0.9667553191489362
GH13_11.hmm	351	demux_S_9.scaffolds_1_728	899	8.7e-142	1	351	231	597	0.9971509971509972
GH77.hmm	494	demux_S_9.scaffolds_1_731	723	5.1e-133	2	471	190	697	0.9493927125506073
CE4.hmm	130	demux_S_9.scaffolds_2_109	437	2e-29	6	112	235	342	0.8153846153846154
GT35.hmm	674	demux_S_9.scaffolds_2_158	819	3.2e-260	1	673	100	813	0.9970326409495549
GT51.hmm	177	demux_S_9.scaffolds_2_18	803	4.2e-60	3	176	98	270	0.9774011299435028
CE4.hmm	130	demux_S_9.scaffolds_2_64	509	1.1e-24	10	122	294	409	0.8615384615384616
GH1.hmm	429	demux_S_9.scaffolds_2_85	461	1.8e-156	2	427	2	457	0.9906759906759907
CE2.hmm	209	demux_S_9.scaffolds_2_86	366	1.4e-61	1	209	143	356	0.9952153110047847
CE20.hmm	249	demux_S_9.scaffolds_2_87	566	5.3e-68	3	248	118	430	0.9839357429718876
GH13_18.hmm	343	demux_S_9.scaffolds_2_98	507	2.7e-115	2	343	35	379	0.9941690962099126
GT32.hmm	90	demux_S_9.scaffolds_3_25	311	1.7e-17	3	85	97	174	0.9111111111111111
GT2.hmm	170	demux_S_9.scaffolds_3_26	295	6.3e-26	1	168	6	172	0.9823529411764705
GT111.hmm	217	demux_S_9.scaffolds_3_27	255	6.6e-74	1	215	9	218	0.9861751152073732
GT2.hmm	170	demux_S_9.scaffolds_3_30	338	2.3e-36	1	127	5	128	0.7411764705882353
GT2.hmm	170	demux_S_9.scaffolds_3_33	322	3.1e-19	2	108	7	113	0.6235294117647059
GT81.hmm	293	demux_S_9.scaffolds_3_38	336	2.1e-16	20	146	4	112	0.4300341296928328
GT51.hmm	177	demux_S_9.scaffolds_3_55	735	5.3e-63	3	177	77	268	0.9830508474576272
GT2.hmm	170	demux_S_9.scaffolds_3_9	279	9.6e-18	4	145	14	168	0.8294117647058824
GH32.hmm	293	demux_S_9.scaffolds_4_35	533	6.8e-92	1	292	57	367	0.9931740614334471
GT28.hmm	157	demux_S_9.scaffolds_4_78	395	3.3e-46	2	157	206	378	0.9872611464968153
CBM23.hmm	162	demux_S_9.scaffolds_5_33	399	2.5e-40	1	162	80	250	0.9938271604938271
GH3.hmm	216	demux_S_9.scaffolds_5_4	750	4.1e-64	12	216	41	251	0.9444444444444444
GH36.hmm	688	demux_S_9.scaffolds_5_72	741	9.7e-213	9	673	29	683	0.9651162790697675
GH13_31.hmm	349	demux_S_9.scaffolds_5_80	612	1e-150	1	347	46	411	0.9914040114613181
GH127.hmm	524	demux_S_9.scaffolds_5_84	672	2.1e-206	1	524	6	577	0.9980916030534351
GH5_8.hmm	253	demux_S_9.scaffolds_6_36	379	1.4e-93	4	252	44	290	0.9802371541501976
GH13_3.hmm	210	demux_S_9.scaffolds_6_42	759	2.9e-84	4	208	322	539	0.9714285714285714
GH30.hmm	417	demux_S_9.scaffolds_6_6	485	6.1e-121	7	415	35	483	0.9784172661870504
GH36.hmm	688	demux_S_9.scaffolds_7_27	799	5e-78	106	604	113	645	0.7238372093023255
GT39.hmm	223	demux_S_9.scaffolds_7_35	538	4.5e-69	2	223	45	320	0.9910313901345291
GH3.hmm	216	demux_S_9.scaffolds_7_39	777	1e-70	3	215	76	307	0.9814814814814815
GT2.hmm	170	demux_S_9.scaffolds_7_4	341	5.5e-22	2	108	21	135	0.6235294117647059
GH13_14.hmm	289	demux_S_9.scaffolds_7_50	700	1.2e-104	2	289	193	544	0.9930795847750865
GH13.hmm	299	demux_S_9.scaffolds_7_54	535	2.6e-67	12	293	32	379	0.939799331103679
GH77.hmm	494	demux_S_9.scaffolds_7_55	733	8.1e-132	2	482	192	715	0.97165991902834
GT2.hmm	230	demux_S_9.scaffolds_7_7	685	1.4e-58	1	230	222	479	0.9956521739130435
GH25.hmm	177	demux_S_9.scaffolds_7_8	292	6.1e-39	1	177	89	274	0.9943502824858758
GH25.hmm	177	demux_S_9.scaffolds_7_9	543	4.4e-39	2	177	149	335	0.9887005649717514
GH2.hmm	752	demux_S_9.scaffolds_8_2	1153	3e-206	20	750	35	1024	0.9707446808510638
GH30_1.hmm	416	demux_S_9.scaffolds_9_1	508	6.8e-152	2	416	39	504	0.9951923076923077
GH51.hmm	630	demux_S_9.scaffolds_9_13	514	1.2e-132	83	541	8	512	0.726984126984127
GH42.hmm	371	demux_S_9.scaffolds_9_2	702	4.6e-118	2	369	15	382	0.9892183288409704
