CE4.hmm	130	demux_S_291.scaffolds_1_121	466	3.3e-34	4	113	267	378	0.8384615384615385
GH36.hmm	688	demux_S_291.scaffolds_1_161	721	7e-256	1	687	9	702	0.997093023255814
GH13_18.hmm	343	demux_S_291.scaffolds_1_165	482	3.7e-121	2	343	36	372	0.9941690962099126
GT4.hmm	160	demux_S_291.scaffolds_1_181	372	4.6e-26	4	150	187	331	0.9125
GH13_5.hmm	342	demux_S_291.scaffolds_1_183	483	1.4e-149	2	342	31	372	0.9941520467836257
GT8.hmm	257	demux_S_291.scaffolds_1_2	1075	1.3e-51	31	255	3	235	0.8715953307392996
GT8.hmm	257	demux_S_291.scaffolds_1_2	1075	1.4e-52	19	255	396	631	0.9182879377431906
GT101.hmm	224	demux_S_291.scaffolds_1_2	1075	1.9e-93	1	224	825	1048	0.9955357142857143
CE4.hmm	130	demux_S_291.scaffolds_1_205	322	2.1e-30	5	127	156	285	0.9384615384615385
GH3.hmm	216	demux_S_291.scaffolds_1_226	930	9.6e-68	5	216	217	453	0.9768518518518519
GH73.hmm	128	demux_S_291.scaffolds_1_256	233	2.6e-28	3	128	58	192	0.9765625
GT2.hmm	170	demux_S_291.scaffolds_1_26	309	7.7e-33	1	168	4	168	0.9823529411764705
GT113.hmm	322	demux_S_291.scaffolds_1_3	335	1.9e-83	9	320	15	328	0.9658385093167702
GH25.hmm	177	demux_S_291.scaffolds_1_30	1394	5.1e-39	1	173	189	375	0.9717514124293786
CE1.hmm	227	demux_S_291.scaffolds_1_317	247	2.3e-20	63	222	34	243	0.7004405286343612
CE1.hmm	227	demux_S_291.scaffolds_1_318	275	6e-36	3	227	19	274	0.986784140969163
GT1.hmm	382	demux_S_291.scaffolds_1_487	428	2e-22	4	339	15	383	0.8769633507853403
GT21.hmm	233	demux_S_291.scaffolds_1_489	381	2.5e-17	4	230	43	267	0.9699570815450643
CBM34.hmm	120	demux_S_291.scaffolds_1_640	582	1.1e-33	1	119	6	126	0.9833333333333333
GH13_20.hmm	300	demux_S_291.scaffolds_1_640	582	1.2e-131	1	300	176	477	0.9966666666666667
CBM41.hmm	102	demux_S_291.scaffolds_1_671	766	8.4e-16	2	100	5	100	0.9607843137254902
GH13_14.hmm	289	demux_S_291.scaffolds_1_671	766	1.2e-104	2	289	313	621	0.9930795847750865
GT2.hmm	170	demux_S_291.scaffolds_1_720	312	4.2e-23	2	120	5	122	0.6941176470588235
GT4.hmm	160	demux_S_291.scaffolds_1_722	416	1.3e-25	5	151	196	339	0.9125
GT2.hmm	170	demux_S_291.scaffolds_1_724	994	9.4e-30	1	123	6	127	0.7176470588235294
GT2.hmm	170	demux_S_291.scaffolds_1_727	235	1e-21	3	166	2	164	0.9588235294117647
GT2.hmm	170	demux_S_291.scaffolds_1_728	325	9.5e-35	1	133	7	138	0.7764705882352941
GT2.hmm	170	demux_S_291.scaffolds_1_729	316	2.8e-31	1	132	4	134	0.7705882352941177
GH25.hmm	177	demux_S_291.scaffolds_1_735	286	1.5e-35	1	176	70	254	0.9887005649717514
GT4.hmm	160	demux_S_291.scaffolds_1_785	441	1.1e-30	4	144	202	340	0.875
GT4.hmm	160	demux_S_291.scaffolds_1_786	361	1.2e-16	5	157	185	332	0.95
GH1.hmm	429	demux_S_291.scaffolds_1_896	469	5.8e-148	1	427	1	465	0.993006993006993
GT4.hmm	160	demux_S_291.scaffolds_1_9	507	1.6e-25	7	156	318	471	0.93125
GH13_29.hmm	344	demux_S_291.scaffolds_1_944	543	2.9e-170	2	344	26	364	0.9941860465116279
CE1.hmm	227	demux_S_291.scaffolds_2_215	260	4.6e-53	1	223	10	248	0.9779735682819384
GT51.hmm	177	demux_S_291.scaffolds_2_276	743	8e-63	2	177	110	281	0.9887005649717514
GT2.hmm	170	demux_S_291.scaffolds_2_285	320	2.7e-25	1	166	3	163	0.9705882352941176
GT2.hmm	170	demux_S_291.scaffolds_2_286	267	1.1e-23	6	155	3	152	0.8764705882352941
GT35.hmm	674	demux_S_291.scaffolds_2_332	754	1.1e-223	2	673	78	751	0.9955489614243324
GH77.hmm	494	demux_S_291.scaffolds_2_333	504	9.9e-176	1	475	10	477	0.9595141700404858
CBM68.hmm	94	demux_S_291.scaffolds_2_335	692	8.7e-27	2	94	4	95	0.9787234042553191
GH13_14.hmm	289	demux_S_291.scaffolds_2_335	692	2.2e-103	1	289	249	557	0.9965397923875432
GH109.hmm	399	demux_S_291.scaffolds_2_352	368	1.4e-22	6	163	2	147	0.39348370927318294
CE7.hmm	313	demux_S_291.scaffolds_2_359	334	5.4e-110	6	312	7	315	0.9776357827476039
GH35.hmm	307	demux_S_291.scaffolds_2_379	596	3.5e-123	1	306	10	327	0.993485342019544
CBM66.hmm	155	demux_S_291.scaffolds_2_76	1409	2.1e-45	1	154	156	323	0.9870967741935484
GH32.hmm	293	demux_S_291.scaffolds_2_76	1409	1.1e-66	1	293	450	755	0.9965870307167235
CBM66.hmm	155	demux_S_291.scaffolds_2_76	1409	2.6e-27	1	151	1016	1168	0.967741935483871
GH1.hmm	429	demux_S_291.scaffolds_3_103	478	4.4e-153	3	428	2	474	0.9906759906759907
GT28.hmm	157	demux_S_291.scaffolds_3_193	357	5.7e-30	1	154	188	339	0.9745222929936306
GH70.hmm	803	demux_S_291.scaffolds_3_225	1571	0	1	802	328	1140	0.9975093399750934
GH32.hmm	293	demux_S_291.scaffolds_3_360	485	3.1e-71	1	293	37	340	0.9965870307167235
CBM41.hmm	102	demux_S_291.scaffolds_3_362	1233	1.1e-20	2	96	141	240	0.9215686274509803
CBM41.hmm	102	demux_S_291.scaffolds_3_362	1233	4.1e-25	3	102	252	354	0.9705882352941176
GH13_12.hmm	284	demux_S_291.scaffolds_3_362	1233	1.1e-126	1	284	618	954	0.9964788732394366
GT35.hmm	674	demux_S_291.scaffolds_3_65	799	3.4e-256	3	673	94	796	0.9940652818991098
GT5.hmm	472	demux_S_291.scaffolds_3_66	477	1.3e-184	1	471	2	473	0.9957627118644068
CBM48.hmm	76	demux_S_291.scaffolds_3_69	637	4.8e-18	3	69	22	104	0.868421052631579
GH13_9.hmm	301	demux_S_291.scaffolds_3_69	637	3.6e-136	1	301	173	471	0.9966777408637874
GH36.hmm	688	demux_S_291.scaffolds_4_122	746	1.1e-292	2	686	15	711	0.9941860465116279
GH1.hmm	429	demux_S_291.scaffolds_4_141	480	2.2e-145	4	428	6	475	0.9883449883449883
GH1.hmm	429	demux_S_291.scaffolds_4_155	480	3e-149	4	428	3	473	0.9883449883449883
GT2.hmm	170	demux_S_291.scaffolds_4_243	290	2e-43	1	168	7	176	0.9823529411764705
GH35.hmm	307	demux_S_291.scaffolds_4_247	593	4.1e-114	1	305	10	327	0.990228013029316
GT51.hmm	177	demux_S_291.scaffolds_4_26	713	3.1e-63	2	177	60	236	0.9887005649717514
GH8.hmm	320	demux_S_291.scaffolds_4_328	369	1.2e-70	3	317	37	364	0.98125
GT2.hmm	230	demux_S_291.scaffolds_4_329	437	7.2e-25	3	228	50	279	0.9782608695652174
GT51.hmm	177	demux_S_291.scaffolds_4_335	805	7.9e-51	1	176	109	299	0.9887005649717514
CE9.hmm	373	demux_S_291.scaffolds_4_58	384	4.3e-126	2	373	6	377	0.9946380697050938
GH73.hmm	128	demux_S_291.scaffolds_5_93	200	2.3e-19	2	124	84	193	0.953125
