GT111.hmm	217	demux_S_213.scaffolds_11_2	268	6.2e-80	2	216	8	228	0.9861751152073732
GT2.hmm	170	demux_S_213.scaffolds_11_3	332	1.4e-37	1	131	10	138	0.7647058823529411
GT113.hmm	322	demux_S_213.scaffolds_11_6	352	1.4e-91	7	320	13	340	0.9720496894409938
GT2.hmm	170	demux_S_213.scaffolds_11_8	345	1.1e-19	1	141	6	145	0.8235294117647058
GH13_28.hmm	266	demux_S_213.scaffolds_12_2	884	2e-97	1	265	79	347	0.9924812030075187
CBM26.hmm	75	demux_S_213.scaffolds_12_2	884	6.7e-24	2	73	736	817	0.9466666666666667
GH25.hmm	177	demux_S_213.scaffolds_1_1005	421	1.4e-32	1	177	45	218	0.9943502824858758
CE20.hmm	249	demux_S_213.scaffolds_1_102	616	2.7e-69	3	249	122	436	0.9879518072289156
GT2.hmm	170	demux_S_213.scaffolds_1_141	344	3.7e-30	2	106	9	113	0.611764705882353
GH43_27.hmm	299	demux_S_213.scaffolds_1_177	705	2e-114	1	299	344	677	0.9966555183946488
GH43_26.hmm	294	demux_S_213.scaffolds_1_179	340	1.2e-115	1	292	4	304	0.9897959183673469
GH43_22.hmm	209	demux_S_213.scaffolds_1_184	355	1.6e-56	2	206	56	298	0.9760765550239234
GT51.hmm	177	demux_S_213.scaffolds_1_185	769	4.5e-62	3	176	112	284	0.9774011299435028
GH3.hmm	216	demux_S_213.scaffolds_1_2	992	1.7e-53	14	214	688	890	0.9259259259259259
GH120.hmm	91	demux_S_213.scaffolds_1_328	681	1.1e-36	2	91	320	409	0.978021978021978
GH8.hmm	320	demux_S_213.scaffolds_1_329	380	4.8e-75	19	319	54	371	0.9375
GH43_10.hmm	271	demux_S_213.scaffolds_1_330	530	1.1e-96	1	271	6	276	0.996309963099631
CBM91.hmm	200	demux_S_213.scaffolds_1_330	530	8.8e-25	10	198	319	521	0.94
GH77.hmm	494	demux_S_213.scaffolds_1_337	721	3.5e-138	2	476	188	700	0.9595141700404858
GH13_11.hmm	351	demux_S_213.scaffolds_1_340	816	4e-143	1	351	230	598	0.9971509971509972
GT4.hmm	160	demux_S_213.scaffolds_1_422	473	1.6e-26	13	159	286	437	0.9125
GT2.hmm	170	demux_S_213.scaffolds_1_429	319	8.5e-27	1	146	15	156	0.8529411764705882
GT2.hmm	230	demux_S_213.scaffolds_1_431	408	4.2e-22	3	228	45	271	0.9782608695652174
GH43_12.hmm	281	demux_S_213.scaffolds_1_448	566	5e-99	2	278	9	362	0.9822064056939501
GH43_11.hmm	292	demux_S_213.scaffolds_1_453	544	3.3e-138	1	292	3	304	0.9965753424657534
CBM91.hmm	200	demux_S_213.scaffolds_1_453	544	1.7e-46	2	199	331	539	0.985
CE20.hmm	249	demux_S_213.scaffolds_1_454	649	2.3e-32	4	116	84	200	0.4497991967871486
CE20.hmm	249	demux_S_213.scaffolds_1_454	649	1.9e-39	121	247	399	524	0.5060240963855421
GH3.hmm	216	demux_S_213.scaffolds_1_462	476	1.8e-67	3	215	38	258	0.9814814814814815
GH42.hmm	371	demux_S_213.scaffolds_1_463	457	1.6e-64	203	370	1	166	0.4501347708894879
GH94.hmm	1036	demux_S_213.scaffolds_1_468	834	5.7e-271	263	1036	2	831	0.7461389961389961
GT35.hmm	674	demux_S_213.scaffolds_1_47	819	2.1e-257	1	672	100	813	0.9955489614243324
GH13_30.hmm	365	demux_S_213.scaffolds_1_481	586	1.1e-160	1	365	33	400	0.9972602739726028
GT4.hmm	160	demux_S_213.scaffolds_1_562	389	1.1e-20	12	157	211	353	0.90625
CE1.hmm	227	demux_S_213.scaffolds_1_697	467	1.7e-27	6	217	202	436	0.9295154185022027
GH3.hmm	216	demux_S_213.scaffolds_1_712	418	1.6e-39	10	215	149	371	0.9490740740740741
CBM48.hmm	76	demux_S_213.scaffolds_1_739	752	4.1e-16	10	70	166	238	0.7894736842105263
GH13_9.hmm	301	demux_S_213.scaffolds_1_739	752	3e-157	1	301	301	601	0.9966777408637874
CBM48.hmm	76	demux_S_213.scaffolds_1_756	708	2.2e-18	2	71	3	92	0.9078947368421053
GH13_11.hmm	351	demux_S_213.scaffolds_1_756	708	3.6e-173	1	351	172	525	0.9971509971509972
GH25.hmm	177	demux_S_213.scaffolds_1_815	423	2.8e-32	2	176	47	228	0.9830508474576272
GH13_32.hmm	269	demux_S_213.scaffolds_1_841	546	2.1e-96	1	269	120	396	0.9962825278810409
GH13_32.hmm	269	demux_S_213.scaffolds_1_842	1765	2.8e-96	1	268	71	356	0.9925650557620818
CBM41.hmm	102	demux_S_213.scaffolds_1_842	1765	4.4e-21	2	102	754	877	0.9803921568627451
CBM48.hmm	76	demux_S_213.scaffolds_1_842	1765	5.2e-17	2	73	980	1067	0.9342105263157895
GH13_14.hmm	289	demux_S_213.scaffolds_1_842	1765	1.7e-114	1	289	1140	1473	0.9965397923875432
GT5.hmm	472	demux_S_213.scaffolds_1_888	415	6.2e-40	123	471	90	407	0.7372881355932204
GH13_18.hmm	343	demux_S_213.scaffolds_1_97	505	9.9e-114	2	343	35	379	0.9941690962099126
GH32.hmm	293	demux_S_213.scaffolds_2_152	519	5.3e-89	1	289	44	351	0.9829351535836177
GT28.hmm	157	demux_S_213.scaffolds_2_82	409	3.9e-46	2	157	219	391	0.9872611464968153
GT2.hmm	170	demux_S_213.scaffolds_3_10	1012	6.5e-35	1	132	5	135	0.7705882352941177
GT111.hmm	217	demux_S_213.scaffolds_3_10	1012	8.2e-71	1	217	393	630	0.9953917050691244
GT8.hmm	257	demux_S_213.scaffolds_3_10	1012	3.2e-57	29	255	666	929	0.8793774319066148
GH13_28.hmm	266	demux_S_213.scaffolds_3_106	1287	6.4e-105	1	265	111	388	0.9924812030075187
CBM74.hmm	312	demux_S_213.scaffolds_3_106	1287	6.6e-149	2	312	650	966	0.9935897435897436
CBM26.hmm	75	demux_S_213.scaffolds_3_106	1287	7.1e-19	1	70	1066	1140	0.92
GT111.hmm	217	demux_S_213.scaffolds_3_13	629	1.6e-70	1	216	14	251	0.9907834101382489
GT8.hmm	257	demux_S_213.scaffolds_3_13	629	1e-60	23	255	282	551	0.9027237354085603
CE20.hmm	249	demux_S_213.scaffolds_3_3	550	1.5e-45	3	248	148	397	0.9839357429718876
GH25.hmm	177	demux_S_213.scaffolds_3_5	859	6.3e-36	1	177	195	381	0.9943502824858758
CBM13.hmm	188	demux_S_213.scaffolds_3_5	859	1.2e-25	6	147	562	711	0.75
CBM13.hmm	188	demux_S_213.scaffolds_3_5	859	2.4e-18	45	133	719	810	0.46808510638297873
GT2.hmm	170	demux_S_213.scaffolds_3_6	315	7.2e-18	2	165	11	163	0.9588235294117647
GH13_3.hmm	210	demux_S_213.scaffolds_3_60	753	6e-84	4	209	321	539	0.9761904761904762
CE20.hmm	249	demux_S_213.scaffolds_3_7	530	3.2e-45	3	248	147	397	0.9839357429718876
GH35.hmm	307	demux_S_213.scaffolds_3_93	752	4.2e-93	1	306	44	397	0.993485342019544
GH42.hmm	371	demux_S_213.scaffolds_3_94	701	1.2e-147	1	370	25	396	0.9946091644204852
GH32.hmm	293	demux_S_213.scaffolds_4_35	638	4.1e-61	1	293	121	489	0.9965870307167235
GT51.hmm	177	demux_S_213.scaffolds_4_46	775	8.5e-63	3	176	80	270	0.9774011299435028
GH13_32.hmm	269	demux_S_213.scaffolds_4_51	1471	6.3e-89	1	268	91	387	0.9925650557620818
CBM41.hmm	102	demux_S_213.scaffolds_4_51	1471	2.5e-19	2	101	830	951	0.9705882352941176
CBM13.hmm	188	demux_S_213.scaffolds_4_76	618	5.4e-20	46	133	473	563	0.4627659574468085
GH13_30.hmm	365	demux_S_213.scaffolds_5_10	584	5.9e-162	1	365	34	404	0.9972602739726028
GH77.hmm	494	demux_S_213.scaffolds_5_11	723	5e-133	2	481	183	705	0.9696356275303644
GH13.hmm	299	demux_S_213.scaffolds_5_12	544	1.6e-69	13	290	35	378	0.9264214046822743
GH13_14.hmm	289	demux_S_213.scaffolds_5_16	685	4.5e-103	2	289	193	548	0.9930795847750865
GH172.hmm	236	demux_S_213.scaffolds_5_32	365	2e-90	1	236	85	345	0.9957627118644068
GH2.hmm	752	demux_S_213.scaffolds_5_51	716	4.5e-93	22	407	70	585	0.511968085106383
GH127.hmm	524	demux_S_213.scaffolds_5_56	722	1.2e-218	2	524	17	609	0.9961832061068703
GH36.hmm	688	demux_S_213.scaffolds_5_57	791	2.2e-79	110	605	149	676	0.7194767441860465
GH43_22.hmm	209	demux_S_213.scaffolds_5_58	346	4e-58	1	208	53	288	0.9904306220095693
GH51.hmm	630	demux_S_213.scaffolds_5_60	804	1.1e-89	110	627	211	802	0.8206349206349206
GH3.hmm	216	demux_S_213.scaffolds_6_22	752	1.2e-66	3	216	31	252	0.9861111111111112
GH3.hmm	216	demux_S_213.scaffolds_6_30	777	5.9e-70	3	215	75	306	0.9814814814814815
GH5_44.hmm	302	demux_S_213.scaffolds_6_32	413	2.3e-128	1	302	59	351	0.9966887417218543
GH5_44.hmm	302	demux_S_213.scaffolds_6_33	408	1.5e-141	1	302	52	370	0.9966887417218543
GH30_2.hmm	417	demux_S_213.scaffolds_6_34	449	3.7e-176	8	417	36	446	0.9808153477218226
GH42.hmm	371	demux_S_213.scaffolds_6_38	709	3.2e-118	2	370	15	385	0.9919137466307277
GH109.hmm	399	demux_S_213.scaffolds_6_54	335	6.9e-19	4	163	2	159	0.39849624060150374
GH38.hmm	269	demux_S_213.scaffolds_6_62	146	5.3e-57	19	163	2	144	0.5353159851301115
GH2.hmm	752	demux_S_213.scaffolds_7_10	1024	1e-210	3	749	22	903	0.9920212765957447
GH42.hmm	371	demux_S_213.scaffolds_7_14	691	5.3e-156	1	369	25	395	0.9919137466307277
CE9.hmm	373	demux_S_213.scaffolds_7_15	481	4.6e-114	3	373	92	476	0.9919571045576407
GH31.hmm	427	demux_S_213.scaffolds_7_17	842	1.3e-127	1	427	187	625	0.9976580796252927
GH3.hmm	216	demux_S_213.scaffolds_7_18	812	3e-73	3	216	25	245	0.9861111111111112
GH172.hmm	236	demux_S_213.scaffolds_7_33	377	1.9e-85	1	236	97	357	0.9957627118644068
GH2.hmm	752	demux_S_213.scaffolds_7_39	1050	2.5e-208	17	749	36	929	0.973404255319149
GH36.hmm	688	demux_S_213.scaffolds_7_45	765	8.1e-221	18	673	38	709	0.9520348837209303
GH1.hmm	429	demux_S_213.scaffolds_7_5	392	7.8e-105	3	425	5	385	0.9836829836829837
GH13_31.hmm	349	demux_S_213.scaffolds_7_50	607	7.7e-152	1	348	46	412	0.994269340974212
GT2.hmm	170	demux_S_213.scaffolds_8_22	341	2.6e-21	2	169	19	203	0.9823529411764705
GH13_30.hmm	365	demux_S_213.scaffolds_8_36	592	1.8e-163	1	365	40	407	0.9972602739726028
