GH2.hmm	752	demux_S_261.scaffolds_1_140	2430	9e-113	13	477	177	791	0.6170212765957447
CBM71.hmm	205	demux_S_261.scaffolds_1_140	2430	1.5e-73	2	205	1518	1717	0.9902439024390244
CBM71.hmm	205	demux_S_261.scaffolds_1_140	2430	2.1e-70	4	205	1866	2064	0.9804878048780488
CE4.hmm	130	demux_S_261.scaffolds_1_149	465	3.6e-36	4	113	264	375	0.8384615384615385
GH101.hmm	707	demux_S_261.scaffolds_1_189	2250	0	1	706	632	1339	0.9971711456859972
CBM32.hmm	124	demux_S_261.scaffolds_1_190	2904	2.8e-17	5	121	151	287	0.9354838709677419
GH20.hmm	337	demux_S_261.scaffolds_1_190	2904	1.2e-61	9	335	503	859	0.9673590504451038
CBM32.hmm	124	demux_S_261.scaffolds_1_190	2904	1.3e-16	3	122	1062	1185	0.9596774193548387
GH84.hmm	295	demux_S_261.scaffolds_1_190	2904	3.4e-96	1	284	1401	1701	0.9593220338983051
CE1.hmm	227	demux_S_261.scaffolds_1_194	275	1.2e-34	3	224	19	271	0.973568281938326
CE1.hmm	227	demux_S_261.scaffolds_1_195	247	1.4e-21	66	220	61	241	0.6784140969162996
GH13_14.hmm	289	demux_S_261.scaffolds_1_372	761	3.8e-105	2	289	307	615	0.9930795847750865
CBM48.hmm	76	demux_S_261.scaffolds_1_373	643	4.3e-19	3	70	22	105	0.881578947368421
GH13_9.hmm	301	demux_S_261.scaffolds_1_373	643	1.6e-134	1	301	173	471	0.9966777408637874
GT5.hmm	472	demux_S_261.scaffolds_1_376	478	5.7e-184	1	471	2	473	0.9957627118644068
GH1.hmm	429	demux_S_261.scaffolds_1_401	491	2e-147	1	426	23	486	0.9906759906759907
GH25.hmm	177	demux_S_261.scaffolds_1_417	267	6.3e-35	1	176	55	239	0.9887005649717514
GT2.hmm	170	demux_S_261.scaffolds_1_433	348	7.3e-17	2	127	4	127	0.7352941176470589
GH73.hmm	128	demux_S_261.scaffolds_1_436	697	4.4e-27	4	127	580	689	0.9609375
GT4.hmm	160	demux_S_261.scaffolds_1_569	439	6.2e-33	2	149	200	345	0.91875
GT4.hmm	160	demux_S_261.scaffolds_1_570	348	6.2e-19	6	153	166	309	0.91875
GH32.hmm	293	demux_S_261.scaffolds_1_68	485	3.3e-69	1	293	37	340	0.9965870307167235
GT28.hmm	157	demux_S_261.scaffolds_2_109	353	5.8e-33	1	153	188	338	0.9681528662420382
GH2.hmm	752	demux_S_261.scaffolds_2_111	2325	1.7e-110	13	606	133	888	0.788563829787234
CBM71.hmm	205	demux_S_261.scaffolds_2_111	2325	1.6e-86	2	205	1466	1662	0.9902439024390244
CBM71.hmm	205	demux_S_261.scaffolds_2_111	2325	1e-73	2	205	1814	2015	0.9902439024390244
CBM34.hmm	120	demux_S_261.scaffolds_2_112	583	7.4e-37	1	119	6	126	0.9833333333333333
GH13_20.hmm	300	demux_S_261.scaffolds_2_112	583	8.6e-134	1	300	176	477	0.9966666666666667
GT4.hmm	160	demux_S_261.scaffolds_2_137	368	2.7e-26	8	149	193	330	0.88125
GT2.hmm	170	demux_S_261.scaffolds_2_138	322	3.6e-22	2	161	5	166	0.9352941176470588
GH13_5.hmm	342	demux_S_261.scaffolds_2_152	484	3.4e-149	1	342	30	372	0.9970760233918129
GT51.hmm	177	demux_S_261.scaffolds_2_234	717	2e-62	2	177	60	237	0.9887005649717514
GH3.hmm	216	demux_S_261.scaffolds_2_308	397	3.6e-47	5	215	129	350	0.9722222222222222
CE1.hmm	227	demux_S_261.scaffolds_2_333	260	2.8e-54	1	222	10	247	0.973568281938326
CBM41.hmm	102	demux_S_261.scaffolds_2_338	1246	5.7e-23	1	102	156	260	0.9901960784313726
CBM41.hmm	102	demux_S_261.scaffolds_2_338	1246	6.7e-26	2	102	265	369	0.9803921568627451
GH13_12.hmm	284	demux_S_261.scaffolds_2_338	1246	6.4e-129	1	284	633	969	0.9964788732394366
GH85.hmm	315	demux_S_261.scaffolds_2_354	1701	7.3e-110	3	315	235	544	0.9904761904761905
GH95.hmm	722	demux_S_261.scaffolds_2_367	1742	5.4e-262	3	719	124	889	0.9916897506925207
CE9.hmm	373	demux_S_261.scaffolds_2_423	384	7e-126	2	373	6	377	0.9946380697050938
GT2.hmm	170	demux_S_261.scaffolds_3_18	318	1.3e-36	1	168	4	173	0.9823529411764705
GT2.hmm	170	demux_S_261.scaffolds_3_19	335	7.3e-24	1	132	7	141	0.7705882352941177
GT4.hmm	160	demux_S_261.scaffolds_3_20	361	3.7e-33	6	157	180	332	0.94375
GT2.hmm	170	demux_S_261.scaffolds_3_200	317	8.1e-36	1	167	4	165	0.9764705882352941
GH25.hmm	177	demux_S_261.scaffolds_3_205	335	5.6e-37	1	172	8	179	0.9661016949152542
GT111.hmm	217	demux_S_261.scaffolds_3_23	265	3.4e-87	1	216	7	225	0.9907834101382489
GT51.hmm	177	demux_S_261.scaffolds_3_271	853	8.6e-51	2	172	116	292	0.96045197740113
GH1.hmm	429	demux_S_261.scaffolds_3_277	460	6.1e-146	4	428	3	458	0.9883449883449883
GH13_31.hmm	349	demux_S_261.scaffolds_3_31	537	3.7e-148	1	348	28	358	0.994269340974212
GT35.hmm	674	demux_S_261.scaffolds_3_340	753	3.1e-225	2	673	78	751	0.9955489614243324
GH77.hmm	494	demux_S_261.scaffolds_3_341	506	1.8e-174	1	492	10	493	0.9939271255060729
GH29.hmm	346	demux_S_261.scaffolds_3_58	2343	1.5e-68	40	337	674	980	0.8583815028901735
CBM40.hmm	179	demux_S_261.scaffolds_3_67	1201	7.4e-60	1	177	146	329	0.9832402234636871
GH33.hmm	342	demux_S_261.scaffolds_3_67	1201	3.5e-99	10	341	357	806	0.9678362573099415
CE7.hmm	313	demux_S_261.scaffolds_3_68	328	2.1e-111	6	312	7	315	0.9776357827476039
GT51.hmm	177	demux_S_261.scaffolds_4_2	742	6.3e-63	5	177	113	281	0.9717514124293786
GT2.hmm	170	demux_S_261.scaffolds_4_73	277	1.6e-21	1	146	8	157	0.8529411764705882
GH20.hmm	337	demux_S_261.scaffolds_4_86	627	3.8e-36	10	335	80	398	0.9643916913946587
GH38.hmm	269	demux_S_261.scaffolds_4_88	882	2.4e-75	2	257	6	275	0.9479553903345725
GH125.hmm	402	demux_S_261.scaffolds_4_89	427	1.6e-180	2	402	23	420	0.9950248756218906
GH92.hmm	491	demux_S_261.scaffolds_4_90	695	2e-140	13	488	204	689	0.9674134419551935
GH20.hmm	337	demux_S_261.scaffolds_5_35	1292	8.5e-53	18	330	154	502	0.9258160237388724
GH20.hmm	337	demux_S_261.scaffolds_5_35	1292	1.7e-52	18	331	599	937	0.9287833827893175
GH35.hmm	307	demux_S_261.scaffolds_5_37	596	2.8e-124	1	305	10	326	0.990228013029316
GT1.hmm	382	demux_S_261.scaffolds_6_1	425	1.1e-16	83	381	93	417	0.7801047120418848
