GH13_14.hmm	289	demux_S_147.scaffolds_10_15	665	4.3e-121	1	289	198	522	0.9965397923875432
GT2.hmm	170	demux_S_147.scaffolds_11_22	250	9.1e-29	2	169	8	175	0.9823529411764705
GH110.hmm	548	demux_S_147.scaffolds_11_44	606	5e-228	1	548	23	593	0.9981751824817519
GH25.hmm	177	demux_S_147.scaffolds_11_48	289	1.3e-53	1	177	91	265	0.9943502824858758
GH109.hmm	399	demux_S_147.scaffolds_11_57	330	8.2e-27	2	196	3	186	0.48621553884711777
GH73.hmm	128	demux_S_147.scaffolds_11_93	298	1.7e-37	3	128	39	167	0.9765625
GT4.hmm	160	demux_S_147.scaffolds_12_14	421	1.7e-21	15	153	244	383	0.8625
GT2.hmm	170	demux_S_147.scaffolds_12_15	249	3.3e-26	1	109	11	116	0.6352941176470588
GH2.hmm	752	demux_S_147.scaffolds_12_37	1114	1.2e-213	17	751	60	963	0.976063829787234
GH51.hmm	630	demux_S_147.scaffolds_12_41	660	6.6e-116	105	543	190	655	0.6952380952380952
GH43_4.hmm	310	demux_S_147.scaffolds_12_42	512	6.1e-94	1	310	71	383	0.9967741935483871
GH97.hmm	631	demux_S_147.scaffolds_12_44	643	9.6e-187	4	627	6	639	0.9873217115689382
GH43_4.hmm	310	demux_S_147.scaffolds_12_48	628	4.3e-90	1	310	159	517	0.9967741935483871
CE4.hmm	130	demux_S_147.scaffolds_12_63	231	5.9e-32	4	122	36	157	0.9076923076923077
GT2.hmm	170	demux_S_147.scaffolds_12_69	398	3.4e-28	2	127	20	140	0.7352941176470589
GT23.hmm	318	demux_S_147.scaffolds_12_8	277	3.4e-22	21	283	11	266	0.8238993710691824
GH133.hmm	372	demux_S_147.scaffolds_13_46	647	7.9e-105	9	372	288	636	0.9758064516129032
GT4.hmm	160	demux_S_147.scaffolds_13_47	422	2.8e-35	7	155	240	385	0.925
GH57.hmm	383	demux_S_147.scaffolds_13_48	465	6.5e-50	12	313	20	326	0.7859007832898173
GH143.hmm	556	demux_S_147.scaffolds_13_5	1104	6.7e-298	4	556	18	565	0.9928057553956835
GH142.hmm	479	demux_S_147.scaffolds_13_5	1104	1.3e-232	1	479	628	1096	0.9979123173277662
CBM67.hmm	176	demux_S_147.scaffolds_13_6	919	4.3e-34	12	171	174	343	0.9034090909090909
GH78.hmm	504	demux_S_147.scaffolds_13_6	919	1.8e-163	3	504	384	900	0.9940476190476191
GH28.hmm	325	demux_S_147.scaffolds_13_7	447	4.8e-97	9	309	55	424	0.9230769230769231
CE19.hmm	332	demux_S_147.scaffolds_13_8	447	8.6e-135	2	327	117	445	0.9789156626506024
GH13_8.hmm	293	demux_S_147.scaffolds_14_17	676	6.4e-148	1	293	224	515	0.9965870307167235
GT51.hmm	177	demux_S_147.scaffolds_14_34	776	8.7e-59	3	176	58	238	0.9774011299435028
GT51.hmm	177	demux_S_147.scaffolds_14_42	241	2.6e-52	12	177	55	219	0.9322033898305084
GT26.hmm	171	demux_S_147.scaffolds_14_82	238	4.3e-35	2	166	46	214	0.9590643274853801
GT4.hmm	160	demux_S_147.scaffolds_14_83	391	2.7e-33	5	160	208	364	0.96875
GT4.hmm	160	demux_S_147.scaffolds_14_85	370	1.2e-40	7	160	190	341	0.95625
GH13_38.hmm	375	demux_S_147.scaffolds_15_18	566	5.5e-188	1	375	33	400	0.9973333333333333
GT2.hmm	230	demux_S_147.scaffolds_15_27	402	5.3e-18	1	228	59	276	0.9869565217391304
GT4.hmm	160	demux_S_147.scaffolds_15_28	373	7.6e-29	7	157	192	342	0.9375
GT2.hmm	170	demux_S_147.scaffolds_15_29	281	7.4e-24	1	112	41	146	0.6529411764705882
GT4.hmm	160	demux_S_147.scaffolds_15_31	400	8.3e-35	8	160	219	368	0.95
GT4.hmm	160	demux_S_147.scaffolds_15_33	384	1.1e-38	10	160	204	353	0.9375
GT4.hmm	160	demux_S_147.scaffolds_15_34	382	2.7e-34	8	159	202	352	0.94375
GT2.hmm	170	demux_S_147.scaffolds_15_35	342	9.3e-33	1	166	6	169	0.9705882352941176
GT2.hmm	170	demux_S_147.scaffolds_15_36	317	9e-24	1	157	10	162	0.9176470588235294
GT4.hmm	160	demux_S_147.scaffolds_15_37	394	4.8e-34	6	149	211	353	0.89375
GT23.hmm	318	demux_S_147.scaffolds_15_40	306	6.8e-60	8	280	5	287	0.8553459119496856
GT2.hmm	170	demux_S_147.scaffolds_15_41	272	2.7e-21	1	130	7	130	0.7588235294117647
GT2.hmm	170	demux_S_147.scaffolds_15_42	316	4.3e-36	1	133	5	155	0.7764705882352941
GT111.hmm	217	demux_S_147.scaffolds_15_43	275	1.8e-73	1	215	7	231	0.9861751152073732
GT2.hmm	230	demux_S_147.scaffolds_15_45	387	6.5e-30	3	229	47	267	0.9826086956521739
GT2.hmm	230	demux_S_147.scaffolds_15_46	375	1.3e-20	2	227	45	263	0.9782608695652174
GT2.hmm	170	demux_S_147.scaffolds_15_47	302	3.2e-18	1	168	9	181	0.9823529411764705
GT2.hmm	170	demux_S_147.scaffolds_15_82	241	6.6e-30	1	131	5	131	0.7647058823529411
GT32.hmm	90	demux_S_147.scaffolds_15_83	320	6e-23	3	81	100	173	0.8666666666666667
GH105.hmm	332	demux_S_147.scaffolds_16_13	410	2.5e-121	6	332	52	397	0.9819277108433735
CE8.hmm	288	demux_S_147.scaffolds_16_14	317	5.8e-105	2	286	26	306	0.9861111111111112
GH33.hmm	342	demux_S_147.scaffolds_16_17	663	2e-25	22	307	308	607	0.8333333333333334
CE8.hmm	288	demux_S_147.scaffolds_16_19	507	2.8e-45	3	279	200	481	0.9583333333333334
GH2.hmm	752	demux_S_147.scaffolds_16_24	1010	8.7e-78	51	553	78	700	0.6675531914893617
GH2.hmm	752	demux_S_147.scaffolds_16_25	1123	4.6e-71	37	532	69	716	0.6582446808510638
GH31.hmm	427	demux_S_147.scaffolds_16_26	795	2.3e-111	1	427	227	655	0.9976580796252927
CE19.hmm	332	demux_S_147.scaffolds_16_27	667	4.5e-56	16	304	77	383	0.8674698795180723
PL10_2.hmm	275	demux_S_147.scaffolds_16_29	538	1.4e-137	1	275	121	404	0.9963636363636363
GH78.hmm	504	demux_S_147.scaffolds_16_3	424	2.3e-66	111	502	2	400	0.7757936507936508
CE19.hmm	332	demux_S_147.scaffolds_16_30	387	3.5e-25	7	290	60	386	0.8524096385542169
CE12.hmm	210	demux_S_147.scaffolds_16_31	576	1.5e-79	1	210	25	256	0.9952380952380953
CE8.hmm	288	demux_S_147.scaffolds_16_31	576	6.4e-98	2	274	272	544	0.9444444444444444
GH43_18.hmm	229	demux_S_147.scaffolds_16_6	335	1.2e-79	2	229	84	312	0.9912663755458515
GH140.hmm	412	demux_S_147.scaffolds_16_7	488	3.9e-169	1	412	37	465	0.9975728155339806
GT20.hmm	475	demux_S_147.scaffolds_17_38	751	1e-176	14	472	2	457	0.9642105263157895
GH15.hmm	361	demux_S_147.scaffolds_17_39	596	1.2e-78	3	360	221	582	0.9889196675900277
GH20.hmm	337	demux_S_147.scaffolds_17_52	769	1.2e-112	9	336	156	503	0.9703264094955489
GT11.hmm	276	demux_S_147.scaffolds_17_90	282	2e-76	3	275	3	277	0.9855072463768116
GT5.hmm	472	demux_S_147.scaffolds_18_15	275	8.6e-44	1	222	5	238	0.4682203389830508
GH2.hmm	752	demux_S_147.scaffolds_18_24	875	5.8e-95	29	487	37	593	0.6090425531914894
PL1_2.hmm	183	demux_S_147.scaffolds_18_29	578	5.1e-65	1	183	133	326	0.994535519125683
PL1_2.hmm	183	demux_S_147.scaffolds_18_31	561	9.7e-63	1	183	134	324	0.994535519125683
PL29.hmm	301	demux_S_147.scaffolds_18_32	1029	3.3e-18	31	275	96	327	0.8106312292358804
GH31.hmm	427	demux_S_147.scaffolds_18_44	749	1.3e-134	2	427	283	715	0.9953161592505855
GH141.hmm	527	demux_S_147.scaffolds_18_45	558	4.5e-195	46	526	1	511	0.9108159392789373
GH139.hmm	777	demux_S_147.scaffolds_19_26	744	0	5	774	3	740	0.9897039897039897
CE20.hmm	249	demux_S_147.scaffolds_19_27	481	2.5e-94	3	249	110	371	0.9879518072289156
GH106.hmm	824	demux_S_147.scaffolds_19_28	1077	4e-129	96	506	360	809	0.4975728155339806
GH2.hmm	752	demux_S_147.scaffolds_19_29	947	1.5e-126	35	741	40	823	0.9388297872340425
GH2.hmm	752	demux_S_147.scaffolds_19_30	1064	2e-216	25	751	48	946	0.9654255319148937
GH137.hmm	340	demux_S_147.scaffolds_19_37	1427	5e-158	2	340	19	367	0.9941176470588236
GH2.hmm	752	demux_S_147.scaffolds_19_37	1427	1.8e-81	21	388	370	806	0.488031914893617
CBM57.hmm	147	demux_S_147.scaffolds_19_37	1427	3e-47	2	147	1083	1251	0.9863945578231292
GH138.hmm	907	demux_S_147.scaffolds_19_40	902	0	1	907	4	901	0.9988974641675854
GH109.hmm	399	demux_S_147.scaffolds_1_105	472	4.6e-168	2	398	57	461	0.9924812030075187
GH2.hmm	752	demux_S_147.scaffolds_1_61	1076	7.5e-235	21	750	84	938	0.9694148936170213
GH63.hmm	570	demux_S_147.scaffolds_1_62	690	1e-164	11	565	11	686	0.9719298245614035
GH95.hmm	722	demux_S_147.scaffolds_20_24	820	9e-300	5	713	21	755	0.9806094182825484
GT35.hmm	674	demux_S_147.scaffolds_20_82	853	3.9e-113	209	637	272	734	0.6350148367952523
GH2.hmm	752	demux_S_147.scaffolds_21_61	902	1e-90	21	489	44	620	0.6223404255319149
GH20.hmm	337	demux_S_147.scaffolds_21_62	694	2.3e-41	12	336	145	467	0.9614243323442137
GH2.hmm	752	demux_S_147.scaffolds_21_63	816	2.7e-121	28	469	21	596	0.586436170212766
GH32.hmm	293	demux_S_147.scaffolds_22_30	656	3.1e-93	1	290	162	467	0.9863481228668942
GH42.hmm	371	demux_S_147.scaffolds_24_10	705	3.5e-126	2	370	49	423	0.9919137466307277
GH43_18.hmm	229	demux_S_147.scaffolds_24_11	785	1.4e-86	2	229	67	301	0.9912663755458515
GH43_34.hmm	280	demux_S_147.scaffolds_24_11	785	1.1e-67	1	280	318	611	0.9964285714285714
GH2.hmm	752	demux_S_147.scaffolds_24_12	956	5.7e-72	26	590	19	762	0.75
CE12.hmm	210	demux_S_147.scaffolds_24_13	425	1.9e-72	1	210	174	379	0.9952380952380953
GH28.hmm	325	demux_S_147.scaffolds_24_14	495	2.4e-62	6	309	80	446	0.9323076923076923
GH28.hmm	325	demux_S_147.scaffolds_24_17	475	1.3e-62	9	309	48	394	0.9230769230769231
GH106.hmm	824	demux_S_147.scaffolds_24_18	921	0	3	823	19	915	0.9951456310679612
GH31.hmm	427	demux_S_147.scaffolds_24_43	818	3.1e-135	1	427	219	716	0.9976580796252927
GH97.hmm	631	demux_S_147.scaffolds_24_44	628	4e-181	3	628	16	621	0.9904912836767037
GH29.hmm	346	demux_S_147.scaffolds_24_48	549	2.5e-102	2	346	14	433	0.9942196531791907
GH28.hmm	325	demux_S_147.scaffolds_24_8	247	2.7e-49	122	318	8	220	0.6030769230769231
GH105.hmm	332	demux_S_147.scaffolds_24_9	378	4.8e-92	6	332	56	375	0.9819277108433735
GH105.hmm	332	demux_S_147.scaffolds_25_25	413	9.2e-118	13	330	77	410	0.9548192771084337
GH89.hmm	663	demux_S_147.scaffolds_25_38	718	3.7e-256	2	662	55	714	0.995475113122172
GT35.hmm	674	demux_S_147.scaffolds_26_10	855	7.4e-118	208	647	270	737	0.6513353115727003
GT4.hmm	160	demux_S_147.scaffolds_26_49	376	5.7e-24	9	150	199	337	0.88125
GT4.hmm	160	demux_S_147.scaffolds_26_52	382	4.4e-22	10	150	205	341	0.875
GT3.hmm	637	demux_S_147.scaffolds_26_9	557	2.1e-126	1	346	13	347	0.5416012558869702
GH30_4.hmm	484	demux_S_147.scaffolds_27_42	520	2.9e-171	4	484	29	515	0.9917355371900827
GH43_10.hmm	271	demux_S_147.scaffolds_27_45	555	6.8e-110	1	271	37	306	0.996309963099631
CBM91.hmm	200	demux_S_147.scaffolds_27_45	555	1.5e-21	4	195	340	551	0.955
GH28.hmm	325	demux_S_147.scaffolds_27_47	540	1.2e-83	8	321	87	502	0.963076923076923
GT26.hmm	171	demux_S_147.scaffolds_28_33	247	7.3e-36	3	166	47	214	0.9532163742690059
GH16_3.hmm	230	demux_S_147.scaffolds_28_36	265	2.2e-44	1	230	33	256	0.9956521739130435
GT4.hmm	160	demux_S_147.scaffolds_28_37	340	5.3e-20	23	137	181	291	0.7125
GT2.hmm	170	demux_S_147.scaffolds_28_38	352	9.9e-37	1	133	7	144	0.7764705882352941
GH88.hmm	329	demux_S_147.scaffolds_29_11	409	1.4e-121	6	328	74	399	0.9787234042553191
GH28.hmm	325	demux_S_147.scaffolds_29_30	435	5.7e-62	8	309	73	414	0.9261538461538461
GH2.hmm	752	demux_S_147.scaffolds_29_31	963	4.7e-125	33	623	42	724	0.7845744680851063
GH28.hmm	325	demux_S_147.scaffolds_29_32	595	2.9e-65	7	302	148	505	0.9076923076923077
GH105.hmm	332	demux_S_147.scaffolds_29_46	374	5.8e-79	7	331	45	369	0.9759036144578314
GH154.hmm	348	demux_S_147.scaffolds_29_47	421	1.6e-104	1	347	31	392	0.9942528735632183
GH2.hmm	752	demux_S_147.scaffolds_29_48	857	1.2e-104	22	474	22	570	0.601063829787234
CBM57.hmm	147	demux_S_147.scaffolds_29_48	857	1.2e-19	2	147	691	851	0.9863945578231292
GH29.hmm	346	demux_S_147.scaffolds_29_7	442	2.3e-106	18	346	22	358	0.9479768786127167
GH28.hmm	325	demux_S_147.scaffolds_29_9	469	4.3e-83	7	309	74	444	0.9292307692307692
GH3.hmm	216	demux_S_147.scaffolds_2_115	865	2.1e-69	4	215	58	303	0.9768518518518519
GT9.hmm	225	demux_S_147.scaffolds_2_20	344	3.9e-33	5	222	74	324	0.9644444444444444
GT2.hmm	170	demux_S_147.scaffolds_2_25	300	4.3e-22	2	169	5	172	0.9823529411764705
GT14.hmm	250	demux_S_147.scaffolds_2_27	298	2.3e-54	2	241	4	257	0.956
GT4.hmm	160	demux_S_147.scaffolds_2_28	393	1e-24	6	159	214	367	0.95625
GT2.hmm	170	demux_S_147.scaffolds_2_32	330	1.5e-25	1	128	8	135	0.7470588235294118
GT2.hmm	170	demux_S_147.scaffolds_2_34	322	5.8e-34	2	164	12	170	0.9529411764705882
GT83.hmm	540	demux_S_147.scaffolds_2_36	575	1.5e-82	6	504	4	541	0.9222222222222223
GH29.hmm	346	demux_S_147.scaffolds_2_4	462	3e-61	39	336	27	355	0.8583815028901735
CE4.hmm	130	demux_S_147.scaffolds_2_66	204	4.6e-26	4	123	21	135	0.9153846153846154
PL10_1.hmm	288	demux_S_147.scaffolds_2_79	714	4.7e-113	1	288	67	358	0.9965277777777778
CE8.hmm	288	demux_S_147.scaffolds_2_79	714	4.3e-25	13	236	411	637	0.7743055555555556
CE1.hmm	227	demux_S_147.scaffolds_2_80	748	5.4e-16	13	208	508	716	0.8590308370044053
GH127.hmm	524	demux_S_147.scaffolds_2_81	802	1.2e-210	1	524	38	569	0.9980916030534351
GH43_34.hmm	280	demux_S_147.scaffolds_2_82	801	1.1e-83	1	280	31	304	0.9964285714285714
CBM32.hmm	124	demux_S_147.scaffolds_2_82	801	1.6e-21	9	122	336	451	0.9112903225806451
GH97.hmm	631	demux_S_147.scaffolds_2_83	908	5.8e-193	7	630	22	661	0.9873217115689382
GH127.hmm	524	demux_S_147.scaffolds_2_92	812	1.5e-213	1	524	39	570	0.9980916030534351
GH146.hmm	503	demux_S_147.scaffolds_2_95	1119	2.7e-144	6	489	161	732	0.9602385685884692
GH20.hmm	337	demux_S_147.scaffolds_31_45	660	1e-69	7	336	145	468	0.9762611275964391
GH29.hmm	346	demux_S_147.scaffolds_32_19	480	9.5e-92	36	346	38	372	0.8959537572254336
GH2.hmm	752	demux_S_147.scaffolds_32_20	710	1.7e-96	25	487	24	656	0.6143617021276596
GH105.hmm	332	demux_S_147.scaffolds_32_21	378	1.5e-86	14	331	62	373	0.9548192771084337
GH109.hmm	399	demux_S_147.scaffolds_32_27	521	9.4e-158	2	397	64	474	0.9899749373433584
GH23.hmm	135	demux_S_147.scaffolds_33_14	421	1.7e-24	2	119	124	257	0.8666666666666667
GT19.hmm	354	demux_S_147.scaffolds_33_19	380	5.6e-115	2	351	4	359	0.9858757062146892
GH105.hmm	332	demux_S_147.scaffolds_34_26	433	4e-90	9	331	73	414	0.9698795180722891
GH29.hmm	346	demux_S_147.scaffolds_35_30	628	1.6e-80	39	330	35	342	0.8410404624277457
GH18.hmm	296	demux_S_147.scaffolds_35_4	346	4.1e-70	2	286	36	334	0.9594594594594594
GH95.hmm	722	demux_S_147.scaffolds_35_9	819	3.4e-271	10	715	44	791	0.9764542936288089
GH20.hmm	337	demux_S_147.scaffolds_36_11	808	1.6e-121	8	336	157	523	0.973293768545994
GH123.hmm	538	demux_S_147.scaffolds_36_22	583	5.2e-238	3	537	43	580	0.9925650557620818
GT30.hmm	177	demux_S_147.scaffolds_37_30	407	1.4e-47	10	176	43	205	0.9378531073446328
GH43_31.hmm	268	demux_S_147.scaffolds_39_12	878	2.6e-106	2	268	31	458	0.9925373134328358
GH43_31.hmm	268	demux_S_147.scaffolds_39_13	319	1.2e-105	2	268	38	296	0.9925373134328358
GH43_3.hmm	299	demux_S_147.scaffolds_39_14	334	5.8e-110	1	299	34	317	0.9966555183946488
GH2.hmm	752	demux_S_147.scaffolds_39_7	605	1.2e-99	23	412	50	500	0.5172872340425532
GH140.hmm	412	demux_S_147.scaffolds_3_10	490	4.7e-172	1	412	34	463	0.9975728155339806
GH105.hmm	332	demux_S_147.scaffolds_3_11	400	1.6e-122	5	332	51	396	0.9849397590361446
GH95.hmm	722	demux_S_147.scaffolds_3_12	815	2.3e-295	3	713	20	751	0.9833795013850416
GT2.hmm	170	demux_S_147.scaffolds_3_19	318	1.9e-35	1	168	4	167	0.9823529411764705
GT2.hmm	170	demux_S_147.scaffolds_3_54	824	1.9e-17	1	117	249	367	0.6823529411764706
GH78.hmm	504	demux_S_147.scaffolds_3_6	715	1.7e-118	4	485	191	679	0.9543650793650794
GH141.hmm	527	demux_S_147.scaffolds_3_7	608	5.7e-224	2	527	21	568	0.9962049335863378
GH127.hmm	524	demux_S_147.scaffolds_3_8	702	3.1e-192	1	524	44	607	0.9980916030534351
CBM67.hmm	176	demux_S_147.scaffolds_3_9	1325	1.1e-34	3	169	151	332	0.9431818181818182
GH78.hmm	504	demux_S_147.scaffolds_3_9	1325	1.3e-153	6	504	361	891	0.9880952380952381
GH33.hmm	342	demux_S_147.scaffolds_3_9	1325	2.8e-37	15	325	949	1306	0.9064327485380117
CE1.hmm	227	demux_S_147.scaffolds_40_2	273	2.4e-49	1	219	31	260	0.960352422907489
PL27.hmm	610	demux_S_147.scaffolds_40_35	691	3e-257	2	610	63	683	0.9967213114754099
GH23.hmm	135	demux_S_147.scaffolds_41_22	460	1.2e-23	13	105	298	415	0.6814814814814815
GT4.hmm	160	demux_S_147.scaffolds_41_24	363	3.6e-28	7	150	192	331	0.89375
GT4.hmm	160	demux_S_147.scaffolds_41_29	393	3.6e-32	7	155	227	366	0.925
GH84.hmm	295	demux_S_147.scaffolds_43_22	738	2.5e-118	1	294	149	441	0.9932203389830508
GH33.hmm	342	demux_S_147.scaffolds_43_31	570	2.7e-93	10	332	193	556	0.9415204678362573
GT11.hmm	276	demux_S_147.scaffolds_44_1	224	1.8e-45	3	227	3	220	0.8115942028985508
GT2.hmm	170	demux_S_147.scaffolds_44_2	272	4.1e-23	1	148	7	145	0.8647058823529412
GT4.hmm	160	demux_S_147.scaffolds_44_22	363	1.6e-28	7	152	192	333	0.90625
GT4.hmm	160	demux_S_147.scaffolds_44_28	393	1e-29	7	149	227	360	0.8875
GH36.hmm	688	demux_S_147.scaffolds_46_21	719	5.5e-213	2	687	26	701	0.9956395348837209
CBM67.hmm	176	demux_S_147.scaffolds_46_26	785	7e-35	2	176	37	219	0.9886363636363636
GH78.hmm	504	demux_S_147.scaffolds_46_26	785	8.9e-89	56	503	291	728	0.8869047619047619
GH20.hmm	337	demux_S_147.scaffolds_46_27	542	3.1e-112	7	336	138	504	0.9762611275964391
GH73.hmm	128	demux_S_147.scaffolds_47_28	519	2.6e-34	2	128	12	144	0.984375
GH43_29.hmm	278	demux_S_147.scaffolds_48_2	838	1.9e-119	1	277	32	319	0.9928057553956835
CBM6.hmm	138	demux_S_147.scaffolds_48_2	838	5.5e-32	14	137	339	466	0.8913043478260869
CE1.hmm	227	demux_S_147.scaffolds_48_2	838	1e-54	2	222	602	831	0.9691629955947136
GT2.hmm	170	demux_S_147.scaffolds_48_20	342	1.4e-23	1	128	5	128	0.7470588235294118
GH43_10.hmm	271	demux_S_147.scaffolds_48_3	528	1.3e-101	2	271	27	294	0.992619926199262
CBM91.hmm	200	demux_S_147.scaffolds_48_3	528	2.1e-32	5	197	323	526	0.96
GH115.hmm	697	demux_S_147.scaffolds_48_4	865	1.5e-281	3	697	36	837	0.9956958393113343
GH67.hmm	669	demux_S_147.scaffolds_48_5	682	2.9e-266	64	667	68	650	0.9013452914798207
CE20.hmm	249	demux_S_147.scaffolds_48_6	646	1.3e-39	3	117	98	222	0.4578313253012048
CE20.hmm	249	demux_S_147.scaffolds_48_6	646	1.5e-45	121	247	404	530	0.5060240963855421
PL11_1.hmm	583	demux_S_147.scaffolds_4_10	609	1e-235	4	567	20	608	0.9656946826758147
GH16_3.hmm	230	demux_S_147.scaffolds_4_105	264	3.5e-50	1	230	34	260	0.9956521739130435
GH10.hmm	303	demux_S_147.scaffolds_4_107	374	1.4e-103	1	301	30	368	0.9900990099009901
GH43_1.hmm	310	demux_S_147.scaffolds_4_108	324	8.5e-163	2	310	8	317	0.9935483870967742
GH43_12.hmm	281	demux_S_147.scaffolds_4_109	633	8.9e-112	2	281	125	420	0.9928825622775801
CBM91.hmm	200	demux_S_147.scaffolds_4_109	633	8e-57	4	179	451	630	0.875
CE12.hmm	210	demux_S_147.scaffolds_4_11	548	9e-53	2	210	65	284	0.9904761904761905
CE12.hmm	210	demux_S_147.scaffolds_4_11	548	4.3e-62	2	210	316	535	0.9904761904761905
PL26.hmm	862	demux_S_147.scaffolds_4_12	1107	0	2	858	246	1100	0.9930394431554525
GH115.hmm	697	demux_S_147.scaffolds_4_21	784	7.8e-249	7	697	27	775	0.9899569583931134
GH28.hmm	325	demux_S_147.scaffolds_4_22	463	1.2e-69	5	321	75	449	0.9723076923076923
PL11_1.hmm	583	demux_S_147.scaffolds_4_23	636	6.3e-269	2	574	32	623	0.9811320754716981
GH105.hmm	332	demux_S_147.scaffolds_4_24	472	4.4e-90	9	331	99	434	0.9698795180722891
GH3.hmm	216	demux_S_147.scaffolds_4_31	993	2.3e-56	4	215	105	325	0.9768518518518519
PL9_1.hmm	375	demux_S_147.scaffolds_4_4	518	2.4e-106	4	372	24	430	0.9813333333333333
GH29.hmm	346	demux_S_147.scaffolds_4_47	680	1.8e-91	38	346	22	335	0.8901734104046243
CE11.hmm	271	demux_S_147.scaffolds_4_51	462	1.8e-73	1	221	4	225	0.8118081180811808
GH20.hmm	337	demux_S_147.scaffolds_4_64	769	1.1e-120	8	336	160	514	0.973293768545994
GH106.hmm	824	demux_S_147.scaffolds_4_8	952	7.7e-274	4	823	32	945	0.9939320388349514
GH2.hmm	752	demux_S_147.scaffolds_4_9	993	2.1e-64	25	416	14	498	0.5199468085106383
CE9.hmm	373	demux_S_147.scaffolds_4_93	388	4.4e-107	1	373	5	377	0.9973190348525469
GH30_4.hmm	484	demux_S_147.scaffolds_52_8	533	1.2e-179	2	484	41	528	0.9958677685950413
GH30_4.hmm	484	demux_S_147.scaffolds_52_9	522	6.3e-198	2	484	24	519	0.9958677685950413
CE20.hmm	249	demux_S_147.scaffolds_54_21	624	2.3e-24	4	121	87	205	0.46987951807228917
CE20.hmm	249	demux_S_147.scaffolds_54_21	624	8.9e-42	121	248	389	515	0.5100401606425703
GH29.hmm	346	demux_S_147.scaffolds_57_24	445	4.8e-109	25	346	32	361	0.9277456647398844
GT28.hmm	157	demux_S_147.scaffolds_5_30	377	1.6e-46	1	154	194	352	0.9745222929936306
CBM20.hmm	90	demux_S_147.scaffolds_5_41	893	9.8e-16	12	86	139	215	0.8222222222222222
GH77.hmm	494	demux_S_147.scaffolds_5_41	893	3.1e-157	1	489	242	886	0.9878542510121457
GH13_20.hmm	300	demux_S_147.scaffolds_5_48	617	1.2e-61	1	296	164	482	0.9833333333333333
GH97.hmm	631	demux_S_147.scaffolds_5_49	739	1.1e-257	4	630	12	723	0.9920760697305864
GH13_36.hmm	314	demux_S_147.scaffolds_5_55	694	3.4e-122	1	314	83	539	0.9968152866242038
GH53.hmm	342	demux_S_147.scaffolds_5_56	381	3.3e-87	2	321	49	365	0.9327485380116959
GH2.hmm	752	demux_S_147.scaffolds_5_71	1059	1.7e-225	19	748	62	919	0.9694148936170213
GH63.hmm	570	demux_S_147.scaffolds_5_72	645	5.6e-116	245	568	197	642	0.5666666666666667
CE7.hmm	313	demux_S_147.scaffolds_5_91	437	8.2e-91	11	311	129	430	0.9584664536741214
GT4.hmm	160	demux_S_147.scaffolds_64_14	406	3.4e-24	11	154	235	372	0.89375
GT2.hmm	170	demux_S_147.scaffolds_64_16	279	2.7e-37	1	168	3	162	0.9823529411764705
GT2.hmm	170	demux_S_147.scaffolds_64_4	273	9.3e-28	1	129	4	129	0.7529411764705882
GT4.hmm	160	demux_S_147.scaffolds_64_8	367	3.3e-30	9	159	186	337	0.9375
CE12.hmm	210	demux_S_147.scaffolds_65_12	89	4.2e-19	120	196	7	83	0.3619047619047619
GH24.hmm	137	demux_S_147.scaffolds_66_12	176	8.6e-17	5	137	43	168	0.9635036496350365
CE1.hmm	227	demux_S_147.scaffolds_69_2	290	1.2e-23	1	207	36	263	0.9074889867841409
GH51.hmm	630	demux_S_147.scaffolds_6_112	508	4.3e-144	82	542	15	507	0.7301587301587301
GH29.hmm	346	demux_S_147.scaffolds_6_114	450	7.3e-104	27	346	23	339	0.9219653179190751
CBM9.hmm	182	demux_S_147.scaffolds_6_115	680	4.9e-42	1	180	47	250	0.9835164835164835
GH171.hmm	355	demux_S_147.scaffolds_6_14	387	9.4e-117	1	355	42	385	0.9971830985915493
GH27.hmm	229	demux_S_147.scaffolds_6_21	498	1.3e-83	3	228	220	474	0.982532751091703
GH33.hmm	342	demux_S_147.scaffolds_6_25	547	1.1e-91	12	330	194	530	0.9298245614035088
GH20.hmm	337	demux_S_147.scaffolds_6_26	669	5.2e-60	9	335	140	411	0.9673590504451038
CE20.hmm	249	demux_S_147.scaffolds_6_28	688	3.9e-85	3	249	299	580	0.9879518072289156
GH2.hmm	752	demux_S_147.scaffolds_6_29	856	8.5e-112	21	575	20	760	0.7367021276595744
GH20.hmm	337	demux_S_147.scaffolds_6_30	775	8.3e-124	9	335	155	508	0.9673590504451038
GH20.hmm	337	demux_S_147.scaffolds_6_32	685	5.8e-119	8	336	143	490	0.973293768545994
GH92.hmm	491	demux_S_147.scaffolds_6_33	751	8.9e-175	2	491	259	747	0.9959266802443992
GH2.hmm	752	demux_S_147.scaffolds_6_34	835	3.4e-122	25	583	23	766	0.7420212765957447
CE9.hmm	373	demux_S_147.scaffolds_6_35	388	1.1e-108	1	373	5	378	0.9973190348525469
GT4.hmm	160	demux_S_147.scaffolds_74_5	416	6.3e-19	71	153	299	382	0.5125
GT2.hmm	170	demux_S_147.scaffolds_74_6	275	1.5e-25	1	150	12	151	0.8764705882352941
GT4.hmm	160	demux_S_147.scaffolds_74_9	169	3.2e-29	9	147	3	138	0.8625
GH2.hmm	752	demux_S_147.scaffolds_79_3	680	5.8e-99	24	487	21	594	0.6156914893617021
GT2.hmm	170	demux_S_147.scaffolds_80_3	336	2.1e-22	1	120	35	156	0.7
GT2.hmm	170	demux_S_147.scaffolds_80_4	340	1.8e-29	1	164	8	164	0.9588235294117647
GT4.hmm	160	demux_S_147.scaffolds_80_5	412	1.2e-20	4	156	237	381	0.95
GH92.hmm	491	demux_S_147.scaffolds_8_16	741	1.6e-194	5	491	241	734	0.9898167006109979
GH92.hmm	491	demux_S_147.scaffolds_8_19	761	4.3e-193	4	491	244	751	0.9918533604887984
GH92.hmm	491	demux_S_147.scaffolds_8_20	771	1.5e-184	3	491	242	748	0.9938900203665988
GH97.hmm	631	demux_S_147.scaffolds_8_25	672	4e-232	3	630	11	666	0.993660855784469
GH130.hmm	296	demux_S_147.scaffolds_8_27	334	2.2e-89	1	296	27	328	0.9966216216216216
GH109.hmm	399	demux_S_147.scaffolds_8_28	414	3e-170	3	398	14	412	0.9899749373433584
GH27.hmm	229	demux_S_147.scaffolds_8_3	536	5.4e-67	4	227	134	368	0.9737991266375546
GH2.hmm	752	demux_S_147.scaffolds_8_32	1032	4.4e-224	15	749	48	902	0.976063829787234
GH23.hmm	135	demux_S_147.scaffolds_8_34	333	1.6e-25	2	123	103	237	0.8962962962962963
GH30_6.hmm	450	demux_S_147.scaffolds_8_48	505	4.4e-210	1	449	43	493	0.9955555555555555
GH130.hmm	296	demux_S_147.scaffolds_8_53	393	2.9e-85	2	295	51	362	0.9898648648648649
GH92.hmm	491	demux_S_147.scaffolds_8_83	731	2.3e-188	5	487	241	729	0.9816700610997964
GT14.hmm	250	demux_S_147.scaffolds_90_1	292	1.1e-45	2	239	5	249	0.948
GH20.hmm	337	demux_S_147.scaffolds_9_15	772	6.2e-112	8	336	154	512	0.973293768545994
GH2.hmm	752	demux_S_147.scaffolds_9_16	1020	8.6e-214	15	750	48	903	0.9773936170212766
GH29.hmm	346	demux_S_147.scaffolds_9_17	620	4e-82	28	339	37	369	0.8988439306358381
CBM32.hmm	124	demux_S_147.scaffolds_9_17	620	9.4e-18	15	107	499	599	0.7419354838709677
GT2.hmm	170	demux_S_147.scaffolds_9_24	330	5.1e-27	1	148	4	148	0.8647058823529412
PL42.hmm	296	demux_S_147.scaffolds_9_37	413	6e-126	1	296	21	313	0.9966216216216216
GH105.hmm	332	demux_S_147.scaffolds_9_38	772	1.2e-77	6	332	46	372	0.9819277108433735
GH154.hmm	348	demux_S_147.scaffolds_9_38	772	4.3e-106	1	348	381	743	0.9971264367816092
GH43_9.hmm	272	demux_S_147.scaffolds_9_46	819	2.2e-120	3	272	25	288	0.9889705882352942
CBM91.hmm	200	demux_S_147.scaffolds_9_46	819	7.8e-20	5	198	310	485	0.965
GH43_19.hmm	233	demux_S_147.scaffolds_9_46	819	4.8e-82	1	233	537	792	0.9957081545064378
GH43_24.hmm	246	demux_S_147.scaffolds_9_47	381	6.6e-105	2	246	52	346	0.991869918699187
GH43_17.hmm	266	demux_S_147.scaffolds_9_48	334	3.6e-97	3	264	39	303	0.981203007518797
GH43_19.hmm	233	demux_S_147.scaffolds_9_51	648	1.4e-93	1	233	82	313	0.9957081545064378
GH43_34.hmm	280	demux_S_147.scaffolds_9_51	648	1.9e-97	1	280	341	639	0.9964285714285714
GH51.hmm	630	demux_S_147.scaffolds_9_52	833	4.9e-100	103	429	369	717	0.5174603174603175
GH35.hmm	307	demux_S_147.scaffolds_9_53	785	1.3e-118	1	306	34	346	0.993485342019544
GH31.hmm	427	demux_S_147.scaffolds_9_57	820	4.9e-136	1	427	217	708	0.9976580796252927
GH146.hmm	503	demux_S_147.scaffolds_9_58	784	7.4e-212	1	503	35	543	0.9980119284294234
