GH73.hmm	128	demux_S_105.scaffolds_10_111	166	3e-23	2	126	11	143	0.96875
GH35.hmm	307	demux_S_105.scaffolds_10_116	769	5.9e-112	1	306	37	359	0.993485342019544
GT2.hmm	170	demux_S_105.scaffolds_10_144	321	5.7e-30	1	168	5	169	0.9823529411764705
GH51.hmm	630	demux_S_105.scaffolds_10_168	512	8.6e-150	83	541	21	510	0.726984126984127
PL12_3.hmm	144	demux_S_105.scaffolds_10_183	537	1e-20	11	142	337	458	0.9097222222222222
GT4.hmm	160	demux_S_105.scaffolds_10_185	332	3.5e-26	19	153	166	298	0.8375
GT4.hmm	160	demux_S_105.scaffolds_10_186	361	3.1e-34	11	157	178	328	0.9125
GT2.hmm	170	demux_S_105.scaffolds_10_188	313	6.3e-37	1	132	6	135	0.7705882352941177
GT2.hmm	170	demux_S_105.scaffolds_10_22	389	2.7e-24	1	169	9	194	0.9882352941176471
GH2.hmm	752	demux_S_105.scaffolds_10_3	941	3.1e-72	22	552	18	699	0.7047872340425532
GT4.hmm	160	demux_S_105.scaffolds_10_52	366	4.1e-22	7	152	195	333	0.90625
GT27.hmm	295	demux_S_105.scaffolds_10_53	290	3.6e-23	2	235	9	242	0.7898305084745763
GT8.hmm	257	demux_S_105.scaffolds_10_56	302	4.6e-62	32	253	3	245	0.8599221789883269
GT2.hmm	170	demux_S_105.scaffolds_10_65	336	4.3e-33	1	146	9	154	0.8529411764705882
CE1.hmm	227	demux_S_105.scaffolds_10_77	697	5.6e-17	5	207	446	671	0.8898678414096917
GH20.hmm	337	demux_S_105.scaffolds_10_9	371	1.1e-32	57	308	72	331	0.744807121661721
GH2.hmm	752	demux_S_105.scaffolds_11_108	605	7.9e-101	24	403	50	489	0.5039893617021277
GT51.hmm	177	demux_S_105.scaffolds_11_160	267	7.8e-52	10	176	57	222	0.9378531073446328
GH97.hmm	631	demux_S_105.scaffolds_11_167	665	3.6e-210	6	630	15	661	0.9889064976228209
GH3.hmm	216	demux_S_105.scaffolds_11_2	771	1.7e-66	3	215	107	327	0.9814814814814815
GT2.hmm	170	demux_S_105.scaffolds_11_71	326	5.3e-33	1	119	7	124	0.6941176470588235
GT4.hmm	160	demux_S_105.scaffolds_11_74	416	1.5e-19	9	135	235	362	0.7875
GH36.hmm	688	demux_S_105.scaffolds_11_80	736	9.6e-218	4	687	27	709	0.9927325581395349
GH109.hmm	399	demux_S_105.scaffolds_12_109	363	1.8e-16	4	158	3	148	0.38596491228070173
GH109.hmm	399	demux_S_105.scaffolds_12_111	447	2.1e-24	5	160	41	195	0.38847117794486213
GH29.hmm	346	demux_S_105.scaffolds_12_117	687	6.2e-76	39	330	34	338	0.8410404624277457
GH110.hmm	548	demux_S_105.scaffolds_12_23	613	2.5e-223	2	548	26	591	0.9963503649635036
GT9.hmm	225	demux_S_105.scaffolds_12_38	352	6.3e-39	3	219	72	320	0.96
GT4.hmm	160	demux_S_105.scaffolds_12_41	355	6.2e-30	19	155	190	320	0.85
GT4.hmm	160	demux_S_105.scaffolds_12_42	378	2.1e-31	9	158	202	347	0.93125
CE4.hmm	130	demux_S_105.scaffolds_12_44	266	4.3e-16	23	126	33	129	0.7923076923076923
GT2.hmm	170	demux_S_105.scaffolds_12_45	239	3.7e-17	2	143	9	150	0.8294117647058824
GH109.hmm	399	demux_S_105.scaffolds_12_67	339	1.4e-27	4	161	3	150	0.39348370927318294
GT2.hmm	230	demux_S_105.scaffolds_12_74	327	7.4e-16	5	215	24	246	0.9130434782608695
GT4.hmm	160	demux_S_105.scaffolds_12_75	376	2.3e-33	7	150	196	339	0.89375
GT23.hmm	318	demux_S_105.scaffolds_12_77	312	3e-23	9	277	14	289	0.8427672955974843
GT4.hmm	160	demux_S_105.scaffolds_12_79	419	2.7e-25	8	152	241	382	0.9
GT2.hmm	170	demux_S_105.scaffolds_12_81	254	9.6e-26	1	123	8	129	0.7176470588235294
GT94.hmm	283	demux_S_105.scaffolds_12_83	376	1.2e-22	39	218	115	305	0.6325088339222615
GH3.hmm	216	demux_S_105.scaffolds_13_110	1000	8e-58	4	215	101	325	0.9768518518518519
GH92.hmm	491	demux_S_105.scaffolds_13_117	683	3.8e-61	8	265	403	678	0.5234215885947047
GH3.hmm	216	demux_S_105.scaffolds_13_15	784	2.1e-72	4	216	78	294	0.9814814814814815
GH123.hmm	538	demux_S_105.scaffolds_13_16	592	1.6e-230	4	537	51	589	0.9907063197026023
GH95.hmm	722	demux_S_105.scaffolds_13_21	810	5.5e-280	6	718	25	775	0.9861495844875346
GH78.hmm	504	demux_S_105.scaffolds_13_30	543	1.4e-76	8	439	84	536	0.8551587301587301
GH43_24.hmm	246	demux_S_105.scaffolds_13_46	372	5.6e-107	1	246	46	341	0.9959349593495935
GH43_8.hmm	281	demux_S_105.scaffolds_14_68	514	2.7e-121	1	281	27	302	0.99644128113879
CBM91.hmm	200	demux_S_105.scaffolds_14_68	514	5.9e-16	5	155	330	472	0.75
GH92.hmm	491	demux_S_105.scaffolds_14_73	759	1.5e-178	2	491	235	740	0.9959266802443992
GH36.hmm	688	demux_S_105.scaffolds_15_32	733	1.9e-215	2	687	26	714	0.9956395348837209
GH26.hmm	303	demux_S_105.scaffolds_15_61	369	1.1e-58	10	297	36	357	0.9471947194719472
GH130.hmm	296	demux_S_105.scaffolds_15_62	391	7.8e-91	2	295	50	361	0.9898648648648649
CE20.hmm	249	demux_S_105.scaffolds_15_65	474	1.5e-83	3	248	104	363	0.9839357429718876
GH20.hmm	337	demux_S_105.scaffolds_15_72	572	2.1e-104	8	336	173	535	0.973293768545994
GT2.hmm	170	demux_S_105.scaffolds_15_76	342	5.2e-20	2	131	6	130	0.7588235294117647
GT26.hmm	171	demux_S_105.scaffolds_15_80	233	6.3e-52	5	171	52	217	0.9707602339181286
GT4.hmm	160	demux_S_105.scaffolds_15_83	362	2.6e-29	8	152	178	321	0.9
CE4.hmm	130	demux_S_105.scaffolds_15_84	279	2.6e-26	6	129	67	236	0.9461538461538461
GT4.hmm	160	demux_S_105.scaffolds_15_89	365	3.6e-16	5	157	191	338	0.95
GT4.hmm	160	demux_S_105.scaffolds_16_13	392	4.5e-27	6	157	194	350	0.94375
GT2.hmm	170	demux_S_105.scaffolds_16_14	301	1.5e-23	1	159	6	159	0.9294117647058824
GT4.hmm	160	demux_S_105.scaffolds_16_15	367	2.6e-32	12	155	186	337	0.89375
GT2.hmm	170	demux_S_105.scaffolds_16_17	323	3.6e-34	1	132	10	139	0.7705882352941177
GT4.hmm	160	demux_S_105.scaffolds_16_18	376	5.9e-32	10	160	193	343	0.9375
GH92.hmm	491	demux_S_105.scaffolds_16_22	242	1.1e-62	267	491	2	234	0.45621181262729127
GT30.hmm	177	demux_S_105.scaffolds_16_67	387	1.7e-49	9	176	5	179	0.943502824858757
CBM9.hmm	182	demux_S_105.scaffolds_16_69	373	4.6e-40	1	168	54	246	0.9175824175824175
GH24.hmm	137	demux_S_105.scaffolds_17_10	176	8.6e-17	5	137	43	168	0.9635036496350365
GT4.hmm	160	demux_S_105.scaffolds_18_12	392	6.9e-16	9	158	213	362	0.93125
GT2.hmm	170	demux_S_105.scaffolds_18_20	271	2.1e-27	8	164	11	164	0.9176470588235294
GT4.hmm	160	demux_S_105.scaffolds_18_9	384	2.7e-25	6	153	209	354	0.91875
CE19.hmm	332	demux_S_105.scaffolds_1_100	358	5e-16	44	192	52	191	0.4457831325301205
GH2.hmm	752	demux_S_105.scaffolds_1_103	1037	7.4e-222	14	748	46	906	0.976063829787234
GH23.hmm	135	demux_S_105.scaffolds_1_145	462	1.3e-25	13	126	302	459	0.837037037037037
GT51.hmm	177	demux_S_105.scaffolds_1_172	653	1.5e-42	10	157	434	583	0.8305084745762712
CE7.hmm	313	demux_S_105.scaffolds_1_231	429	2.8e-84	10	312	124	420	0.9648562300319489
GH84.hmm	295	demux_S_105.scaffolds_1_263	838	2.7e-114	1	294	151	441	0.9932203389830508
GH109.hmm	399	demux_S_105.scaffolds_1_276	467	3.4e-171	4	398	48	459	0.9874686716791979
GH3.hmm	216	demux_S_105.scaffolds_1_327	869	9.7e-69	3	215	61	308	0.9814814814814815
GH20.hmm	337	demux_S_105.scaffolds_1_393	784	9.4e-119	8	336	163	510	0.973293768545994
GH51.hmm	630	demux_S_105.scaffolds_1_395	830	2.6e-91	110	627	237	826	0.8206349206349206
GT2.hmm	230	demux_S_105.scaffolds_1_401	411	1.1e-27	3	229	60	282	0.9826086956521739
GT4.hmm	160	demux_S_105.scaffolds_1_402	371	1.4e-29	7	157	192	342	0.9375
GT2.hmm	170	demux_S_105.scaffolds_1_405	294	7.2e-22	1	161	3	168	0.9411764705882353
GH73.hmm	128	demux_S_105.scaffolds_1_415	156	2.2e-23	4	125	12	143	0.9453125
GT2.hmm	230	demux_S_105.scaffolds_1_422	389	4.5e-28	3	228	46	265	0.9782608695652174
GT2.hmm	230	demux_S_105.scaffolds_1_423	397	7.5e-21	4	224	56	266	0.9565217391304348
GT2.hmm	170	demux_S_105.scaffolds_1_429	250	1.6e-30	2	168	6	172	0.9764705882352941
CBM67.hmm	176	demux_S_105.scaffolds_1_444	740	5.3e-31	1	175	34	214	0.9886363636363636
GH78.hmm	504	demux_S_105.scaffolds_1_444	740	2.8e-86	22	502	259	721	0.9523809523809523
CBM67.hmm	176	demux_S_105.scaffolds_1_445	861	1.4e-41	1	168	126	304	0.9488636363636364
GH78.hmm	504	demux_S_105.scaffolds_1_445	861	8.3e-153	3	503	332	841	0.9920634920634921
GH78.hmm	504	demux_S_105.scaffolds_1_446	584	5.6e-103	7	498	76	578	0.9742063492063492
GH43_34.hmm	280	demux_S_105.scaffolds_1_471	335	2.7e-105	1	279	37	316	0.9928571428571429
GT4.hmm	160	demux_S_105.scaffolds_1_476	372	1.1e-22	5	158	194	344	0.95625
GT4.hmm	160	demux_S_105.scaffolds_1_478	358	6.9e-32	7	115	180	286	0.675
CBM20.hmm	90	demux_S_105.scaffolds_20_18	896	2.1e-22	2	83	2	83	0.9
CBM20.hmm	90	demux_S_105.scaffolds_20_18	896	1.7e-16	10	87	140	220	0.8555555555555555
GH77.hmm	494	demux_S_105.scaffolds_20_18	896	1.8e-149	1	489	245	889	0.9878542510121457
GH109.hmm	399	demux_S_105.scaffolds_24_18	470	4.4e-166	2	398	55	459	0.9924812030075187
GT4.hmm	160	demux_S_105.scaffolds_2_1	371	1e-25	4	129	188	307	0.78125
GH127.hmm	524	demux_S_105.scaffolds_2_134	684	5.3e-34	301	524	325	556	0.4255725190839695
GH127.hmm	524	demux_S_105.scaffolds_2_135	618	1.2e-216	1	524	38	548	0.9980916030534351
GH142.hmm	479	demux_S_105.scaffolds_2_136	516	8e-174	1	479	37	510	0.9979123173277662
GH32.hmm	293	demux_S_105.scaffolds_2_174	603	9.6e-102	1	289	143	438	0.9829351535836177
GH2.hmm	752	demux_S_105.scaffolds_2_182	878	2.4e-83	48	552	65	750	0.6702127659574468
GH92.hmm	491	demux_S_105.scaffolds_2_19	958	1.3e-189	4	491	218	706	0.9918533604887984
GH92.hmm	491	demux_S_105.scaffolds_2_191	779	7.4e-181	3	491	268	761	0.9938900203665988
CE1.hmm	227	demux_S_105.scaffolds_2_208	277	1e-25	1	178	33	222	0.7797356828193832
CBM62.hmm	131	demux_S_105.scaffolds_2_252	661	1.5e-29	37	131	425	522	0.7175572519083969
CBM62.hmm	131	demux_S_105.scaffolds_2_252	661	4.3e-18	1	63	528	592	0.4732824427480916
GH13.hmm	299	demux_S_105.scaffolds_2_338	616	4.3e-64	12	295	161	484	0.9464882943143813
GH31.hmm	427	demux_S_105.scaffolds_2_339	1048	1.1e-70	198	427	668	899	0.5362997658079626
GH109.hmm	399	demux_S_105.scaffolds_2_357	385	1.3e-16	4	188	3	190	0.46115288220551376
GT1.hmm	382	demux_S_105.scaffolds_2_43	411	1.9e-41	61	380	56	409	0.8350785340314136
GH2.hmm	752	demux_S_105.scaffolds_2_91	740	5.2e-86	27	492	15	625	0.6183510638297872
GH43_28.hmm	262	demux_S_105.scaffolds_3_100	598	4.2e-109	1	262	55	318	0.9961832061068703
CBM32.hmm	124	demux_S_105.scaffolds_3_100	598	1.5e-20	11	109	378	489	0.7903225806451613
GH3.hmm	216	demux_S_105.scaffolds_3_101	759	4e-67	3	215	105	330	0.9814814814814815
GH3.hmm	216	demux_S_105.scaffolds_3_102	752	4.1e-69	3	216	94	315	0.9861111111111112
GH144.hmm	404	demux_S_105.scaffolds_3_103	461	7.2e-192	4	403	44	453	0.9876237623762376
GH43_28.hmm	262	demux_S_105.scaffolds_3_104	719	1.7e-112	1	262	191	456	0.9961832061068703
CBM32.hmm	124	demux_S_105.scaffolds_3_104	719	5.4e-18	12	109	499	610	0.782258064516129
GH144.hmm	404	demux_S_105.scaffolds_3_105	722	6e-172	3	400	299	717	0.9826732673267327
GH16_3.hmm	230	demux_S_105.scaffolds_3_110	277	4.7e-85	1	230	41	274	0.9956521739130435
GT2.hmm	170	demux_S_105.scaffolds_3_124	324	1.7e-30	1	169	13	178	0.9882352941176471
CE9.hmm	373	demux_S_105.scaffolds_3_13	392	7.1e-118	1	373	8	385	0.9973190348525469
GH2.hmm	752	demux_S_105.scaffolds_3_143	1208	2.2e-83	27	555	387	1078	0.7021276595744681
CE1.hmm	227	demux_S_105.scaffolds_3_20	274	1e-49	1	218	31	258	0.9559471365638766
CE20.hmm	249	demux_S_105.scaffolds_3_203	692	7.9e-79	3	249	300	583	0.9879518072289156
GH20.hmm	337	demux_S_105.scaffolds_3_204	673	1.6e-58	9	334	141	412	0.9643916913946587
GH33.hmm	342	demux_S_105.scaffolds_3_205	542	9.9e-97	11	330	189	526	0.9327485380116959
GH92.hmm	491	demux_S_105.scaffolds_3_21	758	2.3e-172	2	491	236	740	0.9959266802443992
GT2.hmm	170	demux_S_105.scaffolds_3_219	461	1e-36	1	131	11	139	0.7647058823529411
GH92.hmm	491	demux_S_105.scaffolds_3_22	780	5.8e-171	2	491	294	771	0.9959266802443992
GT4.hmm	160	demux_S_105.scaffolds_3_220	411	1.2e-29	2	159	220	381	0.98125
GH130.hmm	296	demux_S_105.scaffolds_3_24	383	5.1e-88	14	287	67	377	0.9222972972972973
CE1.hmm	227	demux_S_105.scaffolds_3_240	347	2.9e-17	11	214	83	308	0.8942731277533039
GH92.hmm	491	demux_S_105.scaffolds_3_25	722	5.5e-153	2	491	231	706	0.9959266802443992
GH78.hmm	504	demux_S_105.scaffolds_3_26	895	5e-132	1	501	351	856	0.9920634920634921
GH97.hmm	631	demux_S_105.scaffolds_3_269	661	3.4e-203	3	630	15	657	0.993660855784469
GH109.hmm	399	demux_S_105.scaffolds_3_274	515	1.6e-17	4	159	47	197	0.38847117794486213
GT35.hmm	674	demux_S_105.scaffolds_3_287	853	9.3e-113	209	637	272	734	0.6350148367952523
GH97.hmm	631	demux_S_105.scaffolds_3_37	656	7.7e-207	7	630	11	648	0.9873217115689382
GH2.hmm	752	demux_S_105.scaffolds_3_45	619	1.3e-94	26	486	34	611	0.6117021276595744
GH2.hmm	752	demux_S_105.scaffolds_3_46	611	1.3e-104	23	406	55	496	0.5093085106382979
GT32.hmm	90	demux_S_105.scaffolds_3_5	236	6.8e-23	7	88	27	103	0.9
GH3.hmm	216	demux_S_105.scaffolds_3_61	733	4.9e-67	2	215	60	281	0.9861111111111112
GH2.hmm	752	demux_S_105.scaffolds_3_62	843	3.9e-129	24	486	21	647	0.6143617021276596
GH31.hmm	427	demux_S_105.scaffolds_3_63	953	7.1e-148	1	427	375	835	0.9976580796252927
CE4.hmm	130	demux_S_105.scaffolds_3_91	204	2.7e-25	6	106	23	125	0.7692307692307693
CE1.hmm	227	demux_S_105.scaffolds_3_98	264	6.2e-34	7	208	40	243	0.8854625550660793
GH51.hmm	630	demux_S_105.scaffolds_4_153	656	2.3e-108	86	541	179	653	0.7222222222222222
GH2.hmm	752	demux_S_105.scaffolds_4_190	835	4.8e-119	30	475	27	615	0.5917553191489362
GT3.hmm	637	demux_S_105.scaffolds_4_219	553	5.9e-123	1	353	13	354	0.5525902668759811
GT35.hmm	674	demux_S_105.scaffolds_4_220	857	6.2e-127	20	613	124	692	0.8798219584569733
CE1.hmm	227	demux_S_105.scaffolds_4_222	390	1.7e-56	1	220	145	384	0.9647577092511013
GT51.hmm	177	demux_S_105.scaffolds_4_24	782	2.9e-58	4	177	63	243	0.9774011299435028
GH109.hmm	399	demux_S_105.scaffolds_4_261	483	1.3e-25	4	158	42	197	0.38596491228070173
GH109.hmm	399	demux_S_105.scaffolds_4_264	438	9.6e-26	4	158	36	187	0.38596491228070173
CBM67.hmm	176	demux_S_105.scaffolds_4_3	809	9.1e-48	1	166	42	214	0.9375
GH78.hmm	504	demux_S_105.scaffolds_4_3	809	7.4e-113	8	500	278	784	0.9761904761904762
GH73.hmm	128	demux_S_105.scaffolds_4_311	303	3e-37	3	128	40	168	0.9765625
CE11.hmm	271	demux_S_105.scaffolds_4_316	462	6.1e-74	1	220	4	224	0.8081180811808119
CE14.hmm	124	demux_S_105.scaffolds_4_42	227	3.5e-17	1	124	6	118	0.9919354838709677
GT4.hmm	160	demux_S_105.scaffolds_4_55	383	8.6e-41	6	156	202	351	0.9375
GH109.hmm	399	demux_S_105.scaffolds_4_86	388	4.5e-23	4	167	34	188	0.40852130325814534
GT19.hmm	354	demux_S_105.scaffolds_5_105	378	2.3e-111	2	352	4	358	0.9887005649717514
GH23.hmm	135	demux_S_105.scaffolds_5_178	519	2.6e-23	2	119	127	260	0.8666666666666667
GH20.hmm	337	demux_S_105.scaffolds_5_202	774	3.6e-125	8	336	155	509	0.973293768545994
GT28.hmm	157	demux_S_105.scaffolds_5_236	369	5.6e-46	1	156	193	352	0.9872611464968153
GH28.hmm	325	demux_S_105.scaffolds_5_256	447	1e-34	6	309	60	381	0.9323076923076923
GH140.hmm	412	demux_S_105.scaffolds_5_257	472	1.9e-81	3	248	21	269	0.5946601941747572
GH140.hmm	412	demux_S_105.scaffolds_5_257	472	2.3e-39	251	412	298	464	0.3907766990291262
GH172.hmm	236	demux_S_105.scaffolds_5_258	393	8.7e-86	2	236	123	371	0.9915254237288136
GH92.hmm	491	demux_S_105.scaffolds_5_4	753	9.6e-175	4	491	245	750	0.9918533604887984
CE1.hmm	227	demux_S_105.scaffolds_5_51	398	1.4e-54	1	221	157	393	0.9691629955947136
GH109.hmm	399	demux_S_105.scaffolds_5_94	497	1.2e-17	3	164	38	191	0.40350877192982454
GH13_8.hmm	293	demux_S_105.scaffolds_6_133	673	2.5e-150	1	293	219	510	0.9965870307167235
GH3.hmm	216	demux_S_105.scaffolds_6_147	860	1.8e-67	3	214	172	391	0.9768518518518519
GH163.hmm	251	demux_S_105.scaffolds_6_149	733	6.4e-104	2	250	196	448	0.9880478087649402
GH20.hmm	337	demux_S_105.scaffolds_6_150	771	8.2e-120	9	335	159	505	0.9673590504451038
GH92.hmm	491	demux_S_105.scaffolds_6_20	759	2.1e-167	4	490	219	739	0.9898167006109979
GH92.hmm	491	demux_S_105.scaffolds_6_21	757	2.1e-184	2	491	248	740	0.9959266802443992
GH92.hmm	491	demux_S_105.scaffolds_6_22	785	1.2e-185	2	491	240	747	0.9959266802443992
GH43_33.hmm	315	demux_S_105.scaffolds_6_254	374	2.5e-142	1	315	39	358	0.9968253968253968
GH92.hmm	491	demux_S_105.scaffolds_6_259	769	2.8e-197	5	491	268	760	0.9898167006109979
GH38.hmm	269	demux_S_105.scaffolds_6_27	963	1.9e-21	2	258	119	389	0.9516728624535316
GH92.hmm	491	demux_S_105.scaffolds_6_29	789	3.5e-147	3	491	260	782	0.9938900203665988
GH30_3.hmm	417	demux_S_105.scaffolds_6_291	482	7.7e-158	5	417	54	478	0.988009592326139
CBM67.hmm	176	demux_S_105.scaffolds_6_54	1148	2.3e-40	5	171	347	522	0.9431818181818182
GH78.hmm	504	demux_S_105.scaffolds_6_54	1148	1.4e-175	6	504	552	1106	0.9880952380952381
GT2.hmm	170	demux_S_105.scaffolds_6_56	311	3.2e-31	2	165	6	165	0.9588235294117647
GH76.hmm	358	demux_S_105.scaffolds_6_80	364	7.1e-90	34	338	37	349	0.8491620111731844
GH123.hmm	538	demux_S_105.scaffolds_6_93	608	2.1e-204	4	537	59	599	0.9907063197026023
GT51.hmm	177	demux_S_105.scaffolds_7_13	849	1.1e-46	18	176	124	282	0.8926553672316384
GH13_5.hmm	342	demux_S_105.scaffolds_7_14	481	3.1e-150	1	342	30	370	0.9970760233918129
GH13_31.hmm	349	demux_S_105.scaffolds_7_15	589	2.9e-144	1	348	43	390	0.994269340974212
GH13_14.hmm	289	demux_S_105.scaffolds_7_163	666	4.9e-120	2	289	198	523	0.9930795847750865
GH92.hmm	491	demux_S_105.scaffolds_7_167	748	3.1e-175	2	490	256	745	0.9938900203665988
GH20.hmm	337	demux_S_105.scaffolds_7_168	726	1.3e-118	8	337	122	472	0.9762611275964391
GH130.hmm	296	demux_S_105.scaffolds_7_198	333	7.6e-92	1	296	27	327	0.9966216216216216
GT2.hmm	170	demux_S_105.scaffolds_7_255	251	7.1e-35	1	153	6	150	0.8941176470588236
GT11.hmm	276	demux_S_105.scaffolds_7_258	300	1.7e-67	2	276	2	299	0.9927536231884058
GT83.hmm	540	demux_S_105.scaffolds_7_26	589	1.3e-65	12	433	17	477	0.7796296296296297
GT2.hmm	170	demux_S_105.scaffolds_7_261	329	7.1e-37	1	151	5	156	0.8823529411764706
GT32.hmm	90	demux_S_105.scaffolds_7_262	262	6.6e-24	4	87	21	95	0.9222222222222223
GH23.hmm	135	demux_S_105.scaffolds_7_59	328	3e-21	2	126	97	234	0.9185185185185185
GH171.hmm	355	demux_S_105.scaffolds_8_128	398	1.4e-117	1	355	44	388	0.9971830985915493
GH13_38.hmm	375	demux_S_105.scaffolds_8_185	571	1.6e-180	1	375	36	402	0.9973333333333333
GH30_2.hmm	417	demux_S_105.scaffolds_8_198	477	2.1e-185	2	416	53	473	0.9928057553956835
GT2.hmm	170	demux_S_105.scaffolds_8_229	339	1.5e-34	1	168	6	172	0.9823529411764705
GH109.hmm	399	demux_S_105.scaffolds_8_240	461	4.1e-16	4	172	68	241	0.42105263157894735
GH15.hmm	361	demux_S_105.scaffolds_8_265	596	1.6e-77	3	360	221	582	0.9889196675900277
GT20.hmm	475	demux_S_105.scaffolds_8_266	754	1.2e-175	14	472	2	458	0.9642105263157895
GT2.hmm	170	demux_S_105.scaffolds_8_284	487	9.3e-23	1	131	246	379	0.7647058823529411
CE4.hmm	130	demux_S_105.scaffolds_8_51	284	6.9e-22	13	126	4	140	0.8692307692307693
GH38.hmm	269	demux_S_105.scaffolds_9_140	857	5.4e-26	34	174	47	195	0.5204460966542751
CE9.hmm	373	demux_S_105.scaffolds_9_154	389	8.2e-101	2	373	6	378	0.9946380697050938
CE9.hmm	373	demux_S_105.scaffolds_9_155	402	1.4e-112	1	373	18	391	0.9973190348525469
GH2.hmm	752	demux_S_105.scaffolds_9_161	1113	3.7e-209	18	751	61	964	0.9747340425531915
GT5.hmm	472	demux_S_105.scaffolds_9_177	275	5.4e-47	1	223	5	238	0.4703389830508475
GH57.hmm	383	demux_S_105.scaffolds_9_179	431	4.7e-59	2	307	6	320	0.7963446475195822
GT4.hmm	160	demux_S_105.scaffolds_9_180	423	1.5e-34	8	153	244	386	0.90625
GH133.hmm	372	demux_S_105.scaffolds_9_181	645	1.3e-97	6	372	286	633	0.9838709677419355
GH125.hmm	402	demux_S_105.scaffolds_9_2	491	8.8e-185	1	402	78	477	0.9975124378109452
GT2.hmm	170	demux_S_105.scaffolds_9_213	317	1.9e-34	1	155	4	154	0.9058823529411765
GT2.hmm	170	demux_S_105.scaffolds_9_57	255	6.4e-34	1	129	7	134	0.7529411764705882
GT2.hmm	170	demux_S_105.scaffolds_9_59	335	2.9e-36	1	125	8	130	0.7294117647058823
GT8.hmm	257	demux_S_105.scaffolds_9_62	325	6.4e-19	38	247	15	230	0.8132295719844358
