PL33_1.hmm	155	demux_S_341.scaffolds_10_133	645	1.2e-60	2	152	430	576	0.967741935483871
GH23.hmm	135	demux_S_341.scaffolds_10_56	323	1.6e-22	2	125	93	229	0.9111111111111111
GH3.hmm	216	demux_S_341.scaffolds_11_117	864	4e-72	3	215	61	306	0.9814814814814815
GH28.hmm	325	demux_S_341.scaffolds_11_22	530	1.1e-87	9	306	77	473	0.9138461538461539
GH43_10.hmm	271	demux_S_341.scaffolds_11_24	559	1.2e-109	1	271	39	309	0.996309963099631
CBM91.hmm	200	demux_S_341.scaffolds_11_24	559	2e-21	4	196	343	555	0.96
GH105.hmm	332	demux_S_341.scaffolds_11_30	380	3.5e-92	9	332	58	374	0.9728915662650602
GH28.hmm	325	demux_S_341.scaffolds_11_36	470	2.6e-83	7	310	76	451	0.9323076923076923
PL1_2.hmm	183	demux_S_341.scaffolds_11_46	564	9.1e-49	1	183	136	322	0.994535519125683
CE20.hmm	249	demux_S_341.scaffolds_11_48	844	1.2e-89	3	249	105	367	0.9879518072289156
GH105.hmm	332	demux_S_341.scaffolds_11_48	844	4.6e-122	7	331	501	842	0.9759036144578314
GH28.hmm	325	demux_S_341.scaffolds_11_49	437	6.2e-61	8	308	74	414	0.9230769230769231
PL9_1.hmm	375	demux_S_341.scaffolds_11_51	515	2.6e-116	4	374	20	427	0.9866666666666667
GH28.hmm	325	demux_S_341.scaffolds_11_52	488	1.9e-66	5	309	77	449	0.9353846153846154
PL11.hmm	606	demux_S_341.scaffolds_11_53	634	1.4e-272	2	573	30	620	0.9422442244224423
GH2.hmm	752	demux_S_341.scaffolds_11_55	988	1.2e-68	23	636	21	770	0.8151595744680851
CE12.hmm	210	demux_S_341.scaffolds_11_60	428	6.3e-72	1	209	177	381	0.9904761904761905
GH105.hmm	332	demux_S_341.scaffolds_11_64	379	5.5e-94	10	332	60	376	0.9698795180722891
CE4.hmm	130	demux_S_341.scaffolds_11_65	323	2.6e-29	7	122	37	162	0.8846153846153846
GH105.hmm	332	demux_S_341.scaffolds_11_69	470	5.2e-91	10	332	97	432	0.9698795180722891
PL11_1.hmm	583	demux_S_341.scaffolds_11_70	614	4.1e-273	3	574	30	601	0.9794168096054888
GH105.hmm	332	demux_S_341.scaffolds_11_71	380	1.6e-94	10	332	61	377	0.9698795180722891
CE12.hmm	210	demux_S_341.scaffolds_11_72	545	2.6e-53	2	210	66	285	0.9904761904761905
CE12.hmm	210	demux_S_341.scaffolds_11_72	545	7.5e-62	2	210	317	532	0.9904761904761905
PL26.hmm	862	demux_S_341.scaffolds_11_73	1141	0	2	857	241	1135	0.9918793503480279
PL11_1.hmm	583	demux_S_341.scaffolds_11_74	695	2e-180	18	574	72	690	0.9536878216123499
CE11.hmm	271	demux_S_341.scaffolds_11_8	462	1.2e-73	1	220	4	224	0.8081180811808119
GH28.hmm	325	demux_S_341.scaffolds_11_86	462	6e-72	5	321	76	450	0.9723076923076923
GH42.hmm	371	demux_S_341.scaffolds_11_88	717	1e-122	2	370	62	436	0.9919137466307277
GH43_18.hmm	229	demux_S_341.scaffolds_11_89	786	3.9e-89	2	229	67	301	0.9912663755458515
GH43_34.hmm	280	demux_S_341.scaffolds_11_89	786	1.4e-68	1	280	318	611	0.9964285714285714
GH2.hmm	752	demux_S_341.scaffolds_11_90	968	8.1e-70	27	491	31	678	0.6170212765957447
CE12.hmm	210	demux_S_341.scaffolds_11_91	413	2.7e-74	1	209	163	367	0.9904761904761905
GH28.hmm	325	demux_S_341.scaffolds_11_92	512	1.8e-62	6	309	87	454	0.9323076923076923
GH28.hmm	325	demux_S_341.scaffolds_11_94	468	1.4e-65	7	309	48	395	0.9292307692307692
GH106.hmm	824	demux_S_341.scaffolds_11_95	922	0	3	823	21	915	0.9951456310679612
GH109.hmm	399	demux_S_341.scaffolds_12_114	420	1.6e-166	3	398	18	416	0.9899749373433584
GH109.hmm	399	demux_S_341.scaffolds_12_115	470	2.3e-163	2	398	55	459	0.9924812030075187
GH2.hmm	752	demux_S_341.scaffolds_12_118	1114	4.4e-212	22	750	51	949	0.9680851063829787
GH89.hmm	663	demux_S_341.scaffolds_12_28	712	2e-249	2	645	64	707	0.9698340874811463
GH35.hmm	307	demux_S_341.scaffolds_12_29	776	4.2e-122	1	306	37	346	0.993485342019544
GH20.hmm	337	demux_S_341.scaffolds_12_63	810	5e-126	9	336	160	525	0.9703264094955489
GT5.hmm	472	demux_S_341.scaffolds_12_93	278	1.3e-46	1	222	6	238	0.4682203389830508
GH57.hmm	383	demux_S_341.scaffolds_12_95	485	5.5e-53	12	313	20	326	0.7859007832898173
GT4.hmm	160	demux_S_341.scaffolds_12_96	422	2.1e-34	7	154	240	384	0.91875
GH133.hmm	372	demux_S_341.scaffolds_12_97	646	2.6e-104	6	372	285	636	0.9838709677419355
GH20.hmm	337	demux_S_341.scaffolds_13_88	543	8.7e-108	8	335	162	510	0.9703264094955489
GH20.hmm	337	demux_S_341.scaffolds_13_89	837	2.7e-95	14	336	312	723	0.9554896142433235
GH92.hmm	491	demux_S_341.scaffolds_14_11	499	8.3e-177	37	491	2	475	0.924643584521385
GH92.hmm	491	demux_S_341.scaffolds_14_119	726	2.9e-189	5	487	235	724	0.9816700610997964
GH43_17.hmm	266	demux_S_341.scaffolds_14_124	433	3.4e-86	2	265	140	403	0.9887218045112782
GH5_13.hmm	275	demux_S_341.scaffolds_14_126	358	4.2e-119	1	275	53	315	0.9963636363636363
GH20.hmm	337	demux_S_341.scaffolds_14_127	844	4.9e-96	14	336	319	731	0.9554896142433235
GH43_18.hmm	229	demux_S_341.scaffolds_14_132	333	3.4e-66	3	229	73	316	0.9868995633187773
GH42.hmm	371	demux_S_341.scaffolds_14_134	704	2.3e-124	2	370	38	417	0.9919137466307277
GH3.hmm	216	demux_S_341.scaffolds_14_135	760	9e-72	3	216	98	319	0.9861111111111112
GH5_13.hmm	275	demux_S_341.scaffolds_14_136	366	4e-112	1	275	60	321	0.9963636363636363
GH97.hmm	631	demux_S_341.scaffolds_14_137	665	5.1e-208	5	630	14	663	0.9904912836767037
GH16_3.hmm	230	demux_S_341.scaffolds_14_23	268	1.5e-54	1	230	35	261	0.9956521739130435
CE7.hmm	313	demux_S_341.scaffolds_14_38	437	6.3e-92	11	311	129	430	0.9584664536741214
GT51.hmm	177	demux_S_341.scaffolds_14_54	650	1.4e-44	13	159	437	585	0.8248587570621468
GH3.hmm	216	demux_S_341.scaffolds_14_67	1004	4.4e-57	3	215	109	333	0.9814814814814815
GH171.hmm	355	demux_S_341.scaffolds_15_120	389	3.2e-118	1	355	44	387	0.9971830985915493
GH92.hmm	491	demux_S_341.scaffolds_15_58	913	4.3e-128	3	491	382	896	0.9938900203665988
GH2.hmm	752	demux_S_341.scaffolds_15_81	956	1.9e-38	178	620	28	610	0.5877659574468085
CE20.hmm	249	demux_S_341.scaffolds_15_82	753	1.7e-79	3	248	101	390	0.9839357429718876
CE6.hmm	99	demux_S_341.scaffolds_15_82	753	5.5e-26	1	99	581	672	0.98989898989899
GH50.hmm	653	demux_S_341.scaffolds_15_87	517	3.2e-53	292	653	170	509	0.552833078101072
GH88.hmm	329	demux_S_341.scaffolds_15_88	795	6.6e-122	5	329	73	395	0.9848024316109423
GH154.hmm	348	demux_S_341.scaffolds_15_88	795	2.5e-111	1	346	416	772	0.9913793103448276
GH43_28.hmm	262	demux_S_341.scaffolds_15_90	601	7.6e-86	1	262	52	336	0.9961832061068703
CBM32.hmm	124	demux_S_341.scaffolds_15_90	601	6e-22	5	107	373	488	0.8225806451612904
GH154.hmm	348	demux_S_341.scaffolds_15_91	854	1e-104	1	347	474	832	0.9942528735632183
GH154.hmm	348	demux_S_341.scaffolds_15_92	408	2.1e-111	1	345	27	383	0.9885057471264368
GH105.hmm	332	demux_S_341.scaffolds_15_93	369	5.5e-84	9	332	50	363	0.9728915662650602
GH29.hmm	346	demux_S_341.scaffolds_16_14	606	5.6e-81	34	338	48	372	0.8786127167630058
GH2.hmm	752	demux_S_341.scaffolds_16_15	1030	1.7e-216	24	749	68	912	0.964095744680851
GH20.hmm	337	demux_S_341.scaffolds_16_16	775	4.9e-113	8	336	156	515	0.973293768545994
GH18.hmm	296	demux_S_341.scaffolds_16_21	547	4.5e-36	48	285	291	526	0.8006756756756757
GH67.hmm	669	demux_S_341.scaffolds_16_38	712	3.6e-279	4	665	25	678	0.9880418535127056
GH43_1.hmm	310	demux_S_341.scaffolds_16_39	326	3e-163	2	310	8	317	0.9935483870967742
GH10.hmm	303	demux_S_341.scaffolds_16_40	377	9.4e-108	1	301	29	369	0.9900990099009901
CE20.hmm	249	demux_S_341.scaffolds_16_42	553	6.5e-38	3	130	101	246	0.5100401606425703
CE20.hmm	249	demux_S_341.scaffolds_16_42	553	2e-46	121	248	415	542	0.5100401606425703
GH10.hmm	303	demux_S_341.scaffolds_16_43	741	6.4e-56	95	302	491	724	0.6831683168316832
GH13_14.hmm	289	demux_S_341.scaffolds_16_48	667	2.5e-118	1	289	200	524	0.9965397923875432
GH38.hmm	269	demux_S_341.scaffolds_17_36	855	4.3e-30	31	175	43	190	0.5353159851301115
GH92.hmm	491	demux_S_341.scaffolds_17_37	780	4.4e-162	2	491	291	773	0.9959266802443992
GH2.hmm	752	demux_S_341.scaffolds_17_38	1030	1.5e-90	50	556	64	762	0.6728723404255319
CBM32.hmm	124	demux_S_341.scaffolds_17_38	1030	2.5e-26	7	123	765	879	0.9354838709677419
CBM67.hmm	176	demux_S_341.scaffolds_17_40	892	1.7e-16	17	170	163	325	0.8693181818181818
GH78.hmm	504	demux_S_341.scaffolds_17_40	892	8.3e-126	2	502	350	854	0.9920634920634921
GH31.hmm	427	demux_S_341.scaffolds_17_41	715	1.3e-136	2	415	177	601	0.9672131147540983
GH92.hmm	491	demux_S_341.scaffolds_17_49	758	1.7e-175	3	491	235	739	0.9938900203665988
GH92.hmm	491	demux_S_341.scaffolds_17_50	719	4.6e-157	3	491	231	704	0.9938900203665988
GH130.hmm	296	demux_S_341.scaffolds_17_51	378	3e-87	14	286	63	372	0.918918918918919
GH43_8.hmm	281	demux_S_341.scaffolds_17_52	513	1.4e-123	1	281	27	303	0.99644128113879
GH105.hmm	332	demux_S_341.scaffolds_17_66	400	4.1e-122	6	332	52	396	0.9819277108433735
CE8.hmm	288	demux_S_341.scaffolds_17_67	315	1.7e-107	2	287	24	305	0.9895833333333334
CE12.hmm	210	demux_S_341.scaffolds_17_68	583	3.9e-79	1	210	33	264	0.9952380952380953
CE8.hmm	288	demux_S_341.scaffolds_17_68	583	7.5e-99	2	277	280	555	0.9548611111111112
PL1_2.hmm	183	demux_S_341.scaffolds_17_71	499	3.8e-77	1	183	96	284	0.994535519125683
PL1_2.hmm	183	demux_S_341.scaffolds_17_72	554	3e-70	1	183	110	304	0.994535519125683
PL1_2.hmm	183	demux_S_341.scaffolds_17_73	528	1.6e-80	1	183	111	304	0.994535519125683
CE8.hmm	288	demux_S_341.scaffolds_17_74	543	1.3e-57	2	286	140	462	0.9861111111111112
PL1_2.hmm	183	demux_S_341.scaffolds_17_80	510	3.6e-76	1	183	91	275	0.994535519125683
PL1_2.hmm	183	demux_S_341.scaffolds_17_83	796	3.2e-64	1	183	372	577	0.994535519125683
CE8.hmm	288	demux_S_341.scaffolds_17_88	804	1.1e-37	6	204	479	699	0.6875
GH28.hmm	325	demux_S_341.scaffolds_17_89	525	7.1e-85	7	321	83	488	0.9661538461538461
GH50.hmm	653	demux_S_341.scaffolds_18_100	518	1.2e-49	287	652	164	509	0.55895865237366
GH50.hmm	653	demux_S_341.scaffolds_18_101	471	1.8e-84	291	652	116	456	0.552833078101072
GH2.hmm	752	demux_S_341.scaffolds_18_102	888	4.9e-100	25	489	23	609	0.6170212765957447
CBM57.hmm	147	demux_S_341.scaffolds_18_102	888	1.7e-24	7	147	713	881	0.9523809523809523
PL10_1.hmm	288	demux_S_341.scaffolds_18_113	365	1.7e-120	1	287	62	350	0.9930555555555556
CBM20.hmm	90	demux_S_341.scaffolds_18_18	905	3.4e-16	12	87	148	225	0.8333333333333334
GH77.hmm	494	demux_S_341.scaffolds_18_18	905	2.7e-156	1	490	251	896	0.9898785425101214
GT2.hmm	170	demux_S_341.scaffolds_18_22	351	8.1e-25	1	133	5	146	0.7764705882352941
GH109.hmm	399	demux_S_341.scaffolds_18_29	496	1.8e-19	3	163	38	189	0.40100250626566414
GH147.hmm	816	demux_S_341.scaffolds_18_77	834	6.6e-256	11	803	19	791	0.9705882352941176
GH35.hmm	307	demux_S_341.scaffolds_18_78	783	4.3e-82	2	306	60	426	0.990228013029316
CBM61.hmm	141	demux_S_341.scaffolds_18_83	539	1.1e-23	4	141	48	184	0.9716312056737588
GH53.hmm	342	demux_S_341.scaffolds_18_83	539	2.1e-101	2	342	195	534	0.9941520467836257
GH97.hmm	631	demux_S_341.scaffolds_19_13	720	2.3e-262	4	630	16	704	0.9920760697305864
GT2.hmm	170	demux_S_341.scaffolds_19_5	317	5.8e-34	1	168	4	167	0.9823529411764705
PL15_2.hmm	156	demux_S_341.scaffolds_19_64	874	5.5e-104	1	156	534	689	0.9935897435897436
PL12_2.hmm	131	demux_S_341.scaffolds_19_69	667	5.7e-64	1	131	404	534	0.9923664122137404
GH88.hmm	329	demux_S_341.scaffolds_19_70	429	4.2e-119	6	328	101	416	0.9787234042553191
PL12_2.hmm	131	demux_S_341.scaffolds_19_74	740	3.5e-52	1	131	436	573	0.9923664122137404
GH95.hmm	722	demux_S_341.scaffolds_19_75	757	5.5e-86	108	713	110	690	0.8379501385041551
GH2.hmm	752	demux_S_341.scaffolds_19_86	814	4.4e-118	23	569	19	731	0.726063829787234
GH53.hmm	342	demux_S_341.scaffolds_19_87	371	1.9e-95	2	338	54	364	0.9824561403508771
GH147.hmm	816	demux_S_341.scaffolds_19_91	870	0	6	816	20	851	0.9926470588235294
PL13.hmm	363	demux_S_341.scaffolds_19_94	393	3.4e-207	3	363	24	392	0.9917355371900827
GH127.hmm	524	demux_S_341.scaffolds_1_106	699	4.6e-195	1	524	44	607	0.9980916030534351
GH141.hmm	527	demux_S_341.scaffolds_1_107	620	7.5e-235	2	527	21	579	0.9962049335863378
GH78.hmm	504	demux_S_341.scaffolds_1_108	759	3.7e-117	3	489	215	709	0.9642857142857143
GH165.hmm	635	demux_S_341.scaffolds_1_114	561	3.7e-226	128	634	22	559	0.7968503937007874
GH165.hmm	635	demux_S_341.scaffolds_1_115	571	1.5e-197	123	632	38	569	0.8015748031496063
GH165.hmm	635	demux_S_341.scaffolds_1_117	518	2.1e-200	149	634	19	512	0.7637795275590551
GH138.hmm	907	demux_S_341.scaffolds_1_124	900	0	1	907	1	899	0.9988974641675854
GH137.hmm	340	demux_S_341.scaffolds_1_125	1400	1.2e-160	2	340	20	368	0.9941176470588236
GH2.hmm	752	demux_S_341.scaffolds_1_125	1400	1.8e-82	21	387	371	799	0.4867021276595745
CBM57.hmm	147	demux_S_341.scaffolds_1_125	1400	5.2e-46	2	147	1067	1228	0.9863945578231292
GH2.hmm	752	demux_S_341.scaffolds_1_129	1079	6.8e-228	27	751	50	962	0.9627659574468085
GH2.hmm	752	demux_S_341.scaffolds_1_130	950	8.7e-131	35	745	40	830	0.9441489361702128
GH106.hmm	824	demux_S_341.scaffolds_1_149	1100	3.5e-129	94	508	361	820	0.5024271844660194
CE20.hmm	249	demux_S_341.scaffolds_1_150	478	1.4e-93	3	248	107	367	0.9839357429718876
GH139.hmm	777	demux_S_341.scaffolds_1_151	767	0	3	776	1	764	0.9948519948519948
GH2.hmm	752	demux_S_341.scaffolds_1_152	885	5.8e-94	26	504	44	634	0.6356382978723404
PL1_2.hmm	183	demux_S_341.scaffolds_1_154	561	5.9e-65	1	183	134	324	0.994535519125683
PL29.hmm	301	demux_S_341.scaffolds_1_155	1042	1e-18	32	275	99	329	0.8073089700996677
GH13_38.hmm	375	demux_S_341.scaffolds_1_388	566	2e-186	1	375	33	400	0.9973333333333333
GH13_8.hmm	293	demux_S_341.scaffolds_1_390	671	3.1e-149	1	293	220	511	0.9965870307167235
GH24.hmm	137	demux_S_341.scaffolds_1_412	145	2.9e-44	7	137	9	135	0.948905109489051
GH2.hmm	752	demux_S_341.scaffolds_1_450	683	1.2e-103	25	545	26	663	0.6914893617021277
GT51.hmm	177	demux_S_341.scaffolds_1_464	776	3.6e-57	6	177	61	240	0.9661016949152542
GT4.hmm	160	demux_S_341.scaffolds_1_472	399	7.8e-19	5	159	206	365	0.9625
PL12_3.hmm	144	demux_S_341.scaffolds_1_473	621	6.8e-39	2	144	403	541	0.9861111111111112
GT4.hmm	160	demux_S_341.scaffolds_1_476	346	1.4e-36	4	160	163	319	0.975
GT2.hmm	170	demux_S_341.scaffolds_1_477	354	7.8e-36	1	133	8	150	0.7764705882352941
GT2.hmm	170	demux_S_341.scaffolds_1_478	331	1.9e-33	1	147	5	150	0.8588235294117647
GT2.hmm	170	demux_S_341.scaffolds_1_479	307	9.2e-32	1	98	7	102	0.5705882352941176
GH18.hmm	296	demux_S_341.scaffolds_1_54	355	1.8e-16	8	240	89	342	0.7837837837837838
GH97.hmm	631	demux_S_341.scaffolds_1_545	670	6.7e-235	7	630	16	666	0.9873217115689382
CE9.hmm	373	demux_S_341.scaffolds_1_553	392	1.8e-105	1	373	5	378	0.9973190348525469
CE9.hmm	373	demux_S_341.scaffolds_1_554	389	1.4e-112	1	373	5	378	0.9973190348525469
CBM62.hmm	131	demux_S_341.scaffolds_1_568	671	2.8e-23	60	131	464	535	0.5419847328244275
CBM62.hmm	131	demux_S_341.scaffolds_1_568	671	9.7e-18	2	63	542	605	0.46564885496183206
GH163.hmm	251	demux_S_341.scaffolds_1_57	734	4.3e-111	1	251	196	450	0.9960159362549801
CBM62.hmm	131	demux_S_341.scaffolds_1_575	669	3.1e-23	64	131	467	534	0.5114503816793893
GH130.hmm	296	demux_S_341.scaffolds_1_59	323	1.6e-95	1	296	19	317	0.9966216216216216
GH92.hmm	491	demux_S_341.scaffolds_1_60	758	3e-179	2	487	270	756	0.9877800407331976
GT4.hmm	160	demux_S_341.scaffolds_1_647	370	6.8e-25	10	156	193	336	0.9125
GT4.hmm	160	demux_S_341.scaffolds_1_648	351	8.6e-35	6	159	174	325	0.95625
PL1_2.hmm	183	demux_S_341.scaffolds_1_65	580	3.2e-64	1	183	135	328	0.994535519125683
GT4.hmm	160	demux_S_341.scaffolds_1_652	372	4.2e-24	5	159	183	346	0.9625
GT4.hmm	160	demux_S_341.scaffolds_1_654	394	6.9e-21	6	157	204	363	0.94375
GH43_18.hmm	229	demux_S_341.scaffolds_1_67	308	1e-88	2	229	66	292	0.9912663755458515
CE1.hmm	227	demux_S_341.scaffolds_1_671	701	2.1e-18	5	218	446	688	0.9383259911894273
GH143.hmm	556	demux_S_341.scaffolds_1_68	1107	1.8e-294	3	556	18	567	0.9946043165467626
GH142.hmm	479	demux_S_341.scaffolds_1_68	1107	1e-232	1	479	630	1098	0.9979123173277662
CBM67.hmm	176	demux_S_341.scaffolds_1_69	945	5.9e-35	27	171	201	355	0.8181818181818182
GH78.hmm	504	demux_S_341.scaffolds_1_69	945	1.4e-161	3	504	396	924	0.9940476190476191
GH28.hmm	325	demux_S_341.scaffolds_1_71	1087	8e-96	10	310	53	425	0.9230769230769231
CE19.hmm	332	demux_S_341.scaffolds_1_71	1087	9.7e-143	2	331	550	881	0.9909638554216867
CBM67.hmm	176	demux_S_341.scaffolds_1_74	1287	2.1e-38	3	169	141	325	0.9431818181818182
GH78.hmm	504	demux_S_341.scaffolds_1_74	1287	2.2e-164	7	504	355	884	0.9861111111111112
GH33.hmm	342	demux_S_341.scaffolds_1_74	1287	1.2e-36	14	325	918	1269	0.9093567251461988
GH140.hmm	412	demux_S_341.scaffolds_1_75	489	8.6e-178	1	412	36	462	0.9975728155339806
GH20.hmm	337	demux_S_341.scaffolds_1_756	769	1.2e-113	8	335	154	509	0.9703264094955489
GH105.hmm	332	demux_S_341.scaffolds_1_76	401	4e-122	5	332	49	396	0.9849397590361446
GH95.hmm	722	demux_S_341.scaffolds_1_77	823	2.3e-291	6	713	30	759	0.9792243767313019
GT2.hmm	170	demux_S_341.scaffolds_20_47	309	1.8e-21	1	169	9	183	0.9882352941176471
GT2.hmm	230	demux_S_341.scaffolds_20_48	398	9.1e-32	3	229	42	262	0.9826086956521739
GT4.hmm	160	demux_S_341.scaffolds_20_49	373	4e-29	9	157	194	342	0.925
GT101.hmm	224	demux_S_341.scaffolds_20_60	304	1.1e-93	1	224	57	280	0.9955357142857143
GT4.hmm	160	demux_S_341.scaffolds_20_62	386	1.4e-38	6	159	200	351	0.95625
GT2.hmm	170	demux_S_341.scaffolds_20_63	285	4.9e-20	7	138	47	171	0.7705882352941177
GT2.hmm	230	demux_S_341.scaffolds_20_65	405	1.8e-20	1	226	57	274	0.9782608695652174
GH32.hmm	293	demux_S_341.scaffolds_21_10	520	5.6e-42	2	282	49	346	0.9556313993174061
GH32.hmm	293	demux_S_341.scaffolds_21_11	612	5.5e-101	1	287	152	444	0.9761092150170648
GH92.hmm	491	demux_S_341.scaffolds_21_2	753	3.2e-164	3	491	212	734	0.9938900203665988
GH2.hmm	752	demux_S_341.scaffolds_21_3	1080	3.9e-85	19	413	46	568	0.523936170212766
GH43_2.hmm	273	demux_S_341.scaffolds_21_4	831	5.6e-101	1	272	268	536	0.9926739926739927
CBM6.hmm	138	demux_S_341.scaffolds_21_4	831	3.9e-17	1	136	565	689	0.9782608695652174
CBM6.hmm	138	demux_S_341.scaffolds_21_4	831	2.7e-17	1	136	702	829	0.9782608695652174
GH32.hmm	293	demux_S_341.scaffolds_21_5	621	1.6e-92	1	290	133	434	0.9863481228668942
GT35.hmm	674	demux_S_341.scaffolds_21_62	853	3.2e-115	208	610	271	708	0.5964391691394659
GT35.hmm	674	demux_S_341.scaffolds_22_18	853	1.5e-113	208	629	271	708	0.6246290801186943
GH105.hmm	332	demux_S_341.scaffolds_23_24	391	9e-80	11	331	63	385	0.963855421686747
GH154.hmm	348	demux_S_341.scaffolds_23_25	419	5e-107	1	347	32	397	0.9942528735632183
GH28.hmm	325	demux_S_341.scaffolds_23_26	455	1.9e-71	5	323	69	445	0.9784615384615385
GH35.hmm	307	demux_S_341.scaffolds_23_27	783	9e-123	1	305	35	346	0.990228013029316
GH25.hmm	177	demux_S_341.scaffolds_23_37	298	1.3e-56	1	177	100	275	0.9943502824858758
GH2.hmm	752	demux_S_341.scaffolds_23_4	833	1.3e-133	22	555	20	735	0.7087765957446809
GH109.hmm	399	demux_S_341.scaffolds_23_48	329	4.2e-25	5	196	5	185	0.47869674185463656
PL38.hmm	279	demux_S_341.scaffolds_23_53	401	9.3e-114	1	277	66	343	0.989247311827957
PL38.hmm	279	demux_S_341.scaffolds_23_54	391	5.2e-112	1	279	53	329	0.996415770609319
GH2.hmm	752	demux_S_341.scaffolds_23_55	826	4.3e-100	24	573	23	754	0.7300531914893617
GH88.hmm	329	demux_S_341.scaffolds_23_56	419	1.8e-136	5	328	88	408	0.9817629179331308
GT11.hmm	276	demux_S_341.scaffolds_24_13	266	1.3e-61	3	275	3	264	0.9855072463768116
GT2.hmm	170	demux_S_341.scaffolds_24_14	324	4.6e-29	1	128	6	136	0.7470588235294118
GT4.hmm	160	demux_S_341.scaffolds_24_15	359	9.5e-36	11	157	180	329	0.9125
GT26.hmm	171	demux_S_341.scaffolds_24_17	253	1.6e-54	2	171	52	227	0.9883040935672515
GH16.hmm	189	demux_S_341.scaffolds_24_65	888	4.7e-19	2	188	544	828	0.9841269841269841
GH16.hmm	189	demux_S_341.scaffolds_24_66	1050	1.7e-22	2	189	37	317	0.9894179894179894
GH3.hmm	216	demux_S_341.scaffolds_24_66	1050	4e-68	3	215	405	625	0.9814814814814815
GT10.hmm	347	demux_S_341.scaffolds_24_9	347	9.7e-31	168	292	148	269	0.3573487031700288
GH29.hmm	346	demux_S_341.scaffolds_25_41	433	5.4e-110	14	346	10	349	0.9595375722543352
GH29.hmm	346	demux_S_341.scaffolds_25_6	625	4.1e-82	39	333	32	342	0.8497109826589595
GH20.hmm	337	demux_S_341.scaffolds_26_27	382	1.6e-28	134	336	2	199	0.599406528189911
GH88.hmm	329	demux_S_341.scaffolds_26_48	403	4.7e-128	4	329	68	390	0.9878419452887538
GH92.hmm	491	demux_S_341.scaffolds_27_10	764	3.2e-187	2	491	233	740	0.9959266802443992
GH76.hmm	358	demux_S_341.scaffolds_27_12	420	1.2e-71	28	336	57	401	0.8603351955307262
GH76.hmm	358	demux_S_341.scaffolds_27_15	440	4e-68	29	328	63	413	0.835195530726257
GH43_34.hmm	280	demux_S_341.scaffolds_27_20	330	6.3e-111	1	279	32	311	0.9928571428571429
GH43_26.hmm	294	demux_S_341.scaffolds_27_21	370	1.6e-109	1	294	37	346	0.9965986394557823
GH2.hmm	752	demux_S_341.scaffolds_27_22	607	1.2e-105	23	404	52	493	0.5066489361702128
GH127.hmm	524	demux_S_341.scaffolds_27_6	685	1.3e-34	301	522	322	548	0.4217557251908397
GH125.hmm	402	demux_S_341.scaffolds_27_9	488	3.1e-186	2	402	72	472	0.9950248756218906
GH3.hmm	216	demux_S_341.scaffolds_28_10	956	2e-68	4	213	207	427	0.9675925925925926
GH43_2.hmm	273	demux_S_341.scaffolds_28_11	703	3.8e-41	10	273	90	358	0.9633699633699634
GH43_2.hmm	273	demux_S_341.scaffolds_28_11	703	3.9e-123	1	273	423	694	0.9963369963369964
GH95.hmm	722	demux_S_341.scaffolds_28_12	811	3e-294	4	713	19	746	0.981994459833795
GH2.hmm	752	demux_S_341.scaffolds_28_7	1234	2.3e-83	19	630	236	1057	0.8125
GH3.hmm	216	demux_S_341.scaffolds_28_8	851	4.6e-69	4	215	61	302	0.9768518518518519
GH43.hmm	248	demux_S_341.scaffolds_2_10	396	2.4e-37	9	226	65	362	0.875
GH18.hmm	296	demux_S_341.scaffolds_2_100	322	8.6e-39	23	282	51	304	0.875
GH43_34.hmm	280	demux_S_341.scaffolds_2_106	333	4.1e-99	1	280	28	324	0.9964285714285714
GH30_4.hmm	484	demux_S_341.scaffolds_2_107	532	1.9e-198	2	483	33	528	0.993801652892562
GH3.hmm	216	demux_S_341.scaffolds_2_109	787	6.6e-65	4	216	119	348	0.9814814814814815
GH43_12.hmm	281	demux_S_341.scaffolds_2_110	530	1.7e-109	1	281	28	305	0.99644128113879
CBM91.hmm	200	demux_S_341.scaffolds_2_110	530	1.2e-62	4	198	332	527	0.97
GH43_12.hmm	281	demux_S_341.scaffolds_2_111	527	2.3e-118	2	281	25	298	0.9928825622775801
CBM91.hmm	200	demux_S_341.scaffolds_2_111	527	6.1e-54	4	198	325	520	0.97
GH5_4.hmm	276	demux_S_341.scaffolds_2_112	503	8.4e-89	2	275	182	475	0.9891304347826086
GH9.hmm	418	demux_S_341.scaffolds_2_116	588	2.5e-103	5	416	121	574	0.9832535885167464
GH31.hmm	427	demux_S_341.scaffolds_2_118	953	4.4e-141	1	427	374	841	0.9976580796252927
GH2.hmm	752	demux_S_341.scaffolds_2_119	843	4.9e-128	27	527	33	713	0.6648936170212766
GH2.hmm	752	demux_S_341.scaffolds_2_12	735	1.4e-102	15	413	42	506	0.5292553191489362
GH3.hmm	216	demux_S_341.scaffolds_2_120	743	9.4e-64	5	215	69	287	0.9722222222222222
CE20.hmm	249	demux_S_341.scaffolds_2_125	640	9.5e-48	3	119	101	217	0.46586345381526106
CE20.hmm	249	demux_S_341.scaffolds_2_125	640	9.5e-51	119	248	398	525	0.5180722891566265
CBM67.hmm	176	demux_S_341.scaffolds_2_127	911	1.1e-34	2	171	165	345	0.9602272727272727
GH78.hmm	504	demux_S_341.scaffolds_2_127	911	1.3e-151	2	501	369	876	0.9900793650793651
GH130.hmm	296	demux_S_341.scaffolds_2_129	390	2.8e-86	10	295	56	359	0.9628378378378378
GH140.hmm	412	demux_S_341.scaffolds_2_130	454	4.8e-147	1	412	36	450	0.9975728155339806
GH5_5.hmm	282	demux_S_341.scaffolds_2_131	347	1e-100	3	281	35	319	0.9858156028368794
GH2.hmm	752	demux_S_341.scaffolds_2_132	857	1.7e-86	29	503	61	688	0.6303191489361702
GH5_5.hmm	282	demux_S_341.scaffolds_2_133	362	2.6e-103	1	281	39	333	0.9929078014184397
GH5_2.hmm	237	demux_S_341.scaffolds_2_137	326	7.9e-98	2	237	41	274	0.9915611814345991
GH172.hmm	236	demux_S_341.scaffolds_2_138	666	5.8e-52	1	235	276	504	0.9915254237288136
GH115.hmm	697	demux_S_341.scaffolds_2_159	797	2e-246	4	697	24	786	0.994261119081779
GT2.hmm	170	demux_S_341.scaffolds_2_160	250	3.1e-27	1	129	11	137	0.7529411764705882
GT4.hmm	160	demux_S_341.scaffolds_2_161	428	8.6e-24	8	155	245	392	0.91875
GH43_3.hmm	299	demux_S_341.scaffolds_2_170	336	6.5e-112	1	299	31	316	0.9966555183946488
GH109.hmm	399	demux_S_341.scaffolds_2_171	432	2.1e-33	3	161	41	190	0.39598997493734334
GH115.hmm	697	demux_S_341.scaffolds_2_176	985	2.5e-216	2	582	31	666	0.8321377331420373
GH93.hmm	307	demux_S_341.scaffolds_2_177	599	1.7e-23	4	268	90	366	0.8599348534201955
GH105.hmm	332	demux_S_341.scaffolds_2_178	371	5.5e-73	12	330	59	367	0.9578313253012049
GH43_3.hmm	299	demux_S_341.scaffolds_2_180	634	4.8e-94	1	299	318	615	0.9966555183946488
GH2.hmm	752	demux_S_341.scaffolds_2_187	904	4.4e-86	46	532	68	735	0.6462765957446809
GH130.hmm	296	demux_S_341.scaffolds_2_188	382	2.3e-85	13	287	63	373	0.9256756756756757
GH2.hmm	752	demux_S_341.scaffolds_2_189	977	3e-87	31	540	66	823	0.6768617021276596
GH66.hmm	556	demux_S_341.scaffolds_2_19	593	1.4e-201	2	555	46	592	0.9946043165467626
GH105.hmm	332	demux_S_341.scaffolds_2_190	368	6e-72	14	330	58	364	0.9518072289156626
GH31.hmm	427	demux_S_341.scaffolds_2_20	835	3.2e-146	1	427	233	683	0.9976580796252927
GH3.hmm	216	demux_S_341.scaffolds_2_210	736	3e-69	2	216	103	326	0.9907407407407407
GH3.hmm	216	demux_S_341.scaffolds_2_211	818	1e-68	3	216	58	267	0.9861111111111112
GH105.hmm	332	demux_S_341.scaffolds_2_212	371	1.6e-89	9	332	49	367	0.9728915662650602
CE7.hmm	313	demux_S_341.scaffolds_2_215	433	4.3e-84	11	311	129	422	0.9584664536741214
GH2.hmm	752	demux_S_341.scaffolds_2_216	599	2e-93	22	461	28	554	0.5837765957446809
GH16_3.hmm	230	demux_S_341.scaffolds_2_22	727	3e-52	1	230	43	276	0.9956521739130435
GH18.hmm	296	demux_S_341.scaffolds_2_244	325	2.3e-30	48	278	51	308	0.777027027027027
CE1.hmm	227	demux_S_341.scaffolds_2_248	507	1e-54	1	223	32	288	0.9779735682819384
CE1.hmm	227	demux_S_341.scaffolds_2_249	533	7.4e-48	1	223	52	309	0.9779735682819384
GH127.hmm	524	demux_S_341.scaffolds_2_263	812	5.4e-186	1	524	32	584	0.9980916030534351
GH89.hmm	663	demux_S_341.scaffolds_2_269	719	2.1e-212	2	662	66	714	0.995475113122172
GH89.hmm	663	demux_S_341.scaffolds_2_273	728	2.3e-234	2	649	62	702	0.975867269984917
GH29.hmm	346	demux_S_341.scaffolds_2_28	626	2.7e-70	33	343	28	378	0.8959537572254336
GH5_13.hmm	275	demux_S_341.scaffolds_2_282	359	1.1e-95	1	274	52	315	0.9927272727272727
GH93.hmm	307	demux_S_341.scaffolds_2_283	626	3.4e-22	3	282	94	380	0.9087947882736156
GH123.hmm	538	demux_S_341.scaffolds_2_29	565	1.7e-213	5	537	29	562	0.9888475836431226
CE20.hmm	249	demux_S_341.scaffolds_2_298	480	3.5e-87	3	249	102	368	0.9879518072289156
GH3.hmm	216	demux_S_341.scaffolds_2_299	741	5.2e-72	3	215	96	317	0.9814814814814815
GH95.hmm	722	demux_S_341.scaffolds_2_30	752	1e-94	302	712	304	729	0.5678670360110804
GH92.hmm	491	demux_S_341.scaffolds_2_300	733	6.8e-185	5	491	237	730	0.9898167006109979
GH97.hmm	631	demux_S_341.scaffolds_2_301	666	6.5e-204	4	630	13	662	0.9920760697305864
PL30.hmm	712	demux_S_341.scaffolds_2_31	1393	8.2e-279	7	712	58	752	0.9901685393258427
GH29.hmm	346	demux_S_341.scaffolds_2_31	1393	7.3e-89	28	343	804	1142	0.9104046242774566
GH95.hmm	722	demux_S_341.scaffolds_2_315	830	1.8e-270	16	717	70	805	0.9709141274238227
GH3.hmm	216	demux_S_341.scaffolds_2_32	872	7.1e-63	4	214	122	341	0.9722222222222222
PL6.hmm	372	demux_S_341.scaffolds_2_37	758	1.3e-127	8	368	31	392	0.967741935483871
PL6_1.hmm	347	demux_S_341.scaffolds_2_37	758	1.9e-38	6	210	450	655	0.5878962536023055
PL17_2.hmm	133	demux_S_341.scaffolds_2_38	736	3.3e-26	49	133	187	267	0.631578947368421
PL17.hmm	139	demux_S_341.scaffolds_2_38	736	3e-44	1	136	386	523	0.9712230215827338
GH123.hmm	538	demux_S_341.scaffolds_2_384	599	1.3e-243	3	538	59	597	0.9944237918215614
GT30.hmm	177	demux_S_341.scaffolds_2_388	408	1.6e-48	10	176	43	205	0.9378531073446328
PL38.hmm	279	demux_S_341.scaffolds_2_42	401	4.3e-98	1	279	66	344	0.996415770609319
GH3.hmm	216	demux_S_341.scaffolds_2_49	765	4e-62	5	215	115	342	0.9722222222222222
GH16_3.hmm	230	demux_S_341.scaffolds_2_53	272	1.1e-58	2	229	38	270	0.9869565217391304
GH43_28.hmm	262	demux_S_341.scaffolds_2_58	703	1.1e-108	1	262	175	440	0.9961832061068703
CBM32.hmm	124	demux_S_341.scaffolds_2_58	703	6.7e-21	11	109	482	594	0.7903225806451613
GH144.hmm	404	demux_S_341.scaffolds_2_59	455	1.6e-187	4	404	40	450	0.9900990099009901
GH3.hmm	216	demux_S_341.scaffolds_2_60	762	1e-70	2	216	97	319	0.9907407407407407
GH3.hmm	216	demux_S_341.scaffolds_2_61	801	2.1e-65	3	213	148	370	0.9722222222222222
GH51.hmm	630	demux_S_341.scaffolds_2_8	686	7.3e-74	90	541	227	684	0.7158730158730159
GT35.hmm	674	demux_S_341.scaffolds_30_32	855	4e-115	208	629	270	707	0.6246290801186943
GT3.hmm	637	demux_S_341.scaffolds_30_33	554	6.1e-129	1	346	13	347	0.5416012558869702
GT20.hmm	475	demux_S_341.scaffolds_31_32	758	8.6e-177	13	474	8	466	0.9705263157894737
GH15.hmm	361	demux_S_341.scaffolds_31_33	597	3e-77	3	360	221	581	0.9889196675900277
CE1.hmm	227	demux_S_341.scaffolds_32_16	265	1.7e-44	1	221	13	259	0.9691629955947136
GH27.hmm	229	demux_S_341.scaffolds_32_20	546	1.4e-67	4	229	142	385	0.982532751091703
GH109.hmm	399	demux_S_341.scaffolds_3_104	448	5.3e-31	3	167	39	199	0.41102756892230574
GH109.hmm	399	demux_S_341.scaffolds_3_106	446	2.2e-40	3	185	53	228	0.45614035087719296
GT4.hmm	160	demux_S_341.scaffolds_3_11	425	8e-21	9	157	229	378	0.925
CE9.hmm	373	demux_S_341.scaffolds_3_111	396	4.9e-117	1	373	6	389	0.9973190348525469
GH43_10.hmm	271	demux_S_341.scaffolds_3_142	533	1.9e-95	1	271	28	297	0.996309963099631
CBM91.hmm	200	demux_S_341.scaffolds_3_142	533	7.2e-31	5	197	323	526	0.96
GH3.hmm	216	demux_S_341.scaffolds_3_143	862	3.2e-69	3	215	59	304	0.9814814814814815
GH43_12.hmm	281	demux_S_341.scaffolds_3_144	576	1e-108	2	281	65	359	0.9928825622775801
CBM91.hmm	200	demux_S_341.scaffolds_3_144	576	1.8e-55	4	182	395	574	0.89
GH31.hmm	427	demux_S_341.scaffolds_3_145	815	1.1e-141	1	427	217	713	0.9976580796252927
GH97.hmm	631	demux_S_341.scaffolds_3_146	647	3.9e-170	5	628	11	644	0.9873217115689382
GH43_29.hmm	278	demux_S_341.scaffolds_3_147	444	4.6e-115	1	278	25	297	0.9964028776978417
CBM6.hmm	138	demux_S_341.scaffolds_3_147	444	2.6e-30	18	137	321	443	0.8623188405797102
GH43_12.hmm	281	demux_S_341.scaffolds_3_148	578	1.3e-113	2	281	70	365	0.9928825622775801
CBM91.hmm	200	demux_S_341.scaffolds_3_148	578	1.3e-54	6	180	398	576	0.87
GH30_8.hmm	342	demux_S_341.scaffolds_3_155	548	3.2e-118	2	338	137	501	0.9824561403508771
GH98.hmm	327	demux_S_341.scaffolds_3_156	940	4e-112	3	326	226	546	0.9877675840978594
CBM35.hmm	119	demux_S_341.scaffolds_3_156	940	9.2e-21	18	117	831	934	0.8319327731092437
GH115.hmm	697	demux_S_341.scaffolds_3_157	845	1.3e-271	9	697	40	820	0.9870875179340028
CE6.hmm	99	demux_S_341.scaffolds_3_158	639	3.2e-32	2	99	87	197	0.9797979797979798
CE1.hmm	227	demux_S_341.scaffolds_3_158	639	7.8e-57	4	222	406	634	0.960352422907489
GH43_29.hmm	278	demux_S_341.scaffolds_3_159	463	1.4e-119	1	277	27	314	0.9928057553956835
CBM6.hmm	138	demux_S_341.scaffolds_3_159	463	4.2e-34	16	138	336	462	0.8840579710144928
GT4.hmm	160	demux_S_341.scaffolds_3_16	405	5.6e-17	30	151	259	367	0.75625
GH95.hmm	722	demux_S_341.scaffolds_3_161	812	2.1e-292	5	713	20	743	0.9806094182825484
GH115.hmm	697	demux_S_341.scaffolds_3_162	846	7.4e-289	2	697	31	821	0.9971305595408895
CE20.hmm	249	demux_S_341.scaffolds_3_163	644	2.8e-35	3	121	97	223	0.4738955823293173
CE20.hmm	249	demux_S_341.scaffolds_3_163	644	4.2e-44	121	244	402	527	0.4939759036144578
GT2.hmm	170	demux_S_341.scaffolds_3_169	817	2.6e-23	1	133	249	391	0.7764705882352941
GT2.hmm	170	demux_S_341.scaffolds_3_17	326	1.3e-36	1	128	4	129	0.7470588235294118
GT4.hmm	160	demux_S_341.scaffolds_3_19	384	3.7e-36	2	157	194	350	0.96875
GH35.hmm	307	demux_S_341.scaffolds_3_193	779	4.2e-118	1	306	36	348	0.993485342019544
GH43_19.hmm	233	demux_S_341.scaffolds_3_194	325	8.3e-96	1	233	72	303	0.9957081545064378
GH51.hmm	630	demux_S_341.scaffolds_3_195	822	1.5e-98	88	429	348	706	0.5412698412698412
GH97.hmm	631	demux_S_341.scaffolds_3_196	649	7.6e-183	4	627	12	644	0.9873217115689382
GH31.hmm	427	demux_S_341.scaffolds_3_198	461	3.4e-102	122	427	9	348	0.7142857142857143
GH154.hmm	348	demux_S_341.scaffolds_3_202	667	2.3e-94	1	347	44	395	0.9942528735632183
GH43_24.hmm	246	demux_S_341.scaffolds_3_204	349	6.4e-103	2	245	57	312	0.9878048780487805
PL42.hmm	296	demux_S_341.scaffolds_3_205	432	4.3e-127	1	296	34	326	0.9966216216216216
GH105.hmm	332	demux_S_341.scaffolds_3_206	378	4.8e-82	5	331	46	372	0.9819277108433735
GT2.hmm	170	demux_S_341.scaffolds_3_213	330	9.7e-26	1	167	4	167	0.9764705882352941
GH20.hmm	337	demux_S_341.scaffolds_3_214	672	2.8e-67	9	336	149	471	0.9703264094955489
GH2.hmm	752	demux_S_341.scaffolds_3_222	880	2.6e-92	25	528	35	647	0.6688829787234043
GH13_10.hmm	313	demux_S_341.scaffolds_3_225	759	1.2e-47	1	200	325	545	0.6357827476038339
GH97.hmm	631	demux_S_341.scaffolds_3_230	739	4.4e-251	3	630	12	723	0.993660855784469
GH13.hmm	299	demux_S_341.scaffolds_3_231	685	8.3e-61	12	294	231	553	0.9431438127090301
PL12.hmm	138	demux_S_341.scaffolds_3_268	756	6.7e-16	3	130	371	497	0.9202898550724637
CE7.hmm	313	demux_S_341.scaffolds_3_277	418	1.2e-78	10	312	112	411	0.9648562300319489
PL1_2.hmm	183	demux_S_341.scaffolds_3_281	547	3.7e-80	1	183	107	297	0.994535519125683
CE8.hmm	288	demux_S_341.scaffolds_3_282	540	2.5e-72	2	266	141	423	0.9166666666666666
GH95.hmm	722	demux_S_341.scaffolds_3_283	817	1.9e-291	7	714	17	750	0.9792243767313019
CE8.hmm	288	demux_S_341.scaffolds_3_287	435	6e-76	2	265	28	315	0.9131944444444444
GH28.hmm	325	demux_S_341.scaffolds_3_289	514	2e-98	7	307	47	420	0.9230769230769231
GH50.hmm	653	demux_S_341.scaffolds_3_316	519	2.1e-54	293	651	151	505	0.5482388973966309
GH99.hmm	334	demux_S_341.scaffolds_3_318	598	1.2e-22	13	309	36	378	0.8862275449101796
GH31.hmm	427	demux_S_341.scaffolds_3_319	786	2.7e-137	1	427	221	679	0.9976580796252927
GH2.hmm	752	demux_S_341.scaffolds_3_320	892	1.3e-97	23	492	18	615	0.6236702127659575
CBM57.hmm	147	demux_S_341.scaffolds_3_320	892	8.7e-31	4	147	714	885	0.9727891156462585
CE20.hmm	249	demux_S_341.scaffolds_3_321	266	4.1e-28	5	248	31	258	0.9759036144578314
GH92.hmm	491	demux_S_341.scaffolds_3_325	757	3.3e-187	3	491	246	736	0.9938900203665988
GH130.hmm	296	demux_S_341.scaffolds_3_326	387	2e-90	14	286	66	374	0.918918918918919
GH125.hmm	402	demux_S_341.scaffolds_3_327	482	2.7e-187	2	402	70	466	0.9950248756218906
GH76.hmm	358	demux_S_341.scaffolds_3_328	377	1.4e-78	37	333	59	360	0.8268156424581006
GH92.hmm	491	demux_S_341.scaffolds_3_330	761	3.4e-178	2	491	237	742	0.9959266802443992
GH76.hmm	358	demux_S_341.scaffolds_3_334	464	3.1e-72	2	329	51	408	0.9134078212290503
GH88.hmm	329	demux_S_341.scaffolds_3_45	407	2.8e-121	4	328	67	391	0.9848024316109423
GH30_2.hmm	417	demux_S_341.scaffolds_3_53	491	4.3e-178	2	416	51	487	0.9928057553956835
GH3.hmm	216	demux_S_341.scaffolds_3_83	760	1.5e-71	3	216	98	319	0.9861111111111112
GH42.hmm	371	demux_S_341.scaffolds_3_84	704	1.3e-126	2	370	38	417	0.9919137466307277
GH43_34.hmm	280	demux_S_341.scaffolds_3_85	331	2.3e-109	1	280	33	313	0.9964285714285714
GH43_26.hmm	294	demux_S_341.scaffolds_3_86	366	2.1e-106	1	294	35	343	0.9965986394557823
GH144.hmm	404	demux_S_341.scaffolds_3_96	458	3.2e-193	2	403	36	448	0.9925742574257426
GH3.hmm	216	demux_S_341.scaffolds_3_97	770	8.3e-73	3	216	97	318	0.9861111111111112
GH130.hmm	296	demux_S_341.scaffolds_4_106	353	1.9e-87	2	296	5	347	0.9932432432432432
CE4.hmm	130	demux_S_341.scaffolds_4_160	205	4e-25	4	110	21	123	0.8153846153846154
GH18.hmm	296	demux_S_341.scaffolds_4_167	548	7.4e-16	22	157	222	403	0.4560810810810811
CE1.hmm	227	demux_S_341.scaffolds_4_210	259	1.4e-26	5	208	34	237	0.8942731277533039
CBM67.hmm	176	demux_S_341.scaffolds_4_215	886	4e-39	3	165	144	317	0.9204545454545454
GH78.hmm	504	demux_S_341.scaffolds_4_215	886	1.7e-156	2	503	347	856	0.9940476190476191
GH125.hmm	402	demux_S_341.scaffolds_4_218	489	2.5e-188	2	402	76	474	0.9950248756218906
GH76.hmm	358	demux_S_341.scaffolds_4_219	388	4.6e-75	36	328	52	360	0.8156424581005587
GH30_3.hmm	417	demux_S_341.scaffolds_4_253	494	6.1e-156	5	417	65	489	0.988009592326139
GH3.hmm	216	demux_S_341.scaffolds_4_255	749	9.4e-69	2	214	61	281	0.9814814814814815
GH99.hmm	334	demux_S_341.scaffolds_4_30	365	2.6e-26	51	314	72	357	0.7874251497005988
GH92.hmm	491	demux_S_341.scaffolds_4_33	753	4.9e-165	3	491	214	735	0.9938900203665988
CE7.hmm	313	demux_S_341.scaffolds_4_38	428	1.8e-89	11	312	126	421	0.9616613418530351
GH43_31.hmm	268	demux_S_341.scaffolds_4_4	329	4.7e-108	3	265	35	302	0.9776119402985075
GH130.hmm	296	demux_S_341.scaffolds_4_40	393	5.9e-91	8	295	56	361	0.9695945945945946
GH26.hmm	303	demux_S_341.scaffolds_4_41	357	9.5e-62	4	277	23	321	0.900990099009901
GH26.hmm	303	demux_S_341.scaffolds_4_42	400	4.6e-81	3	303	52	394	0.9900990099009901
GH78.hmm	504	demux_S_341.scaffolds_4_53	857	4.6e-143	5	504	292	838	0.9900793650793651
CBM51.hmm	134	demux_S_341.scaffolds_4_60	651	6.7e-33	1	134	23	160	0.9925373134328358
GH27.hmm	229	demux_S_341.scaffolds_4_60	651	2.8e-75	4	228	388	625	0.9781659388646288
GH105.hmm	332	demux_S_341.scaffolds_4_62	604	2.8e-72	9	331	253	595	0.9698795180722891
GH2.hmm	752	demux_S_341.scaffolds_4_64	1081	7.3e-222	16	751	65	959	0.9773936170212766
GH78.hmm	504	demux_S_341.scaffolds_4_65	545	2.1e-71	7	439	84	538	0.8571428571428571
GH92.hmm	491	demux_S_341.scaffolds_4_69	752	1.3e-192	2	491	242	733	0.9959266802443992
CE20.hmm	249	demux_S_341.scaffolds_4_83	478	1.6e-87	3	248	102	360	0.9839357429718876
PL35.hmm	179	demux_S_341.scaffolds_4_86	605	4.5e-65	2	175	379	554	0.9664804469273743
PL35.hmm	179	demux_S_341.scaffolds_4_87	644	1.7e-63	2	175	415	594	0.9664804469273743
GH88.hmm	329	demux_S_341.scaffolds_4_88	394	4.9e-127	5	329	64	388	0.9848024316109423
PL40.hmm	873	demux_S_341.scaffolds_5_104	918	1.3e-271	4	839	2	902	0.9564719358533792
GT2.hmm	170	demux_S_341.scaffolds_5_11	339	8e-16	1	165	7	167	0.9647058823529412
GH28.hmm	325	demux_S_341.scaffolds_5_110	471	2.3e-40	55	309	181	453	0.7815384615384615
GH28.hmm	325	demux_S_341.scaffolds_5_121	469	7.5e-43	63	306	191	446	0.7476923076923077
GH97.hmm	631	demux_S_341.scaffolds_5_125	646	1.6e-181	11	630	19	640	0.9809825673534073
GH30_2.hmm	417	demux_S_341.scaffolds_5_138	476	2.6e-175	2	417	53	474	0.9952038369304557
GH28.hmm	325	demux_S_341.scaffolds_5_139	463	4.6e-43	66	308	189	444	0.7446153846153846
GT2.hmm	170	demux_S_341.scaffolds_5_14	260	4.5e-25	1	131	7	134	0.7647058823529411
GH146.hmm	503	demux_S_341.scaffolds_5_140	643	1.6e-200	2	503	52	556	0.9960238568588469
GH2.hmm	752	demux_S_341.scaffolds_5_150	1047	3.8e-216	15	751	53	925	0.9787234042553191
GH36.hmm	688	demux_S_341.scaffolds_5_159	736	2.7e-215	3	687	26	709	0.9941860465116279
GH43_10.hmm	271	demux_S_341.scaffolds_5_160	550	4.7e-110	1	271	37	307	0.996309963099631
CBM91.hmm	200	demux_S_341.scaffolds_5_160	550	1.7e-24	5	196	342	547	0.955
GH88.hmm	329	demux_S_341.scaffolds_5_161	407	3.8e-126	3	329	71	395	0.9908814589665653
CE1.hmm	227	demux_S_341.scaffolds_5_168	273	2.2e-51	1	218	31	261	0.9559471365638766
GT4.hmm	160	demux_S_341.scaffolds_5_17	379	5.4e-27	8	157	203	349	0.93125
GT51.hmm	177	demux_S_341.scaffolds_5_177	808	6.6e-46	18	176	69	226	0.8926553672316384
GH23.hmm	135	demux_S_341.scaffolds_5_195	464	1.3e-21	13	126	302	459	0.837037037037037
GT2.hmm	170	demux_S_341.scaffolds_5_249	248	1.1e-29	2	168	8	174	0.9764705882352941
GH43_24.hmm	246	demux_S_341.scaffolds_5_261	472	2.2e-68	2	245	62	297	0.9878048780487805
PL27.hmm	610	demux_S_341.scaffolds_5_262	695	8.5e-265	2	610	64	687	0.9967213114754099
GH43_24.hmm	246	demux_S_341.scaffolds_5_263	586	6e-43	55	240	206	383	0.7520325203252033
GH43_24.hmm	246	demux_S_341.scaffolds_5_264	494	8.1e-88	2	246	45	290	0.991869918699187
GH33.hmm	342	demux_S_341.scaffolds_5_44	664	1.2e-19	24	308	312	610	0.8304093567251462
GH3.hmm	216	demux_S_341.scaffolds_5_53	487	6.2e-71	2	215	125	352	0.9861111111111112
GH76.hmm	358	demux_S_341.scaffolds_6_112	399	5.4e-71	34	322	59	362	0.8044692737430168
GH32.hmm	293	demux_S_341.scaffolds_6_113	550	8.9e-81	1	292	121	407	0.9931740614334471
GT1.hmm	382	demux_S_341.scaffolds_6_119	417	1.3e-38	72	380	67	409	0.806282722513089
GH3.hmm	216	demux_S_341.scaffolds_6_132	694	2.3e-62	6	215	61	276	0.9675925925925926
GH33.hmm	342	demux_S_341.scaffolds_6_135	387	3.6e-93	12	332	50	371	0.935672514619883
GH33.hmm	342	demux_S_341.scaffolds_6_139	547	7.4e-90	9	330	169	532	0.9385964912280702
GT2.hmm	170	demux_S_341.scaffolds_6_152	391	6.8e-16	1	166	57	223	0.9705882352941176
GH73.hmm	128	demux_S_341.scaffolds_6_219	302	1.8e-35	4	128	40	167	0.96875
GH163.hmm	251	demux_S_341.scaffolds_7_10	718	4e-75	7	250	197	438	0.9681274900398407
CE4.hmm	130	demux_S_341.scaffolds_7_105	268	7.5e-18	25	125	34	128	0.7692307692307693
GT2.hmm	170	demux_S_341.scaffolds_7_106	319	2.2e-24	2	169	6	175	0.9823529411764705
GT83.hmm	540	demux_S_341.scaffolds_7_109	591	1.2e-75	2	444	2	470	0.8185185185185185
GT2.hmm	170	demux_S_341.scaffolds_7_12	492	3.8e-20	1	114	61	199	0.6647058823529411
GH36.hmm	688	demux_S_341.scaffolds_7_131	730	8e-212	2	687	25	712	0.9956395348837209
GH28.hmm	325	demux_S_341.scaffolds_7_141	476	1.6e-42	59	307	181	456	0.7630769230769231
GH43_17.hmm	266	demux_S_341.scaffolds_7_143	319	4.6e-88	1	265	40	296	0.9924812030075187
CBM67.hmm	176	demux_S_341.scaffolds_7_144	1141	1.2e-32	11	167	163	336	0.8863636363636364
GH78.hmm	504	demux_S_341.scaffolds_7_144	1141	4.5e-144	3	504	364	877	0.9940476190476191
PL8_2.hmm	247	demux_S_341.scaffolds_7_16	1024	2.6e-86	1	247	616	860	0.9959514170040485
GT28.hmm	157	demux_S_341.scaffolds_7_172	375	7.7e-49	1	156	195	356	0.9872611464968153
GH35.hmm	307	demux_S_341.scaffolds_7_2	570	5.4e-32	1	171	34	214	0.5537459283387622
GH2.hmm	752	demux_S_341.scaffolds_7_29	1036	1.8e-224	18	751	52	910	0.9747340425531915
GH43_3.hmm	299	demux_S_341.scaffolds_7_41	362	3.7e-108	1	299	46	338	0.9966555183946488
GH2.hmm	752	demux_S_341.scaffolds_7_43	603	2.7e-100	23	407	49	494	0.5106382978723404
GH106.hmm	824	demux_S_341.scaffolds_7_44	1093	1.9e-194	92	823	371	1090	0.8871359223300971
GH127.hmm	524	demux_S_341.scaffolds_7_46	622	2e-57	31	523	46	522	0.9389312977099237
GH88.hmm	329	demux_S_341.scaffolds_7_54	401	1.4e-130	6	328	70	393	0.9787234042553191
PL8_2.hmm	247	demux_S_341.scaffolds_7_56	954	4.3e-92	1	247	577	809	0.9959514170040485
PL29.hmm	301	demux_S_341.scaffolds_7_61	834	3.2e-116	1	301	360	667	0.9966777408637874
GT9.hmm	225	demux_S_341.scaffolds_7_73	344	8e-36	3	216	72	318	0.9466666666666667
GT4.hmm	160	demux_S_341.scaffolds_7_74	359	4.1e-27	6	153	180	326	0.91875
GT9.hmm	225	demux_S_341.scaffolds_7_75	353	3.4e-32	3	195	75	305	0.8533333333333334
GT4.hmm	160	demux_S_341.scaffolds_7_78	378	1.1e-32	9	158	203	348	0.93125
GT2.hmm	170	demux_S_341.scaffolds_7_82	266	4.4e-28	1	166	8	187	0.9705882352941176
GT2.hmm	170	demux_S_341.scaffolds_7_83	313	2.5e-24	3	122	6	127	0.7
GT2.hmm	170	demux_S_341.scaffolds_7_84	323	1.1e-31	1	121	5	122	0.7058823529411765
GT2.hmm	170	demux_S_341.scaffolds_7_86	278	1e-17	1	91	7	96	0.5294117647058824
GT4.hmm	160	demux_S_341.scaffolds_7_87	370	9.1e-28	10	157	194	337	0.91875
GT4.hmm	160	demux_S_341.scaffolds_7_88	736	1.5e-25	6	156	195	348	0.9375
GT2.hmm	170	demux_S_341.scaffolds_7_88	736	2.8e-21	1	113	388	503	0.6588235294117647
CBM32.hmm	124	demux_S_341.scaffolds_8_103	396	8.8e-20	10	122	140	256	0.9032258064516129
CBM32.hmm	124	demux_S_341.scaffolds_8_103	396	8.9e-18	11	123	274	390	0.9032258064516129
CE20.hmm	249	demux_S_341.scaffolds_8_110	474	4.3e-87	3	249	103	362	0.9879518072289156
GH51.hmm	630	demux_S_341.scaffolds_8_12	515	2.5e-143	75	542	15	514	0.7412698412698413
GH33.hmm	342	demux_S_341.scaffolds_8_120	545	1.1e-93	11	330	191	528	0.9327485380116959
GH2.hmm	752	demux_S_341.scaffolds_8_121	864	1.7e-112	19	587	22	779	0.7553191489361702
GH20.hmm	337	demux_S_341.scaffolds_8_122	775	5.9e-125	8	336	154	509	0.973293768545994
GH20.hmm	337	demux_S_341.scaffolds_8_123	692	3.3e-121	8	336	151	498	0.973293768545994
GH146.hmm	503	demux_S_341.scaffolds_8_13	801	2.9e-213	2	503	33	559	0.9960238568588469
GT51.hmm	177	demux_S_341.scaffolds_8_186	248	4.2e-53	12	176	60	223	0.9265536723163842
GH43_4.hmm	310	demux_S_341.scaffolds_8_20	643	1.8e-91	1	310	162	530	0.9967741935483871
GH43_4.hmm	310	demux_S_341.scaffolds_8_25	507	2.2e-96	1	310	53	365	0.9967741935483871
GH51.hmm	630	demux_S_341.scaffolds_8_26	661	3.8e-113	110	543	197	659	0.6873015873015873
GH43_29.hmm	278	demux_S_341.scaffolds_8_27	323	7.6e-120	1	278	33	311	0.9964028776978417
GH141.hmm	527	demux_S_341.scaffolds_8_4	626	4.1e-216	2	526	24	591	0.9943074003795066
GT32.hmm	90	demux_S_341.scaffolds_8_49	260	8e-20	3	87	10	85	0.9333333333333333
GH31.hmm	427	demux_S_341.scaffolds_8_5	760	1.9e-130	2	427	283	715	0.9953161592505855
GT2.hmm	170	demux_S_341.scaffolds_8_52	323	9.1e-35	1	133	4	158	0.7764705882352941
GT113.hmm	322	demux_S_341.scaffolds_8_55	335	8e-78	10	311	25	330	0.9347826086956522
GT4.hmm	160	demux_S_341.scaffolds_8_57	353	8.3e-22	8	154	183	323	0.9125
GT4.hmm	160	demux_S_341.scaffolds_8_58	365	1e-28	7	159	183	336	0.95
GT4.hmm	160	demux_S_341.scaffolds_8_60	372	1.7e-23	10	159	180	341	0.93125
GT2.hmm	170	demux_S_341.scaffolds_8_64	252	8e-28	1	129	4	129	0.7529411764705882
CE4.hmm	130	demux_S_341.scaffolds_9_112	226	2.9e-32	4	123	36	158	0.9153846153846154
GT2.hmm	170	demux_S_341.scaffolds_9_116	410	9.6e-26	2	141	34	166	0.8176470588235294
GH89.hmm	663	demux_S_341.scaffolds_9_155	728	1.3e-254	2	663	53	713	0.9969834087481146
PL15.hmm	134	demux_S_341.scaffolds_9_193	849	6.2e-53	4	134	508	662	0.9701492537313433
PL15_2.hmm	156	demux_S_341.scaffolds_9_197	868	3.1e-96	5	156	540	691	0.967948717948718
GT19.hmm	354	demux_S_341.scaffolds_9_2	379	1.2e-113	2	350	4	357	0.9830508474576272
GH92.hmm	491	demux_S_341.scaffolds_9_36	746	1.7e-195	4	491	239	733	0.9918533604887984
GH92.hmm	491	demux_S_341.scaffolds_9_39	769	9e-192	4	491	245	752	0.9918533604887984
GH92.hmm	491	demux_S_341.scaffolds_9_40	757	1e-186	2	491	230	737	0.9959266802443992
GH23.hmm	135	demux_S_341.scaffolds_9_7	432	7.5e-24	4	119	130	261	0.8518518518518519
GH97.hmm	631	demux_S_341.scaffolds_9_74	649	9.1e-205	3	630	11	647	0.993660855784469
GH92.hmm	491	demux_S_341.scaffolds_9_75	1086	7.5e-172	2	491	252	749	0.9959266802443992
GH43_34.hmm	280	demux_S_341.scaffolds_9_75	1086	1e-107	1	279	785	1064	0.9928571428571429
GH92.hmm	491	demux_S_341.scaffolds_9_77	781	4.6e-184	3	491	266	759	0.9938900203665988
GH92.hmm	491	demux_S_341.scaffolds_9_78	760	2.7e-188	2	491	234	741	0.9959266802443992
GH31.hmm	427	demux_S_341.scaffolds_9_79	841	1e-120	1	427	192	616	0.9976580796252927
GH76.hmm	358	demux_S_341.scaffolds_9_85	520	7.6e-63	33	313	166	468	0.7821229050279329
GH31.hmm	427	demux_S_341.scaffolds_9_86	718	2.6e-134	2	414	180	603	0.9648711943793911
