GH1.hmm	429	demux_S_263.scaffolds_10_8	469	6.4e-148	1	427	1	465	0.993006993006993
GH13_31.hmm	349	demux_S_263.scaffolds_11_17	536	1.9e-149	1	349	28	359	0.997134670487106
GT113.hmm	322	demux_S_263.scaffolds_11_2	352	8.9e-106	7	320	15	349	0.9720496894409938
GH31.hmm	427	demux_S_263.scaffolds_11_36	738	4.6e-133	1	427	154	576	0.9976580796252927
GH13_31.hmm	349	demux_S_263.scaffolds_11_46	562	3.5e-159	1	349	28	375	0.997134670487106
GT2.hmm	170	demux_S_263.scaffolds_11_6	322	6.2e-40	1	166	5	170	0.9705882352941176
GT4.hmm	160	demux_S_263.scaffolds_11_8	362	2.1e-34	12	157	187	327	0.90625
GT26.hmm	171	demux_S_263.scaffolds_11_9	232	1.2e-66	2	171	41	210	0.9883040935672515
CE9.hmm	373	demux_S_263.scaffolds_13_21	384	1.1e-125	2	373	6	377	0.9946380697050938
GT51.hmm	177	demux_S_263.scaffolds_13_45	732	3.9e-62	5	177	103	271	0.9717514124293786
CE3.hmm	194	demux_S_263.scaffolds_1_107	212	7.4e-16	53	187	59	203	0.6907216494845361
CE1.hmm	227	demux_S_263.scaffolds_1_116	275	4.4e-35	3	226	19	273	0.9823788546255506
CE1.hmm	227	demux_S_263.scaffolds_1_117	247	6.8e-21	66	219	61	240	0.6740088105726872
GH25.hmm	177	demux_S_263.scaffolds_1_146	267	2.9e-36	1	176	55	239	0.9887005649717514
GH13_14.hmm	289	demux_S_263.scaffolds_1_254	760	5.1e-105	1	289	307	616	0.9965397923875432
CBM48.hmm	76	demux_S_263.scaffolds_1_255	643	5.6e-20	3	70	22	105	0.881578947368421
GH13_9.hmm	301	demux_S_263.scaffolds_1_255	643	3.4e-134	1	301	173	471	0.9966777408637874
GT5.hmm	472	demux_S_263.scaffolds_1_258	478	3.3e-184	1	471	2	473	0.9957627118644068
GT28.hmm	157	demux_S_263.scaffolds_1_30	353	8.1e-33	1	153	188	338	0.9681528662420382
CBM34.hmm	120	demux_S_263.scaffolds_1_310	70	7.3e-18	1	60	6	69	0.49166666666666664
GH13_20.hmm	300	demux_S_263.scaffolds_1_311	508	1.1e-133	1	300	103	404	0.9966666666666667
GH1.hmm	429	demux_S_263.scaffolds_1_56	178	1.2e-60	4	159	6	176	0.3613053613053613
GH1.hmm	429	demux_S_263.scaffolds_1_57	295	1.3e-74	183	428	17	290	0.5710955710955711
CE4.hmm	130	demux_S_263.scaffolds_1_82	464	8.7e-35	2	113	261	374	0.8538461538461538
GH36.hmm	688	demux_S_263.scaffolds_21_3	721	8e-256	2	687	10	702	0.9956395348837209
GH13_18.hmm	343	demux_S_263.scaffolds_21_7	481	8.1e-122	2	343	36	372	0.9941690962099126
GT4.hmm	160	demux_S_263.scaffolds_23_5	442	1.7e-33	2	149	200	345	0.91875
GT4.hmm	160	demux_S_263.scaffolds_23_6	378	7.7e-19	7	125	197	315	0.7375
GH25.hmm	177	demux_S_263.scaffolds_24_5	537	1.5e-33	1	177	340	526	0.9943502824858758
GT2.hmm	170	demux_S_263.scaffolds_2_208	277	5.8e-23	1	136	8	157	0.7941176470588235
GH20.hmm	337	demux_S_263.scaffolds_2_221	627	7.8e-37	10	335	80	398	0.9643916913946587
GH38.hmm	269	demux_S_263.scaffolds_2_223	882	8.5e-76	2	257	6	275	0.9479553903345725
GH125.hmm	402	demux_S_263.scaffolds_2_224	427	4e-181	2	402	23	420	0.9950248756218906
GH92.hmm	491	demux_S_263.scaffolds_2_244	695	8.3e-142	13	488	204	689	0.9674134419551935
GH29.hmm	346	demux_S_263.scaffolds_2_245	561	4.5e-71	46	338	20	321	0.8439306358381503
GH2.hmm	752	demux_S_263.scaffolds_2_246	1263	7.5e-105	30	576	5	750	0.726063829787234
CBM71.hmm	205	demux_S_263.scaffolds_2_246	1263	1.1e-45	2	188	1086	1258	0.9073170731707317
GT52.hmm	263	demux_S_263.scaffolds_2_254	529	1.7e-26	2	257	26	269	0.9695817490494296
GT2.hmm	170	demux_S_263.scaffolds_2_254	529	1.6e-29	1	123	302	421	0.7176470588235294
CBM41.hmm	102	demux_S_263.scaffolds_2_66	1299	7.2e-24	1	101	143	246	0.9803921568627451
CBM41.hmm	102	demux_S_263.scaffolds_2_66	1299	8.3e-27	2	102	252	356	0.9803921568627451
GH13_12.hmm	284	demux_S_263.scaffolds_2_66	1299	5.3e-130	1	284	620	956	0.9964788732394366
GH1.hmm	429	demux_S_263.scaffolds_2_76	460	2.1e-145	4	428	3	458	0.9883449883449883
GT51.hmm	177	demux_S_263.scaffolds_4_128	728	7.7e-63	2	177	60	238	0.9887005649717514
CE1.hmm	227	demux_S_263.scaffolds_4_19	260	2.3e-51	1	222	10	247	0.973568281938326
GH32.hmm	293	demux_S_263.scaffolds_4_43	485	3e-69	1	293	37	340	0.9965870307167235
GH73.hmm	128	demux_S_263.scaffolds_5_18	569	4.9e-26	3	127	451	561	0.96875
GH77.hmm	494	demux_S_263.scaffolds_6_109	506	1.8e-175	1	492	10	493	0.9939271255060729
GT35.hmm	674	demux_S_263.scaffolds_6_110	753	4.4e-226	2	673	78	751	0.9955489614243324
GT51.hmm	177	demux_S_263.scaffolds_6_116	821	7.8e-52	1	176	113	303	0.9887005649717514
GH35.hmm	307	demux_S_263.scaffolds_6_49	596	9.7e-125	1	305	10	326	0.990228013029316
GT52.hmm	263	demux_S_263.scaffolds_6_62	293	1.9e-36	15	260	28	266	0.9315589353612167
GT2.hmm	170	demux_S_263.scaffolds_6_69	339	9e-27	1	126	5	133	0.7352941176470589
GH13_5.hmm	342	demux_S_263.scaffolds_7_44	485	2e-148	1	342	30	372	0.9970760233918129
GH2.hmm	752	demux_S_263.scaffolds_7_5	2418	4.3e-111	5	606	185	948	0.7992021276595744
CBM71.hmm	205	demux_S_263.scaffolds_7_5	2418	3.2e-84	2	205	1526	1722	0.9902439024390244
CBM71.hmm	205	demux_S_263.scaffolds_7_5	2418	6.4e-74	4	205	1876	2074	0.9804878048780488
GT2.hmm	170	demux_S_263.scaffolds_7_60	323	1.1e-35	1	164	7	168	0.9588235294117647
CE7.hmm	313	demux_S_263.scaffolds_8_1	327	2.1e-111	5	312	6	315	0.9808306709265175
GH95.hmm	722	demux_S_263.scaffolds_8_28	804	3.6e-266	4	718	6	769	0.9889196675900277
GT2.hmm	170	demux_S_263.scaffolds_8_74	328	5.5e-35	1	168	10	174	0.9823529411764705
GH32.hmm	293	demux_S_263.scaffolds_9_40	440	4.5e-105	1	291	31	334	0.9897610921501706
