GT2.hmm	170	demux_S_241.scaffolds_10_169	300	4.6e-17	1	169	8	182	0.9882352941176471
GT2.hmm	230	demux_S_241.scaffolds_10_170	396	2.1e-28	3	229	43	263	0.9826086956521739
GT2.hmm	170	demux_S_241.scaffolds_10_181	315	7.8e-36	1	153	9	163	0.8941176470588236
GT101.hmm	224	demux_S_241.scaffolds_10_184	304	3.7e-94	1	224	57	280	0.9955357142857143
GT4.hmm	160	demux_S_241.scaffolds_10_185	385	1.7e-41	13	159	208	353	0.9125
GT2.hmm	170	demux_S_241.scaffolds_10_186	284	1.1e-24	1	116	42	149	0.6764705882352942
GT2.hmm	230	demux_S_241.scaffolds_10_188	402	2.7e-23	1	227	54	272	0.9826086956521739
GH73.hmm	128	demux_S_241.scaffolds_10_226	519	2.6e-34	2	128	12	144	0.984375
GH97.hmm	631	demux_S_241.scaffolds_11_157	672	1.6e-235	4	630	13	666	0.9920760697305864
CE9.hmm	373	demux_S_241.scaffolds_11_164	391	4e-106	1	373	5	378	0.9973190348525469
CE9.hmm	373	demux_S_241.scaffolds_11_165	389	2.8e-112	1	373	5	378	0.9973190348525469
GH13_38.hmm	375	demux_S_241.scaffolds_11_66	566	4e-186	1	375	33	400	0.9973333333333333
GH13_8.hmm	293	demux_S_241.scaffolds_11_68	671	2.3e-148	1	293	220	511	0.9965870307167235
GH2.hmm	752	demux_S_241.scaffolds_11_84	683	2.2e-105	26	498	27	596	0.6276595744680851
GT51.hmm	177	demux_S_241.scaffolds_11_98	780	2e-58	1	177	56	244	0.9943502824858758
GH2.hmm	752	demux_S_241.scaffolds_12_12	1086	5.3e-88	19	490	50	700	0.6263297872340425
GH92.hmm	491	demux_S_241.scaffolds_12_13	752	3.5e-167	3	491	212	733	0.9938900203665988
GH2.hmm	752	demux_S_241.scaffolds_12_20	1232	9e-90	10	587	227	1021	0.7672872340425532
GH95.hmm	722	demux_S_241.scaffolds_12_21	1020	5.3e-231	97	717	321	984	0.8587257617728532
GH3.hmm	216	demux_S_241.scaffolds_12_22	854	1.1e-69	4	215	64	305	0.9768518518518519
CE20.hmm	249	demux_S_241.scaffolds_12_23	573	1.4e-76	3	248	105	447	0.9839357429718876
GH3.hmm	216	demux_S_241.scaffolds_12_24	955	1.3e-70	4	213	206	426	0.9675925925925926
GH43_2.hmm	273	demux_S_241.scaffolds_12_25	698	4.5e-50	10	273	90	358	0.9633699633699634
GH43_2.hmm	273	demux_S_241.scaffolds_12_25	698	8.9e-128	1	273	423	689	0.9963369963369964
GH32.hmm	293	demux_S_241.scaffolds_12_3	611	4.6e-101	1	283	150	439	0.962457337883959
GH32.hmm	293	demux_S_241.scaffolds_12_4	524	1.5e-42	2	282	53	350	0.9556313993174061
GH32.hmm	293	demux_S_241.scaffolds_12_9	627	8.5e-93	1	289	139	439	0.9829351535836177
GH29.hmm	346	demux_S_241.scaffolds_12_90	439	1.6e-110	28	346	24	355	0.9190751445086706
GH20.hmm	337	demux_S_241.scaffolds_13_1	547	5.1e-117	8	337	155	514	0.9762611275964391
GH24.hmm	137	demux_S_241.scaffolds_13_102	145	4.1e-45	6	137	8	135	0.9562043795620438
GH23.hmm	135	demux_S_241.scaffolds_13_135	327	2.5e-22	2	125	97	233	0.9111111111111111
PL33_1.hmm	155	demux_S_241.scaffolds_13_19	645	7.2e-61	2	152	430	576	0.967741935483871
GH84.hmm	295	demux_S_241.scaffolds_13_2	738	5.8e-117	1	294	151	443	0.9932203389830508
GH109.hmm	399	demux_S_241.scaffolds_13_48	492	1.7e-18	3	163	38	189	0.40100250626566414
GT2.hmm	170	demux_S_241.scaffolds_14_120	275	6.8e-18	1	148	5	150	0.8647058823529412
GH2.hmm	752	demux_S_241.scaffolds_14_138	840	1.5e-121	28	587	26	770	0.7433510638297872
GH20.hmm	337	demux_S_241.scaffolds_14_139	692	1.4e-122	8	336	151	498	0.973293768545994
GH20.hmm	337	demux_S_241.scaffolds_14_140	775	7.1e-125	8	336	154	509	0.973293768545994
GH2.hmm	752	demux_S_241.scaffolds_14_141	865	2.7e-110	20	585	24	778	0.7513297872340425
CE20.hmm	249	demux_S_241.scaffolds_14_142	693	5.4e-83	3	249	301	582	0.9879518072289156
GH20.hmm	337	demux_S_241.scaffolds_14_143	671	4.2e-59	8	335	140	412	0.9703264094955489
GH33.hmm	342	demux_S_241.scaffolds_14_144	545	2.3e-95	11	332	193	532	0.9385964912280702
GT51.hmm	177	demux_S_241.scaffolds_14_66	239	1.6e-54	12	176	50	213	0.9265536723163842
GH29.hmm	346	demux_S_241.scaffolds_15_26	461	1.4e-61	37	338	26	358	0.869942196531792
GH76.hmm	358	demux_S_241.scaffolds_15_33	526	7.4e-71	7	320	157	487	0.8743016759776536
GH92.hmm	491	demux_S_241.scaffolds_15_40	761	1.8e-178	2	491	237	742	0.9959266802443992
GH76.hmm	358	demux_S_241.scaffolds_15_42	388	7.1e-78	37	330	68	366	0.8184357541899442
GH125.hmm	402	demux_S_241.scaffolds_15_43	482	7.4e-188	2	402	70	466	0.9950248756218906
GH130.hmm	296	demux_S_241.scaffolds_15_44	384	3.7e-89	14	287	63	372	0.9222972972972973
GT32.hmm	90	demux_S_241.scaffolds_15_48	234	8e-24	8	87	29	103	0.8777777777777778
GT32.hmm	90	demux_S_241.scaffolds_15_49	225	1.7e-21	2	88	20	101	0.9555555555555556
GH38.hmm	269	demux_S_241.scaffolds_15_51	1200	3.5e-55	1	250	31	285	0.9256505576208178
CBM32.hmm	124	demux_S_241.scaffolds_15_51	1200	3.9e-17	12	122	1078	1196	0.8870967741935484
GH92.hmm	491	demux_S_241.scaffolds_15_52	754	5.3e-190	3	491	246	736	0.9938900203665988
GH18.hmm	296	demux_S_241.scaffolds_16_105	555	6.6e-37	48	285	297	533	0.8006756756756757
GT2.hmm	170	demux_S_241.scaffolds_16_11	320	2.6e-36	1	167	4	163	0.9764705882352941
GH20.hmm	337	demux_S_241.scaffolds_16_110	777	4e-116	8	336	158	517	0.973293768545994
GH2.hmm	752	demux_S_241.scaffolds_16_111	1024	1.1e-217	24	751	64	908	0.9667553191489362
GH29.hmm	346	demux_S_241.scaffolds_16_112	607	3.3e-82	38	338	52	373	0.8670520231213873
CBM32.hmm	124	demux_S_241.scaffolds_16_112	607	2.4e-16	30	121	499	599	0.7338709677419355
GH20.hmm	337	demux_S_241.scaffolds_16_116	520	4.7e-106	14	336	143	477	0.9554896142433235
GT2.hmm	170	demux_S_241.scaffolds_16_13	225	7.4e-28	25	130	3	109	0.6176470588235294
GH13_14.hmm	289	demux_S_241.scaffolds_16_59	669	8.3e-118	1	289	202	526	0.9965397923875432
GT4.hmm	160	demux_S_241.scaffolds_16_92	371	8e-27	12	157	192	339	0.90625
GH3.hmm	216	demux_S_241.scaffolds_17_11	1002	3.8e-56	4	215	108	331	0.9768518518518519
GH16_3.hmm	230	demux_S_241.scaffolds_17_118	269	4.3e-55	1	230	36	262	0.9956521739130435
GH20.hmm	337	demux_S_241.scaffolds_17_30	656	7.8e-110	8	336	142	479	0.973293768545994
GH2.hmm	752	demux_S_241.scaffolds_17_4	978	2.7e-82	28	555	24	716	0.7007978723404256
CBM32.hmm	124	demux_S_241.scaffolds_17_4	978	2.3e-24	8	123	724	837	0.9274193548387096
GT51.hmm	177	demux_S_241.scaffolds_17_69	650	8.2e-45	12	162	435	588	0.847457627118644
CBM67.hmm	176	demux_S_241.scaffolds_17_90	1153	6.6e-34	13	167	344	514	0.875
GH78.hmm	504	demux_S_241.scaffolds_17_90	1153	1.3e-174	5	504	569	1102	0.9900793650793651
CBM67.hmm	176	demux_S_241.scaffolds_17_91	882	1.6e-43	3	166	144	318	0.9261363636363636
GH78.hmm	504	demux_S_241.scaffolds_17_91	882	5.1e-158	2	503	347	856	0.9940476190476191
CE7.hmm	313	demux_S_241.scaffolds_17_92	453	1e-91	11	310	145	445	0.9552715654952076
GH97.hmm	631	demux_S_241.scaffolds_18_106	720	2.8e-260	5	630	15	704	0.9904912836767037
GH95.hmm	722	demux_S_241.scaffolds_18_19	753	2.3e-82	109	713	111	690	0.8365650969529086
PL12_2.hmm	131	demux_S_241.scaffolds_18_20	708	3.1e-54	1	131	423	557	0.9923664122137404
PL8_2.hmm	247	demux_S_241.scaffolds_18_24	976	1e-41	10	246	614	818	0.9554655870445344
GH95.hmm	722	demux_S_241.scaffolds_18_25	812	3.5e-275	4	719	21	798	0.9903047091412742
GH88.hmm	329	demux_S_241.scaffolds_18_26	435	1.7e-120	7	328	102	416	0.9756838905775076
PL12_2.hmm	131	demux_S_241.scaffolds_18_27	667	5e-63	1	131	404	534	0.9923664122137404
PL15_2.hmm	156	demux_S_241.scaffolds_18_32	874	1.1e-103	1	156	534	689	0.9935897435897436
CBM32.hmm	124	demux_S_241.scaffolds_18_52	445	3.4e-18	10	123	309	436	0.9112903225806451
GH133.hmm	372	demux_S_241.scaffolds_19_12	646	6.1e-104	6	372	285	636	0.9838709677419355
GT4.hmm	160	demux_S_241.scaffolds_19_13	425	7.7e-33	5	153	240	385	0.925
GH57.hmm	383	demux_S_241.scaffolds_19_14	461	1.3e-53	12	314	20	327	0.7885117493472585
GT5.hmm	472	demux_S_241.scaffolds_19_16	279	1.7e-46	1	221	6	237	0.4661016949152542
GH20.hmm	337	demux_S_241.scaffolds_19_46	810	2.4e-123	8	335	159	524	0.9703264094955489
GH89.hmm	663	demux_S_241.scaffolds_19_67	737	6.7e-253	2	661	65	729	0.9939668174962293
GT2.hmm	170	demux_S_241.scaffolds_1_112	634	7.1e-19	1	145	404	556	0.8470588235294118
CE4.hmm	130	demux_S_241.scaffolds_1_113	263	2.5e-17	21	126	32	129	0.8076923076923077
GT2.hmm	170	demux_S_241.scaffolds_1_120	312	7.1e-36	1	162	5	162	0.9470588235294117
GT14.hmm	250	demux_S_241.scaffolds_1_122	323	1.5e-52	2	245	34	291	0.972
GT2.hmm	170	demux_S_241.scaffolds_1_127	327	1.2e-16	1	131	11	147	0.7647058823529411
GT2.hmm	170	demux_S_241.scaffolds_1_128	330	2.9e-33	1	117	8	122	0.6823529411764706
GT2.hmm	170	demux_S_241.scaffolds_1_129	330	1.6e-31	1	132	8	139	0.7705882352941177
GT4.hmm	160	demux_S_241.scaffolds_1_131	414	5.3e-17	4	160	239	387	0.975
GT2.hmm	170	demux_S_241.scaffolds_1_133	337	5e-36	1	124	11	132	0.7235294117647059
GT2.hmm	170	demux_S_241.scaffolds_1_134	680	2.1e-17	1	98	91	189	0.5705882352941176
GT9.hmm	225	demux_S_241.scaffolds_1_137	344	3.3e-33	4	217	73	319	0.9466666666666667
PL8_2.hmm	247	demux_S_241.scaffolds_1_150	473	2.3e-92	1	247	95	327	0.9959514170040485
GH88.hmm	329	demux_S_241.scaffolds_1_153	401	5.9e-130	6	328	70	393	0.9787234042553191
GH2.hmm	752	demux_S_241.scaffolds_1_161	1037	5.2e-221	16	751	51	911	0.9773936170212766
PL29.hmm	301	demux_S_241.scaffolds_1_173	869	8.3e-107	1	301	345	702	0.9966777408637874
PL8_2.hmm	247	demux_S_241.scaffolds_1_177	1026	4.5e-86	1	247	618	862	0.9959514170040485
GH3.hmm	216	demux_S_241.scaffolds_1_186	765	3.6e-66	4	214	67	297	0.9722222222222222
GH30_3.hmm	417	demux_S_241.scaffolds_1_188	494	8.5e-158	4	417	64	489	0.9904076738609112
GH76.hmm	358	demux_S_241.scaffolds_1_20	493	3.4e-55	22	337	161	474	0.8798882681564246
GH76.hmm	358	demux_S_241.scaffolds_1_201	396	6.2e-70	25	332	58	374	0.8575418994413407
GH3.hmm	216	demux_S_241.scaffolds_1_202	826	1.4e-70	3	215	59	266	0.9814814814814815
GH31.hmm	427	demux_S_241.scaffolds_1_203	718	5.2e-135	2	413	180	602	0.9625292740046838
GH97.hmm	631	demux_S_241.scaffolds_1_208	651	1.2e-205	6	630	15	649	0.9889064976228209
GH2.hmm	752	demux_S_241.scaffolds_1_209	1422	4.3e-233	16	750	54	926	0.976063829787234
CBM32.hmm	124	demux_S_241.scaffolds_1_209	1422	5.8e-23	11	122	1149	1270	0.8951612903225806
CBM32.hmm	124	demux_S_241.scaffolds_1_209	1422	3.1e-22	15	122	1295	1415	0.8629032258064516
GH2.hmm	752	demux_S_241.scaffolds_1_210	592	2.9e-91	25	489	34	584	0.6170212765957447
CE1.hmm	227	demux_S_241.scaffolds_1_216	256	2.9e-30	3	208	31	236	0.9030837004405287
CE4.hmm	130	demux_S_241.scaffolds_1_257	205	2.7e-25	4	110	21	123	0.8153846153846154
GH109.hmm	399	demux_S_241.scaffolds_1_27	431	1.2e-34	3	163	41	192	0.40100250626566414
GH109.hmm	399	demux_S_241.scaffolds_1_29	461	2.3e-24	2	142	25	160	0.3508771929824561
GH43_26.hmm	294	demux_S_241.scaffolds_1_32	366	1.6e-97	1	294	34	343	0.9965986394557823
CE20.hmm	249	demux_S_241.scaffolds_1_326	478	1.9e-88	3	249	102	361	0.9879518072289156
GH31.hmm	427	demux_S_241.scaffolds_1_327	1295	5.2e-58	212	427	459	683	0.5035128805620609
GH97.hmm	631	demux_S_241.scaffolds_1_335	675	8.2e-185	3	630	15	670	0.993660855784469
GH110.hmm	548	demux_S_241.scaffolds_1_338	569	8.1e-198	7	548	21	559	0.9872262773722628
GH95.hmm	722	demux_S_241.scaffolds_1_344	809	3.4e-246	3	718	25	773	0.9903047091412742
CE20.hmm	249	demux_S_241.scaffolds_1_347	649	5.8e-44	3	133	101	245	0.5220883534136547
CE20.hmm	249	demux_S_241.scaffolds_1_347	649	1.9e-51	122	249	420	545	0.5100401606425703
GH36.hmm	688	demux_S_241.scaffolds_1_348	719	4.8e-208	2	686	26	700	0.9941860465116279
GH92.hmm	491	demux_S_241.scaffolds_1_349	736	1.6e-193	3	491	237	730	0.9938900203665988
CE20.hmm	249	demux_S_241.scaffolds_1_355	480	6.4e-87	3	249	102	368	0.9879518072289156
GH43_31.hmm	268	demux_S_241.scaffolds_1_369	330	1.5e-103	2	265	36	304	0.9813432835820896
GH51.hmm	630	demux_S_241.scaffolds_1_380	682	7.1e-74	112	541	240	680	0.680952380952381
GH43.hmm	248	demux_S_241.scaffolds_1_382	377	8.5e-38	8	226	45	343	0.8790322580645161
GH2.hmm	752	demux_S_241.scaffolds_1_384	735	6.7e-101	12	412	39	498	0.5319148936170213
GH66.hmm	556	demux_S_241.scaffolds_1_389	593	1.4e-196	2	554	46	591	0.9928057553956835
GH31.hmm	427	demux_S_241.scaffolds_1_390	835	5.9e-148	1	427	234	684	0.9976580796252927
GH31.hmm	427	demux_S_241.scaffolds_1_391	713	8.6e-87	2	426	202	631	0.9929742388758782
GH32.hmm	293	demux_S_241.scaffolds_1_394	549	3.9e-81	1	291	121	406	0.9897610921501706
GT28.hmm	157	demux_S_241.scaffolds_1_52	373	7.3e-49	1	156	194	355	0.9872611464968153
GH43_4.hmm	310	demux_S_241.scaffolds_20_1	642	5.3e-92	1	310	161	529	0.9967741935483871
GH43_29.hmm	278	demux_S_241.scaffolds_20_10	315	2e-121	1	278	25	303	0.9964028776978417
GT4.hmm	160	demux_S_241.scaffolds_20_33	425	1.1e-21	9	155	228	387	0.9125
GT2.hmm	170	demux_S_241.scaffolds_20_37	332	2.1e-29	1	133	5	138	0.7764705882352941
GH43_4.hmm	310	demux_S_241.scaffolds_20_8	514	6.7e-98	1	310	60	372	0.9967741935483871
GH89.hmm	663	demux_S_241.scaffolds_20_84	677	5.3e-246	2	662	10	669	0.995475113122172
GH51.hmm	630	demux_S_241.scaffolds_20_9	661	1e-109	111	542	198	658	0.6841269841269841
CE2.hmm	209	demux_S_241.scaffolds_20_92	367	3.3e-62	1	208	149	351	0.9904306220095693
CE20.hmm	249	demux_S_241.scaffolds_20_94	885	4.9e-86	3	249	103	362	0.9879518072289156
GH73.hmm	128	demux_S_241.scaffolds_21_110	504	1.6e-33	4	128	14	144	0.96875
GH29.hmm	346	demux_S_241.scaffolds_22_1	628	2.6e-81	38	327	35	340	0.8352601156069365
GH13_5.hmm	342	demux_S_241.scaffolds_22_24	482	3e-149	1	342	30	370	0.9970760233918129
GH13_14.hmm	289	demux_S_241.scaffolds_22_25	656	2.7e-119	1	289	186	512	0.9965397923875432
GH2.hmm	752	demux_S_241.scaffolds_22_32	896	1e-92	23	480	41	607	0.6077127659574468
GH95.hmm	722	demux_S_241.scaffolds_22_35	814	2.4e-272	9	718	44	788	0.981994459833795
GH20.hmm	337	demux_S_241.scaffolds_22_36	526	5.2e-103	7	336	147	488	0.9762611275964391
PL13.hmm	363	demux_S_241.scaffolds_22_59	393	1.4e-209	2	363	23	392	0.9944903581267218
GH2.hmm	752	demux_S_241.scaffolds_22_61	814	4.6e-119	23	475	19	634	0.601063829787234
GH29.hmm	346	demux_S_241.scaffolds_23_39	464	1.9e-72	35	341	22	320	0.884393063583815
GH92.hmm	491	demux_S_241.scaffolds_23_45	762	2.7e-188	2	491	234	741	0.9959266802443992
GH92.hmm	491	demux_S_241.scaffolds_23_46	780	1.2e-189	3	491	266	759	0.9938900203665988
GH92.hmm	491	demux_S_241.scaffolds_23_48	769	6.9e-174	2	491	241	738	0.9959266802443992
GH28.hmm	325	demux_S_241.scaffolds_24_26	483	2.9e-36	59	307	194	450	0.7630769230769231
CE1.hmm	227	demux_S_241.scaffolds_25_14	745	4.1e-18	11	208	503	714	0.8678414096916299
GH18.hmm	296	demux_S_241.scaffolds_25_39	307	2.2e-18	27	172	66	246	0.48986486486486486
GT35.hmm	674	demux_S_241.scaffolds_25_49	855	5.6e-115	208	637	270	716	0.6364985163204748
GT3.hmm	637	demux_S_241.scaffolds_25_50	554	1.3e-128	1	346	13	347	0.5416012558869702
GH20.hmm	337	demux_S_241.scaffolds_27_19	662	3.6e-67	9	336	155	478	0.9703264094955489
GH99.hmm	334	demux_S_241.scaffolds_27_23	383	9.5e-125	3	333	44	371	0.9880239520958084
GH92.hmm	491	demux_S_241.scaffolds_27_27	754	2.4e-161	13	491	220	733	0.9735234215885947
GT4.hmm	160	demux_S_241.scaffolds_29_1	143	6.6e-17	44	154	2	114	0.6875
GT4.hmm	160	demux_S_241.scaffolds_29_10	358	1e-33	4	151	182	327	0.91875
GT2.hmm	170	demux_S_241.scaffolds_29_11	325	8.7e-33	1	128	5	134	0.7470588235294118
GT2.hmm	170	demux_S_241.scaffolds_29_17	336	8e-26	1	115	15	133	0.6705882352941176
GT2.hmm	170	demux_S_241.scaffolds_29_8	290	2.2e-31	1	133	3	135	0.7764705882352941
GH3.hmm	216	demux_S_241.scaffolds_2_105	864	2.2e-66	3	215	58	304	0.9814814814814815
GH29.hmm	346	demux_S_241.scaffolds_2_120	485	3.1e-96	11	345	23	382	0.9653179190751445
GH2.hmm	752	demux_S_241.scaffolds_2_121	703	1.2e-90	26	576	21	692	0.7313829787234043
PL8_3.hmm	249	demux_S_241.scaffolds_2_126	720	3.9e-112	1	249	345	597	0.9959839357429718
GH105.hmm	332	demux_S_241.scaffolds_2_127	981	1.1e-83	10	332	48	365	0.9698795180722891
PL33_2.hmm	151	demux_S_241.scaffolds_2_127	981	5.6e-45	2	149	770	918	0.9735099337748344
GH43_24.hmm	246	demux_S_241.scaffolds_2_130	461	3.2e-71	1	245	48	285	0.991869918699187
GH115.hmm	697	demux_S_241.scaffolds_2_131	784	5.9e-249	4	697	26	777	0.994261119081779
GT2.hmm	170	demux_S_241.scaffolds_2_132	252	7.4e-27	1	155	11	158	0.9058823529411765
GT4.hmm	160	demux_S_241.scaffolds_2_133	422	1.6e-25	18	153	251	384	0.84375
GT4.hmm	160	demux_S_241.scaffolds_2_142	409	1.1e-29	9	160	221	371	0.94375
GT4.hmm	160	demux_S_241.scaffolds_2_144	400	4.8e-40	5	151	209	354	0.9125
GH2.hmm	752	demux_S_241.scaffolds_2_160	605	6.5e-107	23	394	51	485	0.4933510638297872
GH105.hmm	332	demux_S_241.scaffolds_2_161	361	6.2e-90	9	332	46	358	0.9728915662650602
GH154.hmm	348	demux_S_241.scaffolds_2_166	408	4.2e-112	1	347	26	385	0.9942528735632183
GH88.hmm	329	demux_S_241.scaffolds_2_169	403	7.8e-129	3	329	67	392	0.9908814589665653
GH43_26.hmm	294	demux_S_241.scaffolds_2_170	1545	9.1e-95	1	294	27	326	0.9965986394557823
GH106.hmm	824	demux_S_241.scaffolds_2_170	1545	3.9e-181	94	652	539	1104	0.6771844660194175
GH146.hmm	503	demux_S_241.scaffolds_2_171	656	6.8e-173	1	503	50	571	0.9980119284294234
GH116.hmm	363	demux_S_241.scaffolds_2_174	849	2.6e-57	4	361	413	780	0.9834710743801653
GH159.hmm	219	demux_S_241.scaffolds_2_181	342	4.5e-64	1	218	32	260	0.9908675799086758
GH43_3.hmm	299	demux_S_241.scaffolds_2_182	326	4.3e-113	1	299	26	309	0.9966555183946488
GH43_31.hmm	268	demux_S_241.scaffolds_2_186	328	6.4e-110	2	266	45	306	0.9850746268656716
GH43_31.hmm	268	demux_S_241.scaffolds_2_189	331	5.3e-105	2	266	47	309	0.9850746268656716
GH93.hmm	307	demux_S_241.scaffolds_2_192	571	2.3e-62	2	277	62	332	0.8957654723127035
GT2.hmm	170	demux_S_241.scaffolds_2_201	324	1.7e-18	6	131	13	142	0.7352941176470589
GT2.hmm	170	demux_S_241.scaffolds_2_207	328	3.9e-32	1	115	8	120	0.6705882352941176
GT2.hmm	170	demux_S_241.scaffolds_2_209	267	4.2e-18	1	122	4	126	0.711764705882353
GT8.hmm	257	demux_S_241.scaffolds_2_210	310	4.6e-46	29	255	5	252	0.8793774319066148
GT32.hmm	90	demux_S_241.scaffolds_2_211	310	1.5e-17	4	86	82	159	0.9111111111111111
GT14.hmm	250	demux_S_241.scaffolds_2_212	287	2.3e-40	2	227	4	231	0.9
GT14.hmm	250	demux_S_241.scaffolds_2_213	289	5.1e-59	2	245	4	256	0.972
GT2.hmm	170	demux_S_241.scaffolds_2_215	333	1.4e-38	1	133	9	149	0.7764705882352941
GT4.hmm	160	demux_S_241.scaffolds_2_217	380	1.2e-33	9	159	200	349	0.9375
GT4.hmm	160	demux_S_241.scaffolds_2_218	371	9.6e-18	11	152	198	341	0.88125
GT4.hmm	160	demux_S_241.scaffolds_2_219	384	2e-35	7	158	189	341	0.94375
GH2.hmm	752	demux_S_241.scaffolds_2_229	988	1.1e-89	43	579	61	757	0.7127659574468085
CBM32.hmm	124	demux_S_241.scaffolds_2_229	988	8.5e-25	12	122	736	844	0.8870967741935484
GH3.hmm	216	demux_S_241.scaffolds_2_230	748	6.8e-67	4	214	92	311	0.9722222222222222
GH43_10.hmm	271	demux_S_241.scaffolds_2_232	515	1e-99	2	271	37	295	0.992619926199262
CBM91.hmm	200	demux_S_241.scaffolds_2_232	515	2.5e-30	6	197	331	512	0.955
GH36.hmm	688	demux_S_241.scaffolds_2_233	719	1.2e-211	2	687	26	701	0.9956395348837209
GH18.hmm	296	demux_S_241.scaffolds_2_288	348	2.3e-47	2	287	46	334	0.9628378378378378
GH16_3.hmm	230	demux_S_241.scaffolds_2_289	373	5.2e-58	3	229	138	367	0.9826086956521739
GH27.hmm	229	demux_S_241.scaffolds_2_3	504	6.6e-78	3	215	223	462	0.925764192139738
GH123.hmm	538	demux_S_241.scaffolds_2_364	599	1e-244	3	537	59	596	0.9925650557620818
GT30.hmm	177	demux_S_241.scaffolds_2_368	408	5e-48	10	176	43	205	0.9378531073446328
GT35.hmm	674	demux_S_241.scaffolds_2_43	853	3.9e-113	209	637	272	734	0.6350148367952523
GH2.hmm	752	demux_S_241.scaffolds_2_438	1002	6.3e-64	24	389	22	453	0.4853723404255319
GH18.hmm	296	demux_S_241.scaffolds_2_60	322	6.8e-37	40	289	65	311	0.8412162162162162
GH30_4.hmm	484	demux_S_241.scaffolds_2_67	529	1.3e-196	3	483	30	523	0.9917355371900827
GH130.hmm	296	demux_S_241.scaffolds_2_85	397	7.7e-93	2	296	50	362	0.9932432432432432
GH30_6.hmm	450	demux_S_241.scaffolds_2_87	521	2.2e-211	1	450	56	510	0.9977777777777778
GH154.hmm	348	demux_S_241.scaffolds_2_91	379	2.6e-101	10	346	2	355	0.9655172413793104
CBM32.hmm	124	demux_S_241.scaffolds_2_98	969	2.4e-17	8	122	236	362	0.9193548387096774
GH27.hmm	229	demux_S_241.scaffolds_30_8	546	5.8e-68	4	229	142	385	0.982532751091703
GH92.hmm	491	demux_S_241.scaffolds_32_13	731	3.3e-188	5	487	241	729	0.9816700610997964
GH43_17.hmm	266	demux_S_241.scaffolds_32_18	328	5.4e-98	1	265	49	306	0.9924812030075187
GH3.hmm	216	demux_S_241.scaffolds_32_19	760	1.5e-68	3	216	98	319	0.9861111111111112
GH97.hmm	631	demux_S_241.scaffolds_32_20	663	2.6e-210	4	630	11	661	0.9920760697305864
GH76.hmm	358	demux_S_241.scaffolds_32_8	409	3.6e-85	2	346	47	395	0.9608938547486033
GT2.hmm	170	demux_S_241.scaffolds_34_9	317	9.7e-35	1	168	4	167	0.9823529411764705
CE20.hmm	249	demux_S_241.scaffolds_36_9	474	2.7e-88	3	249	103	362	0.9879518072289156
GH127.hmm	524	demux_S_241.scaffolds_3_206	688	1.5e-176	1	524	39	620	0.9980916030534351
GH92.hmm	491	demux_S_241.scaffolds_3_214	1048	6.3e-144	3	491	523	1041	0.9938900203665988
GH92.hmm	491	demux_S_241.scaffolds_3_220	1043	5.1e-144	2	491	526	1035	0.9959266802443992
GH43_24.hmm	246	demux_S_241.scaffolds_3_221	346	1.1e-102	2	246	52	309	0.991869918699187
GH38.hmm	269	demux_S_241.scaffolds_3_222	1142	7.5e-22	1	258	297	568	0.9553903345724907
GH171.hmm	355	demux_S_241.scaffolds_3_245	388	2.3e-118	1	355	44	387	0.9971830985915493
CBM20.hmm	90	demux_S_241.scaffolds_3_255	894	2.8e-17	12	87	137	214	0.8333333333333334
GH77.hmm	494	demux_S_241.scaffolds_3_255	894	3.3e-156	1	490	240	885	0.9898785425101214
GT4.hmm	160	demux_S_241.scaffolds_3_257	324	7.6e-16	14	147	143	268	0.83125
GT2.hmm	170	demux_S_241.scaffolds_3_260	343	7.3e-26	1	132	4	131	0.7705882352941177
GH109.hmm	399	demux_S_241.scaffolds_3_267	492	1.7e-18	3	163	38	189	0.40100250626566414
GH2.hmm	752	demux_S_241.scaffolds_3_300	1195	1e-215	20	751	221	1075	0.9720744680851063
GH29.hmm	346	demux_S_241.scaffolds_3_301	485	1.3e-74	41	326	35	330	0.8236994219653179
CBM32.hmm	124	demux_S_241.scaffolds_3_303	317	1.3e-19	5	123	180	310	0.9516129032258065
GH92.hmm	491	demux_S_241.scaffolds_3_308	759	1.7e-184	3	491	236	741	0.9938900203665988
PL10_1.hmm	288	demux_S_241.scaffolds_3_363	365	2.7e-122	1	287	61	349	0.9930555555555556
GT4.hmm	160	demux_S_241.scaffolds_40_2	578	6.8e-18	12	156	191	334	0.9
GT2.hmm	170	demux_S_241.scaffolds_40_3	278	1.6e-32	1	131	5	130	0.7647058823529411
GT4.hmm	160	demux_S_241.scaffolds_40_4	409	3e-23	6	156	215	372	0.9375
GH130.hmm	296	demux_S_241.scaffolds_4_100	378	1.9e-86	14	286	63	372	0.918918918918919
GH43_8.hmm	281	demux_S_241.scaffolds_4_101	513	1.3e-127	1	281	27	303	0.99644128113879
GH105.hmm	332	demux_S_241.scaffolds_4_115	400	6.1e-123	6	332	52	396	0.9819277108433735
CE8.hmm	288	demux_S_241.scaffolds_4_116	323	1.4e-104	2	287	32	313	0.9895833333333334
CE12.hmm	210	demux_S_241.scaffolds_4_117	578	1e-76	1	210	33	264	0.9952380952380953
CE8.hmm	288	demux_S_241.scaffolds_4_117	578	8.3e-101	2	274	280	552	0.9444444444444444
PL1_2.hmm	183	demux_S_241.scaffolds_4_123	498	7.1e-78	1	183	92	280	0.994535519125683
PL1_2.hmm	183	demux_S_241.scaffolds_4_124	524	4.7e-76	1	183	114	305	0.994535519125683
PL1_2.hmm	183	demux_S_241.scaffolds_4_127	560	4.6e-67	1	183	127	330	0.994535519125683
GH28.hmm	325	demux_S_241.scaffolds_4_131	529	1.8e-84	7	321	84	489	0.9661538461538461
GH106.hmm	824	demux_S_241.scaffolds_4_147	925	0	3	823	20	914	0.9951456310679612
GH28.hmm	325	demux_S_241.scaffolds_4_148	468	1.4e-64	7	309	48	395	0.9292307692307692
GH28.hmm	325	demux_S_241.scaffolds_4_150	507	1.2e-61	6	315	83	455	0.9507692307692308
CE12.hmm	210	demux_S_241.scaffolds_4_151	413	2.2e-73	1	209	163	367	0.9904761904761905
GH2.hmm	752	demux_S_241.scaffolds_4_152	959	1.2e-70	27	533	22	699	0.6728723404255319
GH43_18.hmm	229	demux_S_241.scaffolds_4_154	987	2.2e-90	2	229	60	294	0.9912663755458515
GH42.hmm	371	demux_S_241.scaffolds_4_154	987	3.3e-124	2	370	333	707	0.9919137466307277
GH28.hmm	325	demux_S_241.scaffolds_4_155	433	1e-57	9	310	74	418	0.9261538461538461
CE4.hmm	130	demux_S_241.scaffolds_4_156	323	1.8e-29	6	120	33	159	0.8769230769230769
GH28.hmm	325	demux_S_241.scaffolds_4_157	463	4.5e-71	4	322	74	450	0.9784615384615385
PL11_1.hmm	583	demux_S_241.scaffolds_4_158	642	2.4e-185	16	573	64	638	0.9554030874785592
GH2.hmm	752	demux_S_241.scaffolds_4_159	803	1.9e-112	25	635	25	776	0.8111702127659575
GH2.hmm	752	demux_S_241.scaffolds_4_160	962	4.2e-122	33	623	43	724	0.7845744680851063
GH27.hmm	229	demux_S_241.scaffolds_4_161	607	4.3e-67	4	229	212	447	0.982532751091703
GH35.hmm	307	demux_S_241.scaffolds_4_164	699	1.4e-82	1	305	44	400	0.990228013029316
PL9.hmm	374	demux_S_241.scaffolds_4_174	536	2.1e-106	9	370	20	440	0.9652406417112299
PL26.hmm	862	demux_S_241.scaffolds_4_177	1099	0	2	858	239	1094	0.9930394431554525
CE12.hmm	210	demux_S_241.scaffolds_4_178	515	2.7e-53	2	210	36	255	0.9904761904761905
CE12.hmm	210	demux_S_241.scaffolds_4_178	515	1.6e-62	2	210	287	502	0.9904761904761905
GH105.hmm	332	demux_S_241.scaffolds_4_179	380	2.1e-93	10	332	61	377	0.9698795180722891
PL11_1.hmm	583	demux_S_241.scaffolds_4_180	614	4.4e-272	3	573	30	600	0.9777015437392796
GH105.hmm	332	demux_S_241.scaffolds_4_181	466	2.8e-92	10	332	97	432	0.9698795180722891
CE4.hmm	130	demux_S_241.scaffolds_4_184	593	1.4e-27	10	119	312	431	0.8384615384615385
CE6.hmm	99	demux_S_241.scaffolds_4_185	268	2.1e-28	1	99	91	183	0.98989898989899
GH2.hmm	752	demux_S_241.scaffolds_4_186	990	4.3e-66	23	465	21	556	0.5877659574468085
PL9_1.hmm	375	demux_S_241.scaffolds_4_188	438	3.9e-117	4	374	20	423	0.9866666666666667
GH43_10.hmm	271	demux_S_241.scaffolds_4_190	559	4.7e-109	1	271	39	309	0.996309963099631
CBM91.hmm	200	demux_S_241.scaffolds_4_190	559	1.3e-17	4	195	343	554	0.955
GH28.hmm	325	demux_S_241.scaffolds_4_192	536	1.8e-85	7	306	82	479	0.92
CE11.hmm	271	demux_S_241.scaffolds_4_210	462	1.1e-73	1	220	4	224	0.8081180811808119
GH92.hmm	491	demux_S_241.scaffolds_4_23	757	3.7e-185	2	491	230	737	0.9959266802443992
GH92.hmm	491	demux_S_241.scaffolds_4_24	762	3.8e-192	4	491	244	751	0.9918533604887984
GH2.hmm	752	demux_S_241.scaffolds_4_247	1125	1.1e-212	18	751	58	961	0.9747340425531915
GH109.hmm	399	demux_S_241.scaffolds_4_249	468	1.2e-167	2	398	53	457	0.9924812030075187
GH110.hmm	548	demux_S_241.scaffolds_4_257	616	5.1e-218	1	548	27	582	0.9981751824817519
GH109.hmm	399	demux_S_241.scaffolds_4_258	420	1.6e-164	3	398	18	416	0.9899749373433584
GH92.hmm	491	demux_S_241.scaffolds_4_27	744	8.7e-196	4	491	238	732	0.9918533604887984
GH23.hmm	135	demux_S_241.scaffolds_4_32	432	7.5e-24	3	119	129	261	0.8592592592592593
GT19.hmm	354	demux_S_241.scaffolds_4_37	379	3.5e-114	2	350	4	357	0.9830508474576272
GH2.hmm	752	demux_S_241.scaffolds_4_55	1343	4.8e-210	20	751	68	1004	0.9720744680851063
CBM32.hmm	124	demux_S_241.scaffolds_4_55	1343	1.8e-28	9	123	1212	1338	0.9193548387096774
GH38.hmm	269	demux_S_241.scaffolds_4_78	850	6.9e-33	2	250	12	265	0.9219330855018587
GH92.hmm	491	demux_S_241.scaffolds_4_79	783	6.9e-166	2	491	290	772	0.9959266802443992
GH2.hmm	752	demux_S_241.scaffolds_4_80	1028	1.5e-87	57	597	70	826	0.7180851063829787
CBM67.hmm	176	demux_S_241.scaffolds_4_82	905	1.2e-17	16	170	176	339	0.875
GH78.hmm	504	demux_S_241.scaffolds_4_82	905	1.3e-125	1	502	363	867	0.9940476190476191
CE1.hmm	227	demux_S_241.scaffolds_4_83	289	2.3e-59	1	223	33	281	0.9779735682819384
CE20.hmm	249	demux_S_241.scaffolds_4_97	663	9.6e-44	3	118	102	225	0.46184738955823296
CE20.hmm	249	demux_S_241.scaffolds_4_97	663	2.4e-52	120	248	415	544	0.5140562248995983
GH92.hmm	491	demux_S_241.scaffolds_4_98	758	1.9e-175	3	491	235	739	0.9938900203665988
GH92.hmm	491	demux_S_241.scaffolds_4_99	718	3.9e-155	3	491	230	703	0.9938900203665988
GT1.hmm	382	demux_S_241.scaffolds_5_204	420	1.7e-39	55	380	50	409	0.8507853403141361
GT2.hmm	170	demux_S_241.scaffolds_5_224	390	5.5e-16	1	166	57	223	0.9705882352941176
GH73.hmm	128	demux_S_241.scaffolds_5_289	302	3.1e-36	4	128	40	167	0.96875
GH3.hmm	216	demux_S_241.scaffolds_6_1	816	1.8e-70	3	215	157	383	0.9814814814814815
GH23.hmm	135	demux_S_241.scaffolds_6_105	470	1.7e-21	13	122	309	420	0.8074074074074075
GT2.hmm	170	demux_S_241.scaffolds_6_159	248	5.1e-30	2	168	8	174	0.9764705882352941
PL27.hmm	610	demux_S_241.scaffolds_6_171	504	1.1e-216	127	610	1	496	0.7918032786885246
GH43_24.hmm	246	demux_S_241.scaffolds_6_172	583	6.2e-43	55	233	203	376	0.7235772357723578
GH43_24.hmm	246	demux_S_241.scaffolds_6_173	494	2.8e-89	2	246	45	290	0.991869918699187
GH35.hmm	307	demux_S_241.scaffolds_6_197	780	4.1e-122	1	305	35	346	0.990228013029316
GH25.hmm	177	demux_S_241.scaffolds_6_214	298	2.7e-56	1	177	100	275	0.9943502824858758
GH109.hmm	399	demux_S_241.scaffolds_6_227	329	1.1e-26	4	196	4	185	0.48120300751879697
GH141.hmm	527	demux_S_241.scaffolds_6_243	607	1.7e-218	2	526	14	572	0.9943074003795066
GH31.hmm	427	demux_S_241.scaffolds_6_244	749	1.3e-132	2	427	283	715	0.9953161592505855
GH51.hmm	630	demux_S_241.scaffolds_6_253	515	1.4e-142	75	542	15	514	0.7412698412698413
GH146.hmm	503	demux_S_241.scaffolds_6_254	803	3.9e-214	1	503	32	560	0.9980119284294234
PL40.hmm	873	demux_S_241.scaffolds_6_32	919	5.8e-267	4	839	2	902	0.9564719358533792
GH28.hmm	325	demux_S_241.scaffolds_6_33	1098	1.7e-29	66	306	193	440	0.7384615384615385
GH97.hmm	631	demux_S_241.scaffolds_6_37	650	3.8e-183	10	630	28	645	0.9825673534072901
GH146.hmm	503	demux_S_241.scaffolds_6_42	642	3.3e-203	1	503	51	556	0.9980119284294234
GH43_10.hmm	271	demux_S_241.scaffolds_6_50	550	1.7e-110	1	271	37	307	0.996309963099631
CBM91.hmm	200	demux_S_241.scaffolds_6_50	550	5.1e-26	5	195	342	546	0.95
GH88.hmm	329	demux_S_241.scaffolds_6_51	407	4.3e-126	3	329	71	395	0.9908814589665653
CE1.hmm	227	demux_S_241.scaffolds_6_58	273	1.7e-50	1	218	31	261	0.9559471365638766
GT51.hmm	177	demux_S_241.scaffolds_6_68	773	1e-46	18	176	70	227	0.8926553672316384
GH2.hmm	752	demux_S_241.scaffolds_7_108	921	9.3e-82	35	549	27	789	0.6835106382978723
GH20.hmm	337	demux_S_241.scaffolds_7_109	538	9.7e-109	8	336	141	481	0.973293768545994
CE20.hmm	249	demux_S_241.scaffolds_7_110	475	4.5e-82	3	248	103	363	0.9839357429718876
CBM51.hmm	134	demux_S_241.scaffolds_7_115	661	6.7e-34	3	134	29	161	0.9776119402985075
GH27.hmm	229	demux_S_241.scaffolds_7_115	661	1.5e-68	4	229	373	636	0.982532751091703
GH89.hmm	663	demux_S_241.scaffolds_7_117	733	2.3e-250	2	661	63	721	0.9939668174962293
CE9.hmm	373	demux_S_241.scaffolds_7_119	396	6.7e-119	2	373	7	389	0.9946380697050938
GT2.hmm	170	demux_S_241.scaffolds_7_12	405	5.9e-27	1	169	45	210	0.9882352941176471
GH109.hmm	399	demux_S_241.scaffolds_7_124	442	2.6e-39	4	185	50	224	0.45363408521303256
GH109.hmm	399	demux_S_241.scaffolds_7_126	448	1.9e-30	3	167	39	199	0.41102756892230574
GH3.hmm	216	demux_S_241.scaffolds_7_140	772	2.2e-72	2	216	96	318	0.9907407407407407
GH144.hmm	404	demux_S_241.scaffolds_7_141	455	3.8e-192	2	403	33	445	0.9925742574257426
CBM62.hmm	131	demux_S_241.scaffolds_7_172	737	2.3e-25	57	131	523	599	0.5648854961832062
CBM62.hmm	131	demux_S_241.scaffolds_7_172	737	8.7e-20	2	66	606	669	0.48854961832061067
GH127.hmm	524	demux_S_241.scaffolds_7_186	688	2.8e-34	301	522	325	551	0.4217557251908397
GH92.hmm	491	demux_S_241.scaffolds_7_187	654	2.3e-51	2	202	193	388	0.4073319755600815
GH92.hmm	491	demux_S_241.scaffolds_7_187	654	4.1e-65	231	485	393	650	0.5173116089613035
GH125.hmm	402	demux_S_241.scaffolds_7_189	488	7.2e-187	2	402	72	472	0.9950248756218906
GH105.hmm	332	demux_S_241.scaffolds_7_19	382	8.1e-81	5	331	46	372	0.9819277108433735
GH92.hmm	491	demux_S_241.scaffolds_7_190	764	5.8e-187	2	491	233	740	0.9959266802443992
GH76.hmm	358	demux_S_241.scaffolds_7_193	421	9.3e-73	30	333	60	399	0.8463687150837989
GH76.hmm	358	demux_S_241.scaffolds_7_196	429	8.7e-70	30	332	64	405	0.8435754189944135
GH13.hmm	299	demux_S_241.scaffolds_7_2	618	4.9e-61	12	294	164	486	0.9431438127090301
PL42.hmm	296	demux_S_241.scaffolds_7_20	432	2.3e-129	1	296	34	326	0.9966216216216216
GH43_34.hmm	280	demux_S_241.scaffolds_7_201	638	4.6e-110	1	279	32	311	0.9928571428571429
GH43_3.hmm	299	demux_S_241.scaffolds_7_201	638	1.5e-114	1	299	337	620	0.9966555183946488
GH43_26.hmm	294	demux_S_241.scaffolds_7_202	371	1.7e-109	1	294	36	345	0.9965986394557823
GH115.hmm	697	demux_S_241.scaffolds_7_203	983	2.9e-229	3	581	32	661	0.8292682926829268
GH2.hmm	752	demux_S_241.scaffolds_7_204	605	1.8e-107	23	394	50	484	0.4933510638297872
GH43_24.hmm	246	demux_S_241.scaffolds_7_21	356	4.4e-103	2	245	49	304	0.9878048780487805
GH16_3.hmm	230	demux_S_241.scaffolds_7_22	632	6.8e-64	1	230	29	280	0.9956521739130435
GH43_24.hmm	246	demux_S_241.scaffolds_7_22	632	6.1e-103	2	246	308	599	0.991869918699187
GH154.hmm	348	demux_S_241.scaffolds_7_28	674	2.2e-94	1	347	50	401	0.9942528735632183
GH97.hmm	631	demux_S_241.scaffolds_7_3	739	7.2e-253	4	630	12	723	0.9920760697305864
GH43_34.hmm	280	demux_S_241.scaffolds_7_30	334	1.3e-99	1	280	30	325	0.9964285714285714
GH127.hmm	524	demux_S_241.scaffolds_7_31	669	1.3e-209	1	524	35	565	0.9980916030534351
GH29.hmm	346	demux_S_241.scaffolds_7_39	548	1.5e-103	2	346	13	432	0.9942196531791907
GH97.hmm	631	demux_S_241.scaffolds_7_40	639	4.4e-178	3	630	18	637	0.993660855784469
GH43_10.hmm	271	demux_S_241.scaffolds_7_41	454	5.3e-73	35	271	2	235	0.8708487084870848
CBM91.hmm	200	demux_S_241.scaffolds_7_41	454	4.4e-25	4	196	266	451	0.96
GH43_34.hmm	280	demux_S_241.scaffolds_7_44	462	2.1e-73	1	280	29	302	0.9964285714285714
GH97.hmm	631	demux_S_241.scaffolds_7_45	648	2e-184	6	626	14	643	0.9825673534072901
GH31.hmm	427	demux_S_241.scaffolds_7_47	823	8e-135	1	427	219	710	0.9976580796252927
GH51.hmm	630	demux_S_241.scaffolds_7_48	826	9.3e-99	111	429	372	707	0.5047619047619047
GH43_9.hmm	272	demux_S_241.scaffolds_7_49	812	5.7e-122	3	272	25	288	0.9889705882352942
CBM91.hmm	200	demux_S_241.scaffolds_7_49	812	1.1e-20	5	198	310	485	0.965
GH43_19.hmm	233	demux_S_241.scaffolds_7_49	812	6.8e-80	1	233	537	792	0.9957081545064378
GH43_19.hmm	233	demux_S_241.scaffolds_7_50	324	9.7e-96	1	233	71	302	0.9957081545064378
GH35.hmm	307	demux_S_241.scaffolds_7_51	779	1.9e-119	1	306	36	348	0.993485342019544
GH13_36.hmm	314	demux_S_241.scaffolds_7_8	693	1.1e-136	1	314	80	540	0.9968152866242038
GT2.hmm	170	demux_S_241.scaffolds_7_81	815	5.1e-21	1	126	250	377	0.7352941176470589
CE15.hmm	269	demux_S_241.scaffolds_7_99	393	4.1e-20	5	268	60	384	0.9776951672862454
PL29.hmm	301	demux_S_241.scaffolds_8_112	1032	2.7e-21	36	275	103	329	0.7940199335548173
PL1_2.hmm	183	demux_S_241.scaffolds_8_113	561	3.4e-65	1	183	134	324	0.994535519125683
GH2.hmm	752	demux_S_241.scaffolds_8_116	883	2.6e-94	27	514	43	642	0.6476063829787234
GH139.hmm	777	demux_S_241.scaffolds_8_117	804	0	4	775	2	802	0.9922779922779923
CE20.hmm	249	demux_S_241.scaffolds_8_118	478	4.7e-93	3	248	107	367	0.9839357429718876
GH106.hmm	824	demux_S_241.scaffolds_8_119	1106	4.3e-118	94	457	362	724	0.4405339805825243
GH2.hmm	752	demux_S_241.scaffolds_8_125	951	9.2e-130	35	745	40	830	0.9441489361702128
GH2.hmm	752	demux_S_241.scaffolds_8_126	1093	5.7e-229	29	750	52	976	0.9587765957446809
GH137.hmm	340	demux_S_241.scaffolds_8_131	1414	4.2e-159	2	340	21	369	0.9941176470588236
GH2.hmm	752	demux_S_241.scaffolds_8_131	1414	2.4e-78	21	387	372	815	0.4867021276595745
CBM57.hmm	147	demux_S_241.scaffolds_8_131	1414	2.5e-45	2	147	1081	1242	0.9863945578231292
GH138.hmm	907	demux_S_241.scaffolds_8_132	900	0	1	907	1	899	0.9988974641675854
GH78.hmm	504	demux_S_241.scaffolds_8_137	730	1.8e-115	3	489	186	680	0.9642857142857143
GH141.hmm	527	demux_S_241.scaffolds_8_138	620	1.8e-232	2	527	21	581	0.9962049335863378
GH127.hmm	524	demux_S_241.scaffolds_8_139	699	3.2e-192	1	524	44	607	0.9980916030534351
GH95.hmm	722	demux_S_241.scaffolds_8_145	823	2.2e-293	3	713	27	759	0.9833795013850416
GH105.hmm	332	demux_S_241.scaffolds_8_146	401	2.9e-121	5	332	49	396	0.9849397590361446
GH140.hmm	412	demux_S_241.scaffolds_8_147	484	2.7e-178	1	412	36	462	0.9975728155339806
CBM67.hmm	176	demux_S_241.scaffolds_8_148	1291	3.3e-38	3	170	144	329	0.9488636363636364
GH78.hmm	504	demux_S_241.scaffolds_8_148	1291	1e-160	6	504	357	887	0.9880952380952381
GH33.hmm	342	demux_S_241.scaffolds_8_148	1291	4.1e-39	13	328	920	1275	0.9210526315789473
CE19.hmm	332	demux_S_241.scaffolds_8_152	654	2.1e-141	2	331	118	449	0.9909638554216867
GH28.hmm	325	demux_S_241.scaffolds_8_153	446	1.1e-97	10	309	53	421	0.92
CBM67.hmm	176	demux_S_241.scaffolds_8_154	954	7.7e-35	27	172	200	355	0.8238636363636364
GH78.hmm	504	demux_S_241.scaffolds_8_154	954	1.4e-157	3	504	395	933	0.9940476190476191
GH143.hmm	556	demux_S_241.scaffolds_8_155	1110	2.1e-295	3	556	21	570	0.9946043165467626
GH142.hmm	479	demux_S_241.scaffolds_8_155	1110	1.2e-232	2	479	634	1101	0.9958246346555324
GH43_18.hmm	229	demux_S_241.scaffolds_8_156	310	3e-88	2	229	66	292	0.9912663755458515
PL1_2.hmm	183	demux_S_241.scaffolds_8_158	580	1.9e-64	1	183	135	328	0.994535519125683
GH92.hmm	491	demux_S_241.scaffolds_8_166	748	1.5e-179	2	487	260	746	0.9877800407331976
GH130.hmm	296	demux_S_241.scaffolds_8_167	323	7.3e-95	1	296	19	317	0.9966216216216216
GH163.hmm	251	demux_S_241.scaffolds_8_169	735	6.6e-111	1	251	197	451	0.9960159362549801
GH20.hmm	337	demux_S_241.scaffolds_8_186	774	4e-124	9	335	154	507	0.9673590504451038
CBM32.hmm	124	demux_S_241.scaffolds_8_19	441	1e-18	6	122	306	432	0.9354838709677419
CBM62.hmm	131	demux_S_241.scaffolds_9_10	671	9.2e-25	32	131	434	535	0.7557251908396947
CBM62.hmm	131	demux_S_241.scaffolds_9_10	671	6.7e-19	2	62	542	602	0.4580152671755725
GH20.hmm	337	demux_S_241.scaffolds_9_177	768	1.9e-114	8	336	153	509	0.973293768545994
GT2.hmm	170	demux_S_241.scaffolds_9_82	430	2.4e-21	1	127	11	138	0.7411764705882353
CE1.hmm	227	demux_S_241.scaffolds_9_97	700	2.6e-19	5	218	446	688	0.9383259911894273
