GH13_29.hmm	344	demux_S_117.scaffolds_12_30	549	1.1e-168	1	344	24	370	0.997093023255814
GH25.hmm	177	demux_S_117.scaffolds_12_4	293	6.3e-22	82	171	21	117	0.5028248587570622
AA7.hmm	458	demux_S_117.scaffolds_13_74	454	4.6e-64	8	261	34	301	0.5524017467248908
GH73.hmm	128	demux_S_117.scaffolds_14_14	212	1.1e-37	2	128	68	206	0.984375
GH1.hmm	429	demux_S_117.scaffolds_14_4	483	6.3e-140	2	428	3	481	0.993006993006993
GH25.hmm	177	demux_S_117.scaffolds_14_83	395	1.2e-35	2	171	36	215	0.9548022598870056
GT2.hmm	170	demux_S_117.scaffolds_14_9	310	4.9e-29	2	150	7	152	0.8705882352941177
CE1.hmm	227	demux_S_117.scaffolds_15_4	336	2.5e-46	2	223	87	325	0.973568281938326
GH1.hmm	429	demux_S_117.scaffolds_15_59	483	3.4e-148	4	428	5	478	0.9883449883449883
GH29.hmm	346	demux_S_117.scaffolds_18_48	345	2.5e-81	40	332	3	334	0.8439306358381503
GH13_39.hmm	316	demux_S_117.scaffolds_19_21	593	5.9e-120	1	316	182	490	0.9968354430379747
GT35.hmm	674	demux_S_117.scaffolds_19_22	803	4.6e-249	2	673	93	791	0.9955489614243324
GT5.hmm	472	demux_S_117.scaffolds_19_23	482	1.5e-175	1	471	3	475	0.9957627118644068
CBM48.hmm	76	demux_S_117.scaffolds_19_26	700	1.4e-17	3	67	24	99	0.8421052631578947
GH13_9.hmm	301	demux_S_117.scaffolds_19_26	700	3.3e-141	1	301	174	473	0.9966777408637874
GT51.hmm	177	demux_S_117.scaffolds_1_237	769	3.5e-57	2	176	81	260	0.9830508474576272
GT28.hmm	157	demux_S_117.scaffolds_1_39	364	6.6e-48	1	157	188	347	0.9936305732484076
GH20.hmm	337	demux_S_117.scaffolds_20_12	570	1.6e-41	18	315	41	357	0.8813056379821959
GH35.hmm	307	demux_S_117.scaffolds_20_7	599	5.7e-127	1	306	10	327	0.993485342019544
CE9.hmm	373	demux_S_117.scaffolds_20_8	387	4.3e-123	15	373	19	378	0.9597855227882037
CE4.hmm	130	demux_S_117.scaffolds_22_26	333	6.2e-24	4	116	123	249	0.8615384615384616
GH13_31.hmm	349	demux_S_117.scaffolds_23_10	496	2.7e-137	1	348	32	382	0.994269340974212
GH32.hmm	293	demux_S_117.scaffolds_23_12	493	4.4e-73	1	285	40	335	0.9692832764505119
GH36.hmm	688	demux_S_117.scaffolds_25_14	741	1.7e-238	1	687	12	703	0.997093023255814
GH170.hmm	350	demux_S_117.scaffolds_25_18	367	4e-107	1	349	3	361	0.9942857142857143
GT2.hmm	170	demux_S_117.scaffolds_28_7	325	1.5e-27	1	166	10	172	0.9705882352941176
GT4.hmm	160	demux_S_117.scaffolds_28_8	386	8e-31	6	159	199	356	0.95625
CE1.hmm	227	demux_S_117.scaffolds_29_9	266	1.7e-48	1	223	10	261	0.9779735682819384
GT4.hmm	160	demux_S_117.scaffolds_2_116	370	1.9e-31	12	157	188	333	0.90625
GH170.hmm	350	demux_S_117.scaffolds_2_73	367	8.2e-115	1	349	3	361	0.9942857142857143
GT4.hmm	160	demux_S_117.scaffolds_34_8	504	1.4e-32	9	158	324	474	0.93125
GT4.hmm	160	demux_S_117.scaffolds_34_9	520	6.2e-35	6	153	325	473	0.91875
GT4.hmm	160	demux_S_117.scaffolds_37_7	343	6.9e-20	4	154	159	305	0.9375
GT4.hmm	160	demux_S_117.scaffolds_37_8	403	2.6e-29	10	132	203	325	0.7625
AA1.hmm	358	demux_S_117.scaffolds_3_10	510	1.2e-28	9	357	69	455	0.9720670391061452
AA4.hmm	522	demux_S_117.scaffolds_3_107	465	6.4e-21	16	298	11	285	0.5402298850574713
GH88.hmm	329	demux_S_117.scaffolds_4_19	393	2.2e-126	3	329	57	384	0.9908814589665653
PL8.hmm	259	demux_S_117.scaffolds_4_2	1030	2.9e-82	2	257	452	707	0.9845559845559846
PL12_1.hmm	135	demux_S_117.scaffolds_4_25	642	4e-44	1	134	336	474	0.9851851851851852
GH136.hmm	491	demux_S_117.scaffolds_4_27	493	1.6e-110	3	389	38	486	0.7861507128309573
GH13_31.hmm	349	demux_S_117.scaffolds_4_31	561	1.5e-163	1	349	28	378	0.997134670487106
GH4.hmm	179	demux_S_117.scaffolds_4_4	462	1.4e-66	2	178	9	185	0.9832402234636871
GH38.hmm	269	demux_S_117.scaffolds_4_42	884	2.4e-58	1	255	3	252	0.9442379182156134
GH125.hmm	402	demux_S_117.scaffolds_4_43	432	4.9e-138	7	401	29	418	0.9800995024875622
GH1.hmm	429	demux_S_117.scaffolds_4_45	477	5.8e-132	3	425	3	457	0.9836829836829837
GH29.hmm	346	demux_S_117.scaffolds_4_51	415	1.1e-77	40	342	6	307	0.8728323699421965
GT2.hmm	170	demux_S_117.scaffolds_4_9	314	3.1e-29	1	168	5	174	0.9823529411764705
GH1.hmm	429	demux_S_117.scaffolds_54_2	475	3e-147	1	426	1	469	0.9906759906759907
GT51.hmm	177	demux_S_117.scaffolds_5_100	681	7.5e-66	3	177	67	242	0.9830508474576272
GH29.hmm	346	demux_S_117.scaffolds_5_11	379	4.8e-87	32	334	6	376	0.8728323699421965
CE9.hmm	373	demux_S_117.scaffolds_5_21	382	2.5e-122	2	372	7	373	0.9919571045576407
GH1.hmm	429	demux_S_117.scaffolds_5_50	479	1.9e-148	4	428	3	474	0.9883449883449883
GH25.hmm	177	demux_S_117.scaffolds_6_114	255	3e-36	2	174	7	177	0.9717514124293786
GH1.hmm	429	demux_S_117.scaffolds_6_62	477	5.1e-145	1	428	1	472	0.9953379953379954
GH13_31.hmm	349	demux_S_117.scaffolds_6_97	563	1.5e-162	1	349	30	379	0.997134670487106
GH31.hmm	427	demux_S_117.scaffolds_6_99	748	5.6e-121	3	427	162	586	0.9929742388758782
GT2.hmm	170	demux_S_117.scaffolds_77_1	100	1e-21	1	85	17	99	0.49411764705882355
GT51.hmm	177	demux_S_117.scaffolds_7_138	343	1.1e-48	12	149	123	265	0.7740112994350282
GH3.hmm	216	demux_S_117.scaffolds_7_34	796	9.2e-71	7	216	36	252	0.9675925925925926
GT2.hmm	170	demux_S_117.scaffolds_7_41	326	8.9e-37	1	166	10	170	0.9705882352941176
GT83.hmm	540	demux_S_117.scaffolds_7_42	717	3e-26	3	221	6	226	0.40370370370370373
GH13_31.hmm	349	demux_S_117.scaffolds_8_109	542	2.6e-153	1	348	27	361	0.994269340974212
GH65.hmm	372	demux_S_117.scaffolds_8_112	754	1.4e-149	1	371	320	690	0.9946236559139785
CBM34.hmm	120	demux_S_117.scaffolds_8_113	582	1.7e-30	2	119	7	132	0.975
GH13_20.hmm	300	demux_S_117.scaffolds_8_113	582	8.7e-127	1	300	182	485	0.9966666666666667
GH13_31.hmm	349	demux_S_117.scaffolds_8_114	559	9.6e-114	1	348	27	377	0.994269340974212
GH25.hmm	177	demux_S_117.scaffolds_8_20	246	1.1e-32	7	175	59	217	0.9491525423728814
GT2.hmm	170	demux_S_117.scaffolds_8_5	354	1.2e-41	1	142	9	145	0.8294117647058824
GH36.hmm	688	demux_S_117.scaffolds_8_53	764	1.2e-247	2	687	10	714	0.9956395348837209
GT8.hmm	257	demux_S_117.scaffolds_8_55	319	1.6e-52	28	255	5	248	0.8832684824902723
GT8.hmm	257	demux_S_117.scaffolds_8_56	280	2.4e-34	30	254	3	248	0.8715953307392996
GT2.hmm	170	demux_S_117.scaffolds_9_103	261	2.7e-34	1	168	7	172	0.9823529411764705
GH109.hmm	399	demux_S_117.scaffolds_9_75	347	9e-19	6	198	3	198	0.48120300751879697
GH109.hmm	399	demux_S_117.scaffolds_9_76	351	9.2e-19	4	160	4	153	0.39097744360902253
GT2.hmm	170	demux_S_117.scaffolds_9_86	233	2.2e-30	1	165	4	162	0.9647058823529412
GT2.hmm	170	demux_S_117.scaffolds_9_87	295	1.8e-28	1	128	5	129	0.7470588235294118
GT32.hmm	90	demux_S_117.scaffolds_9_88	258	3.8e-17	2	89	18	96	0.9666666666666667
GH25.hmm	177	demux_S_117.scaffolds_9_89	922	2.5e-36	1	174	118	293	0.9774011299435028
