GH25.hmm	177	demux_S_337.scaffolds_100_17	164	2.2e-36	1	116	44	163	0.6497175141242938
GT1.hmm	382	demux_S_337.scaffolds_107_3	393	5.8e-43	28	380	28	389	0.9214659685863874
GH1.hmm	429	demux_S_337.scaffolds_108_3	470	3e-165	4	428	2	466	0.9883449883449883
GT102.hmm	257	demux_S_337.scaffolds_109_5	385	7.1e-75	16	254	123	359	0.9260700389105059
CE9.hmm	373	demux_S_337.scaffolds_10_29	381	1.2e-127	2	371	7	371	0.9892761394101877
GT1.hmm	382	demux_S_337.scaffolds_110_7	398	1.1e-44	12	379	13	393	0.9607329842931938
AA10.hmm	178	demux_S_337.scaffolds_110_8	456	1.9e-55	1	178	41	208	0.9943820224719101
CBM67.hmm	176	demux_S_337.scaffolds_112_1	861	5.7e-31	2	149	117	271	0.8352272727272727
GH78.hmm	504	demux_S_337.scaffolds_112_1	861	3.7e-184	1	503	308	829	0.996031746031746
GT28.hmm	157	demux_S_337.scaffolds_116_5	353	6.6e-41	2	147	188	334	0.9235668789808917
AA4.hmm	522	demux_S_337.scaffolds_119_12	464	1e-24	15	261	6	242	0.47126436781609193
GH25.hmm	177	demux_S_337.scaffolds_11_106	266	3.2e-45	1	177	5	168	0.9943502824858758
CE4.hmm	130	demux_S_337.scaffolds_121_2	276	1.3e-23	8	125	70	191	0.9
GT4.hmm	160	demux_S_337.scaffolds_12_3	438	3.8e-20	4	158	248	404	0.9625
AA4.hmm	522	demux_S_337.scaffolds_13_39	471	1.1e-30	15	260	4	237	0.46934865900383144
CBM41.hmm	102	demux_S_337.scaffolds_144_3	853	3.4e-29	2	102	40	134	0.9803921568627451
GH13_14.hmm	289	demux_S_337.scaffolds_144_3	853	7.3e-126	1	289	395	709	0.9965397923875432
GT4.hmm	160	demux_S_337.scaffolds_152_6	644	3.2e-18	3	156	187	335	0.95625
GT2.hmm	170	demux_S_337.scaffolds_152_6	644	1e-25	1	113	370	485	0.6588235294117647
GH4.hmm	179	demux_S_337.scaffolds_15_12	442	3.9e-79	1	179	5	185	0.994413407821229
GH126.hmm	321	demux_S_337.scaffolds_15_26	413	5e-106	3	320	83	403	0.9875389408099688
GT2.hmm	230	demux_S_337.scaffolds_15_42	434	6.3e-35	2	228	69	294	0.9826086956521739
CE4.hmm	130	demux_S_337.scaffolds_15_7	246	7.4e-27	6	126	42	168	0.9230769230769231
GT26.hmm	171	demux_S_337.scaffolds_164_3	251	2.8e-59	2	171	62	230	0.9883040935672515
GH25.hmm	177	demux_S_337.scaffolds_166_8	269	4.6e-45	1	177	5	168	0.9943502824858758
GH32.hmm	293	demux_S_337.scaffolds_167_4	492	9.9e-99	1	293	32	333	0.9965870307167235
CE14.hmm	124	demux_S_337.scaffolds_16_37	235	5.2e-26	1	124	7	112	0.9919354838709677
GT4.hmm	160	demux_S_337.scaffolds_16_38	382	8.7e-46	5	160	194	346	0.96875
GT51.hmm	177	demux_S_337.scaffolds_16_52	903	1.4e-68	2	176	84	260	0.9830508474576272
GH73.hmm	128	demux_S_337.scaffolds_175_1	453	1.6e-24	2	126	248	359	0.96875
GT51.hmm	177	demux_S_337.scaffolds_179_1	681	1.4e-66	3	177	67	241	0.9830508474576272
GT51.hmm	177	demux_S_337.scaffolds_18_13	684	3.4e-67	4	177	61	235	0.9774011299435028
GT26.hmm	171	demux_S_337.scaffolds_18_58	247	1.2e-69	3	171	61	231	0.9824561403508771
GT4.hmm	160	demux_S_337.scaffolds_18_59	367	1.9e-33	5	150	184	325	0.90625
GT2.hmm	170	demux_S_337.scaffolds_18_66	274	8.7e-23	1	123	4	121	0.7176470588235294
CE1.hmm	227	demux_S_337.scaffolds_196_2	488	1.3e-37	1	223	117	337	0.9779735682819384
GT2.hmm	170	demux_S_337.scaffolds_19_2	324	7.9e-35	1	166	6	166	0.9705882352941176
PL12.hmm	138	demux_S_337.scaffolds_205_2	426	7.4e-22	2	133	293	423	0.9492753623188406
GT2.hmm	170	demux_S_337.scaffolds_205_3	895	5.2e-23	1	130	570	703	0.7588235294117647
GT2.hmm	170	demux_S_337.scaffolds_219_3	325	8.6e-34	1	166	6	166	0.9705882352941176
CBM68.hmm	94	demux_S_337.scaffolds_21_24	714	2.6e-40	1	94	5	96	0.9893617021276596
GH13_14.hmm	289	demux_S_337.scaffolds_21_24	714	1.1e-112	1	289	258	570	0.9965397923875432
CE4.hmm	130	demux_S_337.scaffolds_23_16	368	4.8e-18	8	116	204	320	0.8307692307692308
CE4.hmm	130	demux_S_337.scaffolds_23_17	361	8.9e-20	8	117	197	314	0.8384615384615385
CE9.hmm	373	demux_S_337.scaffolds_24_12	388	5.9e-126	7	373	11	376	0.9812332439678284
CE4.hmm	130	demux_S_337.scaffolds_24_30	235	1.1e-28	4	108	41	145	0.8
CE4.hmm	130	demux_S_337.scaffolds_25_72	255	1.5e-26	2	126	50	177	0.9538461538461539
GT8.hmm	257	demux_S_337.scaffolds_269_1	200	3.4e-26	147	254	1	141	0.4163424124513619
GT4.hmm	160	demux_S_337.scaffolds_269_2	403	3.4e-23	12	157	232	374	0.90625
GT2.hmm	170	demux_S_337.scaffolds_269_3	203	3.9e-36	1	117	6	120	0.6823529411764706
GH170.hmm	350	demux_S_337.scaffolds_26_12	358	1.2e-126	1	349	1	349	0.9942857142857143
GH170.hmm	350	demux_S_337.scaffolds_26_38	362	1.2e-123	1	348	4	358	0.9914285714285714
GH170.hmm	350	demux_S_337.scaffolds_26_44	363	1.4e-127	1	349	3	358	0.9942857142857143
GH25.hmm	177	demux_S_337.scaffolds_29_7	278	1.2e-38	1	177	5	182	0.9943502824858758
GT28.hmm	157	demux_S_337.scaffolds_2_152	365	9.8e-52	2	157	189	350	0.9872611464968153
CE4.hmm	130	demux_S_337.scaffolds_2_46	300	3.2e-29	3	122	105	226	0.9153846153846154
GT2.hmm	170	demux_S_337.scaffolds_34_30	312	3.5e-21	1	109	11	119	0.6352941176470588
GT2.hmm	170	demux_S_337.scaffolds_34_34	367	1.2e-18	1	120	10	120	0.7
GT2.hmm	210	demux_S_337.scaffolds_34_36	229	1.3e-83	2	210	10	220	0.9904761904761905
GT2.hmm	210	demux_S_337.scaffolds_34_37	227	8.7e-83	2	210	8	219	0.9904761904761905
CE1.hmm	227	demux_S_337.scaffolds_36_29	244	4.7e-30	1	222	15	238	0.973568281938326
GT2.hmm	170	demux_S_337.scaffolds_39_22	535	9.6e-24	1	115	23	128	0.6705882352941176
GT2.hmm	170	demux_S_337.scaffolds_39_25	515	9.4e-18	1	122	6	119	0.711764705882353
GT2.hmm	170	demux_S_337.scaffolds_39_25	515	1.9e-16	1	127	274	391	0.7411764705882353
GT28.hmm	157	demux_S_337.scaffolds_39_28	389	7.5e-31	2	155	205	355	0.9745222929936306
GH25.hmm	177	demux_S_337.scaffolds_39_4	270	4.8e-40	1	177	5	172	0.9943502824858758
GH13_29.hmm	344	demux_S_337.scaffolds_3_46	554	1e-185	1	344	25	368	0.997093023255814
GH113.hmm	306	demux_S_337.scaffolds_43_6	356	4.3e-37	14	294	45	338	0.9150326797385621
GH18.hmm	296	demux_S_337.scaffolds_48_31	1120	8.6e-38	2	279	111	403	0.9358108108108109
CE4.hmm	130	demux_S_337.scaffolds_48_31	1120	3.7e-31	4	126	482	611	0.9384615384615385
GT2.hmm	230	demux_S_337.scaffolds_48_31	1120	1.5e-36	1	230	758	980	0.9956521739130435
GT2.hmm	170	demux_S_337.scaffolds_48_34	254	1.1e-23	1	109	19	123	0.6352941176470588
GH109.hmm	399	demux_S_337.scaffolds_48_9	354	4.4e-19	6	162	3	151	0.39097744360902253
GT35.hmm	674	demux_S_337.scaffolds_4_10	803	1.7e-275	2	673	93	795	0.9955489614243324
GT4.hmm	160	demux_S_337.scaffolds_4_122	381	2e-38	3	159	192	344	0.975
CBM48.hmm	76	demux_S_337.scaffolds_4_6	646	1.4e-17	3	70	26	110	0.881578947368421
GH13_9.hmm	301	demux_S_337.scaffolds_4_6	646	2.6e-144	1	301	178	468	0.9966777408637874
GT5.hmm	472	demux_S_337.scaffolds_4_9	477	9e-191	1	471	2	472	0.9957627118644068
CE14.hmm	124	demux_S_337.scaffolds_56_1	221	6.8e-32	1	124	6	124	0.9919354838709677
GH13_5.hmm	342	demux_S_337.scaffolds_56_22	514	1.5e-156	2	342	60	399	0.9941520467836257
CE1.hmm	227	demux_S_337.scaffolds_58_18	276	4.5e-23	6	208	27	255	0.8898678414096917
GH18.hmm	296	demux_S_337.scaffolds_58_9	361	1.8e-27	5	240	36	346	0.793918918918919
GH18.hmm	296	demux_S_337.scaffolds_5_24	675	2e-95	3	287	39	457	0.9594594594594594
CBM2.hmm	101	demux_S_337.scaffolds_5_24	675	1.8e-22	2	86	580	663	0.8316831683168316
CE4.hmm	130	demux_S_337.scaffolds_5_63	261	1.9e-35	2	122	61	184	0.9230769230769231
AA7.hmm	458	demux_S_337.scaffolds_5_8	445	7.7e-100	3	228	21	249	0.4912663755458515
GH13_31.hmm	349	demux_S_337.scaffolds_5_9	555	1e-165	1	349	28	372	0.997134670487106
GT51.hmm	177	demux_S_337.scaffolds_60_4	259	2.8e-65	20	177	61	218	0.8870056497175142
GH109.hmm	399	demux_S_337.scaffolds_62_10	341	2.7e-22	5	156	3	145	0.37844611528822053
CBM32.hmm	124	demux_S_337.scaffolds_62_17	656	1.2e-24	17	122	532	648	0.8467741935483871
AA10.hmm	178	demux_S_337.scaffolds_63_21	222	4.8e-58	1	178	35	199	0.9943820224719101
AA1.hmm	358	demux_S_337.scaffolds_64_18	555	1.6e-69	9	357	73	530	0.9720670391061452
GT1.hmm	382	demux_S_337.scaffolds_67_1	404	1.5e-49	148	379	149	393	0.6047120418848168
GH13_31.hmm	349	demux_S_337.scaffolds_69_1	565	3.6e-178	1	349	34	381	0.997134670487106
CBM34.hmm	120	demux_S_337.scaffolds_69_2	587	1.7e-40	1	120	6	125	0.9916666666666667
GH13_20.hmm	300	demux_S_337.scaffolds_69_2	587	4.9e-135	1	300	173	469	0.9966666666666667
GH109.hmm	399	demux_S_337.scaffolds_6_110	344	3.1e-21	4	164	2	151	0.40100250626566414
GH25.hmm	177	demux_S_337.scaffolds_6_29	350	3.8e-53	1	177	12	190	0.9943502824858758
CE4.hmm	130	demux_S_337.scaffolds_6_90	214	5.4e-34	5	125	18	139	0.9230769230769231
GH18.hmm	296	demux_S_337.scaffolds_6_99	431	9.3e-41	48	278	145	410	0.777027027027027
GT51.hmm	177	demux_S_337.scaffolds_74_1	800	2.1e-69	2	176	84	260	0.9830508474576272
GH23.hmm	135	demux_S_337.scaffolds_7_73	260	5.3e-27	17	120	153	255	0.762962962962963
CE4.hmm	130	demux_S_337.scaffolds_81_14	276	1.2e-35	6	125	78	199	0.9153846153846154
CE4.hmm	130	demux_S_337.scaffolds_81_2	274	4.8e-27	5	126	65	190	0.9307692307692308
GH129.hmm	618	demux_S_337.scaffolds_81_7	767	1.5e-39	323	611	423	758	0.46601941747572817
GT8.hmm	257	demux_S_337.scaffolds_83_1	110	2.2e-16	31	137	4	109	0.41245136186770426
GT32.hmm	90	demux_S_337.scaffolds_83_2	253	3.3e-24	3	88	32	108	0.9444444444444444
GT2.hmm	170	demux_S_337.scaffolds_83_4	298	1.3e-25	1	155	5	153	0.9058823529411765
GT4.hmm	160	demux_S_337.scaffolds_83_5	370	1.9e-27	5	147	192	331	0.8875
GT4.hmm	160	demux_S_337.scaffolds_83_6	386	1.2e-42	6	157	195	344	0.94375
GH25.hmm	177	demux_S_337.scaffolds_87_13	266	8.9e-44	2	177	6	168	0.9887005649717514
GH13.hmm	299	demux_S_337.scaffolds_87_4	432	3.1e-39	13	296	68	286	0.9464882943143813
GT2.hmm	170	demux_S_337.scaffolds_95_9	854	3.3e-24	1	132	19	148	0.7705882352941177
GT2.hmm	170	demux_S_337.scaffolds_95_9	854	4.1e-24	1	151	325	478	0.8823529411764706
GT51.hmm	177	demux_S_337.scaffolds_9_51	706	3.5e-73	2	176	51	225	0.9830508474576272
