GH73.hmm	128	demux_S_71.scaffolds_10_167	519	2.6e-34	2	128	12	144	0.984375
GH109.hmm	399	demux_S_71.scaffolds_11_20	472	5.9e-168	2	398	57	461	0.9924812030075187
GH63.hmm	570	demux_S_71.scaffolds_11_63	690	1.9e-161	11	565	11	686	0.9719298245614035
GH2.hmm	752	demux_S_71.scaffolds_11_64	1076	2.7e-235	21	750	84	938	0.9694148936170213
GH57.hmm	383	demux_S_71.scaffolds_12_112	471	7.3e-50	12	313	20	326	0.7859007832898173
GT4.hmm	160	demux_S_71.scaffolds_12_113	422	2.8e-35	7	155	240	385	0.925
GH133.hmm	372	demux_S_71.scaffolds_12_114	656	8.1e-105	8	372	296	645	0.978494623655914
GH141.hmm	527	demux_S_71.scaffolds_12_24	624	2.2e-214	2	526	22	580	0.9943074003795066
GH31.hmm	427	demux_S_71.scaffolds_12_25	749	5.9e-134	2	427	283	715	0.9953161592505855
GT4.hmm	160	demux_S_71.scaffolds_12_3	376	3e-22	7	158	194	347	0.94375
PL29.hmm	301	demux_S_71.scaffolds_12_37	1029	2e-18	31	275	96	327	0.8106312292358804
PL1_2.hmm	183	demux_S_71.scaffolds_12_38	561	4.5e-62	1	183	134	324	0.994535519125683
GT2.hmm	170	demux_S_71.scaffolds_12_4	265	5e-30	1	106	12	113	0.6176470588235294
PL1_2.hmm	183	demux_S_71.scaffolds_12_40	578	6.4e-65	1	183	133	326	0.994535519125683
GH2.hmm	752	demux_S_71.scaffolds_12_45	875	2.4e-95	29	491	37	597	0.6143617021276596
GT11.hmm	276	demux_S_71.scaffolds_12_5	328	8.5e-54	2	275	2	323	0.9891304347826086
GT5.hmm	472	demux_S_71.scaffolds_12_53	275	4.1e-44	1	222	5	238	0.4682203389830508
GT4.hmm	160	demux_S_71.scaffolds_12_7	390	5.1e-27	12	154	211	356	0.8875
PL29.hmm	301	demux_S_71.scaffolds_13_111	1044	6.9e-16	40	277	114	343	0.7873754152823921
GT2.hmm	170	demux_S_71.scaffolds_13_121	824	2.4e-17	1	122	249	372	0.711764705882353
CE1.hmm	227	demux_S_71.scaffolds_13_9	273	1.3e-49	1	219	31	260	0.960352422907489
GH146.hmm	503	demux_S_71.scaffolds_14_30	784	2.7e-213	1	503	35	543	0.9980119284294234
GH35.hmm	307	demux_S_71.scaffolds_14_34	783	1.3e-118	1	306	32	344	0.993485342019544
GH51.hmm	630	demux_S_71.scaffolds_14_35	833	2.5e-99	105	428	371	716	0.5126984126984127
GH43_19.hmm	233	demux_S_71.scaffolds_14_36	648	5.6e-94	1	233	82	313	0.9957081545064378
GH43_34.hmm	280	demux_S_71.scaffolds_14_36	648	4e-98	1	280	341	639	0.9964285714285714
CBM67.hmm	176	demux_S_71.scaffolds_14_37	1173	3.8e-27	13	172	362	538	0.9034090909090909
GH78.hmm	504	demux_S_71.scaffolds_14_37	1173	1e-161	2	504	579	1125	0.996031746031746
GH43_17.hmm	266	demux_S_71.scaffolds_14_45	334	1.8e-96	3	264	39	303	0.981203007518797
GH43_24.hmm	246	demux_S_71.scaffolds_14_46	381	1.4e-104	2	246	52	346	0.991869918699187
GH43_9.hmm	272	demux_S_71.scaffolds_14_47	819	6.2e-121	3	272	25	288	0.9889705882352942
CBM91.hmm	200	demux_S_71.scaffolds_14_47	819	1e-19	5	198	310	485	0.965
GH43_19.hmm	233	demux_S_71.scaffolds_14_47	819	3.5e-82	1	233	537	792	0.9957081545064378
GH105.hmm	332	demux_S_71.scaffolds_14_55	708	6.2e-74	25	332	1	308	0.9246987951807228
GH154.hmm	348	demux_S_71.scaffolds_14_55	708	2.4e-106	1	348	317	679	0.9971264367816092
PL42.hmm	296	demux_S_71.scaffolds_14_56	413	6e-126	1	296	21	313	0.9966216216216216
GT2.hmm	170	demux_S_71.scaffolds_14_69	330	7.6e-27	1	148	4	148	0.8647058823529412
GH29.hmm	346	demux_S_71.scaffolds_14_77	620	5e-82	31	339	40	369	0.8901734104046243
CBM32.hmm	124	demux_S_71.scaffolds_14_77	620	3.8e-17	15	107	499	599	0.7419354838709677
GH2.hmm	752	demux_S_71.scaffolds_14_78	1020	3.6e-213	15	750	48	903	0.9773936170212766
GH20.hmm	337	demux_S_71.scaffolds_14_79	772	6.2e-112	8	336	154	512	0.973293768545994
GH92.hmm	491	demux_S_71.scaffolds_14_97	731	2e-187	5	487	241	729	0.9816700610997964
GT4.hmm	160	demux_S_71.scaffolds_15_11	382	7e-33	10	156	199	345	0.9125
GT2.hmm	170	demux_S_71.scaffolds_15_15	337	1.5e-34	1	133	11	149	0.7764705882352941
GT4.hmm	160	demux_S_71.scaffolds_15_16	384	1.3e-33	10	160	203	352	0.9375
GT2.hmm	170	demux_S_71.scaffolds_15_17	345	1.2e-39	1	125	3	124	0.7294117647058823
GT2.hmm	170	demux_S_71.scaffolds_15_18	313	1e-21	1	114	23	135	0.6647058823529411
GT4.hmm	160	demux_S_71.scaffolds_15_19	391	1.2e-26	7	117	211	320	0.6875
GT32.hmm	90	demux_S_71.scaffolds_15_20	231	1.8e-21	3	89	20	97	0.9555555555555556
GT4.hmm	160	demux_S_71.scaffolds_15_21	426	1.8e-23	7	157	253	400	0.9375
GT2.hmm	170	demux_S_71.scaffolds_15_23	342	8.4e-36	1	162	5	171	0.9470588235294117
GT101.hmm	224	demux_S_71.scaffolds_15_24	304	3.1e-86	1	224	57	280	0.9955357142857143
GT2.hmm	170	demux_S_71.scaffolds_15_27	327	2.7e-39	1	124	3	124	0.7235294117647059
GT4.hmm	160	demux_S_71.scaffolds_15_28	382	5e-27	11	151	212	350	0.875
GT4.hmm	160	demux_S_71.scaffolds_15_29	383	8e-27	7	154	208	352	0.91875
GH2.hmm	752	demux_S_71.scaffolds_15_3	1064	2.5e-214	25	751	48	946	0.9654255319148937
GT2.hmm	170	demux_S_71.scaffolds_15_30	308	7.8e-22	1	113	7	117	0.6588235294117647
GH2.hmm	752	demux_S_71.scaffolds_15_4	947	5.2e-126	35	741	40	823	0.9388297872340425
GH106.hmm	824	demux_S_71.scaffolds_15_5	1077	1.6e-117	95	468	359	720	0.4526699029126214
CE20.hmm	249	demux_S_71.scaffolds_15_6	481	3.8e-93	3	248	110	370	0.9839357429718876
GH139.hmm	777	demux_S_71.scaffolds_15_7	744	0	5	774	3	740	0.9897039897039897
GH28.hmm	325	demux_S_71.scaffolds_15_70	466	3.7e-74	9	308	78	429	0.92
GH143.hmm	556	demux_S_71.scaffolds_15_84	1104	7.1e-299	4	556	18	565	0.9928057553956835
GH142.hmm	479	demux_S_71.scaffolds_15_84	1104	7.7e-233	1	479	628	1096	0.9979123173277662
CBM67.hmm	176	demux_S_71.scaffolds_15_85	919	3.1e-34	12	171	174	343	0.9034090909090909
GH78.hmm	504	demux_S_71.scaffolds_15_85	919	6.9e-162	3	504	384	900	0.9940476190476191
GH28.hmm	325	demux_S_71.scaffolds_15_86	447	1e-96	9	309	55	424	0.9230769230769231
CE19.hmm	332	demux_S_71.scaffolds_15_87	447	6.7e-135	2	327	117	445	0.9789156626506024
GH20.hmm	337	demux_S_71.scaffolds_16_107	769	6.9e-113	9	336	156	503	0.9703264094955489
GT11.hmm	276	demux_S_71.scaffolds_16_55	282	8.1e-75	3	275	3	277	0.9855072463768116
GT2.hmm	170	demux_S_71.scaffolds_16_80	337	3.7e-22	1	120	35	156	0.7
GT2.hmm	170	demux_S_71.scaffolds_16_81	349	8.6e-27	1	127	6	134	0.7411764705882353
GT2.hmm	170	demux_S_71.scaffolds_16_83	270	2.3e-19	1	129	4	128	0.7529411764705882
GT2.hmm	170	demux_S_71.scaffolds_16_84	343	1.1e-28	1	114	5	116	0.6647058823529411
GT4.hmm	160	demux_S_71.scaffolds_16_85	354	2e-17	10	153	183	319	0.89375
GT4.hmm	160	demux_S_71.scaffolds_16_89	400	1.1e-19	6	159	208	366	0.95625
PL12_3.hmm	144	demux_S_71.scaffolds_16_90	617	3.9e-41	1	144	390	529	0.9930555555555556
GH2.hmm	752	demux_S_71.scaffolds_17_10	605	6.1e-101	23	413	50	509	0.5186170212765957
GH20.hmm	337	demux_S_71.scaffolds_17_27	789	2.1e-121	8	336	138	504	0.973293768545994
GH43_3.hmm	299	demux_S_71.scaffolds_17_3	334	1.3e-109	1	299	34	317	0.9966555183946488
GH123.hmm	538	demux_S_71.scaffolds_17_35	583	2.9e-238	3	537	43	580	0.9925650557620818
GH43_31.hmm	268	demux_S_71.scaffolds_17_4	323	1.2e-105	2	268	42	300	0.9925373134328358
GH43_31.hmm	268	demux_S_71.scaffolds_17_5	878	7.9e-106	2	268	31	458	0.9925373134328358
GH2.hmm	752	demux_S_71.scaffolds_17_54	779	6.2e-120	27	474	24	537	0.5944148936170213
GH28.hmm	325	demux_S_71.scaffolds_17_57	446	8.1e-60	9	315	81	430	0.9415384615384615
GH2.hmm	752	demux_S_71.scaffolds_18_46	893	2.5e-91	20	491	34	613	0.6263297872340425
GH63.hmm	570	demux_S_71.scaffolds_18_65	461	7.1e-20	362	562	72	445	0.3508771929824561
GH84.hmm	295	demux_S_71.scaffolds_19_36	738	6.9e-118	1	294	149	441	0.9932203389830508
GH109.hmm	399	demux_S_71.scaffolds_19_72	522	4.7e-158	2	397	64	474	0.9899749373433584
GH165.hmm	635	demux_S_71.scaffolds_19_80	559	9.9e-222	121	631	21	557	0.8031496062992126
CE12.hmm	210	demux_S_71.scaffolds_19_85	631	1.4e-76	1	210	27	249	0.9952380952380953
CE4.hmm	130	demux_S_71.scaffolds_19_85	631	5.3e-27	10	120	346	467	0.8461538461538461
PL26.hmm	862	demux_S_71.scaffolds_1_10	1099	0	2	858	239	1093	0.9930394431554525
CE9.hmm	373	demux_S_71.scaffolds_1_125	388	5.6e-107	1	373	5	377	0.9973190348525469
GH16_3.hmm	230	demux_S_71.scaffolds_1_137	264	1.7e-51	1	230	34	260	0.9956521739130435
GH10.hmm	303	demux_S_71.scaffolds_1_139	376	9.6e-102	1	301	32	370	0.9900990099009901
GH43_1.hmm	310	demux_S_71.scaffolds_1_140	324	2.8e-162	2	310	8	317	0.9935483870967742
GH43_12.hmm	281	demux_S_71.scaffolds_1_141	633	1.1e-111	2	281	125	420	0.9928825622775801
CBM91.hmm	200	demux_S_71.scaffolds_1_141	633	6.6e-57	4	179	451	630	0.875
GH43_10.hmm	271	demux_S_71.scaffolds_1_146	528	2.3e-101	2	271	27	294	0.992619926199262
CBM91.hmm	200	demux_S_71.scaffolds_1_146	528	1e-31	5	197	323	526	0.96
GH115.hmm	697	demux_S_71.scaffolds_1_147	865	2.3e-281	3	697	36	837	0.9956958393113343
GH67.hmm	669	demux_S_71.scaffolds_1_148	682	7.3e-265	63	667	65	650	0.9028400597907325
CE20.hmm	249	demux_S_71.scaffolds_1_149	646	2.9e-40	3	121	98	233	0.4738955823293173
CE20.hmm	249	demux_S_71.scaffolds_1_149	646	2.4e-45	121	246	404	529	0.5020080321285141
PL10_2.hmm	275	demux_S_71.scaffolds_1_15	503	1.4e-122	1	275	111	390	0.9963636363636363
GT2.hmm	170	demux_S_71.scaffolds_1_173	342	7.7e-23	1	128	5	128	0.7470588235294118
GH115.hmm	697	demux_S_71.scaffolds_1_18	784	2.7e-244	7	697	27	775	0.9899569583931134
CE1.hmm	227	demux_S_71.scaffolds_1_187	290	1.9e-23	1	175	36	231	0.7665198237885462
GH28.hmm	325	demux_S_71.scaffolds_1_19	463	1.6e-69	6	321	76	449	0.9692307692307692
PL11_1.hmm	583	demux_S_71.scaffolds_1_20	636	3.6e-269	2	574	32	623	0.9811320754716981
GH105.hmm	332	demux_S_71.scaffolds_1_21	472	1e-91	9	331	99	434	0.9698795180722891
GH171.hmm	355	demux_S_71.scaffolds_1_222	387	3.5e-117	1	355	42	385	0.9971830985915493
GH33.hmm	342	demux_S_71.scaffolds_1_229	547	1.7e-92	12	330	194	530	0.9298245614035088
GH20.hmm	337	demux_S_71.scaffolds_1_230	669	1.1e-59	9	335	140	411	0.9673590504451038
CE20.hmm	249	demux_S_71.scaffolds_1_232	688	1.3e-85	3	249	299	580	0.9879518072289156
GH2.hmm	752	demux_S_71.scaffolds_1_233	856	8e-111	21	573	20	758	0.7340425531914894
GH20.hmm	337	demux_S_71.scaffolds_1_234	775	4.8e-125	9	336	155	509	0.9703264094955489
GH20.hmm	337	demux_S_71.scaffolds_1_236	685	9.1e-119	8	336	143	490	0.973293768545994
GH92.hmm	491	demux_S_71.scaffolds_1_237	751	4.8e-175	2	491	259	747	0.9959266802443992
GH2.hmm	752	demux_S_71.scaffolds_1_238	835	5.1e-123	24	584	22	767	0.7446808510638298
CE9.hmm	373	demux_S_71.scaffolds_1_239	388	3.9e-108	1	373	5	378	0.9973190348525469
GH3.hmm	216	demux_S_71.scaffolds_1_28	993	2.8e-56	4	215	105	325	0.9768518518518519
CE4.hmm	130	demux_S_71.scaffolds_1_3	326	1.4e-27	9	115	37	152	0.8153846153846154
GH51.hmm	630	demux_S_71.scaffolds_1_318	508	1.7e-143	82	542	15	507	0.7301587301587301
GH29.hmm	346	demux_S_71.scaffolds_1_320	450	3.9e-104	27	346	23	339	0.9219653179190751
CBM9.hmm	182	demux_S_71.scaffolds_1_321	680	7.4e-43	1	180	47	250	0.9835164835164835
GT4.hmm	160	demux_S_71.scaffolds_1_338	416	5.7e-19	71	153	299	382	0.5125
GT2.hmm	170	demux_S_71.scaffolds_1_339	275	8.7e-26	1	150	12	151	0.8764705882352941
GT4.hmm	160	demux_S_71.scaffolds_1_341	359	1e-28	4	147	188	328	0.89375
GT14.hmm	250	demux_S_71.scaffolds_1_347	292	1.1e-45	2	239	5	249	0.948
GH88.hmm	329	demux_S_71.scaffolds_1_35	411	1.1e-122	4	329	72	397	0.9878419452887538
GH97.hmm	631	demux_S_71.scaffolds_1_37	628	1.5e-160	6	630	11	624	0.9889064976228209
GH28.hmm	325	demux_S_71.scaffolds_1_41	501	5.4e-36	65	305	176	476	0.7384615384615385
GH97.hmm	631	demux_S_71.scaffolds_1_42	645	4.6e-181	5	630	13	626	0.9904912836767037
GH92.hmm	491	demux_S_71.scaffolds_1_43	799	1.8e-152	2	491	250	779	0.9959266802443992
GH3.hmm	216	demux_S_71.scaffolds_1_45	789	1.2e-64	3	213	135	357	0.9722222222222222
PL40.hmm	873	demux_S_71.scaffolds_1_47	940	7.5e-212	7	837	7	930	0.9507445589919816
GH2.hmm	752	demux_S_71.scaffolds_1_48	724	6.4e-91	28	465	22	613	0.5811170212765957
GH13_38.hmm	375	demux_S_71.scaffolds_1_487	566	6.6e-189	1	375	33	400	0.9973333333333333
PL40.hmm	873	demux_S_71.scaffolds_1_49	910	7.7e-261	5	846	2	899	0.9633447880870561
GT2.hmm	170	demux_S_71.scaffolds_1_496	402	9.4e-19	2	120	63	178	0.6941176470588235
GT4.hmm	160	demux_S_71.scaffolds_1_497	373	2.5e-29	7	156	192	341	0.93125
GT2.hmm	170	demux_S_71.scaffolds_1_498	281	5.3e-24	1	112	41	146	0.6529411764705882
GT4.hmm	160	demux_S_71.scaffolds_1_500	383	7.5e-35	8	160	202	351	0.95
GT4.hmm	160	demux_S_71.scaffolds_1_502	384	3.8e-39	10	160	204	353	0.9375
GT4.hmm	160	demux_S_71.scaffolds_1_503	382	3.3e-34	8	159	202	352	0.94375
GT2.hmm	170	demux_S_71.scaffolds_1_504	342	1.2e-31	1	166	6	169	0.9705882352941176
GT2.hmm	170	demux_S_71.scaffolds_1_505	317	7.7e-24	1	158	10	163	0.9235294117647059
GT4.hmm	160	demux_S_71.scaffolds_1_506	394	2.2e-33	6	148	211	352	0.8875
GT23.hmm	318	demux_S_71.scaffolds_1_509	306	5.1e-59	7	280	4	287	0.8584905660377359
GT2.hmm	170	demux_S_71.scaffolds_1_510	272	2.7e-21	1	130	7	130	0.7588235294117647
GT2.hmm	170	demux_S_71.scaffolds_1_511	316	9.6e-36	1	133	5	155	0.7764705882352941
GT111.hmm	217	demux_S_71.scaffolds_1_512	275	9.9e-74	1	215	7	231	0.9861751152073732
GT2.hmm	230	demux_S_71.scaffolds_1_514	387	2.5e-29	3	229	47	267	0.9826086956521739
GT2.hmm	230	demux_S_71.scaffolds_1_515	375	1.1e-20	2	227	45	263	0.9782608695652174
GT2.hmm	170	demux_S_71.scaffolds_1_516	302	5e-18	1	167	9	180	0.9764705882352941
GT2.hmm	170	demux_S_71.scaffolds_1_553	320	1.8e-27	1	131	4	133	0.7647058823529411
GT2.hmm	170	demux_S_71.scaffolds_1_555	328	1.4e-30	1	106	7	110	0.6176470588235294
GT11.hmm	276	demux_S_71.scaffolds_1_556	267	3.1e-58	3	275	4	265	0.9855072463768116
GT2.hmm	170	demux_S_71.scaffolds_1_557	329	7.1e-34	4	154	1	145	0.8823529411764706
GT4.hmm	160	demux_S_71.scaffolds_1_559	363	3.9e-26	6	157	180	330	0.94375
GT26.hmm	171	demux_S_71.scaffolds_1_560	238	5.5e-56	2	171	47	222	0.9883040935672515
GH28.hmm	325	demux_S_71.scaffolds_1_57	516	4.5e-61	5	306	50	389	0.9261538461538461
GH106.hmm	824	demux_S_71.scaffolds_1_6	952	1e-273	4	823	32	945	0.9939320388349514
GH28.hmm	325	demux_S_71.scaffolds_1_60	462	1.5e-43	63	309	185	444	0.7569230769230769
GH106.hmm	824	demux_S_71.scaffolds_1_62	1261	4.9e-139	92	652	344	895	0.6796116504854369
GH39.hmm	431	demux_S_71.scaffolds_1_63	545	4.2e-137	2	431	30	500	0.9953596287703016
GH146.hmm	503	demux_S_71.scaffolds_1_65	647	1.8e-197	1	503	55	560	0.9980119284294234
GH51.hmm	630	demux_S_71.scaffolds_1_66	795	8.8e-75	116	543	363	793	0.6777777777777778
PL40.hmm	873	demux_S_71.scaffolds_1_68	879	4.8e-205	1	840	1	867	0.9610538373424972
GH97.hmm	631	demux_S_71.scaffolds_1_69	646	9.9e-170	6	630	15	626	0.9889064976228209
GH2.hmm	752	demux_S_71.scaffolds_1_7	1002	4.2e-64	24	416	22	507	0.5212765957446809
GH43_10.hmm	271	demux_S_71.scaffolds_1_70	550	5.9e-108	2	271	38	307	0.992619926199262
CBM91.hmm	200	demux_S_71.scaffolds_1_70	550	4.1e-19	4	195	341	546	0.955
GH88.hmm	329	demux_S_71.scaffolds_1_71	408	3.5e-126	3	329	72	395	0.9908814589665653
GH29.hmm	346	demux_S_71.scaffolds_1_78	680	8e-91	38	346	22	335	0.8901734104046243
PL11_1.hmm	583	demux_S_71.scaffolds_1_8	609	5.4e-235	4	567	20	608	0.9656946826758147
CE11.hmm	271	demux_S_71.scaffolds_1_82	462	3.9e-73	1	221	4	225	0.8118081180811808
CE12.hmm	210	demux_S_71.scaffolds_1_9	548	2.1e-52	2	210	65	284	0.9904761904761905
CE12.hmm	210	demux_S_71.scaffolds_1_9	548	2.6e-62	2	210	316	535	0.9904761904761905
GH20.hmm	337	demux_S_71.scaffolds_1_92	769	3.3e-120	8	336	160	514	0.973293768545994
GH31.hmm	427	demux_S_71.scaffolds_1_96	824	4.9e-136	1	427	220	711	0.9976580796252927
GH95.hmm	722	demux_S_71.scaffolds_20_61	839	6.8e-61	6	713	43	754	0.9792243767313019
GH29.hmm	346	demux_S_71.scaffolds_20_67	677	3.3e-79	35	332	23	337	0.8583815028901735
GH20.hmm	337	demux_S_71.scaffolds_20_69	540	5.4e-125	7	336	153	505	0.9762611275964391
GH117.hmm	211	demux_S_71.scaffolds_20_70	412	7.5e-18	52	210	231	386	0.7488151658767772
GH24.hmm	137	demux_S_71.scaffolds_21_12	176	7.2e-17	5	137	43	168	0.9635036496350365
GH27.hmm	229	demux_S_71.scaffolds_21_25	536	8.9e-69	4	228	134	369	0.9781659388646288
GH92.hmm	491	demux_S_71.scaffolds_21_34	741	7e-195	5	491	241	734	0.9898167006109979
GH92.hmm	491	demux_S_71.scaffolds_21_37	761	8.5e-194	4	491	244	751	0.9918533604887984
GH92.hmm	491	demux_S_71.scaffolds_21_38	771	1.6e-184	3	491	242	748	0.9938900203665988
GH97.hmm	631	demux_S_71.scaffolds_21_45	672	8.2e-232	3	630	11	666	0.993660855784469
GH130.hmm	296	demux_S_71.scaffolds_21_47	334	3.5e-89	1	296	27	328	0.9966216216216216
GH109.hmm	399	demux_S_71.scaffolds_21_53	414	1e-171	3	399	14	413	0.9924812030075187
GH2.hmm	752	demux_S_71.scaffolds_21_57	1032	1.3e-225	15	749	48	902	0.976063829787234
GH23.hmm	135	demux_S_71.scaffolds_21_59	333	1.4e-25	2	123	103	237	0.8962962962962963
GH136.hmm	491	demux_S_71.scaffolds_21_64	505	8.7e-91	5	433	24	466	0.8716904276985743
GT4.hmm	160	demux_S_71.scaffolds_22_36	379	1.5e-32	9	160	195	346	0.94375
GT2.hmm	170	demux_S_71.scaffolds_22_38	305	1.8e-30	1	129	6	135	0.7529411764705882
GT4.hmm	160	demux_S_71.scaffolds_22_40	367	3.4e-32	12	155	186	337	0.89375
GT2.hmm	170	demux_S_71.scaffolds_22_41	301	7.2e-24	1	160	6	160	0.9352941176470588
GT4.hmm	160	demux_S_71.scaffolds_22_42	392	4.5e-27	6	157	194	350	0.94375
GH13_14.hmm	289	demux_S_71.scaffolds_23_20	665	4e-121	1	289	198	522	0.9965397923875432
CE20.hmm	249	demux_S_71.scaffolds_24_3	639	2e-25	4	121	102	220	0.46987951807228917
CE20.hmm	249	demux_S_71.scaffolds_24_3	639	3e-39	121	248	404	530	0.5100401606425703
GH95.hmm	722	demux_S_71.scaffolds_25_58	820	6.2e-300	5	713	21	755	0.9806094182825484
GT4.hmm	160	demux_S_71.scaffolds_26_30	376	8.7e-17	6	153	198	336	0.91875
GT4.hmm	160	demux_S_71.scaffolds_26_33	329	4.6e-20	2	153	157	296	0.94375
GT4.hmm	160	demux_S_71.scaffolds_26_38	366	3.3e-30	9	159	185	336	0.9375
GT2.hmm	170	demux_S_71.scaffolds_26_41	302	4.8e-18	2	109	7	105	0.6294117647058823
GT2.hmm	170	demux_S_71.scaffolds_26_42	273	6.3e-27	1	129	4	129	0.7529411764705882
GH78.hmm	504	demux_S_71.scaffolds_26_50	715	3.5e-118	4	483	191	677	0.9503968253968254
GH141.hmm	527	demux_S_71.scaffolds_26_51	608	3.1e-224	2	527	21	568	0.9962049335863378
GH127.hmm	524	demux_S_71.scaffolds_26_52	702	1.1e-191	1	524	44	607	0.9980916030534351
CBM67.hmm	176	demux_S_71.scaffolds_26_53	1322	1.1e-34	3	169	148	329	0.9431818181818182
GH78.hmm	504	demux_S_71.scaffolds_26_53	1322	6.9e-154	6	504	358	888	0.9880952380952381
GH33.hmm	342	demux_S_71.scaffolds_26_53	1322	2.7e-37	15	325	946	1303	0.9064327485380117
GH140.hmm	412	demux_S_71.scaffolds_26_54	490	2e-172	1	412	34	463	0.9975728155339806
GH105.hmm	332	demux_S_71.scaffolds_26_55	399	1.7e-122	5	332	51	396	0.9849397590361446
GH95.hmm	722	demux_S_71.scaffolds_26_56	815	2.6e-295	3	713	20	751	0.9833795013850416
GT2.hmm	170	demux_S_71.scaffolds_26_60	318	3e-36	1	168	4	167	0.9823529411764705
GH137.hmm	340	demux_S_71.scaffolds_26_7	1424	1.2e-157	2	340	19	367	0.9941176470588236
GH2.hmm	752	demux_S_71.scaffolds_26_7	1424	4.5e-81	21	388	370	807	0.488031914893617
CBM57.hmm	147	demux_S_71.scaffolds_26_7	1424	3.9e-46	2	147	1084	1252	0.9863945578231292
GH138.hmm	907	demux_S_71.scaffolds_26_9	902	0	1	907	4	901	0.9988974641675854
GH32.hmm	293	demux_S_71.scaffolds_27_51	628	4.7e-94	1	290	134	439	0.9863481228668942
GH43_18.hmm	229	demux_S_71.scaffolds_28_10	785	7.3e-86	2	229	67	301	0.9912663755458515
GH43_34.hmm	280	demux_S_71.scaffolds_28_10	785	3.5e-67	1	280	318	611	0.9964285714285714
GH2.hmm	752	demux_S_71.scaffolds_28_11	956	3e-71	26	587	19	755	0.7460106382978723
CE12.hmm	210	demux_S_71.scaffolds_28_12	425	1.9e-72	1	210	174	379	0.9952380952380953
GH28.hmm	325	demux_S_71.scaffolds_28_13	495	9.3e-63	6	308	80	450	0.9292307692307692
GH28.hmm	325	demux_S_71.scaffolds_28_16	476	1.3e-61	8	309	47	394	0.9261538461538461
GH106.hmm	824	demux_S_71.scaffolds_28_17	921	0	3	823	19	915	0.9951456310679612
GH78.hmm	504	demux_S_71.scaffolds_28_4	594	5e-96	3	499	92	591	0.9841269841269841
GH29.hmm	346	demux_S_71.scaffolds_28_45	549	2.2e-101	2	346	14	433	0.9942196531791907
CE15.hmm	269	demux_S_71.scaffolds_28_5	428	4e-97	1	268	44	425	0.9925650557620818
PL11.hmm	606	demux_S_71.scaffolds_28_6	618	3e-165	3	571	56	617	0.9372937293729373
GH106.hmm	824	demux_S_71.scaffolds_28_7	1096	1.8e-82	2	654	37	707	0.7912621359223301
GH28.hmm	325	demux_S_71.scaffolds_28_7	1096	3.4e-71	9	317	734	1068	0.9476923076923077
GH105.hmm	332	demux_S_71.scaffolds_28_8	378	3.1e-91	6	332	56	375	0.9819277108433735
GH42.hmm	371	demux_S_71.scaffolds_28_9	705	2.4e-125	2	370	49	423	0.9919137466307277
GT26.hmm	171	demux_S_71.scaffolds_29_32	233	5.5e-53	5	171	52	217	0.9707602339181286
GT4.hmm	160	demux_S_71.scaffolds_29_40	390	2.9e-16	7	154	203	357	0.91875
GH29.hmm	346	demux_S_71.scaffolds_2_105	462	8.5e-61	40	336	28	355	0.8554913294797688
GT9.hmm	225	demux_S_71.scaffolds_2_126	344	1.4e-33	5	222	74	324	0.9644444444444444
GT2.hmm	170	demux_S_71.scaffolds_2_131	300	8.9e-23	2	169	5	172	0.9823529411764705
GT14.hmm	250	demux_S_71.scaffolds_2_133	298	5.8e-54	2	241	4	257	0.956
GT4.hmm	160	demux_S_71.scaffolds_2_134	393	1e-24	6	159	214	367	0.95625
GT2.hmm	170	demux_S_71.scaffolds_2_138	328	2.4e-25	1	124	8	131	0.7235294117647059
GT2.hmm	170	demux_S_71.scaffolds_2_140	322	5.8e-34	2	164	12	170	0.9529411764705882
GT83.hmm	540	demux_S_71.scaffolds_2_142	575	4.8e-82	6	503	4	540	0.9203703703703704
CE4.hmm	130	demux_S_71.scaffolds_2_175	204	4.6e-26	4	123	21	135	0.9153846153846154
GH144.hmm	404	demux_S_71.scaffolds_2_176	453	4e-190	2	403	37	449	0.9925742574257426
GH3.hmm	216	demux_S_71.scaffolds_2_177	779	3.3e-74	3	216	99	320	0.9861111111111112
PL10_1.hmm	288	demux_S_71.scaffolds_2_190	714	2.8e-112	1	288	67	358	0.9965277777777778
CE8.hmm	288	demux_S_71.scaffolds_2_190	714	4.1e-25	13	236	411	637	0.7743055555555556
GH127.hmm	524	demux_S_71.scaffolds_2_196	802	4.9e-211	1	524	38	569	0.9980916030534351
GH43_34.hmm	280	demux_S_71.scaffolds_2_197	801	3.9e-83	1	280	31	304	0.9964285714285714
CBM32.hmm	124	demux_S_71.scaffolds_2_197	801	1.2e-21	9	122	336	451	0.9112903225806451
GH97.hmm	631	demux_S_71.scaffolds_2_198	908	5.5e-191	8	630	23	661	0.9857369255150554
GH127.hmm	524	demux_S_71.scaffolds_2_206	812	8.6e-214	1	524	39	570	0.9980916030534351
GH146.hmm	503	demux_S_71.scaffolds_2_209	1115	1.9e-144	6	490	157	730	0.9622266401590457
GH2.hmm	752	demux_S_71.scaffolds_2_44	1114	8.1e-215	18	751	61	963	0.9747340425531915
GH51.hmm	630	demux_S_71.scaffolds_2_48	660	2.8e-115	105	543	190	655	0.6952380952380952
GH43_4.hmm	310	demux_S_71.scaffolds_2_49	512	2.4e-95	1	310	71	383	0.9967741935483871
GH97.hmm	631	demux_S_71.scaffolds_2_51	643	3e-186	4	627	6	639	0.9873217115689382
GH43_4.hmm	310	demux_S_71.scaffolds_2_55	628	8.5e-90	1	310	159	517	0.9967741935483871
CE4.hmm	130	demux_S_71.scaffolds_2_70	230	7.5e-32	4	122	36	157	0.9076923076923077
GT2.hmm	170	demux_S_71.scaffolds_2_88	398	3.7e-27	2	127	20	140	0.7352941176470589
GT30.hmm	177	demux_S_71.scaffolds_30_41	407	1.8e-47	10	176	43	205	0.9378531073446328
GH2.hmm	752	demux_S_71.scaffolds_31_11	680	1.3e-98	22	487	19	594	0.6183510638297872
GH92.hmm	491	demux_S_71.scaffolds_3_164	739	5.9e-187	4	491	244	736	0.9918533604887984
GH95.hmm	722	demux_S_71.scaffolds_3_165	801	6e-247	5	718	26	767	0.9875346260387812
GH97.hmm	631	demux_S_71.scaffolds_3_168	663	3.4e-174	5	630	15	658	0.9904912836767037
GH27.hmm	229	demux_S_71.scaffolds_3_170	676	8.9e-16	10	225	420	650	0.9388646288209607
GH2.hmm	752	demux_S_71.scaffolds_3_174	981	3.8e-88	45	608	54	779	0.7486702127659575
CBM32.hmm	124	demux_S_71.scaffolds_3_174	981	1.9e-25	11	122	727	836	0.8951612903225806
CE20.hmm	249	demux_S_71.scaffolds_3_175	657	2.2e-43	3	131	107	249	0.5140562248995983
CE20.hmm	249	demux_S_71.scaffolds_3_175	657	5.3e-51	121	248	422	547	0.5100401606425703
GH36.hmm	688	demux_S_71.scaffolds_3_177	719	7.9e-212	2	687	26	701	0.9956395348837209
GH43_10.hmm	271	demux_S_71.scaffolds_3_178	514	1.3e-100	2	271	36	294	0.992619926199262
CBM91.hmm	200	demux_S_71.scaffolds_3_178	514	1.4e-28	4	197	328	511	0.965
CE1.hmm	227	demux_S_71.scaffolds_3_183	346	2.3e-18	8	213	80	307	0.9030837004405287
GT2.hmm	170	demux_S_71.scaffolds_3_2	249	3.3e-26	1	109	11	116	0.6352941176470588
GT4.hmm	160	demux_S_71.scaffolds_3_3	421	1.9e-21	15	153	244	383	0.8625
GH28.hmm	325	demux_S_71.scaffolds_3_43	464	2.8e-77	6	306	72	434	0.9230769230769231
GH95.hmm	722	demux_S_71.scaffolds_3_45	825	3.5e-288	4	716	24	760	0.9861495844875346
GH3.hmm	216	demux_S_71.scaffolds_3_46	786	2.5e-54	4	216	114	330	0.9814814814814815
GH2.hmm	752	demux_S_71.scaffolds_3_53	876	6.6e-108	30	492	23	602	0.6143617021276596
CBM57.hmm	147	demux_S_71.scaffolds_3_53	876	3.7e-24	4	146	699	868	0.9659863945578231
GH127.hmm	524	demux_S_71.scaffolds_3_54	690	1.4e-31	301	523	325	553	0.42366412213740456
GH43_8.hmm	281	demux_S_71.scaffolds_3_55	515	9.4e-127	1	281	30	312	0.99644128113879
GH146.hmm	503	demux_S_71.scaffolds_3_56	798	1.4e-181	1	503	46	560	0.9980119284294234
GH127.hmm	524	demux_S_71.scaffolds_3_57	808	3e-208	1	524	37	580	0.9980916030534351
GH43_18.hmm	229	demux_S_71.scaffolds_3_58	333	8.9e-32	5	220	38	265	0.9388646288209607
GH146.hmm	503	demux_S_71.scaffolds_3_59	692	4.2e-182	1	503	41	559	0.9980119284294234
GH115.hmm	697	demux_S_71.scaffolds_3_65	861	2.3e-226	2	697	40	841	0.9971305595408895
GH2.hmm	752	demux_S_71.scaffolds_3_66	947	3.7e-117	35	739	37	814	0.9361702127659575
GH30_4.hmm	484	demux_S_71.scaffolds_3_75	522	2.5e-197	2	484	24	519	0.9958677685950413
GH30_4.hmm	484	demux_S_71.scaffolds_3_76	533	2.9e-179	2	484	41	528	0.9958677685950413
GT23.hmm	318	demux_S_71.scaffolds_3_8	277	1.4e-21	21	283	11	266	0.8238993710691824
GH92.hmm	491	demux_S_71.scaffolds_3_82	758	2.1e-163	2	491	245	746	0.9959266802443992
GH28.hmm	325	demux_S_71.scaffolds_3_83	471	7e-68	6	309	53	403	0.9323076923076923
GH92.hmm	491	demux_S_71.scaffolds_3_84	778	4.2e-182	2	491	254	760	0.9959266802443992
GH89.hmm	663	demux_S_71.scaffolds_3_89	753	3.4e-246	2	661	58	747	0.9939668174962293
GT35.hmm	674	demux_S_71.scaffolds_48_4	795	3.2e-113	209	637	214	676	0.6350148367952523
GH109.hmm	399	demux_S_71.scaffolds_4_132	330	1.3e-27	2	196	3	186	0.48621553884711777
GH25.hmm	177	demux_S_71.scaffolds_4_147	289	5.9e-53	1	177	91	265	0.9943502824858758
GH110.hmm	548	demux_S_71.scaffolds_4_151	606	6.1e-223	1	548	23	593	0.9981751824817519
GT2.hmm	170	demux_S_71.scaffolds_4_177	250	1.6e-28	2	169	8	175	0.9823529411764705
GT4.hmm	160	demux_S_71.scaffolds_4_33	406	1.5e-19	7	147	234	364	0.875
GT2.hmm	170	demux_S_71.scaffolds_4_34	341	3.3e-25	1	130	5	134	0.7588235294117647
GH16_3.hmm	230	demux_S_71.scaffolds_4_61	259	1.9e-54	1	230	27	255	0.9956521739130435
GH23.hmm	135	demux_S_71.scaffolds_4_81	460	1.5e-23	11	105	296	434	0.6962962962962963
GH73.hmm	128	demux_S_71.scaffolds_4_97	304	2.7e-37	3	128	45	173	0.9765625
CE7.hmm	313	demux_S_71.scaffolds_5_118	437	1.7e-90	11	311	129	430	0.9584664536741214
GH105.hmm	332	demux_S_71.scaffolds_5_152	433	7.7e-90	9	331	73	414	0.9698795180722891
CE1.hmm	227	demux_S_71.scaffolds_5_164	632	2.3e-20	11	211	387	610	0.8810572687224669
GT28.hmm	157	demux_S_71.scaffolds_5_53	377	3.2e-47	1	154	194	352	0.9745222929936306
CBM20.hmm	90	demux_S_71.scaffolds_5_65	893	1e-15	12	86	139	215	0.8222222222222222
GH77.hmm	494	demux_S_71.scaffolds_5_65	893	1.4e-157	1	489	242	886	0.9878542510121457
GH13_20.hmm	300	demux_S_71.scaffolds_5_72	617	1.2e-61	1	296	164	482	0.9833333333333333
GH97.hmm	631	demux_S_71.scaffolds_5_73	739	2.7e-258	4	630	12	723	0.9920760697305864
GH13_36.hmm	314	demux_S_71.scaffolds_5_82	694	3.4e-122	1	314	83	539	0.9968152866242038
GH53.hmm	342	demux_S_71.scaffolds_5_83	381	3.7e-87	2	321	49	365	0.9327485380116959
GH2.hmm	752	demux_S_71.scaffolds_5_98	1059	4.8e-225	19	748	62	919	0.9694148936170213
GH63.hmm	570	demux_S_71.scaffolds_5_99	645	2e-116	245	568	197	642	0.5666666666666667
GH88.hmm	329	demux_S_71.scaffolds_6_107	409	7.2e-121	6	328	74	399	0.9787234042553191
GH28.hmm	325	demux_S_71.scaffolds_6_112	469	3.9e-83	7	309	74	444	0.9292307692307692
GH43_10.hmm	271	demux_S_71.scaffolds_6_116	956	2.1e-96	2	271	37	295	0.992619926199262
CBM91.hmm	200	demux_S_71.scaffolds_6_116	956	2.3e-28	4	198	327	511	0.97
GH28.hmm	325	demux_S_71.scaffolds_6_116	956	3.9e-77	6	306	563	915	0.9230769230769231
GH29.hmm	346	demux_S_71.scaffolds_6_118	442	1.7e-105	22	346	26	358	0.9364161849710982
CE12.hmm	210	demux_S_71.scaffolds_6_17	576	3.6e-79	1	210	25	256	0.9952380952380953
CE8.hmm	288	demux_S_71.scaffolds_6_17	576	3.8e-98	2	279	272	547	0.9618055555555556
CE19.hmm	332	demux_S_71.scaffolds_6_18	387	4.8e-26	7	290	60	386	0.8524096385542169
PL10_2.hmm	275	demux_S_71.scaffolds_6_19	538	1.2e-137	1	275	121	404	0.9963636363636363
CE19.hmm	332	demux_S_71.scaffolds_6_21	667	8.2e-55	16	303	77	382	0.8644578313253012
GH31.hmm	427	demux_S_71.scaffolds_6_22	795	1.8e-111	1	427	227	655	0.9976580796252927
GH2.hmm	752	demux_S_71.scaffolds_6_23	1123	8e-71	36	532	68	716	0.6595744680851063
GH2.hmm	752	demux_S_71.scaffolds_6_24	1012	2.1e-77	51	553	78	700	0.6675531914893617
CE8.hmm	288	demux_S_71.scaffolds_6_29	507	1.5e-44	3	279	200	481	0.9583333333333334
GH43_9.hmm	272	demux_S_71.scaffolds_6_32	500	7.8e-117	3	272	35	303	0.9889705882352942
CBM91.hmm	200	demux_S_71.scaffolds_6_32	500	1.5e-19	16	185	327	489	0.845
GH33.hmm	342	demux_S_71.scaffolds_6_35	674	1.3e-24	22	307	308	607	0.8333333333333334
CE8.hmm	288	demux_S_71.scaffolds_6_39	318	1e-104	2	286	27	307	0.9861111111111112
GH105.hmm	332	demux_S_71.scaffolds_6_40	410	8.1e-122	6	332	52	397	0.9819277108433735
GH140.hmm	412	demux_S_71.scaffolds_6_46	488	2.5e-168	1	412	37	465	0.9975728155339806
GH43_18.hmm	229	demux_S_71.scaffolds_6_47	335	3e-80	2	229	84	312	0.9912663755458515
GH28.hmm	325	demux_S_71.scaffolds_6_50	850	1e-59	5	304	69	425	0.92
GH43_24.hmm	246	demux_S_71.scaffolds_6_50	850	1.8e-65	4	245	525	769	0.9796747967479674
GH154.hmm	348	demux_S_71.scaffolds_6_51	411	1.1e-104	1	345	29	386	0.9885057471264368
GH88.hmm	329	demux_S_71.scaffolds_6_52	397	7.6e-126	5	329	67	389	0.9848024316109423
PL26.hmm	862	demux_S_71.scaffolds_6_55	898	0	2	858	55	893	0.9930394431554525
GH2.hmm	752	demux_S_71.scaffolds_6_56	956	2.5e-156	27	750	22	863	0.961436170212766
GH106.hmm	824	demux_S_71.scaffolds_6_57	1115	2.7e-189	94	823	392	1109	0.8847087378640777
GH154.hmm	348	demux_S_71.scaffolds_6_58	410	1.8e-109	1	345	29	385	0.9885057471264368
GH88.hmm	329	demux_S_71.scaffolds_6_59	397	5e-127	3	329	65	389	0.9908814589665653
GH2.hmm	752	demux_S_71.scaffolds_6_60	993	2.6e-64	23	465	21	556	0.5877659574468085
GH43_10.hmm	271	demux_S_71.scaffolds_6_61	545	1.6e-104	1	271	35	303	0.996309963099631
CBM91.hmm	200	demux_S_71.scaffolds_6_61	545	2e-21	4	195	330	541	0.955
GH43_19.hmm	233	demux_S_71.scaffolds_6_65	336	1e-76	2	233	84	310	0.9914163090128756
GH88.hmm	329	demux_S_71.scaffolds_6_66	784	7e-120	7	329	74	393	0.9787234042553191
GH154.hmm	348	demux_S_71.scaffolds_6_66	784	8.1e-105	2	346	406	762	0.9885057471264368
GH2.hmm	752	demux_S_71.scaffolds_6_77	987	4.8e-134	24	739	34	851	0.9507978723404256
GH43_24.hmm	246	demux_S_71.scaffolds_6_78	440	6.2e-71	1	245	45	280	0.991869918699187
GH43_12.hmm	281	demux_S_71.scaffolds_6_79	550	1.4e-115	2	281	45	329	0.9928825622775801
CBM91.hmm	200	demux_S_71.scaffolds_6_79	550	1.3e-44	3	198	356	547	0.975
GH28.hmm	325	demux_S_71.scaffolds_6_86	920	2.1e-66	8	304	474	832	0.9107692307692308
GH2.hmm	752	demux_S_71.scaffolds_6_87	971	1.2e-125	35	623	52	732	0.7819148936170213
GH28.hmm	325	demux_S_71.scaffolds_6_88	435	2.7e-62	8	309	73	414	0.9261538461538461
CE1.hmm	227	demux_S_71.scaffolds_7_102	707	9.5e-16	6	199	458	673	0.8502202643171806
GT26.hmm	171	demux_S_71.scaffolds_7_116	238	9.2e-35	2	166	46	214	0.9590643274853801
GT4.hmm	160	demux_S_71.scaffolds_7_117	365	1.4e-24	5	117	186	296	0.7
GT2.hmm	170	demux_S_71.scaffolds_7_119	345	8.6e-33	1	129	9	135	0.7529411764705882
GT35.hmm	674	demux_S_71.scaffolds_7_173	855	3.2e-118	208	647	270	737	0.6513353115727003
GT3.hmm	637	demux_S_71.scaffolds_7_174	557	1.3e-126	1	346	13	347	0.5416012558869702
GH15.hmm	361	demux_S_71.scaffolds_7_6	596	8.2e-79	3	360	221	582	0.9889196675900277
GH13_8.hmm	293	demux_S_71.scaffolds_7_69	676	7.4e-148	1	293	224	515	0.9965870307167235
GT20.hmm	475	demux_S_71.scaffolds_7_7	751	5.9e-177	14	472	2	457	0.9642105263157895
GT51.hmm	177	demux_S_71.scaffolds_7_85	776	7.2e-60	3	177	58	239	0.9830508474576272
GT51.hmm	177	demux_S_71.scaffolds_7_93	241	1e-52	12	177	55	219	0.9322033898305084
GH43_10.hmm	271	demux_S_71.scaffolds_8_148	555	1.6e-109	1	271	37	306	0.996309963099631
CBM91.hmm	200	demux_S_71.scaffolds_8_148	555	3.9e-22	4	195	340	551	0.955
GH28.hmm	325	demux_S_71.scaffolds_8_150	540	4.7e-84	8	321	87	502	0.963076923076923
GH89.hmm	663	demux_S_71.scaffolds_8_21	718	2.4e-256	2	662	55	714	0.995475113122172
GH105.hmm	332	demux_S_71.scaffolds_8_33	413	1.3e-117	13	330	77	410	0.9548192771084337
GH23.hmm	135	demux_S_71.scaffolds_8_79	421	1.8e-24	2	119	124	257	0.8666666666666667
GT19.hmm	354	demux_S_71.scaffolds_8_84	380	3.1e-113	2	351	4	359	0.9858757062146892
GH3.hmm	216	demux_S_71.scaffolds_9_134	865	8.8e-69	4	215	58	303	0.9768518518518519
GH2.hmm	752	demux_S_71.scaffolds_9_145	813	7e-124	26	475	37	588	0.5970744680851063
GH18.hmm	296	demux_S_71.scaffolds_9_16	346	1.6e-69	2	286	36	334	0.9594594594594594
GH95.hmm	722	demux_S_71.scaffolds_9_21	819	5.1e-270	10	717	44	793	0.9792243767313019
GH29.hmm	346	demux_S_71.scaffolds_9_41	628	7.2e-81	38	330	34	342	0.8439306358381503
GH20.hmm	337	demux_S_71.scaffolds_9_99	660	2e-69	7	336	145	468	0.9762611275964391
