GT4.hmm	160	demux_S_7.scaffolds_10_1	564	1.2e-16	5	124	381	499	0.74375
GT2.hmm	170	demux_S_7.scaffolds_10_2	311	4.6e-21	2	107	10	122	0.6176470588235294
GT2.hmm	230	demux_S_7.scaffolds_10_3	675	1.8e-45	3	230	212	468	0.9869565217391304
GH43_27.hmm	299	demux_S_7.scaffolds_14_2	139	3.4e-38	191	299	4	114	0.3612040133779264
GH43_27.hmm	299	demux_S_7.scaffolds_1_1	489	9.1e-59	3	212	281	489	0.6989966555183946
GH8.hmm	320	demux_S_7.scaffolds_1_10	380	1.5e-75	19	319	54	371	0.9375
GH32.hmm	293	demux_S_7.scaffolds_1_1005	519	1.5e-87	1	289	44	351	0.9829351535836177
GH3.hmm	216	demux_S_7.scaffolds_1_1048	749	5.5e-66	4	216	32	252	0.9814814814814815
GH3.hmm	216	demux_S_7.scaffolds_1_1052	781	5.8e-70	3	215	79	310	0.9814814814814815
GH5_44.hmm	302	demux_S_7.scaffolds_1_1057	400	1.8e-127	1	302	59	351	0.9966887417218543
GH43_11.hmm	292	demux_S_7.scaffolds_1_1058	549	1.4e-129	2	292	3	313	0.9931506849315068
CBM91.hmm	200	demux_S_7.scaffolds_1_1058	549	2e-45	5	198	342	541	0.965
GH5_44.hmm	302	demux_S_7.scaffolds_1_1059	403	5.1e-141	1	302	52	370	0.9966887417218543
GH51.hmm	630	demux_S_7.scaffolds_1_1060	519	1.6e-115	87	542	4	514	0.7222222222222222
GH30_2.hmm	417	demux_S_7.scaffolds_1_1063	448	1e-176	8	417	36	445	0.9808153477218226
GH42.hmm	371	demux_S_7.scaffolds_1_1066	709	1.5e-117	2	370	15	385	0.9919137466307277
GH109.hmm	399	demux_S_7.scaffolds_1_1080	339	1.9e-21	3	163	5	163	0.40100250626566414
GT4.hmm	160	demux_S_7.scaffolds_1_109	477	6.5e-26	13	159	285	436	0.9125
GH43_10.hmm	271	demux_S_7.scaffolds_1_11	530	1.1e-96	1	271	6	276	0.996309963099631
CBM91.hmm	200	demux_S_7.scaffolds_1_11	530	9.1e-25	10	198	319	521	0.94
GT2.hmm	170	demux_S_7.scaffolds_1_116	315	6.1e-28	1	162	5	162	0.9470588235294117
GT2.hmm	230	demux_S_7.scaffolds_1_118	408	1.7e-22	3	228	45	271	0.9782608695652174
GH8.hmm	320	demux_S_7.scaffolds_1_134	378	2.6e-74	18	319	51	369	0.940625
GH10.hmm	303	demux_S_7.scaffolds_1_135	824	3.3e-84	12	300	58	393	0.9504950495049505
CBM9.hmm	182	demux_S_7.scaffolds_1_135	824	3.2e-41	1	182	583	759	0.9945054945054945
CE20.hmm	249	demux_S_7.scaffolds_1_137	610	9.6e-28	3	117	71	190	0.4578313253012048
CE20.hmm	249	demux_S_7.scaffolds_1_137	610	4.1e-36	122	246	372	495	0.4979919678714859
GH43_12.hmm	281	demux_S_7.scaffolds_1_150	565	1.3e-99	1	278	8	362	0.9857651245551602
GH43_11.hmm	292	demux_S_7.scaffolds_1_155	544	1.2e-136	1	292	3	304	0.9965753424657534
CBM91.hmm	200	demux_S_7.scaffolds_1_155	544	5.6e-46	2	199	331	539	0.985
CE20.hmm	249	demux_S_7.scaffolds_1_156	655	3.8e-32	4	117	84	201	0.4538152610441767
CE20.hmm	249	demux_S_7.scaffolds_1_156	655	5.5e-39	121	247	399	524	0.5060240963855421
GH77.hmm	494	demux_S_7.scaffolds_1_18	721	2.8e-137	2	481	188	705	0.9696356275303644
GH42.hmm	371	demux_S_7.scaffolds_1_195	690	4.3e-157	1	370	25	396	0.9946091644204852
GH13_11.hmm	351	demux_S_7.scaffolds_1_21	816	9.6e-144	1	351	230	598	0.9971509971509972
GT4.hmm	160	demux_S_7.scaffolds_1_260	390	4.2e-21	11	158	210	354	0.91875
CE1.hmm	227	demux_S_7.scaffolds_1_378	468	3.1e-24	7	217	204	437	0.9251101321585903
GH3.hmm	216	demux_S_7.scaffolds_1_393	412	4.5e-38	9	215	142	365	0.9537037037037037
GH13_9.hmm	301	demux_S_7.scaffolds_1_421	752	5.5e-157	1	301	301	601	0.9966777408637874
CBM48.hmm	76	demux_S_7.scaffolds_1_451	708	9.8e-19	2	71	3	92	0.9078947368421053
GH13_11.hmm	351	demux_S_7.scaffolds_1_451	708	3.6e-174	1	351	172	525	0.9971509971509972
GH13_32.hmm	269	demux_S_7.scaffolds_1_479	1753	1.2e-96	1	268	72	357	0.9925650557620818
CBM41.hmm	102	demux_S_7.scaffolds_1_479	1753	1.2e-21	2	102	755	879	0.9803921568627451
CBM48.hmm	76	demux_S_7.scaffolds_1_479	1753	3.1e-16	2	73	982	1069	0.9342105263157895
GH13_14.hmm	289	demux_S_7.scaffolds_1_479	1753	1.2e-113	1	289	1142	1475	0.9965397923875432
GT5.hmm	472	demux_S_7.scaffolds_1_530	419	8.2e-39	123	471	90	407	0.7372881355932204
GH43_11.hmm	292	demux_S_7.scaffolds_1_7	544	3.9e-138	1	292	3	304	0.9965753424657534
CBM91.hmm	200	demux_S_7.scaffolds_1_7	544	2.1e-45	3	199	332	539	0.98
GT2.hmm	170	demux_S_7.scaffolds_1_746	341	9.6e-20	2	169	19	203	0.9823529411764705
GH125.hmm	402	demux_S_7.scaffolds_1_879	442	6.9e-166	3	402	37	432	0.9925373134328358
GH25.hmm	177	demux_S_7.scaffolds_1_881	426	4.5e-32	2	176	47	228	0.9830508474576272
GH120.hmm	91	demux_S_7.scaffolds_1_9	681	1.1e-36	2	91	320	409	0.978021978021978
GT28.hmm	157	demux_S_7.scaffolds_1_944	407	4.5e-46	2	157	219	391	0.9872611464968153
GT51.hmm	177	demux_S_7.scaffolds_2_139	764	7.4e-61	3	177	105	278	0.9830508474576272
GH146.hmm	503	demux_S_7.scaffolds_2_140	854	3.7e-180	1	503	13	591	0.9980119284294234
GH43_26.hmm	294	demux_S_7.scaffolds_2_144	339	6.8e-115	1	292	4	304	0.9897959183673469
GH43_27.hmm	299	demux_S_7.scaffolds_2_146	706	3e-114	1	299	344	677	0.9966555183946488
GH43_4.hmm	310	demux_S_7.scaffolds_2_147	529	4.3e-103	2	310	53	396	0.9935483870967742
GH43_4.hmm	310	demux_S_7.scaffolds_2_148	553	4.4e-99	2	310	42	401	0.9935483870967742
GH43_29.hmm	278	demux_S_7.scaffolds_2_177	1134	3.1e-92	3	273	91	441	0.9712230215827338
GH121.hmm	1392	demux_S_7.scaffolds_2_178	1861	0	9	1391	13	1444	0.992816091954023
GH127.hmm	524	demux_S_7.scaffolds_2_179	658	8.3e-207	1	524	3	565	0.9980916030534351
GT2.hmm	170	demux_S_7.scaffolds_2_197	344	3e-30	2	110	9	116	0.6352941176470588
GH13_4.hmm	400	demux_S_7.scaffolds_2_41	606	1.5e-177	1	400	85	482	0.9975
GH31.hmm	427	demux_S_7.scaffolds_3_116	691	9.5e-145	1	425	221	682	0.9929742388758782
GH13_3.hmm	210	demux_S_7.scaffolds_3_46	763	2.6e-85	3	209	330	549	0.9809523809523809
GH42.hmm	371	demux_S_7.scaffolds_3_84	697	3.8e-147	1	370	23	394	0.9946091644204852
GH3.hmm	216	demux_S_7.scaffolds_4_1	965	8.2e-52	14	213	674	875	0.9212962962962963
CE20.hmm	249	demux_S_7.scaffolds_4_101	606	1.7e-69	3	248	122	435	0.9839357429718876
GT35.hmm	674	demux_S_7.scaffolds_4_45	816	6.5e-259	1	672	100	809	0.9955489614243324
GH13_18.hmm	343	demux_S_7.scaffolds_4_91	505	2.3e-112	2	343	35	379	0.9941690962099126
GH13.hmm	299	demux_S_7.scaffolds_4_93	626	1.6e-59	13	290	27	413	0.9264214046822743
GH77.hmm	494	demux_S_7.scaffolds_5_15	721	1.5e-135	2	482	181	704	0.97165991902834
GH13.hmm	299	demux_S_7.scaffolds_5_16	536	8.1e-69	13	295	35	383	0.9431438127090301
GH13_14.hmm	289	demux_S_7.scaffolds_5_20	688	5.9e-105	1	289	196	551	0.9965397923875432
GH2.hmm	752	demux_S_7.scaffolds_5_43	723	1.2e-89	24	406	72	592	0.5079787234042553
GH2.hmm	752	demux_S_7.scaffolds_5_46	1021	1.8e-210	5	749	22	901	0.9893617021276596
GH20.hmm	337	demux_S_7.scaffolds_5_54	685	3.7e-44	14	336	144	453	0.9554896142433235
CE9.hmm	373	demux_S_7.scaffolds_5_56	444	2.5e-110	38	372	98	438	0.8954423592493298
GH13_30.hmm	365	demux_S_7.scaffolds_5_6	587	8.1e-164	1	365	37	403	0.9972602739726028
GT2.hmm	197	demux_S_7.scaffolds_5_60	750	4.2e-28	1	191	362	582	0.9644670050761421
GH31.hmm	427	demux_S_7.scaffolds_5_65	806	2.6e-124	3	427	278	723	0.9929742388758782
GH172.hmm	236	demux_S_7.scaffolds_5_66	391	5.6e-85	1	236	111	371	0.9957627118644068
GH36.hmm	688	demux_S_7.scaffolds_5_73	813	4.9e-78	106	603	136	673	0.7223837209302325
GH51.hmm	630	demux_S_7.scaffolds_5_76	787	2.8e-87	104	627	185	784	0.8301587301587302
GT51.hmm	177	demux_S_7.scaffolds_6_48	768	2e-60	3	176	80	269	0.9774011299435028
GH31.hmm	427	demux_S_7.scaffolds_6_64	900	4.3e-132	1	427	195	667	0.9976580796252927
GH3.hmm	216	demux_S_7.scaffolds_7_18	810	8.6e-72	3	216	25	245	0.9861111111111112
GH2.hmm	752	demux_S_7.scaffolds_7_25	1024	2.1e-207	3	749	22	903	0.9920212765957447
GH2.hmm	752	demux_S_7.scaffolds_7_3	1040	1.3e-204	19	749	49	914	0.9707446808510638
GH1.hmm	429	demux_S_7.scaffolds_7_30	392	6.9e-105	3	425	5	385	0.9836829836829837
GH36.hmm	688	demux_S_7.scaffolds_8_10	771	2.4e-220	13	673	33	709	0.9593023255813954
GH13_31.hmm	349	demux_S_7.scaffolds_8_5	607	3.1e-152	1	348	46	412	0.994269340974212
GT2.hmm	170	demux_S_7.scaffolds_9_5	317	3.3e-17	2	164	12	163	0.9529411764705882
GH25.hmm	177	demux_S_7.scaffolds_9_6	868	3.2e-39	1	177	197	383	0.9943502824858758
CBM13.hmm	188	demux_S_7.scaffolds_9_6	868	9.1e-25	18	160	435	585	0.7553191489361702
GH5_35.hmm	141	demux_S_7.scaffolds_9_6	868	9.7e-19	9	139	525	658	0.9219858156028369
CBM13.hmm	188	demux_S_7.scaffolds_9_6	868	3.2e-16	58	149	628	721	0.48404255319148937
CBM13.hmm	188	demux_S_7.scaffolds_9_6	868	8.3e-22	45	135	728	821	0.4787234042553192
