CE4.hmm	130	demux_S_255.scaffolds_10_3	312	1.8e-25	6	123	104	235	0.9
GH73.hmm	128	demux_S_255.scaffolds_12_13	709	1e-35	9	128	134	267	0.9296875
GH8.hmm	320	demux_S_255.scaffolds_12_42	368	3.3e-68	4	316	38	362	0.975
GT2.hmm	230	demux_S_255.scaffolds_12_43	437	1.4e-24	1	228	49	279	0.9869565217391304
GT2.hmm	170	demux_S_255.scaffolds_13_11	303	1.1e-20	2	169	7	181	0.9823529411764705
GH1.hmm	429	demux_S_255.scaffolds_13_21	479	3.2e-146	1	428	1	473	0.9953379953379954
GH25.hmm	177	demux_S_255.scaffolds_13_38	504	4.2e-40	1	173	151	337	0.9717514124293786
GT26.hmm	171	demux_S_255.scaffolds_13_6	247	1.2e-64	2	171	57	226	0.9883040935672515
GH73.hmm	128	demux_S_255.scaffolds_15_33	194	5e-26	2	128	52	189	0.984375
GT2.hmm	170	demux_S_255.scaffolds_17_19	309	2.8e-34	2	142	6	144	0.8235294117647058
GT2.hmm	170	demux_S_255.scaffolds_17_23	329	4.3e-31	1	129	4	134	0.7529411764705882
GT2.hmm	170	demux_S_255.scaffolds_17_24	235	1.4e-21	3	131	2	130	0.7529411764705882
GT2.hmm	170	demux_S_255.scaffolds_17_26	259	4.8e-16	2	152	7	145	0.8823529411764706
GT35.hmm	674	demux_S_255.scaffolds_18_1	754	3.1e-222	2	673	77	752	0.9955489614243324
CBM41.hmm	102	demux_S_255.scaffolds_18_17	1238	9.1e-21	2	102	138	243	0.9803921568627451
CBM41.hmm	102	demux_S_255.scaffolds_18_17	1238	3.1e-25	2	102	248	351	0.9803921568627451
GH13_12.hmm	284	demux_S_255.scaffolds_18_17	1238	4.8e-128	1	284	614	950	0.9964788732394366
GH77.hmm	494	demux_S_255.scaffolds_18_2	500	5e-165	1	485	10	490	0.979757085020243
CBM66.hmm	155	demux_S_255.scaffolds_1_134	1303	3.3e-46	1	154	160	327	0.9870967741935484
GH32.hmm	293	demux_S_255.scaffolds_1_134	1303	1.2e-65	1	289	456	757	0.9829351535836177
CBM66.hmm	155	demux_S_255.scaffolds_1_134	1303	6.6e-36	1	154	1022	1176	0.9870967741935484
GH70.hmm	803	demux_S_255.scaffolds_1_23	1570	0	1	799	368	1165	0.9937733499377335
GH73.hmm	128	demux_S_255.scaffolds_1_233	238	2.7e-29	2	128	56	191	0.984375
GH70.hmm	803	demux_S_255.scaffolds_1_26	1580	0	1	795	292	1093	0.9887920298879203
GH70.hmm	803	demux_S_255.scaffolds_1_3	1450	0	1	800	323	1128	0.9950186799501868
GH13_31.hmm	349	demux_S_255.scaffolds_1_50	537	2e-146	1	349	28	359	0.997134670487106
GH2.hmm	752	demux_S_255.scaffolds_1_57	1006	2.6e-214	11	749	27	885	0.9813829787234043
GH32.hmm	293	demux_S_255.scaffolds_20_1	574	2.1e-45	1	291	45	380	0.9897610921501706
GH68.hmm	417	demux_S_255.scaffolds_20_2	970	1.2e-138	5	417	232	684	0.988009592326139
GT28.hmm	157	demux_S_255.scaffolds_2_11	357	2.5e-29	1	156	191	343	0.9872611464968153
GT4.hmm	160	demux_S_255.scaffolds_2_194	441	1.2e-31	3	147	201	343	0.9
GH87.hmm	597	demux_S_255.scaffolds_2_33	1085	5.7e-143	85	567	137	663	0.8073701842546064
GH25.hmm	177	demux_S_255.scaffolds_2_47	304	8.3e-36	1	176	73	257	0.9887005649717514
GT2.hmm	170	demux_S_255.scaffolds_2_97	547	1.6e-40	1	168	6	177	0.9823529411764705
GT8.hmm	257	demux_S_255.scaffolds_2_97	547	3.1e-17	25	235	295	506	0.8171206225680934
GH13_29.hmm	344	demux_S_255.scaffolds_3_102	542	9e-171	1	344	25	364	0.997093023255814
GT51.hmm	177	demux_S_255.scaffolds_3_116	808	3.5e-52	3	168	130	301	0.9322033898305084
GH1.hmm	429	demux_S_255.scaffolds_4_147	480	2.8e-146	3	428	5	475	0.9906759906759907
GH32.hmm	293	demux_S_255.scaffolds_4_45	481	2.4e-71	1	293	37	340	0.9965870307167235
GT8.hmm	257	demux_S_255.scaffolds_5_12	414	5e-54	27	255	2	236	0.8871595330739299
GT8.hmm	257	demux_S_255.scaffolds_5_13	820	9.6e-48	28	255	5	240	0.8832684824902723
GT101.hmm	224	demux_S_255.scaffolds_5_13	820	2.1e-93	1	224	568	790	0.9955357142857143
GT2.hmm	170	demux_S_255.scaffolds_5_14	295	6.4e-40	1	166	5	175	0.9705882352941176
GT8.hmm	257	demux_S_255.scaffolds_5_15	403	1.5e-53	30	256	3	233	0.8793774319066148
GT113.hmm	322	demux_S_255.scaffolds_5_16	336	1.7e-83	12	321	19	330	0.9596273291925466
GT4.hmm	160	demux_S_255.scaffolds_5_18	501	2.8e-26	8	146	312	450	0.8625
GT8.hmm	257	demux_S_255.scaffolds_5_19	403	4.5e-56	29	254	2	231	0.8754863813229572
GT2.hmm	170	demux_S_255.scaffolds_5_21	698	4.9e-37	1	127	6	130	0.7411764705882353
GT8.hmm	257	demux_S_255.scaffolds_5_21	698	5.7e-56	21	253	292	524	0.9027237354085603
GT35.hmm	674	demux_S_255.scaffolds_5_36	802	1.2e-256	3	673	97	799	0.9940652818991098
GT5.hmm	472	demux_S_255.scaffolds_5_37	477	5.4e-183	1	472	2	474	0.9978813559322034
CBM48.hmm	76	demux_S_255.scaffolds_5_40	627	4.4e-17	3	69	22	102	0.868421052631579
GH13_9.hmm	301	demux_S_255.scaffolds_5_40	627	1.2e-141	1	301	171	469	0.9966777408637874
CBM41.hmm	102	demux_S_255.scaffolds_5_41	732	4.5e-16	3	101	5	100	0.9607843137254902
GH13_14.hmm	289	demux_S_255.scaffolds_5_41	732	7.6e-100	2	289	311	619	0.9930795847750865
GT2.hmm	170	demux_S_255.scaffolds_5_83	313	1.4e-21	1	109	4	113	0.6352941176470588
GT4.hmm	160	demux_S_255.scaffolds_5_86	416	3.8e-21	6	149	198	339	0.89375
GT2.hmm	170	demux_S_255.scaffolds_5_88	1106	5.9e-32	1	129	128	255	0.7529411764705882
GT4.hmm	160	demux_S_255.scaffolds_6_105	504	2.7e-26	7	153	317	468	0.9125
CE4.hmm	130	demux_S_255.scaffolds_6_33	293	1.4e-27	7	119	128	247	0.8615384615384616
GH13_5.hmm	342	demux_S_255.scaffolds_7_114	484	1.8e-149	1	342	30	372	0.9970760233918129
CE9.hmm	373	demux_S_255.scaffolds_7_72	383	2.3e-124	3	373	7	376	0.9919571045576407
GH73.hmm	128	demux_S_255.scaffolds_7_77	219	1.3e-30	8	128	83	212	0.9375
CE1.hmm	227	demux_S_255.scaffolds_8_2	276	9.6e-37	4	227	20	274	0.9823788546255506
CE1.hmm	227	demux_S_255.scaffolds_8_21	449	4.4e-18	8	155	185	337	0.6475770925110133
CE1.hmm	227	demux_S_255.scaffolds_8_3	247	1.9e-22	66	222	59	243	0.6872246696035242
GH70.hmm	803	demux_S_255.scaffolds_8_50	1492	0	1	802	265	1059	0.9975093399750934
GH70.hmm	803	demux_S_255.scaffolds_8_51	1519	0	1	802	282	1141	0.9975093399750934
GH70.hmm	803	demux_S_255.scaffolds_8_52	1600	0	1	802	277	1099	0.9975093399750934
CE1.hmm	227	demux_S_255.scaffolds_8_90	261	6.2e-50	1	224	10	250	0.9823788546255506
GH66.hmm	556	demux_S_255.scaffolds_9_1	1254	1e-164	5	555	156	781	0.9892086330935251
GT51.hmm	177	demux_S_255.scaffolds_9_61	776	4.4e-64	2	177	154	325	0.9887005649717514
GT51.hmm	177	demux_S_255.scaffolds_9_83	764	1.7e-65	2	177	101	278	0.9887005649717514
