GT28.hmm	157	demux_S_51.scaffolds_10_105	408	9.5e-46	1	156	212	383	0.9872611464968153
GH125.hmm	402	demux_S_51.scaffolds_10_114	488	1.1e-184	2	402	71	472	0.9950248756218906
GH9.hmm	418	demux_S_51.scaffolds_10_130	817	7.7e-38	7	358	336	762	0.8397129186602871
GH144.hmm	404	demux_S_51.scaffolds_10_140	436	2e-190	4	403	22	432	0.9876237623762376
GH3.hmm	216	demux_S_51.scaffolds_10_142	774	2.2e-71	3	216	99	324	0.9861111111111112
CE20.hmm	249	demux_S_51.scaffolds_10_152	947	2.6e-92	3	249	107	357	0.9879518072289156
GH43_16.hmm	311	demux_S_51.scaffolds_10_152	947	8.5e-113	2	308	496	806	0.9839228295819936
CBM6.hmm	138	demux_S_51.scaffolds_10_152	947	2.2e-16	16	138	831	946	0.8840579710144928
GH31.hmm	427	demux_S_51.scaffolds_10_153	797	3.6e-143	1	427	222	695	0.9976580796252927
GH29.hmm	346	demux_S_51.scaffolds_10_154	539	1.4e-97	14	346	19	421	0.9595375722543352
GH3.hmm	216	demux_S_51.scaffolds_10_43	764	7.6e-71	3	216	99	320	0.9861111111111112
GH144.hmm	404	demux_S_51.scaffolds_10_47	547	3.4e-193	3	403	141	541	0.9900990099009901
GH144.hmm	404	demux_S_51.scaffolds_10_48	438	7.5e-196	2	404	25	430	0.995049504950495
GH43_28.hmm	262	demux_S_51.scaffolds_10_51	576	7.9e-112	1	262	52	315	0.9961832061068703
CBM32.hmm	124	demux_S_51.scaffolds_10_51	576	1.8e-18	13	121	357	477	0.8709677419354839
CE1.hmm	227	demux_S_51.scaffolds_10_52	257	8.6e-27	8	208	36	236	0.8810572687224669
GH63.hmm	570	demux_S_51.scaffolds_10_82	643	1.2e-112	258	568	205	640	0.543859649122807
GH2.hmm	752	demux_S_51.scaffolds_10_83	1048	1.1e-220	24	751	67	914	0.9667553191489362
GH2.hmm	752	demux_S_51.scaffolds_10_86	1083	9.1e-235	14	751	78	946	0.9800531914893617
GH63.hmm	570	demux_S_51.scaffolds_10_87	670	1.8e-104	236	565	202	666	0.5771929824561404
GH171.hmm	355	demux_S_51.scaffolds_11_106	421	1.2e-113	1	355	75	418	0.9971830985915493
GT2.hmm	170	demux_S_51.scaffolds_11_110	487	1.6e-20	1	124	246	371	0.7235294117647059
GH171.hmm	355	demux_S_51.scaffolds_11_114	414	3.6e-127	1	355	45	412	0.9971830985915493
GH3.hmm	216	demux_S_51.scaffolds_11_12	1015	1.6e-55	4	216	116	340	0.9814814814814815
GH3.hmm	216	demux_S_51.scaffolds_11_122	779	6.8e-71	4	214	78	292	0.9722222222222222
CE1.hmm	227	demux_S_51.scaffolds_11_123	399	2.9e-61	1	218	155	391	0.9559471365638766
GH3.hmm	216	demux_S_51.scaffolds_11_13	1005	7.6e-59	4	216	106	330	0.9814814814814815
GH43_33.hmm	315	demux_S_51.scaffolds_11_135	368	1.1e-136	2	315	35	351	0.9936507936507937
GH2.hmm	752	demux_S_51.scaffolds_11_136	666	4.7e-94	28	499	23	582	0.6263297872340425
GH5_2.hmm	237	demux_S_51.scaffolds_11_2	327	1.6e-94	2	236	48	281	0.9873417721518988
GH5_7.hmm	289	demux_S_51.scaffolds_11_3	430	2.5e-96	2	289	66	378	0.9930795847750865
CE7.hmm	313	demux_S_51.scaffolds_11_4	428	8.9e-87	10	312	123	419	0.9648562300319489
GH2.hmm	752	demux_S_51.scaffolds_11_6	815	1.2e-116	24	499	20	683	0.6316489361702128
GT2.hmm	170	demux_S_51.scaffolds_11_67	330	4.6e-28	1	164	4	164	0.9588235294117647
GH94.hmm	1036	demux_S_51.scaffolds_11_7	829	4.8e-305	261	1035	3	824	0.747104247104247
GH97.hmm	631	demux_S_51.scaffolds_11_9	672	8.7e-201	3	630	12	668	0.993660855784469
GT2.hmm	230	demux_S_51.scaffolds_12_117	414	1.4e-23	1	226	68	283	0.9782608695652174
GT51.hmm	177	demux_S_51.scaffolds_12_29	235	5.3e-53	12	177	56	220	0.9322033898305084
GH36.hmm	688	demux_S_51.scaffolds_12_37	735	9.1e-217	4	687	27	708	0.9927325581395349
GT4.hmm	160	demux_S_51.scaffolds_12_88	375	5.4e-21	10	156	206	351	0.9125
GT2.hmm	170	demux_S_51.scaffolds_12_90	330	7.6e-27	1	169	3	173	0.9882352941176471
CE7.hmm	313	demux_S_51.scaffolds_13_38	431	5.8e-88	11	312	127	422	0.9616613418530351
GH97.hmm	631	demux_S_51.scaffolds_13_39	665	2.2e-209	4	630	12	661	0.9920760697305864
GH2.hmm	752	demux_S_51.scaffolds_13_40	593	5.6e-95	24	463	24	550	0.5837765957446809
GH2.hmm	752	demux_S_51.scaffolds_13_41	907	6.4e-71	22	548	21	684	0.699468085106383
GH3.hmm	216	demux_S_51.scaffolds_13_43	737	7e-67	2	216	102	325	0.9907407407407407
GH105.hmm	332	demux_S_51.scaffolds_13_48	851	3.3e-82	7	331	48	367	0.9759036144578314
GH109.hmm	399	demux_S_51.scaffolds_13_58	513	1.9e-158	2	397	62	472	0.9899749373433584
GH74.hmm	233	demux_S_51.scaffolds_13_70	761	1.8e-20	4	111	81	187	0.4592274678111588
GH74.hmm	233	demux_S_51.scaffolds_13_70	761	3e-21	78	214	223	363	0.5836909871244635
GH109.hmm	399	demux_S_51.scaffolds_13_73	352	2.6e-20	3	164	1	151	0.40350877192982454
GH18.hmm	296	demux_S_51.scaffolds_14_117	376	2.6e-62	28	288	59	366	0.8783783783783784
PL12.hmm	138	demux_S_51.scaffolds_14_21	624	6.6e-39	1	137	420	557	0.9855072463768116
GH109.hmm	399	demux_S_51.scaffolds_14_22	708	2.7e-16	7	152	389	528	0.3634085213032581
GT2.hmm	170	demux_S_51.scaffolds_15_100	302	5.6e-21	1	131	6	132	0.7647058823529411
GT2.hmm	170	demux_S_51.scaffolds_15_101	349	6.4e-33	1	106	8	111	0.6176470588235294
GT2.hmm	170	demux_S_51.scaffolds_15_102	343	2e-38	1	155	8	159	0.9058823529411765
GT2.hmm	170	demux_S_51.scaffolds_15_103	345	5.8e-35	1	125	4	130	0.7294117647058823
GT2.hmm	230	demux_S_51.scaffolds_15_105	391	5e-31	2	228	45	266	0.9826086956521739
GT35.hmm	674	demux_S_51.scaffolds_15_123	855	7.7e-129	20	629	124	707	0.9035608308605341
GT3.hmm	637	demux_S_51.scaffolds_15_124	554	3.7e-126	1	346	13	347	0.5416012558869702
GT2.hmm	170	demux_S_51.scaffolds_15_33	275	7e-17	2	131	6	140	0.7588235294117647
GT4.hmm	160	demux_S_51.scaffolds_15_34	381	2.7e-25	8	148	199	335	0.875
GT4.hmm	160	demux_S_51.scaffolds_15_36	390	5.6e-26	2	158	209	356	0.975
GT4.hmm	160	demux_S_51.scaffolds_15_37	365	6.2e-33	7	155	179	330	0.925
GT2.hmm	170	demux_S_51.scaffolds_15_44	308	5.3e-34	1	124	4	125	0.7235294117647059
GT2.hmm	230	demux_S_51.scaffolds_15_82	402	1.7e-35	2	229	62	283	0.9869565217391304
GT4.hmm	160	demux_S_51.scaffolds_15_83	374	5.9e-33	8	157	194	343	0.93125
GT32.hmm	90	demux_S_51.scaffolds_15_98	258	6.6e-20	4	88	21	96	0.9333333333333333
GT100.hmm	222	demux_S_51.scaffolds_16_100	340	1.9e-61	16	219	102	309	0.9144144144144144
GH33.hmm	342	demux_S_51.scaffolds_16_26	544	2.4e-94	9	330	164	528	0.9385964912280702
GH2.hmm	752	demux_S_51.scaffolds_16_89	1074	9.1e-215	20	751	57	927	0.9720744680851063
GT2.hmm	170	demux_S_51.scaffolds_16_96	328	4.3e-29	1	121	10	130	0.7058823529411765
GT4.hmm	160	demux_S_51.scaffolds_16_97	375	7.6e-37	7	158	193	343	0.94375
GT25.hmm	181	demux_S_51.scaffolds_16_98	234	2.6e-20	27	163	6	142	0.7513812154696132
GH13_5.hmm	342	demux_S_51.scaffolds_17_48	482	2.1e-148	1	342	30	370	0.9970760233918129
GH2.hmm	752	demux_S_51.scaffolds_17_53	608	6.8e-105	24	399	53	493	0.49867021276595747
GH43_26.hmm	294	demux_S_51.scaffolds_17_54	370	7.5e-77	2	294	38	345	0.9931972789115646
GH84.hmm	295	demux_S_51.scaffolds_17_55	603	1.5e-107	1	294	151	443	0.9932203389830508
GH127.hmm	524	demux_S_51.scaffolds_17_59	622	3.2e-61	46	524	61	523	0.9122137404580153
GH63.hmm	570	demux_S_51.scaffolds_17_61	455	1.4e-23	331	563	44	440	0.4070175438596491
GH36.hmm	688	demux_S_51.scaffolds_17_63	739	7.1e-205	4	687	29	711	0.9927325581395349
GH3.hmm	216	demux_S_51.scaffolds_17_64	759	1.1e-71	3	216	97	318	0.9861111111111112
CE19.hmm	332	demux_S_51.scaffolds_17_78	370	1.3e-16	45	192	65	203	0.4427710843373494
GH2.hmm	752	demux_S_51.scaffolds_17_83	846	5.6e-105	24	572	7	748	0.7287234042553191
GH3.hmm	216	demux_S_51.scaffolds_17_88	821	6.1e-68	3	216	60	268	0.9861111111111112
GH3.hmm	216	demux_S_51.scaffolds_17_89	735	6.2e-65	3	216	94	316	0.9861111111111112
CE4.hmm	130	demux_S_51.scaffolds_18_3	219	7.7e-26	5	112	22	140	0.823076923076923
GH172.hmm	236	demux_S_51.scaffolds_18_86	501	2.9e-53	2	235	264	497	0.9872881355932204
GH172.hmm	236	demux_S_51.scaffolds_18_90	385	1.2e-77	3	236	92	339	0.9872881355932204
CBM38.hmm	129	demux_S_51.scaffolds_18_93	1034	2.2e-39	4	128	270	392	0.9612403100775194
GH116.hmm	363	demux_S_51.scaffolds_18_93	1034	1.9e-67	98	362	640	915	0.7272727272727273
GH116.hmm	363	demux_S_51.scaffolds_18_94	852	2.3e-56	5	362	409	778	0.9834710743801653
GH51.hmm	630	demux_S_51.scaffolds_19_31	515	1.2e-142	80	542	20	514	0.7333333333333333
GH25.hmm	177	demux_S_51.scaffolds_19_55	254	4.2e-54	1	177	55	230	0.9943502824858758
CE9.hmm	373	demux_S_51.scaffolds_19_72	160	1.3e-38	2	151	6	154	0.39946380697050937
CE9.hmm	373	demux_S_51.scaffolds_19_73	214	4e-64	176	373	3	203	0.5281501340482574
GT2.hmm	170	demux_S_51.scaffolds_19_82	252	1.5e-31	2	168	8	174	0.9764705882352941
CE3.hmm	194	demux_S_51.scaffolds_1_107	249	2.3e-17	2	192	24	244	0.979381443298969
GH23.hmm	135	demux_S_51.scaffolds_1_111	327	5.2e-24	2	126	97	234	0.9185185185185185
GH13_14.hmm	289	demux_S_51.scaffolds_1_151	666	1.3e-119	1	289	199	523	0.9965397923875432
GH13_10.hmm	313	demux_S_51.scaffolds_1_171	860	2.1e-45	1	178	431	626	0.5654952076677316
GH13.hmm	299	demux_S_51.scaffolds_1_173	630	3e-58	12	293	175	496	0.939799331103679
GH53.hmm	342	demux_S_51.scaffolds_1_174	367	1.7e-95	3	341	28	360	0.9883040935672515
GH2.hmm	752	demux_S_51.scaffolds_1_180	826	3.8e-118	25	475	20	619	0.598404255319149
GH53.hmm	342	demux_S_51.scaffolds_1_181	392	1.1e-101	2	310	46	371	0.9005847953216374
GH53.hmm	342	demux_S_51.scaffolds_1_182	370	2.6e-93	3	340	27	358	0.9853801169590644
GH65.hmm	372	demux_S_51.scaffolds_1_189	773	3e-134	1	369	322	700	0.989247311827957
GH20.hmm	337	demux_S_51.scaffolds_1_203	751	4.2e-117	8	336	142	489	0.973293768545994
GT35.hmm	674	demux_S_51.scaffolds_1_242	853	3.9e-113	209	637	272	734	0.6350148367952523
GH32.hmm	293	demux_S_51.scaffolds_1_270	605	4.7e-101	1	288	143	437	0.9795221843003413
GH32.hmm	293	demux_S_51.scaffolds_1_272	495	9.4e-68	1	293	42	334	0.9965870307167235
GH32.hmm	293	demux_S_51.scaffolds_1_273	712	6.8e-65	1	293	247	546	0.9965870307167235
GH9.hmm	418	demux_S_51.scaffolds_1_285	837	1.6e-77	2	417	115	588	0.992822966507177
CE4.hmm	130	demux_S_51.scaffolds_1_285	837	2.4e-17	5	125	617	749	0.9230769230769231
GH29.hmm	346	demux_S_51.scaffolds_1_299	435	9.2e-106	23	346	18	350	0.9335260115606936
GH13.hmm	299	demux_S_51.scaffolds_1_38	617	1.2e-61	12	296	162	486	0.9498327759197325
GH97.hmm	631	demux_S_51.scaffolds_1_48	718	5.9e-261	3	630	13	702	0.993660855784469
GH3.hmm	216	demux_S_51.scaffolds_1_53	748	8.6e-73	2	216	89	312	0.9907407407407407
GH158.hmm	132	demux_S_51.scaffolds_1_54	431	2.2e-34	2	131	38	168	0.9772727272727273
GH16_3.hmm	230	demux_S_51.scaffolds_1_55	479	5.5e-68	1	230	240	475	0.9956521739130435
GT2.hmm	170	demux_S_51.scaffolds_1_62	318	9.4e-34	1	168	4	168	0.9823529411764705
CE1.hmm	227	demux_S_51.scaffolds_1_83	271	7.1e-51	2	220	32	261	0.960352422907489
GT2.hmm	170	demux_S_51.scaffolds_20_22	313	1.7e-16	1	112	5	123	0.6529411764705882
GT4.hmm	160	demux_S_51.scaffolds_20_27	405	1.1e-23	7	155	206	359	0.925
GT2.hmm	170	demux_S_51.scaffolds_20_28	271	1.3e-19	1	162	5	160	0.9470588235294117
GT14.hmm	250	demux_S_51.scaffolds_20_32	289	3.1e-45	3	247	5	259	0.976
GT4.hmm	160	demux_S_51.scaffolds_20_41	393	1.9e-33	10	159	212	360	0.93125
GT2.hmm	170	demux_S_51.scaffolds_20_43	319	1.5e-35	1	166	5	167	0.9705882352941176
GT4.hmm	160	demux_S_51.scaffolds_20_44	370	2.8e-30	5	159	178	336	0.9625
GT26.hmm	171	demux_S_51.scaffolds_20_47	240	5e-55	4	171	49	220	0.9766081871345029
GH92.hmm	491	demux_S_51.scaffolds_21_73	748	2e-177	2	487	260	746	0.9877800407331976
GH130.hmm	296	demux_S_51.scaffolds_21_74	324	1.1e-92	1	296	20	318	0.9966216216216216
GH92.hmm	491	demux_S_51.scaffolds_21_76	757	2.6e-197	3	491	246	754	0.9938900203665988
GH18.hmm	296	demux_S_51.scaffolds_21_78	661	2e-16	48	259	220	526	0.7128378378378378
GH73.hmm	128	demux_S_51.scaffolds_23_8	308	3e-36	2	128	38	167	0.984375
GT51.hmm	177	demux_S_51.scaffolds_24_13	777	3.6e-57	2	177	57	239	0.9887005649717514
CE1.hmm	227	demux_S_51.scaffolds_24_50	700	4.5e-19	5	216	447	687	0.9295154185022027
GT4.hmm	160	demux_S_51.scaffolds_24_62	295	8.3e-18	7	146	124	253	0.86875
CE12.hmm	210	demux_S_51.scaffolds_25_11	548	7.9e-76	1	209	30	251	0.9904761904761905
CE4.hmm	130	demux_S_51.scaffolds_25_11	548	2e-29	7	122	279	405	0.8846153846153846
GH2.hmm	752	demux_S_51.scaffolds_25_13	779	1.2e-121	26	465	23	538	0.5837765957446809
GH28.hmm	325	demux_S_51.scaffolds_25_14	472	6.5e-72	6	309	76	438	0.9323076923076923
GH28.hmm	325	demux_S_51.scaffolds_25_19	980	4.5e-60	6	309	83	423	0.9323076923076923
GH43_9.hmm	272	demux_S_51.scaffolds_25_19	980	4.1e-123	1	272	505	777	0.9963235294117647
GH30_2.hmm	417	demux_S_51.scaffolds_25_20	509	4.2e-155	3	415	59	502	0.988009592326139
GH2.hmm	752	demux_S_51.scaffolds_25_21	798	1.8e-123	25	472	27	564	0.5944148936170213
GH115.hmm	697	demux_S_51.scaffolds_25_22	781	1.9e-238	8	697	24	775	0.9885222381635581
PL27.hmm	610	demux_S_51.scaffolds_25_7	705	1.1e-261	2	610	72	698	0.9967213114754099
GH92.hmm	491	demux_S_51.scaffolds_26_12	977	2.7e-191	3	491	238	725	0.9938900203665988
GH63.hmm	570	demux_S_51.scaffolds_26_15	535	1.5e-31	326	558	86	441	0.4070175438596491
GH125.hmm	402	demux_S_51.scaffolds_26_16	484	5.5e-182	1	402	69	469	0.9975124378109452
GH20.hmm	337	demux_S_51.scaffolds_26_17	774	4.5e-125	8	336	156	508	0.973293768545994
GH133.hmm	372	demux_S_51.scaffolds_27_26	647	7e-102	7	372	286	636	0.9811827956989247
GT4.hmm	160	demux_S_51.scaffolds_27_27	423	9.8e-35	7	155	241	386	0.925
GH57.hmm	383	demux_S_51.scaffolds_27_28	472	1.7e-52	12	313	20	326	0.7859007832898173
GT5.hmm	472	demux_S_51.scaffolds_27_30	275	1e-46	1	226	6	242	0.4766949152542373
GH92.hmm	491	demux_S_51.scaffolds_27_42	744	3.8e-195	3	491	240	735	0.9938900203665988
GH92.hmm	491	demux_S_51.scaffolds_27_45	759	4.2e-187	2	491	230	737	0.9959266802443992
GH30_3.hmm	417	demux_S_51.scaffolds_29_28	504	1.5e-150	4	417	74	501	0.9904076738609112
GH95.hmm	722	demux_S_51.scaffolds_2_119	821	7.8e-268	6	715	27	784	0.981994459833795
GH3.hmm	216	demux_S_51.scaffolds_2_120	738	9.2e-66	2	215	61	282	0.9861111111111112
GH2.hmm	752	demux_S_51.scaffolds_2_121	854	9.9e-125	27	532	21	737	0.6715425531914894
GH31.hmm	427	demux_S_51.scaffolds_2_122	961	4.1e-145	1	427	382	849	0.9976580796252927
GH5_4.hmm	276	demux_S_51.scaffolds_2_124	594	1e-97	2	275	253	563	0.9891304347826086
GH43_12.hmm	281	demux_S_51.scaffolds_2_125	524	2.2e-121	1	281	26	300	0.99644128113879
CBM91.hmm	200	demux_S_51.scaffolds_2_125	524	1.8e-58	4	197	327	521	0.965
GH3.hmm	216	demux_S_51.scaffolds_2_163	830	1.6e-63	5	215	169	396	0.9722222222222222
GH3.hmm	216	demux_S_51.scaffolds_2_164	776	5.1e-70	4	214	78	292	0.9722222222222222
CE1.hmm	227	demux_S_51.scaffolds_2_165	399	3.5e-56	1	222	158	395	0.973568281938326
CE1.hmm	227	demux_S_51.scaffolds_2_166	401	5.4e-53	1	222	157	397	0.973568281938326
CE1.hmm	227	demux_S_51.scaffolds_2_167	295	1.8e-56	1	223	37	288	0.9779735682819384
GH3.hmm	216	demux_S_51.scaffolds_2_168	789	7.2e-71	4	214	74	288	0.9722222222222222
CE1.hmm	227	demux_S_51.scaffolds_2_169	566	5.4e-52	1	224	341	560	0.9823788546255506
CE1.hmm	227	demux_S_51.scaffolds_2_180	563	8.7e-17	20	185	301	457	0.7268722466960352
GH109.hmm	399	demux_S_51.scaffolds_2_197	496	1.3e-19	3	163	38	189	0.40100250626566414
GT2.hmm	170	demux_S_51.scaffolds_2_201	293	2.4e-17	1	88	6	92	0.5117647058823529
GT11.hmm	276	demux_S_51.scaffolds_2_202	304	2.1e-32	5	255	28	288	0.9057971014492754
GT2.hmm	170	demux_S_51.scaffolds_2_203	327	7.8e-33	1	126	10	133	0.7352941176470589
GT4.hmm	160	demux_S_51.scaffolds_2_204	384	1e-35	5	158	203	356	0.95625
GT2.hmm	170	demux_S_51.scaffolds_2_205	327	3.8e-35	1	123	7	129	0.7176470588235294
GT2.hmm	170	demux_S_51.scaffolds_2_206	333	2e-36	1	136	11	142	0.7941176470588235
GT9.hmm	225	demux_S_51.scaffolds_2_213	333	1.2e-36	3	217	69	307	0.9511111111111111
GH88.hmm	329	demux_S_51.scaffolds_2_234	400	5.7e-131	6	328	70	393	0.9787234042553191
GT30.hmm	177	demux_S_51.scaffolds_2_80	407	5.4e-47	11	176	44	205	0.9322033898305084
GH20.hmm	337	demux_S_51.scaffolds_2_9	556	4.6e-129	9	336	159	512	0.9703264094955489
GH130.hmm	296	demux_S_51.scaffolds_31_1	391	3e-91	9	295	57	361	0.9662162162162162
GH26.hmm	303	demux_S_51.scaffolds_31_15	486	7.2e-87	2	302	157	479	0.9900990099009901
GH5_4.hmm	276	demux_S_51.scaffolds_31_16	504	1.3e-95	2	275	170	463	0.9891304347826086
GH26.hmm	303	demux_S_51.scaffolds_31_2	372	7.4e-65	4	298	35	361	0.9702970297029703
GH125.hmm	402	demux_S_51.scaffolds_37_11	481	5e-176	2	402	68	466	0.9950248756218906
GH92.hmm	491	demux_S_51.scaffolds_37_13	752	1.1e-157	2	489	213	733	0.9918533604887984
CE3.hmm	194	demux_S_51.scaffolds_37_5	223	1.1e-16	55	193	74	220	0.711340206185567
GH2.hmm	752	demux_S_51.scaffolds_39_1	741	3.2e-180	21	589	45	734	0.7553191489361702
GH42.hmm	371	demux_S_51.scaffolds_39_2	687	6.5e-114	2	370	34	398	0.9919137466307277
GH2.hmm	752	demux_S_51.scaffolds_39_3	1244	5e-136	23	474	50	582	0.5997340425531915
GH2.hmm	752	demux_S_51.scaffolds_39_3	1244	2e-56	464	748	787	1126	0.3776595744680851
GH97.hmm	631	demux_S_51.scaffolds_39_4	691	2e-197	4	630	13	687	0.9920760697305864
GH5_4.hmm	276	demux_S_51.scaffolds_39_5	478	5.8e-83	1	274	163	446	0.9891304347826086
GH28.hmm	325	demux_S_51.scaffolds_3_1	494	5.1e-40	62	306	168	467	0.7507692307692307
PL40.hmm	873	demux_S_51.scaffolds_3_10	914	1.5e-259	5	840	2	899	0.9564719358533792
CE1.hmm	227	demux_S_51.scaffolds_3_166	294	4.1e-22	1	175	36	222	0.7665198237885462
GT83.hmm	540	demux_S_51.scaffolds_3_176	573	5.6e-83	6	440	4	471	0.8037037037037037
GT2.hmm	170	demux_S_51.scaffolds_3_178	324	3.1e-21	2	168	10	178	0.9764705882352941
GH30_2.hmm	417	demux_S_51.scaffolds_3_188	503	5.6e-175	2	416	53	499	0.9928057553956835
CBM20.hmm	90	demux_S_51.scaffolds_3_201	898	1.3e-17	4	75	4	78	0.7888888888888889
CBM20.hmm	90	demux_S_51.scaffolds_3_201	898	4.4e-16	13	85	145	219	0.8
GH77.hmm	494	demux_S_51.scaffolds_3_201	898	2.5e-157	1	489	247	892	0.9878542510121457
GT2.hmm	170	demux_S_51.scaffolds_3_204	339	8.2e-21	2	161	6	174	0.9352941176470588
GH20.hmm	337	demux_S_51.scaffolds_3_21	835	2.6e-94	14	336	312	721	0.9554896142433235
GH43_24.hmm	246	demux_S_51.scaffolds_3_220	1107	1.6e-102	2	245	54	309	0.9878048780487805
GH35.hmm	307	demux_S_51.scaffolds_3_220	1107	3.8e-118	1	305	358	668	0.990228013029316
GH43_24.hmm	246	demux_S_51.scaffolds_3_221	381	2.7e-100	5	246	61	348	0.9796747967479674
GH2.hmm	752	demux_S_51.scaffolds_3_229	1032	1.7e-220	14	749	47	902	0.9773936170212766
GH51.hmm	630	demux_S_51.scaffolds_3_230	650	6.6e-109	109	542	188	643	0.6873015873015873
GH127.hmm	524	demux_S_51.scaffolds_3_231	664	6.7e-211	1	524	39	577	0.9980916030534351
GH51.hmm	630	demux_S_51.scaffolds_3_232	847	3.1e-97	108	432	380	733	0.5142857142857142
GH97.hmm	631	demux_S_51.scaffolds_3_233	649	2.4e-182	5	628	14	646	0.9873217115689382
GH43_19.hmm	233	demux_S_51.scaffolds_3_234	647	2e-95	1	233	84	315	0.9957081545064378
GH43_34.hmm	280	demux_S_51.scaffolds_3_234	647	2.4e-98	1	280	342	638	0.9964285714285714
GH105.hmm	332	demux_S_51.scaffolds_3_235	376	3.4e-82	5	332	43	370	0.9849397590361446
PL42.hmm	296	demux_S_51.scaffolds_3_236	444	2.9e-126	1	296	50	342	0.9966216216216216
GH154.hmm	348	demux_S_51.scaffolds_3_237	418	6.6e-104	1	346	34	395	0.9913793103448276
GH84.hmm	295	demux_S_51.scaffolds_3_25	735	3.6e-107	1	294	151	443	0.9932203389830508
GH92.hmm	491	demux_S_51.scaffolds_3_3	789	5.7e-150	2	491	246	775	0.9959266802443992
GH97.hmm	631	demux_S_51.scaffolds_3_4	644	1.3e-182	5	630	14	625	0.9904912836767037
GH97.hmm	631	demux_S_51.scaffolds_3_42	716	1.8e-240	4	630	12	701	0.9920760697305864
GH13.hmm	299	demux_S_51.scaffolds_3_43	446	1.5e-51	5	289	48	332	0.9498327759197325
GH9.hmm	418	demux_S_51.scaffolds_3_49	822	2.8e-35	6	358	343	767	0.8421052631578947
GH18.hmm	296	demux_S_51.scaffolds_3_53	568	6.3e-73	3	286	28	326	0.956081081081081
GH97.hmm	631	demux_S_51.scaffolds_3_65	676	2.8e-228	7	630	21	669	0.9873217115689382
GH73.hmm	128	demux_S_51.scaffolds_47_1	499	6e-34	2	128	12	144	0.984375
GH9.hmm	418	demux_S_51.scaffolds_4_159	842	7.4e-29	12	361	404	777	0.8349282296650717
GH31.hmm	427	demux_S_51.scaffolds_4_163	835	6.8e-126	2	427	350	768	0.9953161592505855
GH35.hmm	307	demux_S_51.scaffolds_4_165	537	2.4e-32	1	176	43	229	0.5700325732899023
GH3.hmm	216	demux_S_51.scaffolds_4_166	752	4.3e-61	2	216	61	283	0.9907407407407407
GH31.hmm	427	demux_S_51.scaffolds_4_171	804	6.1e-134	1	427	254	700	0.9976580796252927
GH30.hmm	417	demux_S_51.scaffolds_4_173	634	3.1e-17	111	415	292	630	0.7290167865707434
GH9.hmm	418	demux_S_51.scaffolds_4_175	845	1.5e-27	12	357	406	778	0.8253588516746412
CE20.hmm	249	demux_S_51.scaffolds_4_176	474	2.8e-91	3	248	102	361	0.9839357429718876
GH20.hmm	337	demux_S_51.scaffolds_4_183	781	4.7e-123	7	336	156	512	0.9762611275964391
CE2.hmm	209	demux_S_51.scaffolds_4_184	393	1.9e-59	1	208	175	377	0.9904306220095693
PL15_2.hmm	156	demux_S_51.scaffolds_4_20	869	7.9e-102	1	156	534	689	0.9935897435897436
PL12_2.hmm	131	demux_S_51.scaffolds_4_25	666	5.1e-64	1	131	403	533	0.9923664122137404
GH88.hmm	329	demux_S_51.scaffolds_4_26	434	1.3e-118	5	329	105	422	0.9848024316109423
PL37.hmm	635	demux_S_51.scaffolds_4_32	634	3e-227	12	634	6	632	0.9795275590551181
GH95.hmm	722	demux_S_51.scaffolds_4_34	1118	8e-51	424	715	377	674	0.40304709141274236
PL13.hmm	363	demux_S_51.scaffolds_4_34	1118	4.9e-202	7	363	750	1106	0.9807162534435262
CBM32.hmm	124	demux_S_51.scaffolds_4_65	895	1.8e-16	5	110	51	153	0.8467741935483871
CBM32.hmm	124	demux_S_51.scaffolds_4_65	895	2.1e-16	14	119	187	292	0.8467741935483871
CBM32.hmm	124	demux_S_51.scaffolds_4_65	895	2.3e-16	8	111	322	426	0.8306451612903226
GH13_36.hmm	314	demux_S_51.scaffolds_4_65	895	3.5e-21	3	171	468	639	0.535031847133758
GH172.hmm	236	demux_S_51.scaffolds_4_66	390	2.3e-75	3	236	85	337	0.9872881355932204
GH92.hmm	491	demux_S_51.scaffolds_4_67	789	9.3e-163	2	491	238	768	0.9959266802443992
GH172.hmm	236	demux_S_51.scaffolds_4_73	697	6.1e-65	1	235	287	524	0.9915254237288136
GT14.hmm	250	demux_S_51.scaffolds_4_85	304	9.3e-45	1	220	4	233	0.876
GT4.hmm	160	demux_S_51.scaffolds_4_88	422	2.5e-25	18	153	251	384	0.84375
GT2.hmm	170	demux_S_51.scaffolds_4_89	249	1.8e-27	1	131	10	138	0.7647058823529411
CBM62.hmm	131	demux_S_51.scaffolds_5_122	653	1.9e-18	64	131	450	517	0.5114503816793893
CBM62.hmm	131	demux_S_51.scaffolds_5_122	653	6.5e-16	2	63	525	585	0.46564885496183206
GH3.hmm	216	demux_S_51.scaffolds_5_148	865	4.3e-70	4	215	56	300	0.9768518518518519
CE11.hmm	271	demux_S_51.scaffolds_5_170	462	1.1e-72	1	221	4	225	0.8118081180811808
GH116.hmm	363	demux_S_51.scaffolds_5_205	854	1.1e-54	90	362	476	782	0.7493112947658402
GH33.hmm	342	demux_S_51.scaffolds_5_208	399	1.1e-24	17	243	45	294	0.6608187134502924
GH172.hmm	236	demux_S_51.scaffolds_5_209	387	2e-67	1	236	121	355	0.9957627118644068
GH3.hmm	216	demux_S_51.scaffolds_5_210	870	1.4e-64	3	214	114	334	0.9768518518518519
GH20.hmm	337	demux_S_51.scaffolds_5_211	606	7.1e-125	8	336	144	493	0.973293768545994
GH116.hmm	363	demux_S_51.scaffolds_5_212	852	1.2e-62	4	362	414	782	0.9862258953168044
GH23.hmm	135	demux_S_51.scaffolds_5_27	439	5.5e-24	3	120	137	270	0.8666666666666667
GT19.hmm	354	demux_S_51.scaffolds_5_34	383	4.1e-111	2	352	4	359	0.9887005649717514
GH172.hmm	236	demux_S_51.scaffolds_61_2	347	3.1e-80	2	218	124	347	0.9152542372881356
GH2.hmm	752	demux_S_51.scaffolds_6_25	814	1.4e-118	31	468	33	577	0.5811170212765957
GH30_4.hmm	484	demux_S_51.scaffolds_6_26	536	1.8e-173	3	484	45	531	0.993801652892562
GH97.hmm	631	demux_S_51.scaffolds_7_158	718	1.1e-257	6	630	12	698	0.9889064976228209
GH31.hmm	427	demux_S_51.scaffolds_7_159	833	6.4e-149	1	426	232	681	0.9953161592505855
GH66.hmm	556	demux_S_51.scaffolds_7_160	602	8.1e-191	2	555	50	601	0.9946043165467626
GH13_8.hmm	293	demux_S_51.scaffolds_7_2	670	6.1e-148	1	293	219	510	0.9965870307167235
GH15.hmm	361	demux_S_51.scaffolds_7_43	597	2.5e-75	2	360	219	581	0.9916897506925207
GT20.hmm	475	demux_S_51.scaffolds_7_44	763	2e-176	8	472	7	468	0.9768421052631578
GH13_38.hmm	375	demux_S_51.scaffolds_7_6	566	1.2e-184	1	375	33	400	0.9973333333333333
GH172.hmm	236	demux_S_51.scaffolds_8_10	398	5.4e-81	3	236	98	350	0.9872881355932204
GH5_46.hmm	257	demux_S_51.scaffolds_8_112	417	2.6e-102	4	257	93	347	0.9844357976653697
GH3.hmm	216	demux_S_51.scaffolds_8_113	742	2e-67	2	214	61	281	0.9814814814814815
GH2.hmm	752	demux_S_51.scaffolds_8_117	815	2e-99	25	465	24	618	0.5851063829787234
PL38.hmm	279	demux_S_51.scaffolds_8_118	788	1.1e-108	1	275	64	339	0.982078853046595
GH88.hmm	329	demux_S_51.scaffolds_8_118	788	1.2e-126	6	328	451	780	0.9787234042553191
GH2.hmm	752	demux_S_51.scaffolds_8_119	887	1.5e-117	25	465	31	592	0.5851063829787234
CBM57.hmm	147	demux_S_51.scaffolds_8_119	887	1e-26	2	147	721	880	0.9863945578231292
GH55.hmm	740	demux_S_51.scaffolds_8_120	992	1.3e-57	138	469	144	469	0.4472972972972973
GH2.hmm	752	demux_S_51.scaffolds_8_125	604	1.5e-99	22	427	29	509	0.538563829787234
PL8_2.hmm	247	demux_S_51.scaffolds_8_134	1028	6.1e-80	1	247	617	865	0.9959514170040485
GH117.hmm	211	demux_S_51.scaffolds_8_136	378	2e-21	55	210	203	353	0.7345971563981043
PL30.hmm	712	demux_S_51.scaffolds_8_137	827	0	2	712	73	783	0.9971910112359551
GH2.hmm	752	demux_S_51.scaffolds_8_138	882	1.3e-95	24	484	33	598	0.6117021276595744
GH172.hmm	236	demux_S_51.scaffolds_8_14	648	1.7e-52	1	235	262	498	0.9915254237288136
GH76.hmm	358	demux_S_51.scaffolds_8_16	391	4.3e-81	8	336	32	373	0.9162011173184358
GH38.hmm	269	demux_S_51.scaffolds_8_17	1204	7.6e-53	1	232	30	263	0.8587360594795539
GH172.hmm	236	demux_S_51.scaffolds_8_18	694	4.3e-61	1	235	290	524	0.9915254237288136
GH2.hmm	752	demux_S_51.scaffolds_8_36	1421	5.9e-237	22	749	60	925	0.9667553191489362
CBM32.hmm	124	demux_S_51.scaffolds_8_36	1421	7.2e-24	8	122	1147	1271	0.9193548387096774
CBM32.hmm	124	demux_S_51.scaffolds_8_36	1421	5.5e-21	14	122	1294	1414	0.8709677419354839
GH97.hmm	631	demux_S_51.scaffolds_8_38	650	1.1e-192	3	630	11	648	0.993660855784469
GH38.hmm	269	demux_S_51.scaffolds_8_39	1210	1.7e-50	1	220	38	257	0.8141263940520446
CBM32.hmm	124	demux_S_51.scaffolds_8_39	1210	4.1e-16	10	122	1085	1205	0.9032258064516129
GH76.hmm	358	demux_S_51.scaffolds_8_42	410	3.4e-68	23	329	66	390	0.8547486033519553
GH125.hmm	402	demux_S_51.scaffolds_8_43	488	1.5e-186	1	402	74	473	0.9975124378109452
GH76.hmm	358	demux_S_51.scaffolds_8_47	378	1.2e-88	25	332	50	352	0.8575418994413407
GH92.hmm	491	demux_S_51.scaffolds_8_48	717	5.6e-133	4	486	229	714	0.9816700610997964
CBM67.hmm	176	demux_S_51.scaffolds_8_49	876	2.4e-41	3	166	141	315	0.9261363636363636
GH78.hmm	504	demux_S_51.scaffolds_8_49	876	1.5e-152	2	504	344	853	0.996031746031746
GH3.hmm	216	demux_S_51.scaffolds_8_50	726	1.5e-51	4	209	59	305	0.9490740740740741
GH31.hmm	427	demux_S_51.scaffolds_8_51	779	1.6e-121	2	427	314	731	0.9953161592505855
GH43_35.hmm	294	demux_S_51.scaffolds_8_57	539	1.8e-106	1	293	26	341	0.9931972789115646
CBM38.hmm	129	demux_S_51.scaffolds_8_7	993	1.8e-29	17	127	309	418	0.8527131782945736
GH116.hmm	363	demux_S_51.scaffolds_8_7	993	3.1e-63	1	362	553	925	0.9944903581267218
GH2.hmm	752	demux_S_51.scaffolds_8_70	606	2.2e-104	23	413	50	509	0.5186170212765957
GH43_31.hmm	268	demux_S_51.scaffolds_8_74	881	5.6e-111	2	268	31	458	0.9925373134328358
GH43_31.hmm	268	demux_S_51.scaffolds_8_75	316	7.5e-109	3	268	36	293	0.9888059701492538
GH43_31.hmm	268	demux_S_51.scaffolds_8_76	323	2e-107	2	266	32	295	0.9850746268656716
GH43_3.hmm	299	demux_S_51.scaffolds_8_77	336	9.9e-116	1	299	36	319	0.9966555183946488
CBM67.hmm	176	demux_S_51.scaffolds_8_78	930	1.6e-39	15	172	184	349	0.8920454545454546
GH78.hmm	504	demux_S_51.scaffolds_8_78	930	7.8e-157	2	504	372	890	0.996031746031746
GH97.hmm	631	demux_S_51.scaffolds_8_8	661	6.5e-194	2	630	14	657	0.9952456418383518
GH125.hmm	402	demux_S_51.scaffolds_8_9	471	2.5e-176	2	401	59	457	0.9925373134328358
GH55.hmm	740	demux_S_51.scaffolds_9_111	1001	5.1e-93	25	617	30	614	0.8
GH55.hmm	740	demux_S_51.scaffolds_9_112	1005	1.4e-90	35	672	37	673	0.8608108108108108
GH9.hmm	418	demux_S_51.scaffolds_9_120	805	2.1e-33	2	418	331	800	0.9952153110047847
GH2.hmm	752	demux_S_51.scaffolds_9_141	940	2.3e-55	22	394	21	451	0.4946808510638298
GH88.hmm	329	demux_S_51.scaffolds_9_152	405	1.1e-127	2	329	71	395	0.993920972644377
GH43_10.hmm	271	demux_S_51.scaffolds_9_153	550	4.4e-112	2	271	38	307	0.992619926199262
CBM91.hmm	200	demux_S_51.scaffolds_9_153	550	7.5e-21	4	196	341	547	0.96
GH97.hmm	631	demux_S_51.scaffolds_9_154	648	2.7e-164	6	630	14	628	0.9889064976228209
GH146.hmm	503	demux_S_51.scaffolds_9_156	642	2.1e-201	1	503	50	555	0.9980119284294234
GH28.hmm	325	demux_S_51.scaffolds_9_158	465	1.3e-40	63	309	188	447	0.7569230769230769
GH28.hmm	325	demux_S_51.scaffolds_9_159	486	7.8e-33	56	306	188	451	0.7692307692307693
GH88.hmm	329	demux_S_51.scaffolds_9_164	405	2e-119	6	329	74	397	0.9817629179331308
GH3.hmm	216	demux_S_51.scaffolds_9_166	799	2.4e-63	3	213	145	367	0.9722222222222222
GH109.hmm	399	demux_S_51.scaffolds_9_33	329	8.7e-27	5	196	5	185	0.47869674185463656
GH20.hmm	337	demux_S_51.scaffolds_9_42	691	2.9e-42	10	335	147	470	0.9643916913946587
GH123.hmm	538	demux_S_51.scaffolds_9_43	577	1.9e-127	7	496	51	542	0.9089219330855018
GH23.hmm	135	demux_S_51.scaffolds_9_53	474	1.7e-22	14	115	314	421	0.7481481481481481
GH3.hmm	216	demux_S_51.scaffolds_9_88	943	6.6e-65	3	215	150	375	0.9814814814814815
