GT51.hmm	177	demux_S_297.scaffolds_11_14	719	6.1e-65	2	177	60	237	0.9887005649717514
GH25.hmm	177	demux_S_297.scaffolds_1_115	282	5.1e-36	1	176	69	253	0.9887005649717514
GT4.hmm	160	demux_S_297.scaffolds_1_203	333	3.3e-18	6	155	158	302	0.93125
GT4.hmm	160	demux_S_297.scaffolds_1_204	438	5e-32	2	147	200	343	0.90625
GT2.hmm	170	demux_S_297.scaffolds_1_234	309	2.4e-32	1	166	4	166	0.9705882352941176
GT8.hmm	257	demux_S_297.scaffolds_1_238	331	1.2e-53	31	255	2	257	0.8715953307392996
GT2.hmm	170	demux_S_297.scaffolds_1_239	239	5.8e-22	3	166	6	168	0.9588235294117647
GT2.hmm	170	demux_S_297.scaffolds_1_242	978	9e-25	1	117	6	121	0.6823529411764706
GT4.hmm	160	demux_S_297.scaffolds_1_244	412	6.7e-22	5	152	194	339	0.91875
GT2.hmm	170	demux_S_297.scaffolds_1_246	312	4.1e-23	2	118	5	122	0.6823529411764706
CBM41.hmm	102	demux_S_297.scaffolds_1_272	766	4.2e-18	2	100	5	100	0.9607843137254902
CBM48.hmm	76	demux_S_297.scaffolds_1_272	766	9.4e-16	3	69	137	228	0.868421052631579
GH13_14.hmm	289	demux_S_297.scaffolds_1_272	766	5.5e-104	2	289	313	621	0.9930795847750865
GT8.hmm	257	demux_S_297.scaffolds_1_30	408	4e-52	27	255	2	241	0.8871595330739299
GH1.hmm	429	demux_S_297.scaffolds_1_38	392	2.1e-83	60	387	57	388	0.7622377622377622
GT4.hmm	160	demux_S_297.scaffolds_1_40	510	3.3e-29	11	153	328	475	0.8875
CE1.hmm	227	demux_S_297.scaffolds_1_490	275	1.2e-36	3	227	19	274	0.986784140969163
CE1.hmm	227	demux_S_297.scaffolds_1_491	247	1.6e-20	66	222	61	243	0.6872246696035242
CE4.hmm	130	demux_S_297.scaffolds_1_548	466	5.5e-36	2	118	265	383	0.8923076923076924
GT28.hmm	157	demux_S_297.scaffolds_1_7	357	5.3e-29	1	152	188	337	0.9617834394904459
GH32.hmm	293	demux_S_297.scaffolds_2_138	485	8.4e-70	1	293	37	340	0.9965870307167235
CBM41.hmm	102	demux_S_297.scaffolds_2_140	1275	9.8e-21	2	96	157	256	0.9215686274509803
CBM41.hmm	102	demux_S_297.scaffolds_2_140	1275	4.8e-24	3	102	268	370	0.9705882352941176
GH13_12.hmm	284	demux_S_297.scaffolds_2_140	1275	1.4e-127	1	284	634	970	0.9964788732394366
CE1.hmm	227	demux_S_297.scaffolds_2_325	260	3.3e-52	1	223	10	248	0.9779735682819384
GH1.hmm	429	demux_S_297.scaffolds_2_327	461	1.9e-143	4	428	3	458	0.9883449883449883
GH20.hmm	337	demux_S_297.scaffolds_2_335	628	4.7e-37	10	336	81	400	0.9673590504451038
GH38.hmm	269	demux_S_297.scaffolds_2_337	880	2.5e-77	1	257	5	275	0.9516728624535316
GH125.hmm	402	demux_S_297.scaffolds_2_338	430	8.2e-180	2	402	23	420	0.9950248756218906
GH92.hmm	491	demux_S_297.scaffolds_2_339	726	3.1e-139	6	488	200	689	0.9816700610997964
GH29.hmm	346	demux_S_297.scaffolds_2_340	568	3.2e-70	41	336	17	321	0.8526011560693642
GT51.hmm	177	demux_S_297.scaffolds_2_448	741	9e-63	2	177	108	279	0.9887005649717514
GH2.hmm	752	demux_S_297.scaffolds_2_89	2219	2.4e-111	9	606	73	832	0.7938829787234043
CBM71.hmm	205	demux_S_297.scaffolds_2_89	2219	1.1e-86	2	205	1410	1606	0.9902439024390244
CBM71.hmm	205	demux_S_297.scaffolds_2_89	2219	8.1e-78	3	205	1759	1959	0.9853658536585366
CBM48.hmm	76	demux_S_297.scaffolds_3_112	638	1.7e-18	3	69	22	104	0.868421052631579
GH13_9.hmm	301	demux_S_297.scaffolds_3_112	638	9.7e-136	1	301	173	471	0.9966777408637874
GT5.hmm	472	demux_S_297.scaffolds_3_115	477	7.7e-184	1	471	2	473	0.9957627118644068
GT35.hmm	674	demux_S_297.scaffolds_3_116	799	1.1e-255	3	673	94	796	0.9940652818991098
GH1.hmm	429	demux_S_297.scaffolds_3_173	469	4.3e-147	1	427	1	465	0.993006993006993
GH25.hmm	177	demux_S_297.scaffolds_3_188	555	2.4e-40	1	173	165	351	0.9717514124293786
GH73.hmm	128	demux_S_297.scaffolds_3_245	233	1.9e-27	5	128	60	192	0.9609375
CBM68.hmm	94	demux_S_297.scaffolds_4_134	692	7.7e-27	2	94	4	95	0.9787234042553191
GH13_14.hmm	289	demux_S_297.scaffolds_4_134	692	6.7e-105	1	289	249	557	0.9965397923875432
GH77.hmm	494	demux_S_297.scaffolds_4_140	503	8.9e-177	1	485	10	486	0.979757085020243
GT35.hmm	674	demux_S_297.scaffolds_4_141	754	2e-222	2	673	78	751	0.9955489614243324
GT2.hmm	170	demux_S_297.scaffolds_4_183	351	1e-35	1	130	7	134	0.7588235294117647
GT32.hmm	90	demux_S_297.scaffolds_4_184	304	1.5e-22	1	87	90	172	0.9555555555555556
GH1.hmm	429	demux_S_297.scaffolds_4_78	391	3e-69	59	387	56	387	0.7645687645687645
GH1.hmm	429	demux_S_297.scaffolds_5_104	480	5.2e-145	4	428	6	475	0.9883449883449883
CE9.hmm	373	demux_S_297.scaffolds_6_3	389	3.9e-126	2	373	6	377	0.9946380697050938
GH1.hmm	429	demux_S_297.scaffolds_7_29	477	1.3e-142	4	428	3	473	0.9883449883449883
CBM34.hmm	120	demux_S_297.scaffolds_7_34	589	8.4e-36	1	119	6	126	0.9833333333333333
GH13_20.hmm	300	demux_S_297.scaffolds_7_34	589	5.6e-130	1	300	176	477	0.9966666666666667
GH13_5.hmm	342	demux_S_297.scaffolds_7_44	483	7.8e-148	1	342	30	372	0.9970760233918129
CE4.hmm	130	demux_S_297.scaffolds_7_65	311	2e-30	5	127	145	274	0.9384615384615385
GH29.hmm	346	demux_S_297.scaffolds_8_36	489	2.4e-110	16	346	5	373	0.953757225433526
CE7.hmm	313	demux_S_297.scaffolds_8_64	333	3.4e-107	6	312	7	315	0.9776357827476039
GH35.hmm	307	demux_S_297.scaffolds_8_78	596	6.2e-125	1	305	10	326	0.990228013029316
GT51.hmm	177	demux_S_297.scaffolds_9_40	789	2.4e-50	2	176	102	291	0.9830508474576272
