GT83.hmm	540	demux_S_289.scaffolds_13_4	544	9.7e-94	11	511	8	487	0.9259259259259259
GT51.hmm	177	demux_S_289.scaffolds_14_2	269	5.2e-66	11	177	79	245	0.9378531073446328
GH23.hmm	135	demux_S_289.scaffolds_1_180	185	8.6e-30	6	124	41	176	0.8740740740740741
GT9.hmm	225	demux_S_289.scaffolds_1_198	347	5e-48	3	204	76	304	0.8933333333333333
GT9.hmm	225	demux_S_289.scaffolds_1_199	340	1.5e-53	3	205	74	303	0.8977777777777778
GT4.hmm	160	demux_S_289.scaffolds_1_269	356	9.1e-36	8	157	181	330	0.93125
GT83.hmm	540	demux_S_289.scaffolds_20_9	538	1.8e-74	9	399	7	387	0.7222222222222222
GT28.hmm	157	demux_S_289.scaffolds_2_11	385	1.7e-30	2	153	205	353	0.9617834394904459
GT2.hmm	170	demux_S_289.scaffolds_2_184	337	6e-32	1	166	4	164	0.9705882352941176
GT9.hmm	225	demux_S_289.scaffolds_3_64	391	2.2e-53	2	220	79	363	0.9688888888888889
CE4.hmm	130	demux_S_289.scaffolds_3_67	268	3.6e-34	5	127	100	226	0.9384615384615385
GH3.hmm	216	demux_S_289.scaffolds_4_121	383	3.3e-42	9	216	121	338	0.9583333333333334
PL1_6.hmm	213	demux_S_289.scaffolds_4_147	423	1.2e-93	1	212	142	349	0.9906103286384976
SLH.hmm	42	demux_S_289.scaffolds_4_22	440	6.6e-16	1	41	26	66	0.9523809523809523
SLH.hmm	42	demux_S_289.scaffolds_4_25	410	1.4e-16	1	41	26	66	0.9523809523809523
GT4.hmm	160	demux_S_289.scaffolds_4_36	394	1.8e-31	5	154	208	359	0.93125
GT2.hmm	170	demux_S_289.scaffolds_4_39	253	9.4e-21	1	132	5	126	0.7705882352941177
GH3.hmm	216	demux_S_289.scaffolds_4_96	383	4.8e-24	15	216	132	336	0.9305555555555556
CE4.hmm	130	demux_S_289.scaffolds_5_1	287	8.8e-31	4	126	93	220	0.9384615384615385
CE11.hmm	271	demux_S_289.scaffolds_5_60	280	2e-99	1	270	5	271	0.992619926199262
GT19.hmm	354	demux_S_289.scaffolds_5_64	381	1.1e-122	1	353	3	358	0.9943502824858758
GT30.hmm	177	demux_S_289.scaffolds_5_66	435	3.6e-55	9	176	40	215	0.943502824858757
SLH.hmm	42	demux_S_289.scaffolds_5_81	420	1.7e-16	1	41	26	66	0.9523809523809523
SLH.hmm	42	demux_S_289.scaffolds_5_82	416	1.4e-16	1	41	26	66	0.9523809523809523
GT26.hmm	171	demux_S_289.scaffolds_6_113	241	3.4e-67	1	171	56	226	0.9941520467836257
GT2.hmm	230	demux_S_289.scaffolds_6_116	421	1.5e-31	3	228	45	268	0.9782608695652174
GT28.hmm	157	demux_S_289.scaffolds_6_49	370	6.5e-48	1	157	190	356	0.9936305732484076
GT51.hmm	177	demux_S_289.scaffolds_6_99	697	3.9e-74	2	177	74	250	0.9887005649717514
GH18.hmm	296	demux_S_289.scaffolds_8_6	535	7.5e-35	70	283	203	429	0.7195945945945946
