CE9.hmm	373	demux_S_303.scaffolds_10_41	384	8.4e-126	3	373	7	377	0.9919571045576407
GT51.hmm	177	demux_S_303.scaffolds_10_61	706	6.4e-64	2	176	60	235	0.9830508474576272
GH1.hmm	429	demux_S_303.scaffolds_12_18	491	8.8e-147	1	427	23	487	0.993006993006993
CE1.hmm	227	demux_S_303.scaffolds_1_144	276	6.6e-36	4	227	20	274	0.9823788546255506
CE1.hmm	227	demux_S_303.scaffolds_1_145	247	1.7e-21	51	219	42	240	0.7400881057268722
CE7.hmm	313	demux_S_303.scaffolds_1_169	328	1e-109	6	312	7	315	0.9776357827476039
GH73.hmm	128	demux_S_303.scaffolds_1_219	233	2.4e-28	2	128	56	191	0.984375
CBM34.hmm	120	demux_S_303.scaffolds_1_304	583	3.4e-33	1	119	6	126	0.9833333333333333
GH13_20.hmm	300	demux_S_303.scaffolds_1_304	583	2.9e-132	1	300	176	477	0.9966666666666667
GH13_14.hmm	289	demux_S_303.scaffolds_1_352	766	1.6e-106	2	289	313	621	0.9930795847750865
GT2.hmm	170	demux_S_303.scaffolds_1_386	450	2.2e-24	1	121	8	129	0.7058823529411765
GT2.hmm	170	demux_S_303.scaffolds_1_389	314	9e-23	2	114	5	118	0.6588235294117647
GT2.hmm	170	demux_S_303.scaffolds_1_392	309	5.6e-31	1	167	4	167	0.9764705882352941
GT2.hmm	170	demux_S_303.scaffolds_1_393	325	3.1e-37	1	131	8	136	0.7647058823529411
GT2.hmm	170	demux_S_303.scaffolds_1_397	247	2.4e-27	2	168	18	177	0.9764705882352941
CE4.hmm	130	demux_S_303.scaffolds_1_407	297	7.2e-31	6	127	131	259	0.9307692307692308
GH13_5.hmm	342	demux_S_303.scaffolds_1_425	484	2.5e-149	1	342	30	372	0.9970760233918129
GT21.hmm	233	demux_S_303.scaffolds_1_97	381	1.1e-19	4	230	43	267	0.9699570815450643
GT1.hmm	382	demux_S_303.scaffolds_1_99	428	7.9e-25	4	380	15	422	0.9842931937172775
CBM41.hmm	102	demux_S_303.scaffolds_2_103	1233	1.2e-21	2	102	121	224	0.9803921568627451
CBM41.hmm	102	demux_S_303.scaffolds_2_103	1233	7.1e-26	2	102	229	333	0.9803921568627451
GH13_12.hmm	284	demux_S_303.scaffolds_2_103	1233	3.1e-124	1	284	597	933	0.9964788732394366
GH95.hmm	722	demux_S_303.scaffolds_2_197	1619	1.5e-263	4	718	119	882	0.9889196675900277
GH1.hmm	429	demux_S_303.scaffolds_2_33	480	2.5e-146	4	428	6	475	0.9883449883449883
GH13_31.hmm	349	demux_S_303.scaffolds_2_45	536	7.4e-148	1	349	28	359	0.997134670487106
GT2.hmm	170	demux_S_303.scaffolds_2_64	351	7.1e-19	2	129	4	129	0.7470588235294118
GH32.hmm	293	demux_S_303.scaffolds_2_77	485	9.9e-69	1	293	37	340	0.9965870307167235
GT4.hmm	160	demux_S_303.scaffolds_3_104	505	5.9e-27	6	149	315	455	0.89375
CE1.hmm	227	demux_S_303.scaffolds_3_113	261	2.3e-50	1	222	10	248	0.973568281938326
GT2.hmm	170	demux_S_303.scaffolds_3_120	320	3.8e-31	1	130	4	138	0.7588235294117647
GH13_31.hmm	349	demux_S_303.scaffolds_3_14	556	1.8e-131	1	348	28	372	0.994269340974212
GH29.hmm	346	demux_S_303.scaffolds_3_156	1230	3e-69	39	337	116	423	0.861271676300578
GH2.hmm	752	demux_S_303.scaffolds_3_157	2269	9.1e-111	9	502	105	730	0.6555851063829787
CBM71.hmm	205	demux_S_303.scaffolds_3_157	2269	1.2e-83	2	203	1444	1640	0.9804878048780488
CBM71.hmm	205	demux_S_303.scaffolds_3_157	2269	3.4e-69	2	205	1795	1994	0.9902439024390244
GT51.hmm	177	demux_S_303.scaffolds_3_165	744	1.4e-63	2	177	112	283	0.9887005649717514
GH85.hmm	315	demux_S_303.scaffolds_3_76	1599	1.1e-103	2	315	193	505	0.9936507936507937
GT5.hmm	472	demux_S_303.scaffolds_4_109	476	7.2e-185	1	471	2	473	0.9957627118644068
CBM48.hmm	76	demux_S_303.scaffolds_4_112	634	4.4e-18	3	71	22	106	0.8947368421052632
GH13_9.hmm	301	demux_S_303.scaffolds_4_112	634	2.2e-137	1	301	173	471	0.9966777408637874
CE4.hmm	130	demux_S_303.scaffolds_4_34	462	5.2e-36	2	121	260	380	0.9153846153846154
GH8.hmm	320	demux_S_303.scaffolds_5_126	368	1.9e-72	3	318	37	364	0.984375
GT2.hmm	230	demux_S_303.scaffolds_5_127	437	1.2e-23	1	228	49	279	0.9869565217391304
GT51.hmm	177	demux_S_303.scaffolds_5_133	826	2.6e-50	2	176	107	296	0.9830508474576272
GH20.hmm	337	demux_S_303.scaffolds_5_142	627	6.6e-36	10	335	80	398	0.9643916913946587
GH38.hmm	269	demux_S_303.scaffolds_5_144	882	4.3e-76	2	257	6	275	0.9479553903345725
GH125.hmm	402	demux_S_303.scaffolds_5_145	427	3.8e-182	2	402	23	420	0.9950248756218906
GH92.hmm	491	demux_S_303.scaffolds_5_146	693	2e-135	6	488	198	687	0.9816700610997964
GH20.hmm	337	demux_S_303.scaffolds_5_15	1189	3.2e-53	18	331	141	491	0.9287833827893175
GH20.hmm	337	demux_S_303.scaffolds_5_15	1189	2.1e-50	18	331	584	921	0.9287833827893175
GH1.hmm	429	demux_S_303.scaffolds_5_39	468	1.3e-147	4	428	9	464	0.9883449883449883
GH32.hmm	293	demux_S_303.scaffolds_5_83	440	6.3e-105	1	293	31	336	0.9965870307167235
GT4.hmm	160	demux_S_303.scaffolds_6_35	333	2.1e-17	3	151	155	298	0.925
GT4.hmm	160	demux_S_303.scaffolds_6_36	441	6.7e-33	2	153	200	350	0.94375
GH25.hmm	177	demux_S_303.scaffolds_6_73	288	1.7e-37	1	176	74	258	0.9887005649717514
GH35.hmm	307	demux_S_303.scaffolds_7_25	596	5e-125	1	305	10	326	0.990228013029316
GT2.hmm	170	demux_S_303.scaffolds_8_10	325	5.4e-37	1	131	6	134	0.7647058823529411
GT4.hmm	160	demux_S_303.scaffolds_8_11	383	1.4e-30	10	159	202	355	0.93125
GH25.hmm	177	demux_S_303.scaffolds_8_2	1269	7.3e-41	1	173	139	325	0.9717514124293786
GT113.hmm	322	demux_S_303.scaffolds_8_3	351	5.8e-103	4	320	12	349	0.9813664596273292
GT35.hmm	674	demux_S_303.scaffolds_8_42	753	2.3e-225	2	673	78	751	0.9955489614243324
GH77.hmm	494	demux_S_303.scaffolds_8_43	511	1.5e-174	1	492	10	493	0.9939271255060729
GH13_14.hmm	289	demux_S_303.scaffolds_8_49	684	8.5e-106	2	289	241	548	0.9930795847750865
GT2.hmm	170	demux_S_303.scaffolds_8_9	329	2e-33	1	168	4	173	0.9823529411764705
GT28.hmm	157	demux_S_303.scaffolds_9_41	357	2.2e-30	1	152	188	337	0.9617834394904459
