GH97.hmm	631	demux_S_145.scaffolds_10_108	719	3.2e-262	3	630	16	704	0.993660855784469
GH3.hmm	216	demux_S_145.scaffolds_10_114	750	4.6e-73	3	216	92	314	0.9861111111111112
GH158.hmm	132	demux_S_145.scaffolds_10_115	429	4.3e-31	1	131	36	167	0.9848484848484849
GH16_3.hmm	230	demux_S_145.scaffolds_10_116	281	1.8e-73	1	230	42	277	0.9956521739130435
GT2.hmm	170	demux_S_145.scaffolds_10_121	318	7.1e-34	1	168	4	167	0.9823529411764705
PL13.hmm	363	demux_S_145.scaffolds_10_14	390	1.2e-202	3	362	21	388	0.9889807162534435
GH88.hmm	329	demux_S_145.scaffolds_10_29	427	3.7e-122	8	328	101	414	0.9726443768996961
PL12_2.hmm	131	demux_S_145.scaffolds_10_30	670	3e-64	1	131	405	535	0.9923664122137404
PL15_2.hmm	156	demux_S_145.scaffolds_10_35	880	3.2e-99	1	156	539	694	0.9935897435897436
CE19.hmm	332	demux_S_145.scaffolds_10_73	389	9.3e-30	6	289	71	386	0.8524096385542169
GH106.hmm	824	demux_S_145.scaffolds_10_74	959	5.6e-243	5	823	37	952	0.9927184466019418
GH28.hmm	325	demux_S_145.scaffolds_10_80	514	9.5e-55	4	311	43	369	0.9446153846153846
CE20.hmm	249	demux_S_145.scaffolds_10_81	651	1.4e-42	3	117	101	220	0.4578313253012048
CE20.hmm	249	demux_S_145.scaffolds_10_81	651	4.2e-47	120	248	404	530	0.5140562248995983
GH36.hmm	688	demux_S_145.scaffolds_10_82	736	1.3e-215	2	687	27	717	0.9956395348837209
CE20.hmm	249	demux_S_145.scaffolds_10_83	508	3.9e-73	3	249	106	396	0.9879518072289156
GH110.hmm	548	demux_S_145.scaffolds_10_84	658	3.5e-35	73	523	64	541	0.8211678832116789
GH92.hmm	491	demux_S_145.scaffolds_10_87	726	2.2e-180	13	490	238	724	0.9714867617107943
GT2.hmm	170	demux_S_145.scaffolds_11_25	391	1.9e-19	1	131	57	190	0.7647058823529411
GT11.hmm	276	demux_S_145.scaffolds_11_4	294	8.5e-66	3	276	3	293	0.9891304347826086
GH66.hmm	556	demux_S_145.scaffolds_11_65	1063	5.2e-19	118	551	311	755	0.7787769784172662
CBM35.hmm	119	demux_S_145.scaffolds_11_67	889	1.1e-18	1	107	746	856	0.8907563025210085
GT4.hmm	160	demux_S_145.scaffolds_11_77	366	8.4e-25	7	117	193	301	0.6875
GT4.hmm	160	demux_S_145.scaffolds_11_8	367	3.4e-26	10	154	197	340	0.9
GT4.hmm	160	demux_S_145.scaffolds_11_80	403	4.1e-28	7	150	223	370	0.89375
GT4.hmm	160	demux_S_145.scaffolds_11_82	368	3.4e-31	4	148	185	330	0.9
GT2.hmm	170	demux_S_145.scaffolds_11_83	255	1.1e-26	1	142	4	142	0.8294117647058824
CE1.hmm	227	demux_S_145.scaffolds_11_99	283	2.7e-20	1	175	37	229	0.7665198237885462
GH27.hmm	229	demux_S_145.scaffolds_12_12	535	1.6e-69	4	228	136	371	0.9781659388646288
CE20.hmm	249	demux_S_145.scaffolds_12_45	650	5.3e-44	3	137	101	244	0.5381526104417671
CE20.hmm	249	demux_S_145.scaffolds_12_45	650	5.3e-49	121	248	410	535	0.5100401606425703
GH36.hmm	688	demux_S_145.scaffolds_12_46	719	1.7e-207	2	687	26	701	0.9956395348837209
GH92.hmm	491	demux_S_145.scaffolds_12_47	747	1.1e-191	3	491	251	744	0.9938900203665988
GH95.hmm	722	demux_S_145.scaffolds_12_48	801	4.8e-249	5	718	26	767	0.9875346260387812
CE1.hmm	227	demux_S_145.scaffolds_12_74	258	1.5e-28	5	209	33	237	0.8986784140969163
PL8_3.hmm	249	demux_S_145.scaffolds_12_79	725	1.8e-109	1	248	347	600	0.9919678714859438
GH20.hmm	337	demux_S_145.scaffolds_13_12	665	1.6e-67	9	336	159	483	0.9703264094955489
GH3.hmm	216	demux_S_145.scaffolds_13_53	842	1.5e-69	3	213	177	399	0.9722222222222222
PL6_1.hmm	347	demux_S_145.scaffolds_13_69	479	1.6e-107	13	345	39	387	0.9567723342939481
PL10_1.hmm	288	demux_S_145.scaffolds_13_7	363	1.2e-123	1	286	62	349	0.9895833333333334
GH89.hmm	663	demux_S_145.scaffolds_13_8	718	3.4e-260	2	661	55	713	0.9939668174962293
GH3.hmm	216	demux_S_145.scaffolds_14_10	758	2.3e-65	4	214	103	322	0.9722222222222222
GH63.hmm	570	demux_S_145.scaffolds_14_20	896	2e-107	252	567	203	641	0.5526315789473685
GH2.hmm	752	demux_S_145.scaffolds_14_23	1047	2.6e-222	21	751	56	910	0.9707446808510638
GH63.hmm	570	demux_S_145.scaffolds_14_24	645	1.4e-104	218	568	169	635	0.6140350877192983
GH24.hmm	137	demux_S_145.scaffolds_14_52	176	7.2e-17	5	137	43	168	0.9635036496350365
GT2.hmm	230	demux_S_145.scaffolds_16_51	400	1.4e-22	1	227	53	271	0.9826086956521739
GT2.hmm	170	demux_S_145.scaffolds_16_53	283	7.3e-23	1	129	41	162	0.7529411764705882
GT4.hmm	160	demux_S_145.scaffolds_16_54	381	6.6e-41	4	159	196	350	0.96875
GT101.hmm	224	demux_S_145.scaffolds_16_55	299	3.5e-91	1	224	53	276	0.9955357142857143
GT4.hmm	160	demux_S_145.scaffolds_16_56	385	4e-37	9	160	207	357	0.94375
GH2.hmm	752	demux_S_145.scaffolds_17_14	1076	2.2e-214	16	751	51	929	0.9773936170212766
GT2.hmm	170	demux_S_145.scaffolds_17_45	301	1.8e-18	1	159	8	173	0.9294117647058824
GT2.hmm	230	demux_S_145.scaffolds_17_46	394	4.1e-26	2	229	48	269	0.9869565217391304
GT2.hmm	170	demux_S_145.scaffolds_17_5	396	1.6e-25	1	167	4	187	0.9764705882352941
GH85.hmm	315	demux_S_145.scaffolds_18_24	1247	8.5e-41	12	314	102	414	0.9587301587301588
GT2.hmm	170	demux_S_145.scaffolds_19_16	251	2.6e-26	1	149	4	147	0.8705882352941177
GT2.hmm	170	demux_S_145.scaffolds_19_19	327	2.1e-29	1	129	11	142	0.7529411764705882
GT32.hmm	90	demux_S_145.scaffolds_19_20	243	3.7e-24	2	88	19	96	0.9555555555555556
GT26.hmm	171	demux_S_145.scaffolds_19_46	613	2e-33	2	152	428	581	0.8771929824561403
GH92.hmm	491	demux_S_145.scaffolds_1_119	926	6.9e-126	4	489	409	920	0.9877800407331976
GH20.hmm	337	demux_S_145.scaffolds_1_134	535	1.8e-110	8	336	144	507	0.973293768545994
GH2.hmm	752	demux_S_145.scaffolds_1_136	883	5.3e-90	27	481	39	601	0.6037234042553191
GH36.hmm	688	demux_S_145.scaffolds_1_138	722	1e-212	2	675	22	682	0.9781976744186046
CBM67.hmm	176	demux_S_145.scaffolds_1_139	771	5.7e-28	1	176	25	210	0.9943181818181818
GH78.hmm	504	demux_S_145.scaffolds_1_139	771	1.3e-87	57	501	282	716	0.8809523809523809
PL35.hmm	179	demux_S_145.scaffolds_1_142	645	4.5e-43	2	177	402	592	0.9776536312849162
PL35.hmm	179	demux_S_145.scaffolds_1_147	769	4e-32	2	178	499	692	0.9832402234636871
CE20.hmm	249	demux_S_145.scaffolds_1_150	644	2.4e-42	3	116	104	220	0.4538152610441767
CE20.hmm	249	demux_S_145.scaffolds_1_150	644	2.1e-47	121	247	405	530	0.5060240963855421
GH3.hmm	216	demux_S_145.scaffolds_1_153	749	5.7e-67	3	215	62	302	0.9814814814814815
GH2.hmm	752	demux_S_145.scaffolds_1_155	664	3.3e-67	48	474	36	641	0.5664893617021277
GH130.hmm	296	demux_S_145.scaffolds_1_157	338	4e-99	1	296	3	333	0.9966216216216216
GH89.hmm	663	demux_S_145.scaffolds_1_160	728	1.8e-237	2	662	65	717	0.995475113122172
GH89.hmm	663	demux_S_145.scaffolds_1_164	725	3.1e-206	2	621	68	690	0.9336349924585219
GH35.hmm	307	demux_S_145.scaffolds_1_214	606	3.9e-115	1	306	39	353	0.993485342019544
PL30.hmm	712	demux_S_145.scaffolds_1_216	796	4.7e-218	3	712	51	741	0.9957865168539326
GH88.hmm	329	demux_S_145.scaffolds_1_219	412	2.7e-130	5	329	65	404	0.9848024316109423
GH95.hmm	722	demux_S_145.scaffolds_1_225	811	5.9e-226	6	706	32	776	0.9695290858725761
GH18.hmm	296	demux_S_145.scaffolds_1_226	832	1.8e-38	22	286	436	729	0.8918918918918919
GH20.hmm	337	demux_S_145.scaffolds_1_230	626	2.6e-123	8	336	158	509	0.973293768545994
GH163.hmm	251	demux_S_145.scaffolds_1_231	624	2.8e-38	5	250	264	533	0.9760956175298805
GH92.hmm	491	demux_S_145.scaffolds_1_255	762	8e-181	2	491	251	744	0.9959266802443992
GH105.hmm	332	demux_S_145.scaffolds_1_256	370	1.5e-73	13	330	58	365	0.9548192771084337
GH3.hmm	216	demux_S_145.scaffolds_1_266	796	1.1e-62	5	216	71	315	0.9768518518518519
GH105.hmm	332	demux_S_145.scaffolds_1_281	369	1.1e-85	9	331	47	364	0.9698795180722891
CE7.hmm	313	demux_S_145.scaffolds_1_282	425	2.7e-79	9	311	124	416	0.9648562300319489
GH94.hmm	1036	demux_S_145.scaffolds_1_30	812	5.8e-295	263	1036	2	809	0.7461389961389961
CE20.hmm	249	demux_S_145.scaffolds_1_33	479	2.1e-96	3	248	105	367	0.9839357429718876
CE4.hmm	130	demux_S_145.scaffolds_1_336	198	5.2e-26	6	114	3	107	0.8307692307692308
PL35.hmm	179	demux_S_145.scaffolds_1_34	606	1.2e-63	2	178	376	555	0.9832402234636871
GH5_5.hmm	282	demux_S_145.scaffolds_1_35	1151	4.4e-98	2	281	469	755	0.9893617021276596
GH88.hmm	329	demux_S_145.scaffolds_1_35	1151	2.1e-121	4	329	823	1147	0.9878419452887538
GH127.hmm	524	demux_S_145.scaffolds_1_389	677	3.4e-34	60	523	91	550	0.8835877862595419
GH146.hmm	503	demux_S_145.scaffolds_1_392	591	1e-26	229	502	265	534	0.5427435387673957
CBM67.hmm	176	demux_S_145.scaffolds_1_393	768	4.1e-35	2	176	25	206	0.9886363636363636
GH78.hmm	504	demux_S_145.scaffolds_1_393	768	2.8e-89	20	501	246	710	0.9543650793650794
GH110.hmm	548	demux_S_145.scaffolds_1_397	849	2e-29	77	534	96	548	0.833941605839416
CBM9.hmm	182	demux_S_145.scaffolds_1_40	333	3.9e-23	2	179	37	245	0.9725274725274725
GH3.hmm	216	demux_S_145.scaffolds_1_407	742	8e-68	4	214	62	280	0.9722222222222222
PL11_1.hmm	583	demux_S_145.scaffolds_1_408	1192	3.7e-239	4	577	500	1095	0.9828473413379074
PL38.hmm	279	demux_S_145.scaffolds_1_409	406	5e-112	1	275	64	339	0.982078853046595
GH5_26.hmm	279	demux_S_145.scaffolds_1_41	337	3e-118	1	279	42	317	0.996415770609319
PL8_2.hmm	247	demux_S_145.scaffolds_1_417	1025	1.9e-87	1	246	615	858	0.9919028340080972
GH5_5.hmm	282	demux_S_145.scaffolds_1_42	961	5.7e-79	1	279	555	840	0.9858156028368794
PL8_2.hmm	247	demux_S_145.scaffolds_1_426	1703	3.1e-45	1	245	1200	1469	0.9878542510121457
GH117.hmm	211	demux_S_145.scaffolds_1_427	375	5.7e-19	41	149	109	229	0.5118483412322274
GH117.hmm	211	demux_S_145.scaffolds_1_427	375	9.9e-19	56	210	203	352	0.7298578199052133
PL8_2.hmm	247	demux_S_145.scaffolds_1_428	1013	8.8e-85	1	247	606	850	0.9959514170040485
GH88.hmm	329	demux_S_145.scaffolds_1_441	402	1.2e-130	6	328	70	393	0.9787234042553191
CE8.hmm	288	demux_S_145.scaffolds_1_445	1439	1.2e-54	17	287	1022	1300	0.9375
GT10.hmm	347	demux_S_145.scaffolds_1_450	316	5.7e-49	169	305	113	246	0.3919308357348703
GH97.hmm	631	demux_S_145.scaffolds_1_460	847	5.8e-153	14	630	36	624	0.9762282091917591
GH76.hmm	358	demux_S_145.scaffolds_1_461	772	6.9e-79	25	333	299	609	0.8603351955307262
GH97.hmm	631	demux_S_145.scaffolds_1_462	661	3.4e-199	3	630	21	659	0.993660855784469
GT4.hmm	160	demux_S_145.scaffolds_1_465	364	6.7e-36	7	159	184	335	0.95
GT9.hmm	225	demux_S_145.scaffolds_1_467	346	9.4e-33	4	217	73	320	0.9466666666666667
GT2.hmm	170	demux_S_145.scaffolds_1_468	328	4.7e-24	2	169	5	174	0.9823529411764705
GT4.hmm	160	demux_S_145.scaffolds_1_471	376	1.9e-27	9	158	203	348	0.93125
GT2.hmm	170	demux_S_145.scaffolds_1_473	319	1.8e-34	1	139	6	144	0.8117647058823529
GT2.hmm	170	demux_S_145.scaffolds_1_474	325	9.5e-39	1	163	13	168	0.9529411764705882
GT2.hmm	170	demux_S_145.scaffolds_1_476	323	2.7e-34	1	145	4	148	0.8470588235294118
GT4.hmm	160	demux_S_145.scaffolds_1_477	401	1.6e-31	3	154	205	356	0.94375
GT2.hmm	170	demux_S_145.scaffolds_1_478	282	7.5e-20	1	132	7	135	0.7705882352941177
GT23.hmm	318	demux_S_145.scaffolds_1_480	312	5.6e-27	3	275	11	288	0.8553459119496856
GH43_10.hmm	271	demux_S_145.scaffolds_1_5	592	2.4e-98	2	271	98	356	0.992619926199262
CBM91.hmm	200	demux_S_145.scaffolds_1_5	592	6.7e-29	4	197	390	580	0.965
GT2.hmm	170	demux_S_145.scaffolds_1_50	313	7e-34	1	138	3	141	0.8058823529411765
GT2.hmm	170	demux_S_145.scaffolds_1_51	327	8.3e-29	1	142	14	144	0.8294117647058824
GT2.hmm	170	demux_S_145.scaffolds_1_52	299	1.1e-18	2	131	5	132	0.7588235294117647
GT4.hmm	160	demux_S_145.scaffolds_1_53	400	5.7e-31	7	159	219	370	0.95
PL37.hmm	635	demux_S_145.scaffolds_1_530	1136	4.5e-215	34	633	528	1131	0.9433070866141732
GH2.hmm	752	demux_S_145.scaffolds_1_534	892	5.1e-103	31	503	25	647	0.6276595744680851
CBM57.hmm	147	demux_S_145.scaffolds_1_534	892	1.4e-24	3	147	713	885	0.9795918367346939
GH50.hmm	653	demux_S_145.scaffolds_1_535	468	1.3e-75	291	652	119	459	0.552833078101072
GH2.hmm	752	demux_S_145.scaffolds_1_536	821	5.4e-115	23	526	24	686	0.6688829787234043
GH2.hmm	752	demux_S_145.scaffolds_1_540	803	6.9e-119	28	471	23	580	0.589095744680851
GH154.hmm	348	demux_S_145.scaffolds_1_541	412	5.2e-113	2	343	33	386	0.9798850574712644
CE20.hmm	249	demux_S_145.scaffolds_1_542	510	3.4e-84	3	248	100	388	0.9839357429718876
GH43_34.hmm	280	demux_S_145.scaffolds_1_543	481	2e-80	1	278	61	328	0.9892857142857143
CE15.hmm	269	demux_S_145.scaffolds_1_544	397	1.4e-75	2	265	24	380	0.9776951672862454
GH50.hmm	653	demux_S_145.scaffolds_1_545	1127	8.6e-49	309	652	114	443	0.5252679938744257
CE20.hmm	249	demux_S_145.scaffolds_1_545	1127	3.6e-18	5	193	820	992	0.7550200803212851
CE20.hmm	249	demux_S_145.scaffolds_1_547	275	1.1e-25	5	248	38	265	0.9759036144578314
GT28.hmm	157	demux_S_145.scaffolds_1_553	371	4.7e-47	1	156	194	355	0.9872611464968153
GT4.hmm	160	demux_S_145.scaffolds_1_56	441	7.5e-23	19	153	271	403	0.8375
GT2.hmm	170	demux_S_145.scaffolds_1_57	249	7.8e-27	1	129	10	136	0.7529411764705882
GH2.hmm	752	demux_S_145.scaffolds_1_6	984	4.1e-91	44	610	60	785	0.7526595744680851
CBM32.hmm	124	demux_S_145.scaffolds_1_6	984	1.8e-24	10	122	731	840	0.9032258064516129
GH97.hmm	631	demux_S_145.scaffolds_1_7	756	8.6e-157	8	630	19	662	0.9857369255150554
GH76.hmm	358	demux_S_145.scaffolds_1_71	398	2.3e-62	33	329	61	373	0.8268156424581006
GH105.hmm	332	demux_S_145.scaffolds_1_72	381	3e-75	11	328	66	375	0.9548192771084337
GH97.hmm	631	demux_S_145.scaffolds_1_73	649	7.2e-204	11	628	19	645	0.9778129952456418
GH67.hmm	669	demux_S_145.scaffolds_1_74	718	8.4e-291	1	667	22	691	0.9955156950672646
GH2.hmm	752	demux_S_145.scaffolds_1_76	605	1.5e-95	23	479	36	590	0.6063829787234043
GH76.hmm	358	demux_S_145.scaffolds_1_84	766	1.7e-76	19	345	301	628	0.9106145251396648
GH97.hmm	631	demux_S_145.scaffolds_21_15	663	8.7e-213	3	630	13	661	0.993660855784469
GT2.hmm	170	demux_S_145.scaffolds_21_22	259	5.8e-35	1	149	8	148	0.8705882352941177
GT4.hmm	160	demux_S_145.scaffolds_21_26	391	4.8e-28	3	151	193	348	0.925
PL29.hmm	301	demux_S_145.scaffolds_2_1	618	4.4e-23	10	275	82	353	0.8803986710963455
GH105.hmm	332	demux_S_145.scaffolds_2_120	400	7.4e-123	6	332	51	395	0.9819277108433735
CE8.hmm	288	demux_S_145.scaffolds_2_121	319	5.2e-105	2	286	28	308	0.9861111111111112
CE12.hmm	210	demux_S_145.scaffolds_2_123	576	1.6e-78	1	210	26	257	0.9952380952380953
CE8.hmm	288	demux_S_145.scaffolds_2_123	576	2.1e-101	2	274	273	545	0.9444444444444444
CE19.hmm	332	demux_S_145.scaffolds_2_124	384	5.1e-24	16	290	64	382	0.8253012048192772
PL1_2.hmm	183	demux_S_145.scaffolds_2_130	523	2.4e-78	1	183	99	283	0.994535519125683
CE8.hmm	288	demux_S_145.scaffolds_2_132	1110	2.9e-75	1	286	663	976	0.9895833333333334
GH3.hmm	216	demux_S_145.scaffolds_2_137	868	1e-70	3	215	65	310	0.9814814814814815
GH28.hmm	325	demux_S_145.scaffolds_2_139	512	4.1e-97	9	308	51	424	0.92
GH95.hmm	722	demux_S_145.scaffolds_2_143	822	3.1e-287	3	714	20	755	0.9847645429362881
GH3.hmm	216	demux_S_145.scaffolds_2_144	865	2.2e-71	6	215	66	308	0.9675925925925926
CE7.hmm	313	demux_S_145.scaffolds_2_148	464	1.9e-86	11	311	159	456	0.9584664536741214
GH43_10.hmm	271	demux_S_145.scaffolds_2_151	559	3.8e-108	1	271	39	309	0.996309963099631
CBM91.hmm	200	demux_S_145.scaffolds_2_151	559	3.2e-20	4	196	343	555	0.96
GH28.hmm	325	demux_S_145.scaffolds_2_154	537	5e-87	8	310	83	487	0.9292307692307692
CE11.hmm	271	demux_S_145.scaffolds_2_172	462	3.3e-73	1	221	4	225	0.8118081180811808
GH2.hmm	752	demux_S_145.scaffolds_2_205	1116	3.4e-208	19	751	63	966	0.973404255319149
GH84.hmm	295	demux_S_145.scaffolds_2_210	1110	3.9e-75	1	294	174	488	0.9932203389830508
GH43_34.hmm	280	demux_S_145.scaffolds_2_277	347	3.9e-107	1	279	26	327	0.9928571428571429
GH92.hmm	491	demux_S_145.scaffolds_2_278	767	4.2e-184	2	491	239	746	0.9959266802443992
GH92.hmm	491	demux_S_145.scaffolds_2_279	741	6.2e-187	15	491	255	734	0.9694501018329938
GH3.hmm	216	demux_S_145.scaffolds_2_283	855	6.4e-68	4	215	62	303	0.9768518518518519
CBM6.hmm	138	demux_S_145.scaffolds_2_284	915	4.7e-22	1	138	541	674	0.9927536231884058
GH3.hmm	216	demux_S_145.scaffolds_2_286	864	7.2e-71	4	215	58	302	0.9768518518518519
CE12.hmm	210	demux_S_145.scaffolds_2_288	651	1.7e-57	1	210	27	245	0.9952380952380953
CE8.hmm	288	demux_S_145.scaffolds_2_289	1239	1.6e-57	8	287	713	1070	0.96875
GH133.hmm	372	demux_S_145.scaffolds_2_292	647	1.1e-103	6	372	285	636	0.9838709677419355
GT4.hmm	160	demux_S_145.scaffolds_2_293	423	2.2e-34	5	155	240	387	0.9375
GH57.hmm	383	demux_S_145.scaffolds_2_294	467	3.9e-51	12	314	20	327	0.7885117493472585
GT5.hmm	472	demux_S_145.scaffolds_2_296	328	3.5e-47	1	224	59	293	0.4724576271186441
GH20.hmm	337	demux_S_145.scaffolds_2_331	812	1.8e-119	8	335	160	525	0.9703264094955489
GT2.hmm	170	demux_S_145.scaffolds_2_374	308	1.4e-23	1	164	8	167	0.9588235294117647
CE4.hmm	130	demux_S_145.scaffolds_2_377	157	2e-25	11	119	2	117	0.8307692307692308
GT4.hmm	160	demux_S_145.scaffolds_2_383	383	2.1e-16	10	159	197	352	0.93125
GT2.hmm	170	demux_S_145.scaffolds_2_387	330	1.2e-28	1	169	3	173	0.9882352941176471
GH3.hmm	216	demux_S_145.scaffolds_2_419	959	1.5e-62	3	215	162	387	0.9814814814814815
GH85.hmm	315	demux_S_145.scaffolds_2_47	1437	4.2e-57	6	313	86	400	0.9746031746031746
CBM32.hmm	124	demux_S_145.scaffolds_2_47	1437	4.3e-16	10	122	772	894	0.9032258064516129
GH97.hmm	631	demux_S_145.scaffolds_2_482	759	9.6e-183	2	630	11	668	0.9952456418383518
GH92.hmm	491	demux_S_145.scaffolds_2_50	759	4.7e-184	2	491	230	737	0.9959266802443992
GH92.hmm	491	demux_S_145.scaffolds_2_53	739	1.4e-195	4	491	238	732	0.9918533604887984
GH23.hmm	135	demux_S_145.scaffolds_2_562	326	4.1e-23	2	123	96	230	0.8962962962962963
GH23.hmm	135	demux_S_145.scaffolds_2_58	432	1.7e-25	2	119	128	261	0.8666666666666667
GT19.hmm	354	demux_S_145.scaffolds_2_63	379	9e-115	2	352	4	359	0.9887005649717514
GH130.hmm	296	demux_S_145.scaffolds_2_90	393	1.6e-92	3	295	51	361	0.9864864864864865
GT4.hmm	160	demux_S_145.scaffolds_3_111	385	2.2e-26	7	156	196	346	0.93125
GT2.hmm	170	demux_S_145.scaffolds_3_117	259	1.4e-18	1	168	4	158	0.9823529411764705
GT4.hmm	160	demux_S_145.scaffolds_3_118	385	6.5e-42	9	159	201	350	0.9375
GT4.hmm	160	demux_S_145.scaffolds_3_122	384	5.7e-30	7	150	210	349	0.89375
GT51.hmm	177	demux_S_145.scaffolds_3_22	779	1.8e-57	1	177	56	244	0.9943502824858758
GH97.hmm	631	demux_S_145.scaffolds_3_242	628	5.4e-143	5	630	13	624	0.9904912836767037
PL8_3.hmm	249	demux_S_145.scaffolds_3_250	710	5.3e-74	1	249	355	604	0.9959839357429718
GH105.hmm	332	demux_S_145.scaffolds_3_252	437	1.1e-75	10	331	97	427	0.9668674698795181
PL38.hmm	279	demux_S_145.scaffolds_3_253	384	8.2e-108	8	279	54	323	0.9713261648745519
GH105.hmm	332	demux_S_145.scaffolds_3_254	663	3.4e-84	11	327	50	378	0.9518072289156626
GH105.hmm	332	demux_S_145.scaffolds_3_263	379	2.6e-73	11	330	65	375	0.9608433734939759
GH89.hmm	663	demux_S_145.scaffolds_3_265	758	2.5e-203	2	662	64	725	0.995475113122172
GH2.hmm	752	demux_S_145.scaffolds_3_268	818	2.4e-93	25	413	26	506	0.5159574468085106
GH88.hmm	329	demux_S_145.scaffolds_3_269	410	5.9e-133	5	328	77	397	0.9817629179331308
CE7.hmm	313	demux_S_145.scaffolds_3_285	387	1.1e-19	48	205	38	198	0.5015974440894568
GH2.hmm	752	demux_S_145.scaffolds_3_286	874	3.5e-117	21	475	18	679	0.6037234042553191
CBM32.hmm	124	demux_S_145.scaffolds_3_291	658	5.3e-20	5	121	30	145	0.9354838709677419
CBM32.hmm	124	demux_S_145.scaffolds_3_292	651	1.6e-21	9	107	35	139	0.7903225806451613
CBM32.hmm	124	demux_S_145.scaffolds_3_293	270	9.1e-18	6	109	34	162	0.8306451612903226
GH36.hmm	688	demux_S_145.scaffolds_3_299	737	9e-183	52	673	68	679	0.9026162790697675
GH31.hmm	427	demux_S_145.scaffolds_3_300	717	2.4e-90	2	427	196	627	0.9953161592505855
GH97.hmm	631	demux_S_145.scaffolds_3_301	643	8.7e-166	8	630	14	641	0.9857369255150554
GH28.hmm	325	demux_S_145.scaffolds_3_302	458	9.2e-71	6	309	49	389	0.9323076923076923
GH13_8.hmm	293	demux_S_145.scaffolds_3_34	670	2.2e-147	1	293	220	511	0.9965870307167235
GH13_38.hmm	375	demux_S_145.scaffolds_3_39	566	1e-183	1	375	33	400	0.9973333333333333
GH109.hmm	399	demux_S_145.scaffolds_3_40	353	4.1e-18	6	165	4	152	0.39849624060150374
GH105.hmm	332	demux_S_145.scaffolds_3_478	596	1.1e-76	10	331	56	369	0.9668674698795181
CBM32.hmm	124	demux_S_145.scaffolds_3_478	596	4.6e-21	7	121	395	510	0.9193548387096774
PL8_2.hmm	247	demux_S_145.scaffolds_3_497	1041	3.1e-40	1	166	594	757	0.6680161943319838
GH2.hmm	752	demux_S_145.scaffolds_3_498	1032	2.4e-74	37	532	121	782	0.6582446808510638
GH95.hmm	722	demux_S_145.scaffolds_3_499	810	3e-267	3	716	19	792	0.9875346260387812
PL8_2.hmm	247	demux_S_145.scaffolds_3_500	972	8.4e-53	2	247	605	817	0.9919028340080972
CE1.hmm	227	demux_S_145.scaffolds_3_556	696	3.8e-18	5	207	446	671	0.8898678414096917
GT2.hmm	170	demux_S_145.scaffolds_3_602	316	2e-29	1	167	7	168	0.9764705882352941
GT35.hmm	674	demux_S_145.scaffolds_3_616	855	1.7e-115	208	629	270	707	0.6246290801186943
GT3.hmm	637	demux_S_145.scaffolds_3_617	554	1.1e-127	1	346	13	347	0.5416012558869702
GH97.hmm	631	demux_S_145.scaffolds_4_106	671	1.3e-194	6	630	13	667	0.9889064976228209
GH3.hmm	216	demux_S_145.scaffolds_4_108	736	8.3e-66	5	215	67	285	0.9722222222222222
GH37.hmm	491	demux_S_145.scaffolds_4_109	443	1.4e-101	76	487	24	434	0.8370672097759674
GH3.hmm	216	demux_S_145.scaffolds_4_110	765	2e-76	2	215	115	344	0.9861111111111112
GH105.hmm	332	demux_S_145.scaffolds_4_111	371	1.5e-77	13	329	58	364	0.9518072289156626
GH115.hmm	697	demux_S_145.scaffolds_4_113	935	3.9e-237	4	697	25	918	0.994261119081779
GH5_38.hmm	312	demux_S_145.scaffolds_4_114	201	1.3e-50	1	144	59	200	0.4583333333333333
GH5_38.hmm	312	demux_S_145.scaffolds_4_115	204	7.1e-47	143	311	11	181	0.5384615384615384
GH5_38.hmm	312	demux_S_145.scaffolds_4_117	720	1.8e-105	1	311	217	528	0.9935897435897436
GH88.hmm	329	demux_S_145.scaffolds_4_118	396	5.7e-129	3	329	64	389	0.9908814589665653
PL38.hmm	279	demux_S_145.scaffolds_4_119	400	1.1e-104	6	279	75	348	0.978494623655914
GT2.hmm	170	demux_S_145.scaffolds_4_179	254	1.1e-29	2	167	9	174	0.9705882352941176
GH85.hmm	315	demux_S_145.scaffolds_4_18	1022	1.9e-40	15	314	124	434	0.9492063492063492
GH33.hmm	342	demux_S_145.scaffolds_4_19	394	7.3e-84	7	329	35	366	0.9415204678362573
GH95.hmm	722	demux_S_145.scaffolds_4_197	779	1.4e-59	122	540	121	541	0.5789473684210527
GH25.hmm	177	demux_S_145.scaffolds_4_199	298	1.9e-55	1	177	100	275	0.9943502824858758
GH20.hmm	337	demux_S_145.scaffolds_4_2	766	3e-114	12	335	157	507	0.9584569732937686
GH20.hmm	337	demux_S_145.scaffolds_4_21	792	9.6e-125	8	336	169	524	0.973293768545994
GH109.hmm	399	demux_S_145.scaffolds_4_216	329	2e-25	5	196	5	185	0.47869674185463656
GH2.hmm	752	demux_S_145.scaffolds_4_22	841	2.2e-117	28	533	32	708	0.6715425531914894
GH28.hmm	325	demux_S_145.scaffolds_4_225	468	1.3e-81	7	310	74	449	0.9323076923076923
GH130.hmm	296	demux_S_145.scaffolds_4_24	324	5.1e-95	1	296	20	318	0.9966216216216216
GH92.hmm	491	demux_S_145.scaffolds_4_26	750	5.5e-180	2	486	262	747	0.9857433808553971
GH20.hmm	337	demux_S_145.scaffolds_4_27	689	3e-122	8	336	148	495	0.973293768545994
GH33.hmm	342	demux_S_145.scaffolds_4_281	563	3.8e-93	12	330	212	548	0.9298245614035088
GH20.hmm	337	demux_S_145.scaffolds_4_282	671	3.7e-61	9	335	141	412	0.9673590504451038
CE20.hmm	249	demux_S_145.scaffolds_4_286	687	4.4e-84	3	249	299	579	0.9879518072289156
GH31.hmm	427	demux_S_145.scaffolds_4_349	529	6.4e-81	32	422	140	526	0.9133489461358314
GH109.hmm	399	demux_S_145.scaffolds_4_355	380	2.2e-107	3	383	1	374	0.9523809523809523
GH109.hmm	399	demux_S_145.scaffolds_4_358	474	2.2e-165	2	398	57	461	0.9924812030075187
GT4.hmm	160	demux_S_145.scaffolds_4_404	317	2.3e-27	6	150	134	281	0.9
PL12.hmm	138	demux_S_145.scaffolds_4_406	612	6.1e-37	1	137	407	544	0.9855072463768116
GT4.hmm	160	demux_S_145.scaffolds_4_407	406	2.4e-16	6	157	215	372	0.94375
GH110.hmm	548	demux_S_145.scaffolds_4_441	596	2.8e-230	1	546	27	595	0.9945255474452555
GT2.hmm	170	demux_S_145.scaffolds_4_459	297	5.3e-18	1	166	3	165	0.9705882352941176
GT51.hmm	177	demux_S_145.scaffolds_4_469	246	3.9e-54	12	176	58	221	0.9265536723163842
CE1.hmm	227	demux_S_145.scaffolds_4_56	279	5.2e-52	1	219	30	261	0.960352422907489
GT51.hmm	177	demux_S_145.scaffolds_4_67	761	3.8e-46	20	176	56	211	0.8813559322033898
GH92.hmm	491	demux_S_145.scaffolds_4_7	754	8.5e-196	3	489	243	749	0.9898167006109979
PL1_2.hmm	183	demux_S_145.scaffolds_4_84	577	4.2e-81	1	183	78	265	0.994535519125683
GH23.hmm	135	demux_S_145.scaffolds_4_95	464	2.5e-23	11	126	300	459	0.8518518518518519
GH65.hmm	372	demux_S_145.scaffolds_5_127	769	2.9e-136	1	372	322	702	0.9973118279569892
GH24.hmm	137	demux_S_145.scaffolds_5_144	150	3e-16	4	137	24	143	0.9708029197080292
PL35.hmm	179	demux_S_145.scaffolds_5_23	615	1.4e-67	2	178	386	564	0.9832402234636871
GH13_10.hmm	313	demux_S_145.scaffolds_5_270	951	4.2e-43	1	178	400	598	0.5654952076677316
GT51.hmm	177	demux_S_145.scaffolds_5_271	799	2.6e-59	3	176	96	280	0.9774011299435028
GH13.hmm	299	demux_S_145.scaffolds_5_276	617	3.6e-62	12	296	162	486	0.9498327759197325
GH13_14.hmm	289	demux_S_145.scaffolds_5_303	666	9.4e-120	2	289	200	523	0.9930795847750865
GH95.hmm	722	demux_S_145.scaffolds_5_307	815	2.8e-275	12	717	52	791	0.9764542936288089
GH18.hmm	296	demux_S_145.scaffolds_5_329	863	8.7e-24	39	283	470	743	0.8243243243243243
GH18.hmm	296	demux_S_145.scaffolds_5_335	847	3.4e-16	70	285	535	733	0.7263513513513513
GH20.hmm	337	demux_S_145.scaffolds_5_339	775	9.5e-110	8	336	157	515	0.973293768545994
GH2.hmm	752	demux_S_145.scaffolds_5_340	1011	7.5e-218	20	749	47	893	0.9694148936170213
GH2.hmm	752	demux_S_145.scaffolds_5_343	891	2.9e-96	23	486	37	607	0.6156914893617021
GH29.hmm	346	demux_S_145.scaffolds_5_344	605	4.2e-83	38	339	50	372	0.869942196531792
CE1.hmm	227	demux_S_145.scaffolds_5_38	269	1e-22	10	207	51	247	0.8678414096916299
GH73.hmm	128	demux_S_145.scaffolds_5_432	287	6.3e-37	3	128	24	152	0.9765625
PL1_2.hmm	183	demux_S_145.scaffolds_5_436	579	1.6e-78	1	183	70	257	0.994535519125683
PL1_2.hmm	183	demux_S_145.scaffolds_5_437	605	3.1e-67	1	183	101	299	0.994535519125683
GH89.hmm	663	demux_S_145.scaffolds_5_48	733	1.2e-228	2	660	62	717	0.9924585218702866
GH3.hmm	216	demux_S_145.scaffolds_5_49	860	3e-61	3	214	111	331	0.9768518518518519
GH20.hmm	337	demux_S_145.scaffolds_5_50	758	2.1e-124	8	336	161	500	0.973293768545994
GH9.hmm	418	demux_S_145.scaffolds_5_53	832	5.7e-78	2	417	115	584	0.992822966507177
CE4.hmm	130	demux_S_145.scaffolds_5_53	832	3.9e-16	9	125	617	745	0.8923076923076924
GH32.hmm	293	demux_S_145.scaffolds_5_74	513	1.7e-35	2	279	52	333	0.9453924914675768
GH172.hmm	236	demux_S_145.scaffolds_5_76	696	6.1e-62	1	235	277	513	0.9915254237288136
GH32.hmm	293	demux_S_145.scaffolds_5_78	607	1e-100	1	284	143	433	0.9658703071672355
GH2.hmm	752	demux_S_145.scaffolds_6_105	947	5.2e-115	31	625	32	708	0.7898936170212766
PL11_1.hmm	583	demux_S_145.scaffolds_6_106	1025	1e-263	3	575	23	620	0.9811320754716981
PL1_2.hmm	183	demux_S_145.scaffolds_6_114	972	1.2e-50	1	183	77	257	0.994535519125683
CBM89.hmm	312	demux_S_145.scaffolds_6_115	665	2.5e-60	2	296	202	496	0.9423076923076923
PL1_2.hmm	183	demux_S_145.scaffolds_6_116	1001	1.2e-47	1	183	81	267	0.994535519125683
GH105.hmm	332	demux_S_145.scaffolds_6_117	433	1.3e-91	10	331	71	411	0.9668674698795181
GH28.hmm	325	demux_S_145.scaffolds_6_122	478	3.8e-67	9	310	78	453	0.9261538461538461
GH28.hmm	325	demux_S_145.scaffolds_6_123	510	2.3e-82	9	307	76	472	0.916923076923077
CBM89.hmm	312	demux_S_145.scaffolds_6_124	1014	2.4e-64	2	312	222	524	0.9935897435897436
GH10.hmm	303	demux_S_145.scaffolds_6_124	1014	1.6e-92	10	301	634	948	0.9603960396039604
PL11.hmm	606	demux_S_145.scaffolds_6_125	611	1.1e-156	3	571	49	610	0.9372937293729373
GH106.hmm	824	demux_S_145.scaffolds_6_126	910	1.7e-281	5	823	17	899	0.9927184466019418
CE20.hmm	249	demux_S_145.scaffolds_6_127	843	3e-91	3	249	104	366	0.9879518072289156
GH105.hmm	332	demux_S_145.scaffolds_6_127	843	2.4e-119	11	330	504	840	0.9608433734939759
GH2.hmm	752	demux_S_145.scaffolds_6_149	1041	5.5e-206	15	751	46	904	0.9787234042553191
PL1.hmm	202	demux_S_145.scaffolds_6_179	719	5.8e-45	28	201	212	387	0.8564356435643564
CBM77.hmm	103	demux_S_145.scaffolds_6_179	719	1.6e-26	5	103	566	666	0.9514563106796117
GT2.hmm	170	demux_S_145.scaffolds_6_196	330	6.5e-28	1	168	4	168	0.9823529411764705
GH171.hmm	355	demux_S_145.scaffolds_6_249	389	1.3e-112	1	355	43	386	0.9971830985915493
GT2.hmm	170	demux_S_145.scaffolds_6_252	489	8e-22	1	124	247	372	0.7235294117647059
GH171.hmm	355	demux_S_145.scaffolds_6_256	413	2.1e-131	1	355	46	411	0.9971830985915493
GH3.hmm	216	demux_S_145.scaffolds_6_299	792	3.4e-73	3	216	99	324	0.9861111111111112
GH144.hmm	404	demux_S_145.scaffolds_6_300	453	1e-189	3	403	38	449	0.9900990099009901
GH92.hmm	491	demux_S_145.scaffolds_6_324	756	3.8e-164	3	489	217	737	0.9898167006109979
GH130.hmm	296	demux_S_145.scaffolds_6_326	353	7.3e-84	3	295	9	349	0.9864864864864865
CE17.hmm	165	demux_S_145.scaffolds_6_327	380	2.1e-60	2	165	71	233	0.9878787878787879
GH125.hmm	402	demux_S_145.scaffolds_6_333	491	2.7e-187	2	402	76	475	0.9950248756218906
GH38.hmm	269	demux_S_145.scaffolds_6_334	1205	3.9e-53	1	248	30	282	0.9182156133828996
CBM32.hmm	124	demux_S_145.scaffolds_6_334	1205	1e-16	11	123	1080	1201	0.9032258064516129
CBM51.hmm	134	demux_S_145.scaffolds_6_348	1332	3.7e-16	2	78	108	183	0.5671641791044776
GH3.hmm	216	demux_S_145.scaffolds_6_56	1003	5.1e-56	3	215	106	330	0.9814814814814815
GH3.hmm	216	demux_S_145.scaffolds_6_57	1005	1.5e-59	3	216	101	326	0.9861111111111112
GH85.hmm	315	demux_S_145.scaffolds_6_65	1265	7.9e-60	16	314	115	430	0.946031746031746
GH92.hmm	491	demux_S_145.scaffolds_7_38	781	1.7e-166	2	491	290	771	0.9959266802443992
GH105.hmm	332	demux_S_145.scaffolds_7_43	402	1.7e-68	10	329	64	395	0.9608433734939759
GH171.hmm	355	demux_S_145.scaffolds_7_72	388	1.6e-116	1	355	44	387	0.9971830985915493
CBM20.hmm	90	demux_S_145.scaffolds_7_81	901	1.5e-16	3	87	3	90	0.9333333333333333
GH77.hmm	494	demux_S_145.scaffolds_7_81	901	7.7e-156	1	490	247	892	0.9898785425101214
GT2.hmm	170	demux_S_145.scaffolds_7_85	344	1.7e-24	1	129	5	129	0.7529411764705882
GH2.hmm	752	demux_S_145.scaffolds_8_100	1434	1.2e-106	21	393	54	471	0.4946808510638298
GH92.hmm	491	demux_S_145.scaffolds_8_106	760	4.1e-155	6	490	218	736	0.9857433808553971
GH30_2.hmm	417	demux_S_145.scaffolds_8_107	465	4.7e-174	7	416	56	462	0.9808153477218226
GH3.hmm	216	demux_S_145.scaffolds_8_108	856	9.4e-68	2	215	61	304	0.9861111111111112
GH3.hmm	216	demux_S_145.scaffolds_8_109	864	1.3e-67	4	215	59	304	0.9768518518518519
GH20.hmm	337	demux_S_145.scaffolds_8_126	779	1.5e-130	9	335	158	511	0.9673590504451038
GH13_36.hmm	314	demux_S_145.scaffolds_8_129	566	7.9e-65	1	312	49	402	0.9904458598726115
GH97.hmm	631	demux_S_145.scaffolds_8_133	660	3.9e-195	5	630	6	655	0.9904912836767037
GH123.hmm	538	demux_S_145.scaffolds_8_16	617	1.7e-234	4	538	77	615	0.9925650557620818
GH109.hmm	399	demux_S_145.scaffolds_8_18	514	1.6e-162	2	398	62	473	0.9924812030075187
GH2.hmm	752	demux_S_145.scaffolds_8_19	706	2.9e-91	25	487	23	600	0.6143617021276596
GH105.hmm	332	demux_S_145.scaffolds_8_20	365	2.9e-84	8	331	42	360	0.9728915662650602
GH105.hmm	332	demux_S_145.scaffolds_8_22	450	2.7e-79	13	332	64	372	0.9608433734939759
PL8_3.hmm	249	demux_S_145.scaffolds_8_23	1486	1.2e-90	2	249	850	1102	0.9919678714859438
GH31.hmm	427	demux_S_145.scaffolds_8_30	1281	1e-54	212	427	448	672	0.5035128805620609
GT30.hmm	177	demux_S_145.scaffolds_8_35	407	4.4e-49	10	176	43	205	0.9378531073446328
GH2.hmm	752	demux_S_145.scaffolds_8_86	671	1.8e-106	25	512	24	602	0.6476063829787234
GH92.hmm	491	demux_S_145.scaffolds_8_87	744	5.7e-181	2	491	255	740	0.9959266802443992
GH43_2.hmm	273	demux_S_145.scaffolds_8_94	331	4e-117	1	273	51	322	0.9963369963369964
GH2.hmm	752	demux_S_145.scaffolds_8_95	976	4e-65	46	491	208	770	0.5917553191489362
GH43_24.hmm	246	demux_S_145.scaffolds_8_97	336	7e-99	1	246	46	303	0.9959349593495935
PL15_2.hmm	156	demux_S_145.scaffolds_9_28	695	2.1e-87	4	156	368	520	0.9743589743589743
GT4.hmm	160	demux_S_145.scaffolds_9_51	416	1.5e-22	19	151	233	379	0.825
GH125.hmm	402	demux_S_145.scaffolds_9_82	490	3.6e-187	2	402	76	474	0.9950248756218906
GH76.hmm	358	demux_S_145.scaffolds_9_83	400	3.2e-70	40	328	73	370	0.8044692737430168
GH20.hmm	337	demux_S_145.scaffolds_9_93	774	6.7e-113	9	336	158	515	0.9703264094955489
GH18.hmm	296	demux_S_145.scaffolds_9_97	376	9e-48	10	284	57	346	0.9256756756756757
