CBM34.hmm	120	demux_S_259.scaffolds_10_49	583	8.7e-33	1	119	6	126	0.9833333333333333
GH13_20.hmm	300	demux_S_259.scaffolds_10_49	583	6.9e-133	1	300	176	477	0.9966666666666667
GH13_14.hmm	289	demux_S_259.scaffolds_10_7	770	2.3e-107	2	289	313	621	0.9930795847750865
GH8.hmm	320	demux_S_259.scaffolds_11_37	368	5.2e-71	4	318	38	364	0.98125
GT2.hmm	230	demux_S_259.scaffolds_11_38	437	2.5e-23	1	228	49	279	0.9869565217391304
GT51.hmm	177	demux_S_259.scaffolds_11_44	830	1.2e-49	4	171	111	284	0.943502824858757
GH20.hmm	337	demux_S_259.scaffolds_11_59	627	1.9e-35	10	335	80	398	0.9643916913946587
GH38.hmm	269	demux_S_259.scaffolds_11_61	881	8.6e-76	2	257	6	275	0.9479553903345725
GH125.hmm	402	demux_S_259.scaffolds_11_62	427	4.3e-183	2	402	23	420	0.9950248756218906
GH92.hmm	491	demux_S_259.scaffolds_11_63	692	5.8e-141	6	488	198	685	0.9816700610997964
GH1.hmm	429	demux_S_259.scaffolds_12_50	462	6.9e-148	4	428	3	458	0.9883449883449883
CE4.hmm	130	demux_S_259.scaffolds_13_14	293	2.1e-28	5	126	128	256	0.9307692307692308
GH13_5.hmm	342	demux_S_259.scaffolds_13_6	494	1.8e-149	1	342	36	378	0.9970760233918129
GT28.hmm	157	demux_S_259.scaffolds_14_10	361	7.7e-31	1	151	188	336	0.9554140127388535
CE9.hmm	373	demux_S_259.scaffolds_18_39	386	2e-125	2	373	6	377	0.9946380697050938
GT51.hmm	177	demux_S_259.scaffolds_19_14	705	2e-62	2	176	60	235	0.9830508474576272
GH32.hmm	293	demux_S_259.scaffolds_1_10	485	3.5e-110	1	292	28	332	0.9931740614334471
CBM48.hmm	76	demux_S_259.scaffolds_1_138	636	1.6e-19	3	69	22	104	0.868421052631579
GH13_9.hmm	301	demux_S_259.scaffolds_1_138	636	1.1e-138	1	301	173	471	0.9966777408637874
GT5.hmm	472	demux_S_259.scaffolds_1_141	476	3e-182	1	471	2	473	0.9957627118644068
GT2.hmm	170	demux_S_259.scaffolds_20_17	450	2.1e-24	1	121	8	129	0.7058823529411765
GT2.hmm	170	demux_S_259.scaffolds_20_20	314	3.1e-22	2	108	5	112	0.6235294117647059
GT2.hmm	170	demux_S_259.scaffolds_20_22	259	2.3e-16	2	150	7	143	0.8705882352941177
GT2.hmm	170	demux_S_259.scaffolds_20_24	235	7e-23	3	131	2	130	0.7529411764705882
GT2.hmm	170	demux_S_259.scaffolds_20_25	329	3e-33	1	128	4	133	0.7470588235294118
GT2.hmm	170	demux_S_259.scaffolds_20_29	309	1.3e-31	1	166	4	166	0.9705882352941176
CE4.hmm	130	demux_S_259.scaffolds_20_32	461	7.4e-36	2	112	259	371	0.8461538461538461
GH32.hmm	293	demux_S_259.scaffolds_22_19	485	9.5e-71	1	293	37	340	0.9965870307167235
GH29.hmm	346	demux_S_259.scaffolds_26_6	1237	1.7e-69	39	337	116	423	0.861271676300578
GH2.hmm	752	demux_S_259.scaffolds_26_7	2267	9.8e-109	16	604	114	863	0.7819148936170213
CBM71.hmm	205	demux_S_259.scaffolds_26_7	2267	1.2e-83	2	203	1446	1642	0.9804878048780488
CBM71.hmm	205	demux_S_259.scaffolds_26_7	2267	7.5e-71	2	205	1797	1996	0.9902439024390244
CE1.hmm	227	demux_S_259.scaffolds_2_106	276	1.3e-36	4	227	20	274	0.9823788546255506
CE1.hmm	227	demux_S_259.scaffolds_2_107	247	2.3e-21	65	220	54	241	0.6828193832599119
CE7.hmm	313	demux_S_259.scaffolds_2_120	328	3.7e-111	6	312	7	315	0.9776357827476039
GH73.hmm	128	demux_S_259.scaffolds_2_83	234	2e-28	2	128	57	192	0.984375
GT51.hmm	177	demux_S_259.scaffolds_3_1	745	5e-63	3	177	114	284	0.9830508474576272
GT4.hmm	160	demux_S_259.scaffolds_3_10	371	3.5e-25	5	116	194	303	0.69375
GT2.hmm	170	demux_S_259.scaffolds_3_12	325	4e-40	1	132	6	135	0.7705882352941177
GT4.hmm	160	demux_S_259.scaffolds_3_13	383	3.5e-30	10	159	202	355	0.93125
GT35.hmm	674	demux_S_259.scaffolds_3_47	753	5.5e-224	2	673	78	751	0.9955489614243324
GH77.hmm	494	demux_S_259.scaffolds_3_48	509	9.3e-177	1	492	10	493	0.9939271255060729
GH25.hmm	177	demux_S_259.scaffolds_3_5	1371	1.7e-40	1	173	138	324	0.9717514124293786
GH13_14.hmm	289	demux_S_259.scaffolds_3_54	692	5.9e-109	2	289	245	552	0.9930795847750865
GT4.hmm	160	demux_S_259.scaffolds_3_6	369	4.6e-25	6	153	190	332	0.91875
GH13_31.hmm	349	demux_S_259.scaffolds_4_14	536	7.4e-149	1	349	28	359	0.997134670487106
GH31.hmm	427	demux_S_259.scaffolds_4_15	744	4.4e-131	1	427	157	579	0.9976580796252927
GH1.hmm	429	demux_S_259.scaffolds_4_50	480	3.2e-146	4	428	6	475	0.9883449883449883
CBM67.hmm	176	demux_S_259.scaffolds_4_52	767	5.4e-22	14	148	47	191	0.7613636363636364
GH78.hmm	504	demux_S_259.scaffolds_4_52	767	2.3e-137	7	501	239	749	0.9801587301587301
GH2.hmm	752	demux_S_259.scaffolds_4_54	798	3.9e-93	27	490	2	625	0.6156914893617021
GH3.hmm	216	demux_S_259.scaffolds_4_56	565	4.9e-47	5	215	79	312	0.9722222222222222
CBM67.hmm	176	demux_S_259.scaffolds_4_57	934	1.5e-23	1	153	105	265	0.8636363636363636
GH78.hmm	504	demux_S_259.scaffolds_4_57	934	8.8e-166	2	504	297	812	0.996031746031746
GH43_12.hmm	281	demux_S_259.scaffolds_4_59	511	1.7e-94	1	281	7	291	0.99644128113879
CBM91.hmm	200	demux_S_259.scaffolds_4_59	511	1.4e-19	5	182	324	500	0.885
CE3.hmm	194	demux_S_259.scaffolds_4_71	211	1.4e-17	50	189	56	205	0.7164948453608248
GT4.hmm	160	demux_S_259.scaffolds_5_36	345	5.8e-17	4	153	168	312	0.93125
GT4.hmm	160	demux_S_259.scaffolds_5_37	441	9.8e-30	6	150	204	346	0.9
GH25.hmm	177	demux_S_259.scaffolds_5_76	292	2.4e-36	1	176	74	258	0.9887005649717514
GH29.hmm	346	demux_S_259.scaffolds_6_35	488	1.1e-111	18	346	6	373	0.9479768786127167
GH35.hmm	307	demux_S_259.scaffolds_6_98	596	1.2e-123	1	305	10	326	0.990228013029316
GH13_29.hmm	344	demux_S_259.scaffolds_7_99	541	7.3e-170	1	344	25	364	0.997093023255814
GH20.hmm	337	demux_S_259.scaffolds_8_1	1180	1.3e-52	18	331	139	489	0.9287833827893175
GH20.hmm	337	demux_S_259.scaffolds_8_1	1180	1.2e-51	18	331	582	920	0.9287833827893175
GH13_31.hmm	349	demux_S_259.scaffolds_8_85	556	1e-131	1	348	28	372	0.994269340974212
CE1.hmm	227	demux_S_259.scaffolds_9_39	261	7.2e-54	1	223	10	249	0.9779735682819384
GT113.hmm	322	demux_S_259.scaffolds_9_47	335	1.1e-77	8	319	14	327	0.9658385093167702
GT4.hmm	160	demux_S_259.scaffolds_9_53	505	1.1e-27	4	154	313	468	0.9375
GH85.hmm	315	demux_S_259.scaffolds_9_81	1597	1.6e-103	2	315	191	503	0.9936507936507937
