GH36.hmm	688	demux_S_253.scaffolds_1_11	721	2.3e-256	2	687	10	702	0.9956395348837209
GH13_18.hmm	343	demux_S_253.scaffolds_1_15	481	1.8e-122	2	343	36	372	0.9941690962099126
GH3.hmm	216	demux_S_253.scaffolds_1_16	808	6.8e-66	5	216	173	409	0.9768518518518519
GH73.hmm	128	demux_S_253.scaffolds_1_196	234	4.9e-28	2	128	57	192	0.984375
CE1.hmm	227	demux_S_253.scaffolds_1_219	276	1e-36	4	227	20	274	0.9823788546255506
CE1.hmm	227	demux_S_253.scaffolds_1_220	247	3.2e-21	51	219	42	240	0.7400881057268722
CE7.hmm	313	demux_S_253.scaffolds_1_244	328	3.4e-108	6	312	7	315	0.9776357827476039
GT1.hmm	382	demux_S_253.scaffolds_1_252	426	5.6e-17	76	380	86	416	0.7958115183246073
GT1.hmm	382	demux_S_253.scaffolds_1_326	428	2.6e-23	4	381	15	423	0.9869109947643979
GT21.hmm	233	demux_S_253.scaffolds_1_328	381	1.1e-18	4	230	43	267	0.9699570815450643
GH13_5.hmm	342	demux_S_253.scaffolds_1_37	494	1.2e-148	1	342	36	378	0.9970760233918129
CE4.hmm	130	demux_S_253.scaffolds_1_45	293	4.1e-28	5	126	128	256	0.9307692307692308
CBM34.hmm	120	demux_S_253.scaffolds_1_489	583	2.4e-33	1	119	6	126	0.9833333333333333
GH13_20.hmm	300	demux_S_253.scaffolds_1_489	583	8.1e-133	1	300	176	477	0.9966666666666667
GH13_14.hmm	289	demux_S_253.scaffolds_1_534	767	7.3e-106	2	289	313	621	0.9930795847750865
GT2.hmm	170	demux_S_253.scaffolds_1_559	450	1.3e-23	1	131	8	139	0.7647058823529411
GT2.hmm	170	demux_S_253.scaffolds_1_562	314	3.2e-24	2	114	5	118	0.6588235294117647
GT2.hmm	170	demux_S_253.scaffolds_1_566	310	7.3e-32	1	166	4	166	0.9705882352941176
GT2.hmm	170	demux_S_253.scaffolds_1_568	261	4.1e-17	2	151	9	146	0.8764705882352941
GT2.hmm	170	demux_S_253.scaffolds_1_571	237	9.1e-27	2	168	8	167	0.9764705882352941
CE4.hmm	130	demux_S_253.scaffolds_1_574	461	4.3e-36	2	111	259	370	0.8384615384615385
GT5.hmm	472	demux_S_253.scaffolds_1_642	476	2.3e-182	1	471	2	473	0.9957627118644068
CBM48.hmm	76	demux_S_253.scaffolds_1_645	636	5.1e-19	3	69	22	104	0.868421052631579
GH13_9.hmm	301	demux_S_253.scaffolds_1_645	636	2.6e-138	1	301	173	471	0.9966777408637874
GH1.hmm	429	demux_S_253.scaffolds_1_78	469	1.6e-147	1	427	1	465	0.993006993006993
GH32.hmm	293	demux_S_253.scaffolds_1_819	485	1.2e-107	1	292	28	332	0.9931740614334471
GT28.hmm	157	demux_S_253.scaffolds_1_840	347	6.3e-30	1	151	177	325	0.9554140127388535
GT4.hmm	160	demux_S_253.scaffolds_2_149	441	1.5e-29	6	150	204	346	0.9
GT4.hmm	160	demux_S_253.scaffolds_2_150	345	3.3e-17	3	153	167	312	0.9375
CBM41.hmm	102	demux_S_253.scaffolds_2_303	1233	1.1e-21	2	102	121	224	0.9803921568627451
CBM41.hmm	102	demux_S_253.scaffolds_2_303	1233	1.8e-26	2	102	229	333	0.9803921568627451
GH13_12.hmm	284	demux_S_253.scaffolds_2_303	1233	2.9e-124	1	284	597	933	0.9964788732394366
GT4.hmm	160	demux_S_253.scaffolds_2_309	498	1.2e-25	8	143	309	449	0.84375
GT2.hmm	170	demux_S_253.scaffolds_2_311	296	5.9e-42	1	127	8	132	0.7411764705882353
GT8.hmm	257	demux_S_253.scaffolds_2_312	408	1.4e-54	29	255	3	232	0.8793774319066148
GH32.hmm	293	demux_S_253.scaffolds_2_333	485	7.1e-70	1	293	37	340	0.9965870307167235
GH13_31.hmm	349	demux_S_253.scaffolds_2_368	536	7.2e-149	1	349	28	359	0.997134670487106
GH31.hmm	427	demux_S_253.scaffolds_2_369	744	2e-128	1	427	157	579	0.9976580796252927
GH1.hmm	429	demux_S_253.scaffolds_2_405	480	2.2e-146	4	428	6	475	0.9883449883449883
CE3.hmm	194	demux_S_253.scaffolds_2_413	211	9.8e-17	51	189	57	205	0.711340206185567
GT4.hmm	160	demux_S_253.scaffolds_2_501	505	9.8e-29	4	153	313	467	0.93125
GT113.hmm	322	demux_S_253.scaffolds_2_507	335	2e-78	8	319	14	327	0.9658385093167702
GH25.hmm	177	demux_S_253.scaffolds_2_99	292	1.1e-36	1	176	74	258	0.9887005649717514
GH1.hmm	429	demux_S_253.scaffolds_3_156	462	1.4e-146	4	428	3	458	0.9883449883449883
GH8.hmm	320	demux_S_253.scaffolds_3_232	368	1.6e-73	4	318	38	364	0.98125
GT2.hmm	230	demux_S_253.scaffolds_3_233	437	2.1e-23	1	228	49	279	0.9869565217391304
GT51.hmm	177	demux_S_253.scaffolds_3_239	814	5.4e-50	3	171	110	284	0.9491525423728814
GH20.hmm	337	demux_S_253.scaffolds_3_252	627	1.1e-35	10	335	80	398	0.9643916913946587
GH38.hmm	269	demux_S_253.scaffolds_3_254	882	8.4e-76	2	257	6	275	0.9479553903345725
GH125.hmm	402	demux_S_253.scaffolds_3_255	427	4.9e-182	2	402	23	420	0.9950248756218906
GH92.hmm	491	demux_S_253.scaffolds_3_256	692	1.6e-139	6	488	198	685	0.9816700610997964
GH13_31.hmm	349	demux_S_253.scaffolds_3_95	556	2.2e-131	1	348	28	372	0.994269340974212
GH13_14.hmm	289	demux_S_253.scaffolds_4_100	685	4e-107	2	289	241	548	0.9930795847750865
GH29.hmm	346	demux_S_253.scaffolds_4_33	745	6.5e-70	38	337	49	357	0.8641618497109826
GH2.hmm	752	demux_S_253.scaffolds_4_34	1589	3.6e-110	27	502	3	610	0.6316489361702128
CBM71.hmm	205	demux_S_253.scaffolds_4_34	1589	2.9e-82	2	203	1324	1520	0.9804878048780488
GT51.hmm	177	demux_S_253.scaffolds_4_43	745	2.5e-63	3	177	114	284	0.9830508474576272
GH25.hmm	177	demux_S_253.scaffolds_4_47	1360	1.3e-41	1	173	138	324	0.9717514124293786
GT113.hmm	322	demux_S_253.scaffolds_4_48	351	2.6e-104	4	320	12	349	0.9813664596273292
GT2.hmm	170	demux_S_253.scaffolds_4_54	329	1.6e-32	1	168	4	173	0.9823529411764705
GT2.hmm	170	demux_S_253.scaffolds_4_55	325	1.1e-36	1	128	6	131	0.7470588235294118
GT4.hmm	160	demux_S_253.scaffolds_4_56	383	2e-30	9	159	201	355	0.9375
GT35.hmm	674	demux_S_253.scaffolds_4_93	753	8.7e-224	2	673	78	751	0.9955489614243324
GH77.hmm	494	demux_S_253.scaffolds_4_94	510	1.3e-178	1	492	10	493	0.9939271255060729
GH29.hmm	346	demux_S_253.scaffolds_5_35	488	1.4e-110	18	346	6	373	0.9479768786127167
GH109.hmm	399	demux_S_253.scaffolds_5_76	369	5.4e-22	6	163	3	148	0.39348370927318294
GH35.hmm	307	demux_S_253.scaffolds_5_99	596	8.5e-123	1	305	10	326	0.990228013029316
CE9.hmm	373	demux_S_253.scaffolds_6_39	386	6.4e-125	2	373	6	377	0.9946380697050938
GT51.hmm	177	demux_S_253.scaffolds_6_60	704	1.5e-62	2	176	60	235	0.9830508474576272
CE1.hmm	227	demux_S_253.scaffolds_7_13	261	9e-54	1	223	10	249	0.9779735682819384
