CBM34.hmm	120	m3g1_p1_E12_well_B2_Isolate_S14.scaffolds_10_17	690	9.5e-17	12	120	20	115	0.9
GH13_39.hmm	316	m3g1_p1_E12_well_B2_Isolate_S14.scaffolds_10_17	690	1.9e-93	1	316	171	553	0.9968354430379747
GH13_4.hmm	400	m3g1_p1_E12_well_B2_Isolate_S14.scaffolds_10_54	186	1e-73	140	323	1	182	0.4575
GH36.hmm	688	m3g1_p1_E12_well_B2_Isolate_S14.scaffolds_10_55	729	6e-266	2	687	12	709	0.9956395348837209
GH77.hmm	494	m3g1_p1_E12_well_B2_Isolate_S14.scaffolds_12_81	513	3.7e-176	1	489	10	492	0.9878542510121457
GH1.hmm	429	m3g1_p1_E12_well_B2_Isolate_S14.scaffolds_13_60	477	1.5e-150	5	428	3	472	0.986013986013986
GT4.hmm	160	m3g1_p1_E12_well_B2_Isolate_S14.scaffolds_13_71	571	7e-30	6	159	393	543	0.95625
GT2.hmm	170	m3g1_p1_E12_well_B2_Isolate_S14.scaffolds_13_74	271	1.3e-29	1	166	9	166	0.9705882352941176
GT32.hmm	90	m3g1_p1_E12_well_B2_Isolate_S14.scaffolds_13_75	236	1.3e-24	2	87	19	95	0.9444444444444444
GT4.hmm	160	m3g1_p1_E12_well_B2_Isolate_S14.scaffolds_13_76	398	6.6e-24	9	157	228	373	0.925
GT2.hmm	170	m3g1_p1_E12_well_B2_Isolate_S14.scaffolds_13_77	338	3.5e-39	1	148	5	147	0.8647058823529412
GT2.hmm	170	m3g1_p1_E12_well_B2_Isolate_S14.scaffolds_13_78	337	2.8e-30	1	141	5	144	0.8235294117647058
GT2.hmm	170	m3g1_p1_E12_well_B2_Isolate_S14.scaffolds_13_79	318	4.5e-35	1	168	3	165	0.9823529411764705
GT2.hmm	170	m3g1_p1_E12_well_B2_Isolate_S14.scaffolds_13_81	336	1.1e-34	2	169	8	178	0.9823529411764705
GT14.hmm	250	m3g1_p1_E12_well_B2_Isolate_S14.scaffolds_13_84	315	1.9e-35	1	240	19	270	0.956
GT2.hmm	170	m3g1_p1_E12_well_B2_Isolate_S14.scaffolds_13_85	315	5.5e-37	1	121	9	125	0.7058823529411765
GT2.hmm	170	m3g1_p1_E12_well_B2_Isolate_S14.scaffolds_13_86	323	9.3e-36	1	136	6	144	0.7941176470588235
GT2.hmm	170	m3g1_p1_E12_well_B2_Isolate_S14.scaffolds_13_87	301	2e-20	1	105	7	111	0.611764705882353
GH129.hmm	618	m3g1_p1_E12_well_B2_Isolate_S14.scaffolds_15_35	638	7.7e-231	10	597	5	629	0.9498381877022654
GH109.hmm	399	m3g1_p1_E12_well_B2_Isolate_S14.scaffolds_15_36	435	1.9e-22	5	160	4	155	0.38847117794486213
GH13_31.hmm	349	m3g1_p1_E12_well_B2_Isolate_S14.scaffolds_15_64	549	1.2e-153	1	349	30	364	0.997134670487106
GH172.hmm	236	m3g1_p1_E12_well_B2_Isolate_S14.scaffolds_15_8	448	3.3e-84	1	236	102	362	0.9957627118644068
GH32.hmm	293	m3g1_p1_E12_well_B2_Isolate_S14.scaffolds_15_9	494	7.1e-102	1	286	34	329	0.9726962457337884
CE4.hmm	130	m3g1_p1_E12_well_B2_Isolate_S14.scaffolds_16_14	299	6.4e-36	2	124	99	225	0.9384615384615385
GT28.hmm	157	m3g1_p1_E12_well_B2_Isolate_S14.scaffolds_16_33	364	9.5e-31	2	153	197	342	0.9617834394904459
CE4.hmm	130	m3g1_p1_E12_well_B2_Isolate_S14.scaffolds_16_34	241	1.1e-25	3	110	36	144	0.823076923076923
GT2.hmm	170	m3g1_p1_E12_well_B2_Isolate_S14.scaffolds_16_7	606	2.8e-22	1	115	78	193	0.6705882352941176
GT2.hmm	170	m3g1_p1_E12_well_B2_Isolate_S14.scaffolds_16_7	606	2.3e-24	1	170	335	513	0.9941176470588236
GT2.hmm	170	m3g1_p1_E12_well_B2_Isolate_S14.scaffolds_16_8	318	1.5e-23	1	170	5	176	0.9941176470588236
CBM48.hmm	76	m3g1_p1_E12_well_B2_Isolate_S14.scaffolds_1_1	595	7.1e-16	3	67	18	93	0.8421052631578947
GH13_9.hmm	301	m3g1_p1_E12_well_B2_Isolate_S14.scaffolds_1_1	595	9.3e-121	1	301	164	453	0.9966777408637874
GH51.hmm	630	m3g1_p1_E12_well_B2_Isolate_S14.scaffolds_1_285	505	1.7e-140	82	542	3	503	0.7301587301587301
GH127.hmm	524	m3g1_p1_E12_well_B2_Isolate_S14.scaffolds_1_289	650	8e-216	1	524	14	559	0.9980916030534351
GH43_26.hmm	294	m3g1_p1_E12_well_B2_Isolate_S14.scaffolds_1_291	489	1.4e-97	2	294	144	466	0.9931972789115646
GT26.hmm	171	m3g1_p1_E12_well_B2_Isolate_S14.scaffolds_21_2	225	8.5e-16	34	134	87	187	0.5847953216374269
GH32.hmm	293	m3g1_p1_E12_well_B2_Isolate_S14.scaffolds_24_4	481	5.8e-83	1	293	30	340	0.9965870307167235
GH1.hmm	429	m3g1_p1_E12_well_B2_Isolate_S14.scaffolds_2_131	487	5.6e-165	3	428	9	481	0.9906759906759907
GT51.hmm	177	m3g1_p1_E12_well_B2_Isolate_S14.scaffolds_2_207	888	2.7e-64	5	176	86	266	0.9661016949152542
GH2.hmm	752	m3g1_p1_E12_well_B2_Isolate_S14.scaffolds_2_236	1013	5.3e-213	18	750	33	895	0.973404255319149
GH25.hmm	177	m3g1_p1_E12_well_B2_Isolate_S14.scaffolds_2_294	188	1.8e-22	1	77	107	184	0.4293785310734463
GH2.hmm	752	m3g1_p1_E12_well_B2_Isolate_S14.scaffolds_2_296	468	4.6e-76	8	328	95	467	0.425531914893617
GH73.hmm	128	m3g1_p1_E12_well_B2_Isolate_S14.scaffolds_2_298	846	5.9e-20	3	126	311	426	0.9609375
GT2.hmm	170	m3g1_p1_E12_well_B2_Isolate_S14.scaffolds_2_302	293	1.6e-18	10	168	13	208	0.9294117647058824
GT2.hmm	170	m3g1_p1_E12_well_B2_Isolate_S14.scaffolds_2_304	352	4.8e-35	1	152	5	164	0.888235294117647
GT2.hmm	170	m3g1_p1_E12_well_B2_Isolate_S14.scaffolds_2_305	349	5.8e-29	1	140	7	145	0.8176470588235294
GT2.hmm	170	m3g1_p1_E12_well_B2_Isolate_S14.scaffolds_2_308	308	8.9e-28	1	143	5	143	0.8352941176470589
GT2.hmm	170	m3g1_p1_E12_well_B2_Isolate_S14.scaffolds_2_310	231	4e-31	2	168	7	163	0.9764705882352941
GT2.hmm	170	m3g1_p1_E12_well_B2_Isolate_S14.scaffolds_2_316	326	6.9e-25	1	169	4	183	0.9882352941176471
GH109.hmm	399	m3g1_p1_E12_well_B2_Isolate_S14.scaffolds_2_43	328	4.8e-20	3	165	1	155	0.40601503759398494
GH3.hmm	216	m3g1_p1_E12_well_B2_Isolate_S14.scaffolds_3_141	848	2e-68	5	216	543	797	0.9768518518518519
GH13_20.hmm	300	m3g1_p1_E12_well_B2_Isolate_S14.scaffolds_3_17	436	1e-78	10	300	38	325	0.9666666666666667
GT35.hmm	674	m3g1_p1_E12_well_B2_Isolate_S14.scaffolds_3_199	753	5.9e-218	2	673	79	752	0.9955489614243324
GT2.hmm	170	m3g1_p1_E12_well_B2_Isolate_S14.scaffolds_3_210	339	2.1e-31	1	148	5	151	0.8647058823529412
CE9.hmm	373	m3g1_p1_E12_well_B2_Isolate_S14.scaffolds_3_22	384	4.6e-127	1	373	3	380	0.9973190348525469
GH2.hmm	752	m3g1_p1_E12_well_B2_Isolate_S14.scaffolds_3_81	649	5.3e-138	10	486	23	644	0.6329787234042553
GH3.hmm	216	m3g1_p1_E12_well_B2_Isolate_S14.scaffolds_4_165	718	8e-34	6	126	551	710	0.5555555555555556
CE4.hmm	130	m3g1_p1_E12_well_B2_Isolate_S14.scaffolds_4_169	269	2.9e-31	7	111	84	190	0.8
CE4.hmm	130	m3g1_p1_E12_well_B2_Isolate_S14.scaffolds_4_57	486	2.8e-31	5	114	284	394	0.8384615384615385
GH13_11.hmm	351	m3g1_p1_E12_well_B2_Isolate_S14.scaffolds_4_75	586	3.7e-38	220	351	283	406	0.3732193732193732
CBM48.hmm	76	m3g1_p1_E12_well_B2_Isolate_S14.scaffolds_5_100	637	7.3e-19	2	70	30	115	0.8947368421052632
GH13_9.hmm	301	m3g1_p1_E12_well_B2_Isolate_S14.scaffolds_5_100	637	4.6e-149	2	301	187	486	0.9933554817275747
CE4.hmm	130	m3g1_p1_E12_well_B2_Isolate_S14.scaffolds_5_115	318	4.8e-26	4	116	108	219	0.8615384615384616
GH2.hmm	752	m3g1_p1_E12_well_B2_Isolate_S14.scaffolds_5_156	587	3.3e-100	11	402	15	481	0.5199468085106383
GH32.hmm	293	m3g1_p1_E12_well_B2_Isolate_S14.scaffolds_5_195	479	5.4e-99	1	293	23	325	0.9965870307167235
GT35.hmm	674	m3g1_p1_E12_well_B2_Isolate_S14.scaffolds_5_23	826	1.9e-281	1	673	95	813	0.9970326409495549
GH18.hmm	296	m3g1_p1_E12_well_B2_Isolate_S14.scaffolds_5_35	639	3e-33	5	282	273	627	0.9358108108108109
GT28.hmm	157	m3g1_p1_E12_well_B2_Isolate_S14.scaffolds_5_79	356	1.8e-40	2	153	188	340	0.9617834394904459
GT5.hmm	472	m3g1_p1_E12_well_B2_Isolate_S14.scaffolds_6_78	479	6.2e-185	1	471	3	476	0.9957627118644068
GH13_31.hmm	349	m3g1_p1_E12_well_B2_Isolate_S14.scaffolds_7_177	558	1.2e-134	1	348	28	374	0.994269340974212
GH32.hmm	293	m3g1_p1_E12_well_B2_Isolate_S14.scaffolds_8_78	477	3.2e-90	1	293	37	346	0.9965870307167235
GT2.hmm	170	m3g1_p1_E12_well_B2_Isolate_S14.scaffolds_8_86	339	1.4e-28	1	109	5	111	0.6352941176470588
GH77.hmm	494	m3g1_p1_E12_well_B2_Isolate_S14.scaffolds_8_9	496	2.8e-183	1	492	8	493	0.9939271255060729
GT4.hmm	160	m3g1_p1_E12_well_B2_Isolate_S14.scaffolds_9_149	397	6.1e-26	5	126	209	331	0.75625
GH25.hmm	177	m3g1_p1_E12_well_B2_Isolate_S14.scaffolds_9_99	332	1.9e-41	1	177	5	174	0.9943502824858758
