GT28.hmm	157	m3g1_p1_F2_well_B4_Isolate_S16.scaffolds_11_33	394	1.5e-47	2	156	205	376	0.9808917197452229
CE9.hmm	373	m3g1_p1_F2_well_B4_Isolate_S16.scaffolds_11_46	428	3.3e-114	2	373	25	423	0.9946380697050938
GT2.hmm	170	m3g1_p1_F2_well_B4_Isolate_S16.scaffolds_12_13	345	2.9e-29	2	106	10	114	0.611764705882353
GH101.hmm	707	m3g1_p1_F2_well_B4_Isolate_S16.scaffolds_12_32	1967	0	1	706	347	1088	0.9971711456859972
GH77.hmm	494	m3g1_p1_F2_well_B4_Isolate_S16.scaffolds_14_10	746	2.8e-135	2	482	204	728	0.97165991902834
GH31.hmm	427	m3g1_p1_F2_well_B4_Isolate_S16.scaffolds_14_15	846	7e-130	1	427	198	627	0.9976580796252927
GH13_18.hmm	343	m3g1_p1_F2_well_B4_Isolate_S16.scaffolds_14_2	509	3.8e-114	2	343	35	379	0.9941690962099126
GH13_30.hmm	365	m3g1_p1_F2_well_B4_Isolate_S16.scaffolds_14_8	605	1e-162	1	365	33	403	0.9972602739726028
GH43_22.hmm	209	m3g1_p1_F2_well_B4_Isolate_S16.scaffolds_15_11	1066	7.3e-61	2	208	518	758	0.9856459330143541
GH43_22.hmm	209	m3g1_p1_F2_well_B4_Isolate_S16.scaffolds_15_12	1098	1.4e-71	1	207	505	749	0.9856459330143541
GH43_27.hmm	299	m3g1_p1_F2_well_B4_Isolate_S16.scaffolds_15_13	1247	9.1e-111	1	299	737	1084	0.9966555183946488
GH43_22.hmm	209	m3g1_p1_F2_well_B4_Isolate_S16.scaffolds_15_14	2001	9e-38	2	208	407	675	0.9856459330143541
GH43_26.hmm	294	m3g1_p1_F2_well_B4_Isolate_S16.scaffolds_15_14	2001	2.3e-57	8	293	1467	1822	0.9693877551020408
GH43_22.hmm	209	m3g1_p1_F2_well_B4_Isolate_S16.scaffolds_15_15	1665	1.2e-58	2	208	438	674	0.9856459330143541
GH43_34.hmm	280	m3g1_p1_F2_well_B4_Isolate_S16.scaffolds_15_15	1665	8.5e-94	1	279	1056	1355	0.9928571428571429
GH129.hmm	618	m3g1_p1_F2_well_B4_Isolate_S16.scaffolds_16_21	632	9.3e-294	9	597	3	627	0.9514563106796117
GT5.hmm	472	m3g1_p1_F2_well_B4_Isolate_S16.scaffolds_16_23	417	2.3e-38	124	471	92	408	0.7351694915254238
GH13_4.hmm	400	m3g1_p1_F2_well_B4_Isolate_S16.scaffolds_17_8	684	1.8e-179	1	400	163	560	0.9975
GT51.hmm	177	m3g1_p1_F2_well_B4_Isolate_S16.scaffolds_18_15	625	1.3e-59	4	177	125	297	0.9774011299435028
GH112.hmm	715	m3g1_p1_F2_well_B4_Isolate_S16.scaffolds_1_104	752	0	1	715	5	750	0.9986013986013986
GT2.hmm	170	m3g1_p1_F2_well_B4_Isolate_S16.scaffolds_1_138	309	1.9e-26	1	131	5	136	0.7647058823529411
GT2.hmm	230	m3g1_p1_F2_well_B4_Isolate_S16.scaffolds_1_140	408	7.4e-24	3	228	45	271	0.9782608695652174
CBM22.hmm	131	m3g1_p1_F2_well_B4_Isolate_S16.scaffolds_1_2	842	3.1e-25	2	128	49	176	0.9618320610687023
GH43_16.hmm	311	m3g1_p1_F2_well_B4_Isolate_S16.scaffolds_1_2	842	2.3e-139	1	311	221	552	0.9967845659163987
CBM6.hmm	138	m3g1_p1_F2_well_B4_Isolate_S16.scaffolds_1_2	842	8.4e-24	13	137	582	714	0.8985507246376812
GH109.hmm	399	m3g1_p1_F2_well_B4_Isolate_S16.scaffolds_1_200	352	8.7e-19	4	163	16	173	0.39849624060150374
GH3.hmm	216	m3g1_p1_F2_well_B4_Isolate_S16.scaffolds_1_216	788	6.1e-71	2	215	81	313	0.9861111111111112
GH5_44.hmm	302	m3g1_p1_F2_well_B4_Isolate_S16.scaffolds_1_219	402	3.3e-143	1	302	58	366	0.9966887417218543
GH3.hmm	216	m3g1_p1_F2_well_B4_Isolate_S16.scaffolds_1_226	758	1e-66	3	216	31	252	0.9861111111111112
GH2.hmm	752	m3g1_p1_F2_well_B4_Isolate_S16.scaffolds_1_244	1064	3.9e-211	5	748	24	942	0.988031914893617
GH43_10.hmm	271	m3g1_p1_F2_well_B4_Isolate_S16.scaffolds_1_3	902	1.1e-82	4	271	1	277	0.985239852398524
CBM22.hmm	131	m3g1_p1_F2_well_B4_Isolate_S16.scaffolds_1_3	902	1.1e-32	2	130	348	483	0.9770992366412213
CBM91.hmm	200	m3g1_p1_F2_well_B4_Isolate_S16.scaffolds_1_3	902	9.2e-22	10	197	520	748	0.935
GH77.hmm	494	m3g1_p1_F2_well_B4_Isolate_S16.scaffolds_1_32	722	1e-135	2	472	189	697	0.951417004048583
GT2.hmm	170	m3g1_p1_F2_well_B4_Isolate_S16.scaffolds_1_326	341	2.6e-20	2	128	19	160	0.7411764705882353
GH20.hmm	337	m3g1_p1_F2_well_B4_Isolate_S16.scaffolds_1_338	712	8.6e-47	8	336	177	492	0.973293768545994
GH31.hmm	427	m3g1_p1_F2_well_B4_Isolate_S16.scaffolds_1_340	634	4.3e-99	40	379	260	617	0.7939110070257611
GH13_11.hmm	351	m3g1_p1_F2_well_B4_Isolate_S16.scaffolds_1_35	847	1.5e-141	1	351	230	596	0.9971509971509972
GH51.hmm	630	m3g1_p1_F2_well_B4_Isolate_S16.scaffolds_1_78	523	1.1e-140	77	542	9	522	0.7380952380952381
GT51.hmm	177	m3g1_p1_F2_well_B4_Isolate_S16.scaffolds_2_13	772	7e-64	3	176	80	269	0.9774011299435028
GT4.hmm	160	m3g1_p1_F2_well_B4_Isolate_S16.scaffolds_2_133	387	8.8e-19	12	159	212	356	0.91875
GH3.hmm	216	m3g1_p1_F2_well_B4_Isolate_S16.scaffolds_2_210	402	2.2e-36	7	215	130	356	0.9629629629629629
GH13_9.hmm	301	m3g1_p1_F2_well_B4_Isolate_S16.scaffolds_2_238	751	2.7e-156	1	301	300	600	0.9966777408637874
CBM48.hmm	76	m3g1_p1_F2_well_B4_Isolate_S16.scaffolds_2_255	707	9.7e-19	2	71	3	92	0.9078947368421053
GH13_11.hmm	351	m3g1_p1_F2_well_B4_Isolate_S16.scaffolds_2_255	707	4e-175	1	351	172	525	0.9971509971509972
GH2.hmm	752	m3g1_p1_F2_well_B4_Isolate_S16.scaffolds_2_260	1024	2.9e-211	3	749	22	903	0.9920212765957447
GH42.hmm	371	m3g1_p1_F2_well_B4_Isolate_S16.scaffolds_2_63	692	1.2e-152	1	370	24	394	0.9946091644204852
GH51.hmm	630	m3g1_p1_F2_well_B4_Isolate_S16.scaffolds_2_65	567	2.5e-136	91	541	53	564	0.7142857142857143
GH172.hmm	236	m3g1_p1_F2_well_B4_Isolate_S16.scaffolds_2_81	380	2.4e-85	1	236	101	360	0.9957627118644068
GH51.hmm	630	m3g1_p1_F2_well_B4_Isolate_S16.scaffolds_2_96	752	1.6e-83	119	541	268	750	0.6698412698412698
GT4.hmm	160	m3g1_p1_F2_well_B4_Isolate_S16.scaffolds_3_12	447	2.5e-28	4	148	236	393	0.9
GT4.hmm	160	m3g1_p1_F2_well_B4_Isolate_S16.scaffolds_3_13	385	2.1e-29	6	151	201	347	0.90625
GH13_3.hmm	210	m3g1_p1_F2_well_B4_Isolate_S16.scaffolds_3_169	747	3.2e-84	4	209	317	535	0.9761904761904762
GH43_29.hmm	278	m3g1_p1_F2_well_B4_Isolate_S16.scaffolds_3_202	1239	6.8e-96	3	278	92	415	0.9892086330935251
GH121.hmm	1392	m3g1_p1_F2_well_B4_Isolate_S16.scaffolds_3_203	1941	0	1	1392	4	1467	0.9992816091954023
GH127.hmm	524	m3g1_p1_F2_well_B4_Isolate_S16.scaffolds_3_204	659	2.2e-206	1	524	3	566	0.9980916030534351
GH53.hmm	342	m3g1_p1_F2_well_B4_Isolate_S16.scaffolds_3_22	898	1e-127	1	342	53	429	0.9970760233918129
CBM61.hmm	141	m3g1_p1_F2_well_B4_Isolate_S16.scaffolds_3_22	898	1.8e-36	2	141	524	666	0.9858156028368794
GH42.hmm	371	m3g1_p1_F2_well_B4_Isolate_S16.scaffolds_3_24	711	3.7e-152	1	370	25	396	0.9946091644204852
GT4.hmm	160	m3g1_p1_F2_well_B4_Isolate_S16.scaffolds_3_9	355	1.8e-28	7	155	176	324	0.925
GH25.hmm	177	m3g1_p1_F2_well_B4_Isolate_S16.scaffolds_5_1	371	1.7e-28	1	175	40	220	0.9830508474576272
GH13_20.hmm	300	m3g1_p1_F2_well_B4_Isolate_S16.scaffolds_5_64	432	4.7e-55	3	297	46	332	0.98
GT2.hmm	170	m3g1_p1_F2_well_B4_Isolate_S16.scaffolds_6_49	350	2.3e-36	1	122	10	129	0.711764705882353
GT2.hmm	170	m3g1_p1_F2_well_B4_Isolate_S16.scaffolds_6_52	1367	1.4e-27	1	169	183	343	0.9882352941176471
GT2.hmm	170	m3g1_p1_F2_well_B4_Isolate_S16.scaffolds_6_52	1367	2.7e-29	1	169	834	994	0.9882352941176471
GT2.hmm	170	m3g1_p1_F2_well_B4_Isolate_S16.scaffolds_6_52	1367	5.4e-22	1	119	1092	1213	0.6941176470588235
GT2.hmm	170	m3g1_p1_F2_well_B4_Isolate_S16.scaffolds_6_59	314	4.1e-16	2	163	11	161	0.9470588235294117
GH27.hmm	229	m3g1_p1_F2_well_B4_Isolate_S16.scaffolds_6_71	470	2.7e-44	4	179	163	355	0.7641921397379913
GH127.hmm	524	m3g1_p1_F2_well_B4_Isolate_S16.scaffolds_6_74	743	3e-217	1	524	14	618	0.9980916030534351
GH43_24.hmm	246	m3g1_p1_F2_well_B4_Isolate_S16.scaffolds_6_87	1279	4e-90	2	245	90	458	0.9878048780487805
GH30_5.hmm	456	m3g1_p1_F2_well_B4_Isolate_S16.scaffolds_6_88	1514	8.6e-160	1	456	39	635	0.9978070175438597
GT2.hmm	170	m3g1_p1_F2_well_B4_Isolate_S16.scaffolds_7_22	392	1.7e-38	1	133	8	141	0.7764705882352941
GH13_31.hmm	349	m3g1_p1_F2_well_B4_Isolate_S16.scaffolds_7_3	607	5.8e-152	1	348	46	412	0.994269340974212
GH3.hmm	216	m3g1_p1_F2_well_B4_Isolate_S16.scaffolds_7_32	123	1.6e-25	94	189	1	98	0.4398148148148148
CE8.hmm	288	m3g1_p1_F2_well_B4_Isolate_S16.scaffolds_7_60	529	1.2e-59	5	259	86	406	0.8819444444444444
GH36.hmm	688	m3g1_p1_F2_well_B4_Isolate_S16.scaffolds_7_9	769	3.3e-214	16	673	37	714	0.9549418604651163
GT35.hmm	674	m3g1_p1_F2_well_B4_Isolate_S16.scaffolds_8_15	816	1.1e-260	1	673	100	811	0.9970326409495549
CE1.hmm	227	m3g1_p1_F2_well_B4_Isolate_S16.scaffolds_8_38	457	1.1e-23	6	214	196	424	0.9162995594713657
GT2.hmm	170	m3g1_p1_F2_well_B4_Isolate_S16.scaffolds_8_43	303	1.1e-22	1	129	5	141	0.7529411764705882
GH51.hmm	630	m3g1_p1_F2_well_B4_Isolate_S16.scaffolds_8_61	516	8.6e-138	84	542	9	515	0.726984126984127
GH32.hmm	293	m3g1_p1_F2_well_B4_Isolate_S16.scaffolds_9_36	519	1.8e-88	1	290	44	352	0.9863481228668942
