GH102.hmm	157	m3g1_p1_F1_well_B3_Isolate_S15.scaffolds_10_201	366	6.3e-41	51	157	150	257	0.6751592356687898
GH13_27.hmm	318	m3g1_p1_F1_well_B3_Isolate_S15.scaffolds_10_44	614	3.7e-45	2	318	230	588	0.9937106918238994
GH103.hmm	295	m3g1_p1_F1_well_B3_Isolate_S15.scaffolds_10_82	397	2.3e-95	7	294	98	390	0.9728813559322034
GH1.hmm	429	m3g1_p1_F1_well_B3_Isolate_S15.scaffolds_10_97	475	5.4e-148	4	428	3	470	0.9883449883449883
CE1.hmm	227	m3g1_p1_F1_well_B3_Isolate_S15.scaffolds_11_128	390	1.9e-45	1	220	150	384	0.9647577092511013
GH1.hmm	429	m3g1_p1_F1_well_B3_Isolate_S15.scaffolds_11_130	465	2.2e-150	3	428	2	459	0.9906759906759907
GT2.hmm	170	m3g1_p1_F1_well_B3_Isolate_S15.scaffolds_11_27	345	3.2e-35	1	130	9	136	0.7588235294117647
GT9.hmm	225	m3g1_p1_F1_well_B3_Isolate_S15.scaffolds_11_31	349	4.3e-57	1	203	69	306	0.8977777777777778
GT9.hmm	225	m3g1_p1_F1_well_B3_Isolate_S15.scaffolds_11_32	324	2.7e-41	2	205	76	300	0.9022222222222223
GT2.hmm	170	m3g1_p1_F1_well_B3_Isolate_S15.scaffolds_11_34	328	2.6e-37	1	166	9	168	0.9705882352941176
GT8.hmm	257	m3g1_p1_F1_well_B3_Isolate_S15.scaffolds_11_35	342	1.3e-49	22	256	16	275	0.9105058365758755
GT8.hmm	257	m3g1_p1_F1_well_B3_Isolate_S15.scaffolds_11_37	332	1.6e-49	20	256	13	272	0.9182879377431906
GT8.hmm	257	m3g1_p1_F1_well_B3_Isolate_S15.scaffolds_11_38	339	2.5e-58	24	256	24	276	0.9027237354085603
GT4.hmm	160	m3g1_p1_F1_well_B3_Isolate_S15.scaffolds_11_40	375	8.4e-30	2	159	189	345	0.98125
GT9.hmm	225	m3g1_p1_F1_well_B3_Isolate_S15.scaffolds_11_41	353	7.5e-51	3	201	78	305	0.88
GT30.hmm	177	m3g1_p1_F1_well_B3_Isolate_S15.scaffolds_11_42	426	7e-77	1	176	33	211	0.9887005649717514
GH31.hmm	427	m3g1_p1_F1_well_B3_Isolate_S15.scaffolds_11_67	773	1.3e-130	1	426	239	668	0.9953161592505855
GH4.hmm	179	m3g1_p1_F1_well_B3_Isolate_S15.scaffolds_11_92	213	1.9e-70	2	178	6	182	0.9832402234636871
CE9.hmm	373	m3g1_p1_F1_well_B3_Isolate_S15.scaffolds_12_118	383	1.9e-120	2	373	5	376	0.9946380697050938
GT2.hmm	197	m3g1_p1_F1_well_B3_Isolate_S15.scaffolds_12_12	746	3.4e-47	2	195	165	381	0.9796954314720813
CE1.hmm	227	m3g1_p1_F1_well_B3_Isolate_S15.scaffolds_12_35	401	5.1e-18	1	218	172	386	0.9559471365638766
GH1.hmm	429	m3g1_p1_F1_well_B3_Isolate_S15.scaffolds_13_23	480	6.3e-149	4	428	3	476	0.9883449883449883
GH23.hmm	135	m3g1_p1_F1_well_B3_Isolate_S15.scaffolds_14_46	187	1.8e-17	11	124	48	170	0.837037037037037
GH31.hmm	427	m3g1_p1_F1_well_B3_Isolate_S15.scaffolds_15_62	679	1e-99	6	425	229	666	0.9812646370023419
GT56.hmm	357	m3g1_p1_F1_well_B3_Isolate_S15.scaffolds_16_29	360	1.2e-180	1	356	1	352	0.9943977591036415
GT26.hmm	171	m3g1_p1_F1_well_B3_Isolate_S15.scaffolds_16_31	247	1.5e-65	2	171	62	231	0.9883040935672515
GH38.hmm	269	m3g1_p1_F1_well_B3_Isolate_S15.scaffolds_18_12	878	1.9e-78	2	258	7	265	0.9516728624535316
GH23.hmm	135	m3g1_p1_F1_well_B3_Isolate_S15.scaffolds_19_29	407	4.9e-24	2	127	55	198	0.9259259259259259
GH65.hmm	372	m3g1_p1_F1_well_B3_Isolate_S15.scaffolds_1_115	756	1.3e-137	2	371	299	674	0.9919354838709677
GH109.hmm	399	m3g1_p1_F1_well_B3_Isolate_S15.scaffolds_1_116	352	1.4e-20	5	161	9	157	0.39097744360902253
GH13_18.hmm	343	m3g1_p1_F1_well_B3_Isolate_S15.scaffolds_1_122	560	1.2e-152	1	343	81	423	0.9970845481049563
GH37.hmm	491	m3g1_p1_F1_well_B3_Isolate_S15.scaffolds_1_235	566	4.6e-191	1	490	56	531	0.9959266802443992
GH23.hmm	135	m3g1_p1_F1_well_B3_Isolate_S15.scaffolds_1_239	204	3.4e-16	14	118	52	197	0.7703703703703704
GH3.hmm	216	m3g1_p1_F1_well_B3_Isolate_S15.scaffolds_1_300	342	5.4e-52	10	216	56	278	0.9537037037037037
GH73.hmm	128	m3g1_p1_F1_well_B3_Isolate_S15.scaffolds_1_325	314	1.7e-34	5	127	160	295	0.953125
GT2.hmm	170	m3g1_p1_F1_well_B3_Isolate_S15.scaffolds_1_356	838	1.6e-24	2	168	236	418	0.9764705882352941
CE4.hmm	130	m3g1_p1_F1_well_B3_Isolate_S15.scaffolds_1_379	673	1.3e-24	5	125	103	271	0.9230769230769231
GH153.hmm	349	m3g1_p1_F1_well_B3_Isolate_S15.scaffolds_1_379	673	1e-169	1	348	313	664	0.994269340974212
GT2.hmm	170	m3g1_p1_F1_well_B3_Isolate_S15.scaffolds_1_380	442	7.9e-40	1	169	78	245	0.9882352941176471
AA6.hmm	195	m3g1_p1_F1_well_B3_Isolate_S15.scaffolds_1_398	199	1.5e-83	1	194	3	194	0.9897435897435898
GH24.hmm	137	m3g1_p1_F1_well_B3_Isolate_S15.scaffolds_1_570	171	1.5e-46	2	137	30	161	0.9854014598540146
CE8.hmm	288	m3g1_p1_F1_well_B3_Isolate_S15.scaffolds_1_667	428	2.2e-53	10	262	90	420	0.875
GT83.hmm	540	m3g1_p1_F1_well_B3_Isolate_S15.scaffolds_2_125	551	1.6e-154	6	527	3	521	0.9648148148148148
GT2.hmm	170	m3g1_p1_F1_well_B3_Isolate_S15.scaffolds_2_128	323	2.2e-35	1	166	11	171	0.9705882352941176
CE1.hmm	227	m3g1_p1_F1_well_B3_Isolate_S15.scaffolds_2_224	279	9.8e-53	1	224	21	273	0.9823788546255506
GH3.hmm	216	m3g1_p1_F1_well_B3_Isolate_S15.scaffolds_2_245	756	1.6e-65	3	215	88	309	0.9814814814814815
GH25.hmm	177	m3g1_p1_F1_well_B3_Isolate_S15.scaffolds_2_277	166	2.1e-39	35	177	2	138	0.8022598870056498
GH24.hmm	137	m3g1_p1_F1_well_B3_Isolate_S15.scaffolds_2_313	170	1.4e-40	2	137	29	160	0.9854014598540146
GH32.hmm	293	m3g1_p1_F1_well_B3_Isolate_S15.scaffolds_2_34	478	1.1e-105	1	293	29	330	0.9965870307167235
GT2.hmm	170	m3g1_p1_F1_well_B3_Isolate_S15.scaffolds_2_358	280	3.7e-30	1	149	8	154	0.8705882352941177
GT4.hmm	160	m3g1_p1_F1_well_B3_Isolate_S15.scaffolds_2_373	407	4.3e-35	12	150	225	369	0.8625
GT2.hmm	170	m3g1_p1_F1_well_B3_Isolate_S15.scaffolds_2_377	316	2.7e-22	1	169	9	181	0.9882352941176471
GT4.hmm	160	m3g1_p1_F1_well_B3_Isolate_S15.scaffolds_2_379	350	2.6e-16	12	136	177	298	0.775
GT2.hmm	170	m3g1_p1_F1_well_B3_Isolate_S15.scaffolds_2_380	272	2e-16	2	132	5	136	0.7647058823529411
GT4.hmm	160	m3g1_p1_F1_well_B3_Isolate_S15.scaffolds_2_393	1214	8e-30	9	154	226	373	0.90625
GT4.hmm	160	m3g1_p1_F1_well_B3_Isolate_S15.scaffolds_2_393	1214	8.8e-18	11	134	628	755	0.76875
GT4.hmm	160	m3g1_p1_F1_well_B3_Isolate_S15.scaffolds_2_394	386	1.3e-40	10	156	210	356	0.9125
GT4.hmm	160	m3g1_p1_F1_well_B3_Isolate_S15.scaffolds_2_395	372	2.2e-29	7	159	190	339	0.95
GT9.hmm	225	m3g1_p1_F1_well_B3_Isolate_S15.scaffolds_2_426	351	3.5e-16	56	193	168	317	0.6088888888888889
GH24.hmm	137	m3g1_p1_F1_well_B3_Isolate_S15.scaffolds_2_460	178	6.3e-40	5	137	27	167	0.9635036496350365
CE9.hmm	373	m3g1_p1_F1_well_B3_Isolate_S15.scaffolds_3_130	378	4e-128	3	372	7	371	0.9892761394101877
GH63.hmm	570	m3g1_p1_F1_well_B3_Isolate_S15.scaffolds_3_185	784	6.7e-275	1	569	1	780	0.9964912280701754
GH2.hmm	752	m3g1_p1_F1_well_B3_Isolate_S15.scaffolds_3_189	1031	1.3e-212	14	751	26	886	0.9800531914893617
AA1.hmm	358	m3g1_p1_F1_well_B3_Isolate_S15.scaffolds_3_253	471	6.2e-18	9	235	65	285	0.6312849162011173
AA7.hmm	458	m3g1_p1_F1_well_B3_Isolate_S15.scaffolds_3_294	500	2.5e-18	12	193	53	241	0.3951965065502183
GH23.hmm	135	m3g1_p1_F1_well_B3_Isolate_S15.scaffolds_3_317	360	4.9e-21	16	121	207	353	0.7777777777777778
GH1.hmm	429	m3g1_p1_F1_well_B3_Isolate_S15.scaffolds_3_381	478	2.2e-152	4	428	5	474	0.9883449883449883
GH15.hmm	361	m3g1_p1_F1_well_B3_Isolate_S15.scaffolds_3_418	537	4.7e-18	12	283	92	425	0.7506925207756233
GT51.hmm	177	m3g1_p1_F1_well_B3_Isolate_S15.scaffolds_3_59	243	1.9e-57	9	177	60	228	0.9491525423728814
GH4.hmm	179	m3g1_p1_F1_well_B3_Isolate_S15.scaffolds_4_199	451	7.7e-77	1	178	6	185	0.9888268156424581
GH24.hmm	137	m3g1_p1_F1_well_B3_Isolate_S15.scaffolds_4_23	178	2.1e-38	5	137	27	167	0.9635036496350365
CE1.hmm	227	m3g1_p1_F1_well_B3_Isolate_S15.scaffolds_4_324	280	1.4e-39	3	221	21	275	0.960352422907489
CBM34.hmm	120	m3g1_p1_F1_well_B3_Isolate_S15.scaffolds_4_326	600	3.8e-32	2	120	8	148	0.9833333333333333
GH13_20.hmm	300	m3g1_p1_F1_well_B3_Isolate_S15.scaffolds_4_326	600	6.3e-131	1	297	195	496	0.9866666666666667
CBM69.hmm	129	m3g1_p1_F1_well_B3_Isolate_S15.scaffolds_4_332	163	2.3e-52	6	129	38	161	0.9534883720930233
GH127.hmm	524	m3g1_p1_F1_well_B3_Isolate_S15.scaffolds_4_335	623	4.6e-24	43	523	65	533	0.916030534351145
GH38.hmm	269	m3g1_p1_F1_well_B3_Isolate_S15.scaffolds_4_336	1025	2.4e-72	2	256	250	503	0.9442379182156134
GT20.hmm	475	m3g1_p1_F1_well_B3_Isolate_S15.scaffolds_4_376	475	5.3e-169	13	475	2	453	0.9726315789473684
GH13_5.hmm	342	m3g1_p1_F1_well_B3_Isolate_S15.scaffolds_4_403	496	3.8e-154	2	342	31	373	0.9941520467836257
GH2.hmm	752	m3g1_p1_F1_well_B3_Isolate_S15.scaffolds_4_82	604	2.4e-111	24	486	7	588	0.6143617021276596
GH109.hmm	399	m3g1_p1_F1_well_B3_Isolate_S15.scaffolds_4_89	347	2e-18	4	164	3	152	0.40100250626566414
GH13_29.hmm	344	m3g1_p1_F1_well_B3_Isolate_S15.scaffolds_5_139	552	4.8e-185	1	344	29	371	0.997093023255814
GH4.hmm	179	m3g1_p1_F1_well_B3_Isolate_S15.scaffolds_5_258	452	1.5e-73	1	178	6	186	0.9888268156424581
CBM34.hmm	120	m3g1_p1_F1_well_B3_Isolate_S15.scaffolds_6_128	606	2.7e-21	2	104	6	112	0.85
GH13_21.hmm	308	m3g1_p1_F1_well_B3_Isolate_S15.scaffolds_6_128	606	6e-145	1	308	178	492	0.9967532467532467
GH24.hmm	137	m3g1_p1_F1_well_B3_Isolate_S15.scaffolds_6_284	166	2.7e-46	12	137	34	156	0.9124087591240876
AA3_2.hmm	568	m3g1_p1_F1_well_B3_Isolate_S15.scaffolds_6_47	557	2e-165	2	566	2	532	0.9929577464788732
GH2.hmm	752	m3g1_p1_F1_well_B3_Isolate_S15.scaffolds_6_77	1025	5.1e-225	17	751	40	916	0.976063829787234
CE1.hmm	227	m3g1_p1_F1_well_B3_Isolate_S15.scaffolds_6_88	278	7.4e-55	1	224	21	271	0.9823788546255506
GT2.hmm	170	m3g1_p1_F1_well_B3_Isolate_S15.scaffolds_6_92	399	7.6e-26	2	166	34	198	0.9647058823529412
CE14.hmm	124	m3g1_p1_F1_well_B3_Isolate_S15.scaffolds_6_94	180	1.1e-16	1	109	20	112	0.8709677419354839
CBM48.hmm	76	m3g1_p1_F1_well_B3_Isolate_S15.scaffolds_7_164	729	1e-21	2	72	124	211	0.9210526315789473
GH13_9.hmm	301	m3g1_p1_F1_well_B3_Isolate_S15.scaffolds_7_164	729	6.3e-159	1	301	274	574	0.9966777408637874
CBM48.hmm	76	m3g1_p1_F1_well_B3_Isolate_S15.scaffolds_7_165	658	1.2e-19	1	71	10	100	0.9210526315789473
GH13_11.hmm	351	m3g1_p1_F1_well_B3_Isolate_S15.scaffolds_7_165	658	9.1e-150	1	351	173	521	0.9971509971509972
GT5.hmm	472	m3g1_p1_F1_well_B3_Isolate_S15.scaffolds_7_167	478	7e-164	1	471	2	474	0.9957627118644068
GT35.hmm	674	m3g1_p1_F1_well_B3_Isolate_S15.scaffolds_7_168	816	1.3e-284	1	673	101	810	0.9970326409495549
GT35.hmm	674	m3g1_p1_F1_well_B3_Isolate_S15.scaffolds_7_181	798	8.7e-264	2	673	92	795	0.9955489614243324
GH77.hmm	494	m3g1_p1_F1_well_B3_Isolate_S15.scaffolds_7_182	695	1e-162	1	490	148	685	0.9898785425101214
GT51.hmm	177	m3g1_p1_F1_well_B3_Isolate_S15.scaffolds_7_202	851	5e-71	1	176	54	229	0.9887005649717514
GH13_19.hmm	360	m3g1_p1_F1_well_B3_Isolate_S15.scaffolds_7_23	677	5.3e-170	1	360	226	595	0.9972222222222222
GH73.hmm	128	m3g1_p1_F1_well_B3_Isolate_S15.scaffolds_7_24	275	1e-22	9	127	144	267	0.921875
GT2.hmm	170	m3g1_p1_F1_well_B3_Isolate_S15.scaffolds_7_68	693	3.1e-36	1	169	96	266	0.9882352941176471
GH8.hmm	320	m3g1_p1_F1_well_B3_Isolate_S15.scaffolds_7_70	369	9.3e-106	1	319	25	343	0.99375
GH37.hmm	491	m3g1_p1_F1_well_B3_Isolate_S15.scaffolds_7_82	550	1.3e-182	1	490	71	545	0.9959266802443992
GT28.hmm	157	m3g1_p1_F1_well_B3_Isolate_S15.scaffolds_8_122	356	1.2e-49	2	157	185	341	0.9872611464968153
CE11.hmm	271	m3g1_p1_F1_well_B3_Isolate_S15.scaffolds_8_128	306	1.1e-121	1	270	4	276	0.992619926199262
AA1.hmm	358	m3g1_p1_F1_well_B3_Isolate_S15.scaffolds_8_153	517	1.8e-31	11	357	66	510	0.9664804469273743
CE4.hmm	130	m3g1_p1_F1_well_B3_Isolate_S15.scaffolds_8_160	410	9.3e-28	4	128	227	371	0.9538461538461539
GT51.hmm	177	m3g1_p1_F1_well_B3_Isolate_S15.scaffolds_8_179	845	1.1e-55	8	175	208	379	0.943502824858757
GT19.hmm	354	m3g1_p1_F1_well_B3_Isolate_S15.scaffolds_8_211	383	8.3e-143	1	353	9	366	0.9943502824858758
GH23.hmm	135	m3g1_p1_F1_well_B3_Isolate_S15.scaffolds_8_23	646	1.8e-30	18	121	497	622	0.762962962962963
GH23.hmm	135	m3g1_p1_F1_well_B3_Isolate_S15.scaffolds_9_30	519	4.1e-23	11	121	299	448	0.8148148148148148
GT51.hmm	177	m3g1_p1_F1_well_B3_Isolate_S15.scaffolds_9_69	771	2.8e-52	12	176	63	226	0.9265536723163842
