GT30.hmm	177	m3g2_p1_H12_well_C8_Isolate_S50.scaffolds_101_6	462	2.1e-37	12	176	62	241	0.9265536723163842
GT2.hmm	170	m3g2_p1_H12_well_C8_Isolate_S50.scaffolds_10_29	317	5.7e-27	1	144	5	151	0.8411764705882353
GT2.hmm	170	m3g2_p1_H12_well_C8_Isolate_S50.scaffolds_10_31	646	1.5e-22	1	167	95	253	0.9764705882352941
GT2.hmm	170	m3g2_p1_H12_well_C8_Isolate_S50.scaffolds_10_31	646	4.2e-20	2	166	353	527	0.9647058823529412
GT2.hmm	170	m3g2_p1_H12_well_C8_Isolate_S50.scaffolds_10_7	312	4.4e-32	1	166	5	185	0.9705882352941176
GH103.hmm	295	m3g2_p1_H12_well_C8_Isolate_S50.scaffolds_117_2	336	2.2e-43	53	206	122	303	0.5186440677966102
AA3.hmm	618	m3g2_p1_H12_well_C8_Isolate_S50.scaffolds_12_43	570	1.5e-43	88	401	6	562	0.5064724919093851
GT51.hmm	177	m3g2_p1_H12_well_C8_Isolate_S50.scaffolds_12_7	214	6.6e-56	10	174	47	209	0.9265536723163842
GT4.hmm	160	m3g2_p1_H12_well_C8_Isolate_S50.scaffolds_132_4	439	7e-22	22	151	254	375	0.80625
GT51.hmm	177	m3g2_p1_H12_well_C8_Isolate_S50.scaffolds_13_22	789	9.2e-69	1	176	55	230	0.9887005649717514
GH102.hmm	157	m3g2_p1_H12_well_C8_Isolate_S50.scaffolds_13_56	409	3.2e-35	1	157	159	315	0.9936305732484076
GT83.hmm	540	m3g2_p1_H12_well_C8_Isolate_S50.scaffolds_13_8	649	1.5e-34	88	463	203	585	0.6944444444444444
AA4.hmm	522	m3g2_p1_H12_well_C8_Isolate_S50.scaffolds_14_47	459	2.1e-24	53	248	44	232	0.3735632183908046
GT9.hmm	225	m3g2_p1_H12_well_C8_Isolate_S50.scaffolds_16_30	325	9.8e-47	15	223	78	310	0.9244444444444444
GT51.hmm	177	m3g2_p1_H12_well_C8_Isolate_S50.scaffolds_17_33	793	5.3e-43	10	171	69	231	0.9096045197740112
GT3.hmm	637	m3g2_p1_H12_well_C8_Isolate_S50.scaffolds_18_39	1417	1.2e-107	1	357	12	355	0.5588697017268446
GT35.hmm	674	m3g2_p1_H12_well_C8_Isolate_S50.scaffolds_18_39	1417	3.1e-109	158	553	795	1192	0.586053412462908
GH57.hmm	383	m3g2_p1_H12_well_C8_Isolate_S50.scaffolds_18_40	410	1.9e-67	2	310	6	322	0.804177545691906
GT5.hmm	472	m3g2_p1_H12_well_C8_Isolate_S50.scaffolds_18_41	447	4.1e-33	1	471	2	439	0.9957627118644068
GH133.hmm	372	m3g2_p1_H12_well_C8_Isolate_S50.scaffolds_18_42	678	2.5e-103	12	372	300	652	0.967741935483871
AA4.hmm	522	m3g2_p1_H12_well_C8_Isolate_S50.scaffolds_1_211	464	1.3e-28	16	257	5	238	0.4616858237547893
GH23.hmm	135	m3g2_p1_H12_well_C8_Isolate_S50.scaffolds_1_35	606	6.9e-27	2	122	128	273	0.8888888888888888
CBM50.hmm	40	m3g2_p1_H12_well_C8_Isolate_S50.scaffolds_1_35	606	8.5e-16	1	40	470	512	0.975
GT9.hmm	225	m3g2_p1_H12_well_C8_Isolate_S50.scaffolds_21_45	344	1.5e-43	9	219	86	322	0.9333333333333333
GH102.hmm	157	m3g2_p1_H12_well_C8_Isolate_S50.scaffolds_21_9	441	1.1e-57	1	157	168	329	0.9936305732484076
GT4.hmm	160	m3g2_p1_H12_well_C8_Isolate_S50.scaffolds_23_23	406	3.5e-17	11	152	213	360	0.88125
CE4.hmm	130	m3g2_p1_H12_well_C8_Isolate_S50.scaffolds_24_2	317	3.2e-21	5	126	71	215	0.9307692307692308
GH3.hmm	216	m3g2_p1_H12_well_C8_Isolate_S50.scaffolds_24_40	380	3.2e-55	6	215	107	331	0.9675925925925926
CE4.hmm	130	m3g2_p1_H12_well_C8_Isolate_S50.scaffolds_24_45	387	6e-17	4	71	56	172	0.5153846153846153
GH108.hmm	86	m3g2_p1_H12_well_C8_Isolate_S50.scaffolds_26_19	192	1.6e-27	3	86	13	104	0.9651162790697675
GH23.hmm	135	m3g2_p1_H12_well_C8_Isolate_S50.scaffolds_28_12	229	6.9e-33	14	121	119	224	0.7925925925925926
GT107.hmm	532	m3g2_p1_H12_well_C8_Isolate_S50.scaffolds_2_31	672	4.6e-107	214	504	24	317	0.5451127819548872
GT107.hmm	532	m3g2_p1_H12_well_C8_Isolate_S50.scaffolds_2_31	672	2.5e-139	144	503	288	652	0.674812030075188
GH23.hmm	135	m3g2_p1_H12_well_C8_Isolate_S50.scaffolds_2_87	239	9.5e-17	17	123	77	224	0.7851851851851852
GH23.hmm	135	m3g2_p1_H12_well_C8_Isolate_S50.scaffolds_30_28	252	1e-36	14	122	142	249	0.8
CE11.hmm	271	m3g2_p1_H12_well_C8_Isolate_S50.scaffolds_34_31	306	1e-104	1	268	3	269	0.985239852398524
GH102.hmm	157	m3g2_p1_H12_well_C8_Isolate_S50.scaffolds_3_6	388	1.1e-47	1	157	153	287	0.9936305732484076
GH23.hmm	135	m3g2_p1_H12_well_C8_Isolate_S50.scaffolds_3_65	265	3.7e-16	17	123	104	250	0.7851851851851852
CE1.hmm	227	m3g2_p1_H12_well_C8_Isolate_S50.scaffolds_3_8	663	1e-45	5	223	426	656	0.960352422907489
GT28.hmm	157	m3g2_p1_H12_well_C8_Isolate_S50.scaffolds_43_15	359	8.3e-51	2	157	183	343	0.9872611464968153
GT4.hmm	160	m3g2_p1_H12_well_C8_Isolate_S50.scaffolds_43_4	375	1.1e-21	7	157	190	339	0.9375
GT9.hmm	225	m3g2_p1_H12_well_C8_Isolate_S50.scaffolds_46_24	351	1.9e-52	5	222	76	330	0.9644444444444444
GT4.hmm	160	m3g2_p1_H12_well_C8_Isolate_S50.scaffolds_4_128	373	3.9e-33	10	160	195	345	0.9375
GT4.hmm	160	m3g2_p1_H12_well_C8_Isolate_S50.scaffolds_4_147	352	1.3e-27	5	156	178	321	0.94375
AA4.hmm	522	m3g2_p1_H12_well_C8_Isolate_S50.scaffolds_56_18	462	1.8e-22	16	257	5	238	0.4616858237547893
GT19.hmm	354	m3g2_p1_H12_well_C8_Isolate_S50.scaffolds_57_15	372	2.4e-111	1	351	4	350	0.9887005649717514
GT4.hmm	160	m3g2_p1_H12_well_C8_Isolate_S50.scaffolds_57_4	385	4.2e-29	7	147	213	342	0.875
GT2.hmm	170	m3g2_p1_H12_well_C8_Isolate_S50.scaffolds_62_12	310	1.1e-28	1	167	5	163	0.9764705882352941
GT2.hmm	170	m3g2_p1_H12_well_C8_Isolate_S50.scaffolds_68_11	356	1.8e-33	1	132	8	139	0.7705882352941177
GT4.hmm	160	m3g2_p1_H12_well_C8_Isolate_S50.scaffolds_69_7	353	6.2e-28	8	151	173	315	0.89375
GH23.hmm	135	m3g2_p1_H12_well_C8_Isolate_S50.scaffolds_6_65	157	4.5e-17	17	123	34	154	0.7851851851851852
CE4.hmm	130	m3g2_p1_H12_well_C8_Isolate_S50.scaffolds_6_97	320	2.7e-34	6	124	45	163	0.9076923076923077
GH23.hmm	135	m3g2_p1_H12_well_C8_Isolate_S50.scaffolds_7_19	240	8.7e-16	17	118	77	220	0.7481481481481481
GH23.hmm	135	m3g2_p1_H12_well_C8_Isolate_S50.scaffolds_82_3	375	1.2e-19	11	120	216	366	0.8074074074074075
GT66.hmm	693	m3g2_p1_H12_well_C8_Isolate_S50.scaffolds_86_5	820	1.3e-64	87	661	86	729	0.8282828282828283
CE19.hmm	332	m3g2_p1_H12_well_C8_Isolate_S50.scaffolds_8_40	349	4.7e-16	35	192	29	179	0.47289156626506024
GT4.hmm	160	m3g2_p1_H12_well_C8_Isolate_S50.scaffolds_96_9	357	2.2e-21	9	158	175	323	0.93125
