GT2.hmm	170	m3g2_p1_H1_well_B9_Isolate_S39.scaffolds_10_20	322	6.7e-22	2	127	9	143	0.7352941176470589
GH73.hmm	128	m3g2_p1_H1_well_B9_Isolate_S39.scaffolds_10_21	1153	4.4e-20	2	125	316	431	0.9609375
GT2.hmm	170	m3g2_p1_H1_well_B9_Isolate_S39.scaffolds_10_27	227	8.7e-26	3	166	6	159	0.9588235294117647
GH25.hmm	177	m3g2_p1_H1_well_B9_Isolate_S39.scaffolds_10_30	929	2.7e-45	1	177	145	317	0.9943502824858758
GT4.hmm	160	m3g2_p1_H1_well_B9_Isolate_S39.scaffolds_10_34	726	1.3e-17	68	156	608	696	0.55
GT4.hmm	160	m3g2_p1_H1_well_B9_Isolate_S39.scaffolds_10_35	729	5.5e-17	70	157	606	693	0.54375
GT2.hmm	170	m3g2_p1_H1_well_B9_Isolate_S39.scaffolds_10_49	523	1.6e-21	1	109	49	156	0.6352941176470588
GT2.hmm	170	m3g2_p1_H1_well_B9_Isolate_S39.scaffolds_10_50	328	2.7e-29	1	169	4	174	0.9882352941176471
GT2.hmm	170	m3g2_p1_H1_well_B9_Isolate_S39.scaffolds_10_53	306	2e-16	1	166	4	169	0.9705882352941176
GT5.hmm	472	m3g2_p1_H1_well_B9_Isolate_S39.scaffolds_11_30	521	2.3e-174	2	470	40	513	0.9915254237288136
GH18.hmm	296	m3g2_p1_H1_well_B9_Isolate_S39.scaffolds_12_31	777	3.2e-33	38	282	446	765	0.8243243243243243
GT35.hmm	674	m3g2_p1_H1_well_B9_Isolate_S39.scaffolds_12_46	822	2.7e-283	1	673	95	814	0.9970326409495549
GT51.hmm	177	m3g2_p1_H1_well_B9_Isolate_S39.scaffolds_13_23	864	2.1e-62	5	176	86	264	0.9661016949152542
GT2.hmm	230	m3g2_p1_H1_well_B9_Isolate_S39.scaffolds_15_20	425	3.6e-34	4	230	51	276	0.9826086956521739
GT4.hmm	160	m3g2_p1_H1_well_B9_Isolate_S39.scaffolds_16_10	401	2e-25	11	125	213	328	0.7125
CE4.hmm	130	m3g2_p1_H1_well_B9_Isolate_S39.scaffolds_17_17	214	1.5e-28	21	122	23	125	0.7769230769230769
GH2.hmm	752	m3g2_p1_H1_well_B9_Isolate_S39.scaffolds_19_32	1013	2.3e-215	17	750	32	895	0.9747340425531915
GT5.hmm	472	m3g2_p1_H1_well_B9_Isolate_S39.scaffolds_1_167	479	4e-183	1	471	3	476	0.9957627118644068
GH77.hmm	494	m3g2_p1_H1_well_B9_Isolate_S39.scaffolds_1_415	503	1.2e-178	1	492	8	493	0.9939271255060729
GT35.hmm	674	m3g2_p1_H1_well_B9_Isolate_S39.scaffolds_1_416	751	1.2e-228	2	673	77	750	0.9955489614243324
CE4.hmm	130	m3g2_p1_H1_well_B9_Isolate_S39.scaffolds_1_461	647	5.1e-28	7	114	386	494	0.823076923076923
CE4.hmm	130	m3g2_p1_H1_well_B9_Isolate_S39.scaffolds_1_648	257	1.9e-33	9	116	75	183	0.823076923076923
GT4.hmm	160	m3g2_p1_H1_well_B9_Isolate_S39.scaffolds_21_17	370	3e-27	7	152	191	333	0.90625
GH13_11.hmm	351	m3g2_p1_H1_well_B9_Isolate_S39.scaffolds_23_11	572	9.7e-40	222	351	288	409	0.36752136752136755
GH77.hmm	494	m3g2_p1_H1_well_B9_Isolate_S39.scaffolds_2_121	503	3.7e-171	1	488	12	495	0.9858299595141701
AA6.hmm	195	m3g2_p1_H1_well_B9_Isolate_S39.scaffolds_2_301	171	2.5e-18	1	141	2	121	0.717948717948718
GT2.hmm	170	m3g2_p1_H1_well_B9_Isolate_S39.scaffolds_2_329	339	2.8e-26	1	107	5	109	0.6235294117647059
GT2.hmm	170	m3g2_p1_H1_well_B9_Isolate_S39.scaffolds_3_167	349	4.7e-33	1	141	5	143	0.8235294117647058
GH13_20.hmm	300	m3g2_p1_H1_well_B9_Isolate_S39.scaffolds_3_219	436	8.4e-79	5	300	33	325	0.9833333333333333
GT2.hmm	170	m3g2_p1_H1_well_B9_Isolate_S39.scaffolds_3_252	373	8.6e-37	1	140	68	207	0.8176470588235294
GT4.hmm	160	m3g2_p1_H1_well_B9_Isolate_S39.scaffolds_3_258	356	2.9e-34	12	155	183	325	0.89375
GT4.hmm	160	m3g2_p1_H1_well_B9_Isolate_S39.scaffolds_3_259	358	1.4e-38	3	153	175	322	0.9375
GT4.hmm	160	m3g2_p1_H1_well_B9_Isolate_S39.scaffolds_3_260	345	5.5e-19	8	148	167	310	0.875
GT2.hmm	170	m3g2_p1_H1_well_B9_Isolate_S39.scaffolds_3_261	257	4.4e-38	1	125	8	129	0.7294117647058823
GT26.hmm	171	m3g2_p1_H1_well_B9_Isolate_S39.scaffolds_4_160	226	1.6e-16	3	133	58	188	0.7602339181286549
GT2.hmm	170	m3g2_p1_H1_well_B9_Isolate_S39.scaffolds_4_224	444	2.9e-17	1	109	221	319	0.6352941176470588
GH2.hmm	752	m3g2_p1_H1_well_B9_Isolate_S39.scaffolds_5_1	620	1.8e-92	24	461	27	601	0.5811170212765957
GT28.hmm	157	m3g2_p1_H1_well_B9_Isolate_S39.scaffolds_7_100	355	6e-41	2	152	188	339	0.9554140127388535
GH123.hmm	538	m3g2_p1_H1_well_B9_Isolate_S39.scaffolds_7_20	559	5.6e-31	73	500	70	514	0.7936802973977695
CE4.hmm	130	m3g2_p1_H1_well_B9_Isolate_S39.scaffolds_7_44	317	1.2e-26	4	124	107	239	0.9230769230769231
CBM34.hmm	120	m3g2_p1_H1_well_B9_Isolate_S39.scaffolds_7_6	684	5.3e-17	10	99	18	101	0.7416666666666667
GH13_39.hmm	316	m3g2_p1_H1_well_B9_Isolate_S39.scaffolds_7_6	684	3.8e-96	1	316	171	553	0.9968354430379747
CBM48.hmm	76	m3g2_p1_H1_well_B9_Isolate_S39.scaffolds_7_77	636	7.7e-20	2	70	29	114	0.8947368421052632
GH13_9.hmm	301	m3g2_p1_H1_well_B9_Isolate_S39.scaffolds_7_77	636	6.3e-151	2	301	186	485	0.9933554817275747
GT4.hmm	160	m3g2_p1_H1_well_B9_Isolate_S39.scaffolds_8_11	392	4.7e-32	4	157	202	353	0.95625
GT4.hmm	160	m3g2_p1_H1_well_B9_Isolate_S39.scaffolds_8_13	354	1.4e-21	5	153	158	301	0.925
CE9.hmm	373	m3g2_p1_H1_well_B9_Isolate_S39.scaffolds_9_13	385	6.9e-124	2	373	4	381	0.9946380697050938
GT4.hmm	160	m3g2_p1_H1_well_B9_Isolate_S39.scaffolds_9_25	475	9.3e-26	12	159	286	438	0.91875
