GT4.hmm	160	m3g2_p3_B1_Day0_Gavage__S137.scaffolds_11_13	366	1.9e-20	7	147	193	319	0.875
GH1.hmm	429	m3g2_p3_B1_Day0_Gavage__S137.scaffolds_11_165	463	2.9e-153	7	428	2	456	0.9813519813519813
CE4.hmm	130	m3g2_p3_B1_Day0_Gavage__S137.scaffolds_11_193	522	6.1e-27	7	120	313	429	0.8692307692307693
GH78.hmm	504	m3g2_p3_B1_Day0_Gavage__S137.scaffolds_11_254	547	3.8e-72	6	439	87	544	0.8591269841269841
GT5.hmm	472	m3g2_p3_B1_Day0_Gavage__S137.scaffolds_11_7	397	9.1e-16	274	471	209	389	0.4173728813559322
GT4.hmm	160	m3g2_p3_B1_Day0_Gavage__S137.scaffolds_11_8	400	9.7e-26	13	147	223	355	0.8375
GH18.hmm	296	m3g2_p3_B1_Day0_Gavage__S137.scaffolds_11_88	443	2.3e-52	3	284	145	429	0.9493243243243243
GH24.hmm	137	m3g2_p3_B1_Day0_Gavage__S137.scaffolds_134_16	481	2.4e-54	1	137	342	474	0.9927007299270073
GT2.hmm	170	m3g2_p3_B1_Day0_Gavage__S137.scaffolds_134_42	322	1.5e-23	1	157	5	158	0.9176470588235294
GT2.hmm	170	m3g2_p3_B1_Day0_Gavage__S137.scaffolds_134_43	743	2.9e-28	1	169	185	346	0.9882352941176471
GT2.hmm	170	m3g2_p3_B1_Day0_Gavage__S137.scaffolds_134_43	743	3e-17	1	125	443	569	0.7294117647058823
GT2.hmm	170	m3g2_p3_B1_Day0_Gavage__S137.scaffolds_134_44	372	2.1e-27	1	170	51	220	0.9941176470588236
GH13_31.hmm	349	m3g2_p3_B1_Day0_Gavage__S137.scaffolds_137_10	571	2.1e-165	1	348	30	378	0.994269340974212
GH38.hmm	269	m3g2_p3_B1_Day0_Gavage__S137.scaffolds_137_11	1095	1.2e-82	2	261	235	516	0.9628252788104089
GH25.hmm	177	m3g2_p3_B1_Day0_Gavage__S137.scaffolds_137_51	368	1.1e-39	3	177	110	284	0.9830508474576272
GH36.hmm	688	m3g2_p3_B1_Day0_Gavage__S137.scaffolds_137_9	741	3.6e-278	2	686	12	710	0.9941860465116279
GT4.hmm	160	m3g2_p3_B1_Day0_Gavage__S137.scaffolds_13_116	423	1.4e-33	13	153	222	362	0.875
GH105.hmm	332	m3g2_p3_B1_Day0_Gavage__S137.scaffolds_13_135	380	1.4e-99	11	330	54	374	0.9608433734939759
GH18.hmm	296	m3g2_p3_B1_Day0_Gavage__S137.scaffolds_13_144	390	1.5e-37	69	277	129	359	0.7027027027027027
GT35.hmm	674	m3g2_p3_B1_Day0_Gavage__S137.scaffolds_13_211	818	3.6e-283	1	674	94	811	0.9985163204747775
GT2.hmm	170	m3g2_p3_B1_Day0_Gavage__S137.scaffolds_13_28	444	2.1e-18	1	130	221	340	0.7588235294117647
AA7.hmm	458	m3g2_p3_B1_Day0_Gavage__S137.scaffolds_13_56	465	3.6e-20	14	205	44	240	0.4170305676855895
GH77.hmm	494	m3g2_p3_B1_Day0_Gavage__S137.scaffolds_14_100	501	5.9e-165	1	484	8	486	0.9777327935222672
GT35.hmm	674	m3g2_p3_B1_Day0_Gavage__S137.scaffolds_14_102	763	7e-223	2	673	80	756	0.9955489614243324
GT2.hmm	170	m3g2_p3_B1_Day0_Gavage__S137.scaffolds_14_185	315	4.3e-32	1	122	6	128	0.711764705882353
GT27.hmm	295	m3g2_p3_B1_Day0_Gavage__S137.scaffolds_14_198	1315	3.6e-25	1	261	683	932	0.8813559322033898
GT2.hmm	170	m3g2_p3_B1_Day0_Gavage__S137.scaffolds_14_221	229	3.4e-25	3	168	7	162	0.9705882352941176
GT8.hmm	257	m3g2_p3_B1_Day0_Gavage__S137.scaffolds_14_224	340	3.5e-47	28	253	6	263	0.8754863813229572
GT2.hmm	170	m3g2_p3_B1_Day0_Gavage__S137.scaffolds_14_226	336	7.4e-19	5	116	25	141	0.6529411764705882
GH13_29.hmm	344	m3g2_p3_B1_Day0_Gavage__S137.scaffolds_14_233	549	3.3e-177	2	344	26	367	0.9941860465116279
GH109.hmm	399	m3g2_p3_B1_Day0_Gavage__S137.scaffolds_14_247	372	2.3e-22	4	163	2	149	0.39849624060150374
GH109.hmm	399	m3g2_p3_B1_Day0_Gavage__S137.scaffolds_14_248	374	8.4e-22	6	196	8	178	0.47619047619047616
GH2.hmm	752	m3g2_p3_B1_Day0_Gavage__S137.scaffolds_14_45	757	3e-95	33	499	8	550	0.6196808510638298
GT51.hmm	177	m3g2_p3_B1_Day0_Gavage__S137.scaffolds_14_93	940	1.4e-60	2	177	92	268	0.9887005649717514
AA4.hmm	522	m3g2_p3_B1_Day0_Gavage__S137.scaffolds_165_51	465	1.3e-22	45	268	36	251	0.4272030651340996
GH13_31.hmm	349	m3g2_p3_B1_Day0_Gavage__S137.scaffolds_194_33	591	5.7e-138	1	348	38	383	0.994269340974212
GT5.hmm	472	m3g2_p3_B1_Day0_Gavage__S137.scaffolds_200_30	482	6e-184	1	470	3	475	0.9936440677966102
GT2.hmm	170	m3g2_p3_B1_Day0_Gavage__S137.scaffolds_200_8	368	4.4e-18	1	151	5	145	0.8823529411764706
GH25.hmm	177	m3g2_p3_B1_Day0_Gavage__S137.scaffolds_229_2	253	1.7e-49	1	176	49	222	0.9887005649717514
GH43_10.hmm	271	m3g2_p3_B1_Day0_Gavage__S137.scaffolds_22_131	550	1.3e-100	1	271	5	272	0.996309963099631
CBM91.hmm	200	m3g2_p3_B1_Day0_Gavage__S137.scaffolds_22_131	550	1.7e-21	3	195	348	547	0.96
GH105.hmm	332	m3g2_p3_B1_Day0_Gavage__S137.scaffolds_25_111	815	7e-95	10	331	19	359	0.9668674698795181
GH4.hmm	179	m3g2_p3_B1_Day0_Gavage__S137.scaffolds_25_118	467	2.6e-53	1	178	12	192	0.9888268156424581
AA6.hmm	195	m3g2_p3_B1_Day0_Gavage__S137.scaffolds_25_55	207	8.3e-19	15	140	25	159	0.6410256410256411
GH13_4.hmm	400	m3g2_p3_B1_Day0_Gavage__S137.scaffolds_25_89	615	1.1e-173	1	400	80	477	0.9975
GH36.hmm	688	m3g2_p3_B1_Day0_Gavage__S137.scaffolds_25_90	734	1e-260	1	687	11	715	0.997093023255814
GH3.hmm	216	m3g2_p3_B1_Day0_Gavage__S137.scaffolds_2_152	448	4.6e-54	9	216	177	403	0.9583333333333334
GH32.hmm	293	m3g2_p3_B1_Day0_Gavage__S137.scaffolds_2_197	553	2.4e-74	1	293	109	407	0.9965870307167235
GH106.hmm	824	m3g2_p3_B1_Day0_Gavage__S137.scaffolds_2_228	1203	2.7e-73	4	651	5	706	0.7851941747572816
GT2.hmm	170	m3g2_p3_B1_Day0_Gavage__S137.scaffolds_2_239	452	1.1e-37	1	168	5	171	0.9823529411764705
GH3.hmm	216	m3g2_p3_B1_Day0_Gavage__S137.scaffolds_2_243	748	7.3e-47	7	214	155	412	0.9583333333333334
GH25.hmm	177	m3g2_p3_B1_Day0_Gavage__S137.scaffolds_2_253	339	1e-48	1	177	35	209	0.9943502824858758
CE4.hmm	130	m3g2_p3_B1_Day0_Gavage__S137.scaffolds_2_264	279	8.4e-35	1	124	77	204	0.9461538461538461
GH109.hmm	399	m3g2_p3_B1_Day0_Gavage__S137.scaffolds_2_288	485	5.5e-20	4	164	129	278	0.40100250626566414
GH109.hmm	399	m3g2_p3_B1_Day0_Gavage__S137.scaffolds_2_291	348	1.7e-16	7	164	11	156	0.39348370927318294
GT2.hmm	170	m3g2_p3_B1_Day0_Gavage__S137.scaffolds_2_304	416	1.1e-31	1	131	9	137	0.7647058823529411
GT2.hmm	170	m3g2_p3_B1_Day0_Gavage__S137.scaffolds_2_305	407	1.2e-33	1	123	4	125	0.7176470588235294
GT2.hmm	170	m3g2_p3_B1_Day0_Gavage__S137.scaffolds_2_307	431	9.8e-34	1	128	5	129	0.7470588235294118
GH23.hmm	135	m3g2_p3_B1_Day0_Gavage__S137.scaffolds_2_366	291	7.6e-37	14	123	59	166	0.8074074074074075
GT2.hmm	170	m3g2_p3_B1_Day0_Gavage__S137.scaffolds_2_368	368	6.8e-17	3	114	6	107	0.6529411764705882
GT2.hmm	170	m3g2_p3_B1_Day0_Gavage__S137.scaffolds_2_371	454	1e-16	4	112	13	115	0.6352941176470588
GT2.hmm	170	m3g2_p3_B1_Day0_Gavage__S137.scaffolds_2_372	469	8.5e-19	3	132	11	134	0.7588235294117647
GH77.hmm	494	m3g2_p3_B1_Day0_Gavage__S137.scaffolds_2_479	500	1.1e-172	1	475	9	478	0.9595141700404858
GT2.hmm	170	m3g2_p3_B1_Day0_Gavage__S137.scaffolds_2_509	340	1e-25	1	106	5	109	0.6176470588235294
GH32.hmm	293	m3g2_p3_B1_Day0_Gavage__S137.scaffolds_351_10	483	5.4e-91	1	293	36	348	0.9965870307167235
GH13_11.hmm	351	m3g2_p3_B1_Day0_Gavage__S137.scaffolds_351_50	714	7.1e-151	1	351	208	561	0.9971509971509972
GH1.hmm	429	m3g2_p3_B1_Day0_Gavage__S137.scaffolds_35_126	475	5.3e-146	3	428	6	471	0.9906759906759907
GH88.hmm	329	m3g2_p3_B1_Day0_Gavage__S137.scaffolds_35_150	393	3.1e-130	3	329	52	383	0.9908814589665653
PL12_1.hmm	135	m3g2_p3_B1_Day0_Gavage__S137.scaffolds_35_151	691	3.8e-46	1	135	375	512	0.9925925925925926
PL12_1.hmm	135	m3g2_p3_B1_Day0_Gavage__S137.scaffolds_35_225	702	5.1e-46	2	135	389	528	0.9851851851851852
GH88.hmm	329	m3g2_p3_B1_Day0_Gavage__S137.scaffolds_35_229	402	1.8e-133	5	329	68	393	0.9848024316109423
CE9.hmm	373	m3g2_p3_B1_Day0_Gavage__S137.scaffolds_35_25	380	1.1e-122	3	373	5	375	0.9919571045576407
GH4.hmm	179	m3g2_p3_B1_Day0_Gavage__S137.scaffolds_392_27	467	3.9e-56	2	176	13	190	0.9720670391061452
GT51.hmm	177	m3g2_p3_B1_Day0_Gavage__S137.scaffolds_51_115	238	8.6e-60	10	176	50	216	0.9378531073446328
GH4.hmm	179	m3g2_p3_B1_Day0_Gavage__S137.scaffolds_51_131	471	4.8e-56	2	176	13	190	0.9720670391061452
GT28.hmm	157	m3g2_p3_B1_Day0_Gavage__S137.scaffolds_51_143	355	3e-39	2	149	188	337	0.9363057324840764
GH13_20.hmm	300	m3g2_p3_B1_Day0_Gavage__S137.scaffolds_51_160	447	1.3e-79	10	298	41	320	0.96
CBM48.hmm	76	m3g2_p3_B1_Day0_Gavage__S137.scaffolds_51_161	643	2.3e-18	2	72	40	127	0.9210526315789473
GH13_9.hmm	301	m3g2_p3_B1_Day0_Gavage__S137.scaffolds_51_161	643	2.1e-153	2	301	197	496	0.9933554817275747
CE9.hmm	373	m3g2_p3_B1_Day0_Gavage__S137.scaffolds_51_172	392	5.1e-121	1	373	5	386	0.9973190348525469
GH109.hmm	399	m3g2_p3_B1_Day0_Gavage__S137.scaffolds_51_174	359	2.9e-17	6	160	3	150	0.38596491228070173
GH13_39.hmm	316	m3g2_p3_B1_Day0_Gavage__S137.scaffolds_51_180	708	2.5e-95	1	316	179	561	0.9968354430379747
GT4.hmm	160	m3g2_p3_B1_Day0_Gavage__S137.scaffolds_51_50	464	1.5e-20	7	127	209	347	0.75
GH51.hmm	630	m3g2_p3_B1_Day0_Gavage__S137.scaffolds_52_143	632	7.3e-108	115	540	178	628	0.6746031746031746
GH2.hmm	752	m3g2_p3_B1_Day0_Gavage__S137.scaffolds_52_147	587	2.7e-91	26	403	16	455	0.5013297872340425
GH109.hmm	399	m3g2_p3_B1_Day0_Gavage__S137.scaffolds_52_7	358	7.2e-20	7	263	2	243	0.6416040100250626
GT1.hmm	382	m3g2_p3_B1_Day0_Gavage__S137.scaffolds_56_126	419	4.6e-24	100	344	101	378	0.6387434554973822
GH170.hmm	350	m3g2_p3_B1_Day0_Gavage__S137.scaffolds_56_188	365	2.6e-119	1	349	3	361	0.9942857142857143
GH31.hmm	427	m3g2_p3_B1_Day0_Gavage__S137.scaffolds_56_33	823	3.7e-139	1	427	289	713	0.9976580796252927
GH31.hmm	427	m3g2_p3_B1_Day0_Gavage__S137.scaffolds_56_34	683	5.3e-146	1	425	213	665	0.9929742388758782
CE4.hmm	130	m3g2_p3_B1_Day0_Gavage__S137.scaffolds_56_87	417	6.3e-30	7	112	215	322	0.8076923076923077
GH18.hmm	296	m3g2_p3_B1_Day0_Gavage__S137.scaffolds_5_188	561	4.7e-37	48	279	263	547	0.7804054054054054
CE4.hmm	130	m3g2_p3_B1_Day0_Gavage__S137.scaffolds_5_250	505	8.2e-27	6	124	301	421	0.9076923076923077
CBM48.hmm	76	m3g2_p3_B1_Day0_Gavage__S137.scaffolds_5_260	1046	1.7e-18	2	70	127	214	0.8947368421052632
GH13_9.hmm	301	m3g2_p3_B1_Day0_Gavage__S137.scaffolds_5_260	1046	9.5e-148	1	301	293	594	0.9966777408637874
GH13_11.hmm	351	m3g2_p3_B1_Day0_Gavage__S137.scaffolds_5_265	676	2e-51	143	351	267	448	0.5925925925925926
GH28.hmm	325	m3g2_p3_B1_Day0_Gavage__S137.scaffolds_5_345	523	3.9e-72	12	309	110	468	0.9138461538461539
GH105.hmm	332	m3g2_p3_B1_Day0_Gavage__S137.scaffolds_5_350	377	8.9e-109	8	330	30	370	0.9698795180722891
GH112.hmm	715	m3g2_p3_B1_Day0_Gavage__S137.scaffolds_5_370	772	3.8e-278	125	715	175	770	0.8251748251748252
GH31.hmm	427	m3g2_p3_B1_Day0_Gavage__S137.scaffolds_5_430	834	4e-132	2	427	235	685	0.9953161592505855
CE4.hmm	130	m3g2_p3_B1_Day0_Gavage__S137.scaffolds_5_437	300	2.5e-21	10	127	23	168	0.9
CE4.hmm	130	m3g2_p3_B1_Day0_Gavage__S137.scaffolds_5_438	278	1e-21	18	126	44	153	0.8307692307692308
CE4.hmm	130	m3g2_p3_B1_Day0_Gavage__S137.scaffolds_5_58	243	5.9e-33	5	112	56	165	0.823076923076923
GH25.hmm	177	m3g2_p3_B1_Day0_Gavage__S137.scaffolds_5_59	602	8.4e-46	1	177	103	272	0.9943502824858758
PL37.hmm	635	m3g2_p3_B1_Day0_Gavage__S137.scaffolds_839_10	601	5e-125	43	598	3	544	0.8740157480314961
GH88.hmm	329	m3g2_p3_B1_Day0_Gavage__S137.scaffolds_839_16	392	4.8e-125	4	329	59	383	0.9878419452887538
GH43_11.hmm	292	m3g2_p3_B1_Day0_Gavage__S137.scaffolds_839_20	550	1.4e-120	1	292	3	315	0.9965753424657534
CBM91.hmm	200	m3g2_p3_B1_Day0_Gavage__S137.scaffolds_839_20	550	5e-50	4	198	347	547	0.97
GH154.hmm	348	m3g2_p3_B1_Day0_Gavage__S137.scaffolds_839_9	588	5e-94	28	348	8	321	0.9195402298850575
CE8.hmm	288	m3g2_p3_B1_Day0_Gavage__S137.scaffolds_89_127	362	1.1e-92	2	267	18	309	0.9201388888888888
GT51.hmm	177	m3g2_p3_B1_Day0_Gavage__S137.scaffolds_89_61	898	1.5e-53	9	177	91	270	0.9491525423728814
GT4.hmm	160	m3g2_p3_B1_Day0_Gavage__S137.scaffolds_89_84	385	3.3e-30	2	136	175	320	0.8375
GT4.hmm	160	m3g2_p3_B1_Day0_Gavage__S137.scaffolds_89_86	368	7.2e-24	7	116	195	301	0.68125
GT4.hmm	160	m3g2_p3_B1_Day0_Gavage__S137.scaffolds_89_89	372	7.5e-31	12	159	190	334	0.91875
