GT51.hmm	177	m3g2_p1_F12_well_A8_Isolate_S26.scaffolds_10_29	770	1.2e-57	2	176	79	258	0.9830508474576272
CBM67.hmm	176	m3g2_p1_F12_well_A8_Isolate_S26.scaffolds_11_66	908	4.9e-22	40	166	179	314	0.7159090909090909
GH78.hmm	504	m3g2_p1_F12_well_A8_Isolate_S26.scaffolds_11_66	908	1.2e-107	3	504	349	866	0.9940476190476191
AA1.hmm	358	m3g2_p1_F12_well_A8_Isolate_S26.scaffolds_11_83	511	9.8e-30	9	357	70	456	0.9720670391061452
GH3.hmm	216	m3g2_p1_F12_well_A8_Isolate_S26.scaffolds_12_1	796	4.5e-72	5	216	34	252	0.9768518518518519
GT83.hmm	540	m3g2_p1_F12_well_A8_Isolate_S26.scaffolds_12_10	733	4.7e-26	4	220	7	225	0.4
GT2.hmm	170	m3g2_p1_F12_well_A8_Isolate_S26.scaffolds_12_9	326	7.2e-36	1	166	10	170	0.9705882352941176
GH109.hmm	399	m3g2_p1_F12_well_A8_Isolate_S26.scaffolds_13_66	347	2.7e-18	6	197	3	197	0.47869674185463656
GH109.hmm	399	m3g2_p1_F12_well_A8_Isolate_S26.scaffolds_13_67	351	1.5e-19	4	159	4	152	0.38847117794486213
GT2.hmm	170	m3g2_p1_F12_well_A8_Isolate_S26.scaffolds_13_87	261	2.1e-35	1	168	7	172	0.9823529411764705
AA4.hmm	522	m3g2_p1_F12_well_A8_Isolate_S26.scaffolds_14_18	465	2.4e-19	14	297	9	284	0.5421455938697318
GT4.hmm	160	m3g2_p1_F12_well_A8_Isolate_S26.scaffolds_16_16	538	9.1e-26	7	159	331	488	0.95
GT4.hmm	160	m3g2_p1_F12_well_A8_Isolate_S26.scaffolds_16_17	509	1.1e-32	5	157	318	474	0.95
GH35.hmm	307	m3g2_p1_F12_well_A8_Isolate_S26.scaffolds_16_22	594	9.3e-128	1	306	10	327	0.993485342019544
CE9.hmm	373	m3g2_p1_F12_well_A8_Isolate_S26.scaffolds_16_23	387	4.8e-122	15	373	19	378	0.9597855227882037
GH1.hmm	429	m3g2_p1_F12_well_A8_Isolate_S26.scaffolds_16_35	475	6.6e-147	3	425	9	470	0.9836829836829837
GH30_9.hmm	442	m3g2_p1_F12_well_A8_Isolate_S26.scaffolds_18_10	526	4.7e-243	2	442	39	482	0.995475113122172
GH59.hmm	631	m3g2_p1_F12_well_A8_Isolate_S26.scaffolds_18_16	1493	1.9e-171	3	631	65	788	0.9952456418383518
GH2.hmm	752	m3g2_p1_F12_well_A8_Isolate_S26.scaffolds_18_17	604	2.8e-103	24	484	11	591	0.6117021276595744
GH59.hmm	631	m3g2_p1_F12_well_A8_Isolate_S26.scaffolds_18_6	840	7.4e-196	5	625	17	710	0.9825673534072901
CBM48.hmm	76	m3g2_p1_F12_well_A8_Isolate_S26.scaffolds_1_101	688	1.2e-17	3	67	24	99	0.8421052631578947
GH13_9.hmm	301	m3g2_p1_F12_well_A8_Isolate_S26.scaffolds_1_101	688	9.9e-142	1	301	174	473	0.9966777408637874
GT4.hmm	160	m3g2_p1_F12_well_A8_Isolate_S26.scaffolds_1_116	359	3.2e-19	5	157	183	327	0.95
GH170.hmm	350	m3g2_p1_F12_well_A8_Isolate_S26.scaffolds_1_143	367	1.9e-105	1	349	3	361	0.9942857142857143
GH36.hmm	688	m3g2_p1_F12_well_A8_Isolate_S26.scaffolds_1_146	741	1.5e-240	1	687	12	703	0.997093023255814
GH13_31.hmm	349	m3g2_p1_F12_well_A8_Isolate_S26.scaffolds_1_168	555	5.9e-139	1	348	32	382	0.994269340974212
GH32.hmm	293	m3g2_p1_F12_well_A8_Isolate_S26.scaffolds_1_170	493	4.6e-72	1	289	40	337	0.9829351535836177
GT2.hmm	230	m3g2_p1_F12_well_A8_Isolate_S26.scaffolds_1_193	418	4.1e-37	1	229	48	280	0.991304347826087
GH126.hmm	321	m3g2_p1_F12_well_A8_Isolate_S26.scaffolds_1_196	384	2.6e-113	2	320	62	372	0.9906542056074766
CE1.hmm	227	m3g2_p1_F12_well_A8_Isolate_S26.scaffolds_1_203	334	4e-47	1	223	85	324	0.9779735682819384
GH1.hmm	429	m3g2_p1_F12_well_A8_Isolate_S26.scaffolds_1_247	483	4.3e-148	4	428	5	478	0.9883449883449883
CE4.hmm	130	m3g2_p1_F12_well_A8_Isolate_S26.scaffolds_1_61	322	7.6e-21	5	111	113	229	0.8153846153846154
GT2.hmm	170	m3g2_p1_F12_well_A8_Isolate_S26.scaffolds_1_68	322	3.1e-27	1	113	6	115	0.6588235294117647
GH25.hmm	177	m3g2_p1_F12_well_A8_Isolate_S26.scaffolds_1_70	692	2.4e-37	1	176	126	303	0.9887005649717514
GT2.hmm	170	m3g2_p1_F12_well_A8_Isolate_S26.scaffolds_1_73	331	4.2e-24	2	142	8	150	0.8235294117647058
GT32.hmm	90	m3g2_p1_F12_well_A8_Isolate_S26.scaffolds_1_77	247	2e-18	6	89	22	96	0.9222222222222223
GT2.hmm	170	m3g2_p1_F12_well_A8_Isolate_S26.scaffolds_1_78	252	5.2e-39	1	140	8	145	0.8176470588235294
GH13_39.hmm	316	m3g2_p1_F12_well_A8_Isolate_S26.scaffolds_1_95	593	5.3e-122	1	316	182	490	0.9968354430379747
GT35.hmm	674	m3g2_p1_F12_well_A8_Isolate_S26.scaffolds_1_96	804	3.4e-250	2	673	93	791	0.9955489614243324
GT5.hmm	472	m3g2_p1_F12_well_A8_Isolate_S26.scaffolds_1_97	482	1.2e-176	1	471	3	475	0.9957627118644068
GH25.hmm	177	m3g2_p1_F12_well_A8_Isolate_S26.scaffolds_20_54	395	8.1e-36	2	171	36	215	0.9548022598870056
GT4.hmm	160	m3g2_p1_F12_well_A8_Isolate_S26.scaffolds_21_20	518	5.3e-33	12	159	330	482	0.91875
GT4.hmm	160	m3g2_p1_F12_well_A8_Isolate_S26.scaffolds_21_21	499	5.3e-28	3	157	313	469	0.9625
GT2.hmm	170	m3g2_p1_F12_well_A8_Isolate_S26.scaffolds_23_15	310	5.5e-30	2	153	7	156	0.888235294117647
GH1.hmm	429	m3g2_p1_F12_well_A8_Isolate_S26.scaffolds_23_20	489	2.5e-139	4	428	5	482	0.9883449883449883
GT113.hmm	322	m3g2_p1_F12_well_A8_Isolate_S26.scaffolds_23_22	339	4.1e-80	4	319	9	327	0.9782608695652174
GT8.hmm	257	m3g2_p1_F12_well_A8_Isolate_S26.scaffolds_23_23	287	1.6e-36	30	255	4	263	0.8754863813229572
GT8.hmm	257	m3g2_p1_F12_well_A8_Isolate_S26.scaffolds_23_24	302	9.9e-40	30	253	4	262	0.867704280155642
GH73.hmm	128	m3g2_p1_F12_well_A8_Isolate_S26.scaffolds_23_9	212	3.1e-37	2	128	68	206	0.984375
GH4.hmm	179	m3g2_p1_F12_well_A8_Isolate_S26.scaffolds_24_24	462	7.3e-67	2	178	9	185	0.9832402234636871
GT51.hmm	177	m3g2_p1_F12_well_A8_Isolate_S26.scaffolds_25_6	915	1.6e-53	12	177	124	301	0.9322033898305084
GT4.hmm	160	m3g2_p1_F12_well_A8_Isolate_S26.scaffolds_26_6	343	1.4e-18	4	154	159	305	0.9375
GT4.hmm	160	m3g2_p1_F12_well_A8_Isolate_S26.scaffolds_26_7	403	8.4e-29	9	131	202	324	0.7625
GH29.hmm	346	m3g2_p1_F12_well_A8_Isolate_S26.scaffolds_2_13	379	1.1e-82	35	334	9	376	0.8641618497109826
CE9.hmm	373	m3g2_p1_F12_well_A8_Isolate_S26.scaffolds_2_24	382	1.1e-122	2	372	7	373	0.9919571045576407
GT4.hmm	160	m3g2_p1_F12_well_A8_Isolate_S26.scaffolds_2_283	519	7.6e-30	7	153	320	470	0.9125
GT4.hmm	160	m3g2_p1_F12_well_A8_Isolate_S26.scaffolds_2_284	539	9.8e-27	10	159	334	488	0.93125
GT51.hmm	177	m3g2_p1_F12_well_A8_Isolate_S26.scaffolds_2_97	681	2e-65	3	177	67	242	0.9830508474576272
CBM34.hmm	120	m3g2_p1_F12_well_A8_Isolate_S26.scaffolds_3_101	584	3.6e-30	2	119	7	132	0.975
GH13_20.hmm	300	m3g2_p1_F12_well_A8_Isolate_S26.scaffolds_3_101	584	6.4e-128	1	300	182	485	0.9966666666666667
GH65.hmm	372	m3g2_p1_F12_well_A8_Isolate_S26.scaffolds_3_102	754	3.8e-149	1	371	320	690	0.9946236559139785
GT8.hmm	257	m3g2_p1_F12_well_A8_Isolate_S26.scaffolds_3_153	280	2.3e-29	30	254	3	248	0.8715953307392996
GT8.hmm	257	m3g2_p1_F12_well_A8_Isolate_S26.scaffolds_3_154	319	2.7e-51	29	256	6	249	0.8832684824902723
GH36.hmm	688	m3g2_p1_F12_well_A8_Isolate_S26.scaffolds_3_156	765	2.2e-251	2	687	10	714	0.9956395348837209
GH25.hmm	177	m3g2_p1_F12_well_A8_Isolate_S26.scaffolds_3_207	242	1.9e-29	7	175	59	217	0.9491525423728814
GT2.hmm	170	m3g2_p1_F12_well_A8_Isolate_S26.scaffolds_3_224	349	7.9e-40	1	131	9	137	0.7647058823529411
GH36.hmm	688	m3g2_p1_F12_well_A8_Isolate_S26.scaffolds_4_1	715	6e-75	89	620	87	616	0.7718023255813954
GH88.hmm	329	m3g2_p1_F12_well_A8_Isolate_S26.scaffolds_4_11	393	3e-128	4	329	58	384	0.9878419452887538
PL12_1.hmm	135	m3g2_p1_F12_well_A8_Isolate_S26.scaffolds_4_17	642	3.2e-42	1	133	336	473	0.9777777777777777
GH136.hmm	491	m3g2_p1_F12_well_A8_Isolate_S26.scaffolds_4_19	757	7.2e-146	3	491	37	611	0.9938900203665988
PL8.hmm	259	m3g2_p1_F12_well_A8_Isolate_S26.scaffolds_4_2	1020	4.2e-82	2	258	441	697	0.9884169884169884
GH13_31.hmm	349	m3g2_p1_F12_well_A8_Isolate_S26.scaffolds_4_20	561	1.4e-161	1	349	28	378	0.997134670487106
GT28.hmm	157	m3g2_p1_F12_well_A8_Isolate_S26.scaffolds_5_102	364	6.6e-47	1	157	188	347	0.9936305732484076
GH4.hmm	179	m3g2_p1_F12_well_A8_Isolate_S26.scaffolds_6_109	447	5.5e-61	2	176	5	179	0.9720670391061452
GH25.hmm	177	m3g2_p1_F12_well_A8_Isolate_S26.scaffolds_6_127	255	1.1e-36	2	173	7	176	0.9661016949152542
GH31.hmm	427	m3g2_p1_F12_well_A8_Isolate_S26.scaffolds_6_138	750	6.4e-121	3	427	162	586	0.9929742388758782
GH13_31.hmm	349	m3g2_p1_F12_well_A8_Isolate_S26.scaffolds_6_140	562	2.6e-162	1	349	29	378	0.997134670487106
GH13_31.hmm	349	m3g2_p1_F12_well_A8_Isolate_S26.scaffolds_6_73	447	4.9e-169	1	348	27	379	0.994269340974212
GH4.hmm	179	m3g2_p1_F12_well_A8_Isolate_S26.scaffolds_6_88	443	8e-71	2	178	8	184	0.9832402234636871
GH1.hmm	429	m3g2_p1_F12_well_A8_Isolate_S26.scaffolds_6_97	495	7e-141	3	428	2	481	0.9906759906759907
GH13_29.hmm	344	m3g2_p1_F12_well_A8_Isolate_S26.scaffolds_7_59	552	9.4e-170	1	344	24	370	0.997093023255814
GT2.hmm	170	m3g2_p1_F12_well_A8_Isolate_S26.scaffolds_7_94	243	7.5e-24	1	108	7	111	0.6294117647058823
GH1.hmm	429	m3g2_p1_F12_well_A8_Isolate_S26.scaffolds_7_97	475	1.4e-146	1	426	1	469	0.9906759906759907
GT4.hmm	160	m3g2_p1_F12_well_A8_Isolate_S26.scaffolds_8_128	370	1.2e-31	12	157	188	333	0.90625
GH29.hmm	346	m3g2_p1_F12_well_A8_Isolate_S26.scaffolds_8_19	345	1.7e-81	40	332	3	334	0.8439306358381503
GH31.hmm	427	m3g2_p1_F12_well_A8_Isolate_S26.scaffolds_8_24	1795	1.1e-59	204	427	475	710	0.522248243559719
CBM32.hmm	124	m3g2_p1_F12_well_A8_Isolate_S26.scaffolds_8_24	1795	4.5e-16	14	121	1003	1125	0.8629032258064516
GH43_24.hmm	246	m3g2_p1_F12_well_A8_Isolate_S26.scaffolds_8_66	691	1.1e-54	2	244	26	259	0.983739837398374
GH115.hmm	697	m3g2_p1_F12_well_A8_Isolate_S26.scaffolds_8_68	682	3.9e-58	11	550	10	589	0.7733142037302726
GH170.hmm	350	m3g2_p1_F12_well_A8_Isolate_S26.scaffolds_8_82	367	2.9e-116	1	349	3	361	0.9942857142857143
GH1.hmm	429	m3g2_p1_F12_well_A8_Isolate_S26.scaffolds_9_103	457	7.7e-140	3	428	2	455	0.9906759906759907
GH38.hmm	269	m3g2_p1_F12_well_A8_Isolate_S26.scaffolds_9_105	874	4.1e-62	1	255	4	254	0.9442379182156134
GH1.hmm	429	m3g2_p1_F12_well_A8_Isolate_S26.scaffolds_9_28	479	4.8e-151	3	428	2	474	0.9906759906759907
GH170.hmm	350	m3g2_p1_F12_well_A8_Isolate_S26.scaffolds_9_62	349	7.8e-120	1	349	1	345	0.9942857142857143
