CE1.hmm	227	m3g2_p1_H11_well_C7_Isolate_S49.scaffolds_10_5	261	1.8e-50	1	223	10	249	0.9779735682819384
GH95.hmm	722	m3g2_p1_H11_well_C7_Isolate_S49.scaffolds_1_1	1619	1.4e-262	4	718	119	882	0.9889196675900277
GH25.hmm	177	m3g2_p1_H11_well_C7_Isolate_S49.scaffolds_1_120	280	6.5e-37	1	176	65	249	0.9887005649717514
GH13_5.hmm	342	m3g2_p1_H11_well_C7_Isolate_S49.scaffolds_1_199	484	1.1e-149	1	342	30	372	0.9970760233918129
CE4.hmm	130	m3g2_p1_H11_well_C7_Isolate_S49.scaffolds_1_217	296	1.7e-30	6	127	130	258	0.9307692307692308
GT2.hmm	170	m3g2_p1_H11_well_C7_Isolate_S49.scaffolds_1_230	232	4.9e-27	2	168	3	162	0.9764705882352941
GT2.hmm	170	m3g2_p1_H11_well_C7_Isolate_S49.scaffolds_1_235	314	2.4e-28	1	167	4	167	0.9764705882352941
GT2.hmm	170	m3g2_p1_H11_well_C7_Isolate_S49.scaffolds_1_240	314	2.8e-23	2	107	5	111	0.6176470588235294
GT2.hmm	170	m3g2_p1_H11_well_C7_Isolate_S49.scaffolds_1_243	450	2.3e-23	1	125	8	133	0.7294117647058823
GH13_14.hmm	289	m3g2_p1_H11_well_C7_Isolate_S49.scaffolds_1_273	770	1.1e-105	2	289	313	621	0.9930795847750865
CBM34.hmm	120	m3g2_p1_H11_well_C7_Isolate_S49.scaffolds_1_329	583	1.9e-32	1	119	6	126	0.9833333333333333
GH13_20.hmm	300	m3g2_p1_H11_well_C7_Isolate_S49.scaffolds_1_329	583	1.6e-132	1	300	176	477	0.9966666666666667
GT2.hmm	170	m3g2_p1_H11_well_C7_Isolate_S49.scaffolds_1_38	354	1e-16	2	125	7	133	0.7235294117647059
GT2.hmm	230	m3g2_p1_H11_well_C7_Isolate_S49.scaffolds_1_39	742	5.2e-23	2	230	79	318	0.991304347826087
GH73.hmm	128	m3g2_p1_H11_well_C7_Isolate_S49.scaffolds_1_413	233	1.5e-27	2	128	56	191	0.984375
GT1.hmm	382	m3g2_p1_H11_well_C7_Isolate_S49.scaffolds_1_468	423	8.1e-21	81	381	91	417	0.7853403141361257
CE7.hmm	313	m3g2_p1_H11_well_C7_Isolate_S49.scaffolds_1_477	328	1.8e-110	6	312	7	315	0.9776357827476039
CE1.hmm	227	m3g2_p1_H11_well_C7_Isolate_S49.scaffolds_1_510	247	5.7e-21	51	219	42	240	0.7400881057268722
CE1.hmm	227	m3g2_p1_H11_well_C7_Isolate_S49.scaffolds_1_511	276	1e-35	4	227	20	274	0.9823788546255506
GT1.hmm	382	m3g2_p1_H11_well_C7_Isolate_S49.scaffolds_1_558	428	1.2e-26	4	381	15	423	0.9869109947643979
GT21.hmm	233	m3g2_p1_H11_well_C7_Isolate_S49.scaffolds_1_560	381	4e-19	4	230	43	267	0.9699570815450643
GH3.hmm	216	m3g2_p1_H11_well_C7_Isolate_S49.scaffolds_1_685	804	9.9e-66	5	216	173	409	0.9768518518518519
GH36.hmm	688	m3g2_p1_H11_well_C7_Isolate_S49.scaffolds_1_686	741	1.8e-288	2	686	14	709	0.9941860465116279
GH13_18.hmm	343	m3g2_p1_H11_well_C7_Isolate_S49.scaffolds_1_687	481	2.8e-122	2	343	36	372	0.9941690962099126
GH36.hmm	688	m3g2_p1_H11_well_C7_Isolate_S49.scaffolds_1_691	721	1.4e-255	1	687	9	702	0.997093023255814
CE4.hmm	130	m3g2_p1_H11_well_C7_Isolate_S49.scaffolds_1_703	462	8.7e-36	2	121	260	380	0.9153846153846154
GT5.hmm	472	m3g2_p1_H11_well_C7_Isolate_S49.scaffolds_1_778	478	2e-184	1	471	2	473	0.9957627118644068
CBM48.hmm	76	m3g2_p1_H11_well_C7_Isolate_S49.scaffolds_1_781	634	2.7e-17	3	71	22	106	0.8947368421052632
GH13_9.hmm	301	m3g2_p1_H11_well_C7_Isolate_S49.scaffolds_1_781	634	6.9e-137	1	301	173	471	0.9966777408637874
GT4.hmm	160	m3g2_p1_H11_well_C7_Isolate_S49.scaffolds_1_83	333	1.1e-16	4	151	156	298	0.91875
GT4.hmm	160	m3g2_p1_H11_well_C7_Isolate_S49.scaffolds_1_84	441	3.6e-31	5	147	203	343	0.8875
GH20.hmm	337	m3g2_p1_H11_well_C7_Isolate_S49.scaffolds_2_10	627	4.2e-36	10	335	80	398	0.9643916913946587
GH1.hmm	429	m3g2_p1_H11_well_C7_Isolate_S49.scaffolds_2_111	468	8.1e-147	4	428	9	464	0.9883449883449883
GH20.hmm	337	m3g2_p1_H11_well_C7_Isolate_S49.scaffolds_2_150	1188	2e-53	18	331	139	489	0.9287833827893175
GH20.hmm	337	m3g2_p1_H11_well_C7_Isolate_S49.scaffolds_2_150	1188	9.3e-53	18	331	582	920	0.9287833827893175
GH1.hmm	429	m3g2_p1_H11_well_C7_Isolate_S49.scaffolds_2_168	493	9.1e-147	1	427	25	489	0.993006993006993
GT51.hmm	177	m3g2_p1_H11_well_C7_Isolate_S49.scaffolds_2_19	823	1.5e-50	2	176	111	300	0.9830508474576272
GT2.hmm	230	m3g2_p1_H11_well_C7_Isolate_S49.scaffolds_2_25	437	1.9e-22	1	228	49	279	0.9869565217391304
GH8.hmm	320	m3g2_p1_H11_well_C7_Isolate_S49.scaffolds_2_26	368	1.5e-73	4	317	38	363	0.978125
GH92.hmm	491	m3g2_p1_H11_well_C7_Isolate_S49.scaffolds_2_6	693	2.2e-133	6	488	198	687	0.9816700610997964
GH125.hmm	402	m3g2_p1_H11_well_C7_Isolate_S49.scaffolds_2_7	427	1.9e-182	2	402	23	420	0.9950248756218906
GH38.hmm	269	m3g2_p1_H11_well_C7_Isolate_S49.scaffolds_2_8	882	8.8e-76	2	257	6	275	0.9479553903345725
GT2.hmm	170	m3g2_p1_H11_well_C7_Isolate_S49.scaffolds_3_26	351	1.6e-18	2	129	4	129	0.7470588235294118
GH32.hmm	293	m3g2_p1_H11_well_C7_Isolate_S49.scaffolds_3_40	485	8.5e-69	1	293	37	340	0.9965870307167235
GT8.hmm	257	m3g2_p1_H11_well_C7_Isolate_S49.scaffolds_3_58	403	1.8e-56	29	255	3	232	0.8793774319066148
GT2.hmm	170	m3g2_p1_H11_well_C7_Isolate_S49.scaffolds_3_59	294	8.6e-41	1	127	8	132	0.7411764705882353
GH13_31.hmm	349	m3g2_p1_H11_well_C7_Isolate_S49.scaffolds_3_6	538	1.9e-147	1	349	28	359	0.997134670487106
GT4.hmm	160	m3g2_p1_H11_well_C7_Isolate_S49.scaffolds_3_61	498	1.3e-26	13	153	314	459	0.875
CBM41.hmm	102	m3g2_p1_H11_well_C7_Isolate_S49.scaffolds_3_68	1233	6.7e-22	2	102	121	224	0.9803921568627451
CBM41.hmm	102	m3g2_p1_H11_well_C7_Isolate_S49.scaffolds_3_68	1233	1e-26	2	102	229	333	0.9803921568627451
GH13_12.hmm	284	m3g2_p1_H11_well_C7_Isolate_S49.scaffolds_3_68	1233	1.1e-124	1	284	597	933	0.9964788732394366
GH13_31.hmm	349	m3g2_p1_H11_well_C7_Isolate_S49.scaffolds_4_106	556	2.2e-130	1	348	28	372	0.994269340974212
GH1.hmm	429	m3g2_p1_H11_well_C7_Isolate_S49.scaffolds_4_114	479	3.9e-153	4	428	3	474	0.9883449883449883
GT4.hmm	160	m3g2_p1_H11_well_C7_Isolate_S49.scaffolds_4_15	505	1.2e-26	8	152	317	458	0.9
GH1.hmm	429	m3g2_p1_H11_well_C7_Isolate_S49.scaffolds_4_157	480	1.3e-145	4	428	6	475	0.9883449883449883
GH85.hmm	315	m3g2_p1_H11_well_C7_Isolate_S49.scaffolds_4_42	1570	1e-103	2	315	183	495	0.9936507936507937
GT113.hmm	322	m3g2_p1_H11_well_C7_Isolate_S49.scaffolds_4_9	336	1.3e-78	9	320	15	329	0.9658385093167702
GT4.hmm	160	m3g2_p1_H11_well_C7_Isolate_S49.scaffolds_5_102	382	2.6e-30	9	159	201	355	0.9375
GT2.hmm	170	m3g2_p1_H11_well_C7_Isolate_S49.scaffolds_5_104	323	7.7e-35	1	151	3	155	0.8823529411764706
GT113.hmm	322	m3g2_p1_H11_well_C7_Isolate_S49.scaffolds_5_108	357	1.2e-105	4	320	17	354	0.9813664596273292
GH25.hmm	177	m3g2_p1_H11_well_C7_Isolate_S49.scaffolds_5_109	1168	6.7e-41	1	173	139	325	0.9717514124293786
GH13_14.hmm	289	m3g2_p1_H11_well_C7_Isolate_S49.scaffolds_5_64	684	2e-104	2	289	241	548	0.9930795847750865
GH77.hmm	494	m3g2_p1_H11_well_C7_Isolate_S49.scaffolds_5_70	511	1e-173	1	492	10	493	0.9939271255060729
GT35.hmm	674	m3g2_p1_H11_well_C7_Isolate_S49.scaffolds_5_71	753	7e-226	2	673	78	751	0.9955489614243324
GT28.hmm	157	m3g2_p1_H11_well_C7_Isolate_S49.scaffolds_6_42	357	4.9e-31	1	152	188	337	0.9617834394904459
GH32.hmm	293	m3g2_p1_H11_well_C7_Isolate_S49.scaffolds_6_63	485	1.8e-107	1	292	28	332	0.9931740614334471
GH35.hmm	307	m3g2_p1_H11_well_C7_Isolate_S49.scaffolds_7_25	596	4.6e-125	1	305	10	326	0.990228013029316
GH29.hmm	346	m3g2_p1_H11_well_C7_Isolate_S49.scaffolds_8_36	1237	3.6e-69	39	337	116	423	0.861271676300578
CBM71.hmm	205	m3g2_p1_H11_well_C7_Isolate_S49.scaffolds_8_37	1434	1.5e-54	3	205	170	368	0.9853658536585366
CBM40.hmm	179	m3g2_p1_H11_well_C7_Isolate_S49.scaffolds_8_37	1434	6.8e-43	2	177	458	640	0.9776536312849162
GH33.hmm	342	m3g2_p1_H11_well_C7_Isolate_S49.scaffolds_8_37	1434	1.4e-99	12	341	670	1117	0.9619883040935673
GH2.hmm	752	m3g2_p1_H11_well_C7_Isolate_S49.scaffolds_8_38	2279	1.6e-107	14	526	111	769	0.6808510638297872
CBM71.hmm	205	m3g2_p1_H11_well_C7_Isolate_S49.scaffolds_8_38	2279	2.8e-82	2	203	1445	1641	0.9804878048780488
CBM71.hmm	205	m3g2_p1_H11_well_C7_Isolate_S49.scaffolds_8_38	2279	2.5e-69	2	205	1793	1992	0.9902439024390244
GT51.hmm	177	m3g2_p1_H11_well_C7_Isolate_S49.scaffolds_8_45	756	7.9e-64	2	177	124	295	0.9887005649717514
GT51.hmm	177	m3g2_p1_H11_well_C7_Isolate_S49.scaffolds_9_25	707	7.5e-64	2	176	60	235	0.9830508474576272
CE9.hmm	373	m3g2_p1_H11_well_C7_Isolate_S49.scaffolds_9_45	384	9.1e-126	3	373	7	377	0.9919571045576407
