GT4.hmm	160	m3g2_p1_H7_well_C3_Isolate_S45.scaffolds_10_39	382	3.2e-27	7	151	204	349	0.9
GT2.hmm	170	m3g2_p1_H7_well_C3_Isolate_S45.scaffolds_10_43	722	3.2e-28	1	131	5	133	0.7647058823529411
GH1.hmm	429	m3g2_p1_H7_well_C3_Isolate_S45.scaffolds_11_58	471	1e-148	1	428	1	468	0.9953379953379954
GT51.hmm	177	m3g2_p1_H7_well_C3_Isolate_S45.scaffolds_12_28	302	2.9e-54	3	177	83	272	0.9830508474576272
AA1.hmm	358	m3g2_p1_H7_well_C3_Isolate_S45.scaffolds_14_20	478	4.1e-44	10	357	101	469	0.9692737430167597
GH46.hmm	222	m3g2_p1_H7_well_C3_Isolate_S45.scaffolds_19_6	330	6.9e-44	9	221	80	296	0.954954954954955
GH5_54.hmm	263	m3g2_p1_H7_well_C3_Isolate_S45.scaffolds_19_7	432	1.9e-52	10	262	95	386	0.9581749049429658
GT28.hmm	157	m3g2_p1_H7_well_C3_Isolate_S45.scaffolds_1_290	358	1.4e-33	2	151	190	340	0.9490445859872612
GT51.hmm	177	m3g2_p1_H7_well_C3_Isolate_S45.scaffolds_1_315	744	1.5e-61	2	176	80	255	0.9830508474576272
GT4.hmm	160	m3g2_p1_H7_well_C3_Isolate_S45.scaffolds_1_323	381	3.5e-39	6	159	193	343	0.95625
GH13_31.hmm	349	m3g2_p1_H7_well_C3_Isolate_S45.scaffolds_1_363	552	4.1e-160	1	349	28	372	0.997134670487106
GH170.hmm	350	m3g2_p1_H7_well_C3_Isolate_S45.scaffolds_21_12	351	3.8e-99	1	350	1	343	0.9971428571428571
GH73.hmm	128	m3g2_p1_H7_well_C3_Isolate_S45.scaffolds_21_19	259	8.3e-24	3	126	115	241	0.9609375
GT4.hmm	160	m3g2_p1_H7_well_C3_Isolate_S45.scaffolds_24_9	503	1e-25	8	145	318	453	0.85625
GT4.hmm	160	m3g2_p1_H7_well_C3_Isolate_S45.scaffolds_26_8	503	4.5e-23	4	136	314	444	0.825
GH73.hmm	128	m3g2_p1_H7_well_C3_Isolate_S45.scaffolds_29_9	284	1.2e-22	3	125	132	258	0.953125
CE14.hmm	124	m3g2_p1_H7_well_C3_Isolate_S45.scaffolds_2_137	222	4.6e-29	1	124	8	126	0.9919354838709677
GT4.hmm	160	m3g2_p1_H7_well_C3_Isolate_S45.scaffolds_2_141	501	9.8e-33	8	157	323	471	0.93125
GT2.hmm	170	m3g2_p1_H7_well_C3_Isolate_S45.scaffolds_2_6	369	2.2e-27	2	168	5	171	0.9764705882352941
GT2.hmm	170	m3g2_p1_H7_well_C3_Isolate_S45.scaffolds_2_64	355	1.2e-28	2	163	5	169	0.9470588235294117
GT26.hmm	171	m3g2_p1_H7_well_C3_Isolate_S45.scaffolds_2_68	253	2e-64	2	171	65	232	0.9883040935672515
CE9.hmm	373	m3g2_p1_H7_well_C3_Isolate_S45.scaffolds_2_9	391	1.2e-131	2	373	7	384	0.9946380697050938
CBM50.hmm	40	m3g2_p1_H7_well_C3_Isolate_S45.scaffolds_4_119	325	2.8e-17	1	39	86	127	0.95
CBM50.hmm	40	m3g2_p1_H7_well_C3_Isolate_S45.scaffolds_4_119	325	3.7e-17	1	40	149	191	0.975
GT4.hmm	160	m3g2_p1_H7_well_C3_Isolate_S45.scaffolds_4_120	502	9.6e-34	6	155	324	474	0.93125
GT4.hmm	160	m3g2_p1_H7_well_C3_Isolate_S45.scaffolds_4_54	502	1.1e-30	9	158	322	470	0.93125
GH25.hmm	177	m3g2_p1_H7_well_C3_Isolate_S45.scaffolds_4_74	270	8e-31	2	174	81	246	0.9717514124293786
GH73.hmm	128	m3g2_p1_H7_well_C3_Isolate_S45.scaffolds_5_103	656	6e-29	2	128	364	505	0.984375
AA3_2.hmm	568	m3g2_p1_H7_well_C3_Isolate_S45.scaffolds_5_39	573	1e-157	2	566	7	539	0.9929577464788732
CE1.hmm	227	m3g2_p1_H7_well_C3_Isolate_S45.scaffolds_5_85	253	1.3e-39	1	223	10	250	0.9779735682819384
GH73.hmm	128	m3g2_p1_H7_well_C3_Isolate_S45.scaffolds_6_58	1335	4.5e-23	3	125	1183	1316	0.953125
GT28.hmm	157	m3g2_p1_H7_well_C3_Isolate_S45.scaffolds_6_86	392	3.8e-25	2	150	205	350	0.9426751592356688
CE1.hmm	227	m3g2_p1_H7_well_C3_Isolate_S45.scaffolds_6_89	252	7.1e-27	1	220	16	238	0.9647577092511013
GT51.hmm	177	m3g2_p1_H7_well_C3_Isolate_S45.scaffolds_7_103	270	9.8e-57	10	177	77	250	0.943502824858757
GH32.hmm	293	m3g2_p1_H7_well_C3_Isolate_S45.scaffolds_7_23	491	7.6e-95	1	293	37	337	0.9965870307167235
CE1.hmm	227	m3g2_p1_H7_well_C3_Isolate_S45.scaffolds_8_46	256	3.1e-42	1	224	10	251	0.9823788546255506
GT4.hmm	160	m3g2_p1_H7_well_C3_Isolate_S45.scaffolds_9_37	497	1.2e-34	6	155	322	472	0.93125
