GT14.hmm	250	m3g2_p1_H6_well_C2_Isolate_S44.scaffolds_12_13	233	7.2e-37	4	219	5	229	0.86
GT111.hmm	217	m3g2_p1_H6_well_C2_Isolate_S44.scaffolds_12_15	264	4.1e-80	2	216	7	224	0.9861751152073732
CE4.hmm	130	m3g2_p1_H6_well_C2_Isolate_S44.scaffolds_12_32	304	7.6e-26	7	128	144	269	0.9307692307692308
GT113.hmm	322	m3g2_p1_H6_well_C2_Isolate_S44.scaffolds_12_5	341	4.8e-105	4	321	11	334	0.984472049689441
GT113.hmm	322	m3g2_p1_H6_well_C2_Isolate_S44.scaffolds_12_6	353	3e-106	5	320	12	346	0.9782608695652174
GT4.hmm	160	m3g2_p1_H6_well_C2_Isolate_S44.scaffolds_12_8	393	1.4e-32	8	153	203	346	0.90625
GT2.hmm	170	m3g2_p1_H6_well_C2_Isolate_S44.scaffolds_12_9	335	2.2e-25	1	131	9	133	0.7647058823529411
GT51.hmm	177	m3g2_p1_H6_well_C2_Isolate_S44.scaffolds_15_5	801	2.8e-51	12	177	133	312	0.9322033898305084
GH85.hmm	315	m3g2_p1_H6_well_C2_Isolate_S44.scaffolds_16_6	1505	7.8e-102	2	315	186	498	0.9936507936507937
GH73.hmm	128	m3g2_p1_H6_well_C2_Isolate_S44.scaffolds_19_23	195	1.2e-19	2	128	52	189	0.984375
GH1.hmm	429	m3g2_p1_H6_well_C2_Isolate_S44.scaffolds_1_111	468	2.6e-147	3	428	2	465	0.9906759906759907
GH70.hmm	803	m3g2_p1_H6_well_C2_Isolate_S44.scaffolds_1_133	1555	0	1	802	274	1076	0.9975093399750934
GH70.hmm	803	m3g2_p1_H6_well_C2_Isolate_S44.scaffolds_1_143	1370	0	1	796	257	1046	0.9900373599003736
GH70.hmm	803	m3g2_p1_H6_well_C2_Isolate_S44.scaffolds_1_144	1507	0	1	802	269	1090	0.9975093399750934
GH70.hmm	803	m3g2_p1_H6_well_C2_Isolate_S44.scaffolds_1_153	1361	0	1	797	240	1028	0.9912826899128269
CBM41.hmm	102	m3g2_p1_H6_well_C2_Isolate_S44.scaffolds_1_174	733	3.5e-16	1	101	4	101	0.9803921568627451
GH13_14.hmm	289	m3g2_p1_H6_well_C2_Isolate_S44.scaffolds_1_174	733	9e-100	1	289	311	620	0.9965397923875432
CBM48.hmm	76	m3g2_p1_H6_well_C2_Isolate_S44.scaffolds_1_175	628	4.7e-16	3	69	22	101	0.868421052631579
GH13_9.hmm	301	m3g2_p1_H6_well_C2_Isolate_S44.scaffolds_1_175	628	1.9e-141	1	301	170	468	0.9966777408637874
GT5.hmm	472	m3g2_p1_H6_well_C2_Isolate_S44.scaffolds_1_178	480	2.4e-177	1	471	2	473	0.9957627118644068
GT35.hmm	674	m3g2_p1_H6_well_C2_Isolate_S44.scaffolds_1_179	799	2.8e-251	3	673	94	796	0.9940652818991098
GT2.hmm	170	m3g2_p1_H6_well_C2_Isolate_S44.scaffolds_1_22	309	1e-31	1	129	5	136	0.7529411764705882
GT2.hmm	170	m3g2_p1_H6_well_C2_Isolate_S44.scaffolds_1_25	320	1.4e-20	2	109	5	113	0.6294117647058823
GT2.hmm	170	m3g2_p1_H6_well_C2_Isolate_S44.scaffolds_1_28	347	1.7e-26	1	127	7	134	0.7411764705882353
GT2.hmm	170	m3g2_p1_H6_well_C2_Isolate_S44.scaffolds_1_33	322	1.3e-23	1	168	8	177	0.9823529411764705
CBM13.hmm	188	m3g2_p1_H6_well_C2_Isolate_S44.scaffolds_1_37	629	1e-22	7	153	336	487	0.776595744680851
GH31.hmm	427	m3g2_p1_H6_well_C2_Isolate_S44.scaffolds_1_52	731	5.4e-126	1	427	161	586	0.9976580796252927
GT4.hmm	160	m3g2_p1_H6_well_C2_Isolate_S44.scaffolds_1_56	542	3.9e-25	12	146	323	455	0.8375
GH25.hmm	177	m3g2_p1_H6_well_C2_Isolate_S44.scaffolds_1_66	864	2.3e-40	1	176	662	849	0.9887005649717514
CE4.hmm	130	m3g2_p1_H6_well_C2_Isolate_S44.scaffolds_1_74	430	2.5e-33	6	116	243	355	0.8461538461538461
GH13_18.hmm	343	m3g2_p1_H6_well_C2_Isolate_S44.scaffolds_1_97	417	1.6e-120	2	343	36	372	0.9941690962099126
GH13_31.hmm	349	m3g2_p1_H6_well_C2_Isolate_S44.scaffolds_1_99	538	7.3e-144	1	349	28	359	0.997134670487106
GH73.hmm	128	m3g2_p1_H6_well_C2_Isolate_S44.scaffolds_25_5	253	1.1e-30	2	128	75	210	0.984375
GH33.hmm	342	m3g2_p1_H6_well_C2_Isolate_S44.scaffolds_27_12	390	8.3e-36	15	330	31	355	0.9210526315789473
CE1.hmm	227	m3g2_p1_H6_well_C2_Isolate_S44.scaffolds_27_18	274	1.8e-22	59	220	52	264	0.7092511013215859
GH13_31.hmm	349	m3g2_p1_H6_well_C2_Isolate_S44.scaffolds_2_129	545	4.5e-134	1	348	28	361	0.994269340974212
CE1.hmm	227	m3g2_p1_H6_well_C2_Isolate_S44.scaffolds_2_3	277	5.8e-37	5	221	24	271	0.9515418502202643
GH25.hmm	177	m3g2_p1_H6_well_C2_Isolate_S44.scaffolds_3_116	284	9.3e-37	1	176	70	254	0.9887005649717514
GT4.hmm	160	m3g2_p1_H6_well_C2_Isolate_S44.scaffolds_3_127	445	5.5e-33	2	147	200	343	0.90625
GH13_5.hmm	342	m3g2_p1_H6_well_C2_Isolate_S44.scaffolds_3_130	487	1.4e-149	1	342	30	372	0.9970760233918129
GH13_29.hmm	344	m3g2_p1_H6_well_C2_Isolate_S44.scaffolds_4_144	542	2.7e-173	1	344	25	364	0.997093023255814
GH87.hmm	597	m3g2_p1_H6_well_C2_Isolate_S44.scaffolds_4_154	1210	7e-144	29	566	51	624	0.8994974874371859
GH66.hmm	556	m3g2_p1_H6_well_C2_Isolate_S44.scaffolds_4_155	1337	3.2e-180	2	555	165	800	0.9946043165467626
GT35.hmm	674	m3g2_p1_H6_well_C2_Isolate_S44.scaffolds_4_60	754	2.6e-215	2	672	77	751	0.9940652818991098
GH77.hmm	494	m3g2_p1_H6_well_C2_Isolate_S44.scaffolds_4_61	498	4.1e-156	1	491	10	493	0.9919028340080972
GT51.hmm	177	m3g2_p1_H6_well_C2_Isolate_S44.scaffolds_4_72	780	4.6e-63	2	177	148	319	0.9887005649717514
GT51.hmm	177	m3g2_p1_H6_well_C2_Isolate_S44.scaffolds_5_1	754	1e-64	2	177	96	273	0.9887005649717514
CE9.hmm	373	m3g2_p1_H6_well_C2_Isolate_S44.scaffolds_5_100	383	5.4e-129	3	373	7	376	0.9919571045576407
CE1.hmm	227	m3g2_p1_H6_well_C2_Isolate_S44.scaffolds_5_102	285	2.1e-53	1	224	24	277	0.9823788546255506
GH32.hmm	293	m3g2_p1_H6_well_C2_Isolate_S44.scaffolds_5_128	479	2.8e-72	1	293	37	340	0.9965870307167235
GH73.hmm	128	m3g2_p1_H6_well_C2_Isolate_S44.scaffolds_5_92	616	2.6e-16	3	125	78	216	0.953125
GH1.hmm	429	m3g2_p1_H6_well_C2_Isolate_S44.scaffolds_6_121	478	1.4e-146	1	428	1	473	0.9953379953379954
GH70.hmm	803	m3g2_p1_H6_well_C2_Isolate_S44.scaffolds_6_139	1591	0	1	802	263	1067	0.9975093399750934
CBM66.hmm	155	m3g2_p1_H6_well_C2_Isolate_S44.scaffolds_6_151	1369	6.2e-38	1	154	175	341	0.9870967741935484
GH32.hmm	293	m3g2_p1_H6_well_C2_Isolate_S44.scaffolds_6_151	1369	7e-66	1	292	469	772	0.9931740614334471
CBM66.hmm	155	m3g2_p1_H6_well_C2_Isolate_S44.scaffolds_6_151	1369	5.7e-30	1	155	1034	1189	0.9935483870967742
CE1.hmm	227	m3g2_p1_H6_well_C2_Isolate_S44.scaffolds_6_52	150	5.7e-21	2	113	10	141	0.4889867841409692
GH1.hmm	429	m3g2_p1_H6_well_C2_Isolate_S44.scaffolds_6_66	217	1.5e-51	266	428	25	210	0.3776223776223776
CE1.hmm	227	m3g2_p1_H6_well_C2_Isolate_S44.scaffolds_7_15	802	1.9e-16	8	193	525	710	0.8149779735682819
GT28.hmm	157	m3g2_p1_H6_well_C2_Isolate_S44.scaffolds_7_25	359	1.6e-27	1	152	192	340	0.9617834394904459
CE1.hmm	227	m3g2_p1_H6_well_C2_Isolate_S44.scaffolds_8_18	262	2.9e-49	1	224	10	251	0.9823788546255506
