GT4.hmm	160	m3g2_p1_H10_well_C6_Isolate_S48.scaffolds_100_1	644	2.2e-19	2	155	186	334	0.95625
GT2.hmm	170	m3g2_p1_H10_well_C6_Isolate_S48.scaffolds_100_1	644	6e-25	1	109	370	482	0.6352941176470588
CBM34.hmm	120	m3g2_p1_H10_well_C6_Isolate_S48.scaffolds_11_27	587	1.9e-39	1	120	6	125	0.9916666666666667
GH13_20.hmm	300	m3g2_p1_H10_well_C6_Isolate_S48.scaffolds_11_27	587	6.1e-136	1	300	173	469	0.9966666666666667
GH13_31.hmm	349	m3g2_p1_H10_well_C6_Isolate_S48.scaffolds_11_28	565	3.4e-178	1	349	34	381	0.997134670487106
CE9.hmm	373	m3g2_p1_H10_well_C6_Isolate_S48.scaffolds_11_68	381	2.5e-128	2	371	7	371	0.9892761394101877
GT28.hmm	157	m3g2_p1_H10_well_C6_Isolate_S48.scaffolds_12_82	390	2.8e-52	2	157	214	375	0.9872611464968153
GT2.hmm	170	m3g2_p1_H10_well_C6_Isolate_S48.scaffolds_14_3	263	3.3e-37	1	164	17	206	0.9588235294117647
GT2.hmm	170	m3g2_p1_H10_well_C6_Isolate_S48.scaffolds_14_4	273	4.2e-17	2	127	13	134	0.7352941176470589
GT4.hmm	160	m3g2_p1_H10_well_C6_Isolate_S48.scaffolds_14_5	343	3.1e-19	7	156	169	312	0.93125
GT2.hmm	170	m3g2_p1_H10_well_C6_Isolate_S48.scaffolds_14_7	312	3.8e-37	1	121	7	124	0.7058823529411765
CE1.hmm	227	m3g2_p1_H10_well_C6_Isolate_S48.scaffolds_16_19	273	7.7e-23	4	208	25	255	0.8986784140969163
GT28.hmm	157	m3g2_p1_H10_well_C6_Isolate_S48.scaffolds_16_32	355	6.4e-38	2	151	187	336	0.9490445859872612
GH1.hmm	429	m3g2_p1_H10_well_C6_Isolate_S48.scaffolds_16_43	470	2.7e-167	4	428	2	466	0.9883449883449883
GH18.hmm	296	m3g2_p1_H10_well_C6_Isolate_S48.scaffolds_16_9	361	1.1e-26	5	286	36	344	0.9493243243243243
GT51.hmm	177	m3g2_p1_H10_well_C6_Isolate_S48.scaffolds_17_9	706	1.7e-73	2	176	51	225	0.9830508474576272
GT51.hmm	177	m3g2_p1_H10_well_C6_Isolate_S48.scaffolds_18_72	831	5.7e-69	2	176	84	260	0.9830508474576272
CE4.hmm	130	m3g2_p1_H10_well_C6_Isolate_S48.scaffolds_19_48	246	9.4e-27	5	126	41	168	0.9307692307692308
GH4.hmm	179	m3g2_p1_H10_well_C6_Isolate_S48.scaffolds_19_53	442	3.9e-79	1	179	5	185	0.994413407821229
GH126.hmm	321	m3g2_p1_H10_well_C6_Isolate_S48.scaffolds_19_65	362	6.6e-106	3	320	32	352	0.9875389408099688
CBM68.hmm	94	m3g2_p1_H10_well_C6_Isolate_S48.scaffolds_1_100	714	1.9e-40	1	94	5	96	0.9893617021276596
GH13_14.hmm	289	m3g2_p1_H10_well_C6_Isolate_S48.scaffolds_1_100	714	3e-114	1	289	258	570	0.9965397923875432
GT4.hmm	160	m3g2_p1_H10_well_C6_Isolate_S48.scaffolds_1_43	381	4.5e-38	3	159	192	344	0.975
GH13_29.hmm	344	m3g2_p1_H10_well_C6_Isolate_S48.scaffolds_20_45	554	2.6e-186	1	344	25	368	0.997093023255814
CE4.hmm	130	m3g2_p1_H10_well_C6_Isolate_S48.scaffolds_22_4	274	1.5e-26	5	126	65	190	0.9307692307692308
GT51.hmm	177	m3g2_p1_H10_well_C6_Isolate_S48.scaffolds_24_45	259	3.1e-65	20	177	61	218	0.8870056497175142
GT102.hmm	257	m3g2_p1_H10_well_C6_Isolate_S48.scaffolds_25_33	385	1.4e-76	16	256	123	361	0.933852140077821
GH25.hmm	177	m3g2_p1_H10_well_C6_Isolate_S48.scaffolds_25_72	335	1.9e-39	1	177	5	168	0.9943502824858758
GT2.hmm	170	m3g2_p1_H10_well_C6_Isolate_S48.scaffolds_27_14	313	1.7e-38	1	169	4	166	0.9882352941176471
GT2.hmm	170	m3g2_p1_H10_well_C6_Isolate_S48.scaffolds_27_17	327	9.2e-41	1	139	9	142	0.8117647058823529
GT2.hmm	170	m3g2_p1_H10_well_C6_Isolate_S48.scaffolds_27_20	243	9.4e-28	2	166	14	174	0.9647058823529412
GT4.hmm	160	m3g2_p1_H10_well_C6_Isolate_S48.scaffolds_27_26	370	1.9e-31	4	150	184	326	0.9125
GT26.hmm	171	m3g2_p1_H10_well_C6_Isolate_S48.scaffolds_27_27	247	1.6e-69	3	171	61	231	0.9824561403508771
GH25.hmm	177	m3g2_p1_H10_well_C6_Isolate_S48.scaffolds_28_3	273	2.1e-44	1	177	5	168	0.9943502824858758
PL9_2.hmm	368	m3g2_p1_H10_well_C6_Isolate_S48.scaffolds_29_1	258	7.8e-77	178	367	2	190	0.5135869565217391
GH23.hmm	135	m3g2_p1_H10_well_C6_Isolate_S48.scaffolds_2_170	262	1.5e-27	17	120	155	257	0.762962962962963
GT4.hmm	160	m3g2_p1_H10_well_C6_Isolate_S48.scaffolds_2_244	351	4.6e-36	3	153	169	316	0.9375
GT2.hmm	170	m3g2_p1_H10_well_C6_Isolate_S48.scaffolds_2_245	267	4.8e-36	1	126	15	139	0.7352941176470589
GT51.hmm	177	m3g2_p1_H10_well_C6_Isolate_S48.scaffolds_2_280	892	1.9e-68	2	176	84	260	0.9830508474576272
AA1.hmm	358	m3g2_p1_H10_well_C6_Isolate_S48.scaffolds_2_7	547	2.7e-69	8	357	72	522	0.9748603351955307
CE4.hmm	130	m3g2_p1_H10_well_C6_Isolate_S48.scaffolds_30_2	255	1.7e-26	2	126	50	177	0.9538461538461539
AA4.hmm	522	m3g2_p1_H10_well_C6_Isolate_S48.scaffolds_31_27	471	8.3e-32	15	260	4	237	0.46934865900383144
GT1.hmm	382	m3g2_p1_H10_well_C6_Isolate_S48.scaffolds_34_20	403	3e-50	191	380	191	393	0.49476439790575916
AA7.hmm	458	m3g2_p1_H10_well_C6_Isolate_S48.scaffolds_36_4	439	1e-22	5	187	10	191	0.39737991266375544
CE4.hmm	130	m3g2_p1_H10_well_C6_Isolate_S48.scaffolds_37_55	245	5.1e-34	5	125	49	170	0.9230769230769231
GH13.hmm	299	m3g2_p1_H10_well_C6_Isolate_S48.scaffolds_3_107	432	3e-37	13	296	68	286	0.9464882943143813
CE1.hmm	227	m3g2_p1_H10_well_C6_Isolate_S48.scaffolds_3_36	244	5.6e-30	1	222	15	238	0.973568281938326
GT2.hmm	210	m3g2_p1_H10_well_C6_Isolate_S48.scaffolds_3_50	227	7.7e-84	2	210	8	219	0.9904761904761905
GT2.hmm	210	m3g2_p1_H10_well_C6_Isolate_S48.scaffolds_3_51	229	2.3e-82	2	210	10	220	0.9904761904761905
GT2.hmm	170	m3g2_p1_H10_well_C6_Isolate_S48.scaffolds_3_53	366	1.6e-19	1	148	10	147	0.8647058823529412
GT2.hmm	170	m3g2_p1_H10_well_C6_Isolate_S48.scaffolds_3_57	309	3.8e-23	1	122	11	133	0.711764705882353
CE4.hmm	130	m3g2_p1_H10_well_C6_Isolate_S48.scaffolds_42_1	361	8.7e-20	8	117	197	314	0.8384615384615385
GT28.hmm	157	m3g2_p1_H10_well_C6_Isolate_S48.scaffolds_44_20	353	4.7e-41	2	148	188	335	0.9299363057324841
CE4.hmm	130	m3g2_p1_H10_well_C6_Isolate_S48.scaffolds_47_10	276	2.8e-36	6	125	78	199	0.9153846153846154
GH129.hmm	618	m3g2_p1_H10_well_C6_Isolate_S48.scaffolds_47_2	768	3.5e-38	323	608	423	755	0.46116504854368934
GT2.hmm	170	m3g2_p1_H10_well_C6_Isolate_S48.scaffolds_47_28	854	3.1e-24	1	130	19	150	0.7588235294117647
GT2.hmm	170	m3g2_p1_H10_well_C6_Isolate_S48.scaffolds_47_28	854	1e-23	1	132	325	454	0.7705882352941177
GH25.hmm	177	m3g2_p1_H10_well_C6_Isolate_S48.scaffolds_49_15	349	1.3e-55	1	177	12	190	0.9943502824858758
GH170.hmm	350	m3g2_p1_H10_well_C6_Isolate_S48.scaffolds_4_108	362	9.4e-125	1	348	4	358	0.9914285714285714
GH170.hmm	350	m3g2_p1_H10_well_C6_Isolate_S48.scaffolds_4_114	363	3.2e-128	1	349	3	358	0.9942857142857143
GH73.hmm	128	m3g2_p1_H10_well_C6_Isolate_S48.scaffolds_4_25	621	4.2e-23	2	126	423	539	0.96875
GH170.hmm	350	m3g2_p1_H10_well_C6_Isolate_S48.scaffolds_4_78	358	1.2e-128	1	349	1	349	0.9942857142857143
GH113.hmm	306	m3g2_p1_H10_well_C6_Isolate_S48.scaffolds_50_28	356	2.2e-38	14	305	45	349	0.9509803921568627
GT2.hmm	230	m3g2_p1_H10_well_C6_Isolate_S48.scaffolds_52_7	378	3.5e-34	2	228	69	294	0.9826086956521739
GT35.hmm	674	m3g2_p1_H10_well_C6_Isolate_S48.scaffolds_54_25	803	1.2e-275	2	673	93	795	0.9955489614243324
GT5.hmm	472	m3g2_p1_H10_well_C6_Isolate_S48.scaffolds_54_26	499	9.4e-191	1	471	24	494	0.9957627118644068
CBM48.hmm	76	m3g2_p1_H10_well_C6_Isolate_S48.scaffolds_54_29	646	2.1e-18	3	70	26	110	0.881578947368421
GH13_9.hmm	301	m3g2_p1_H10_well_C6_Isolate_S48.scaffolds_54_29	646	4.8e-144	1	301	178	468	0.9966777408637874
CE4.hmm	130	m3g2_p1_H10_well_C6_Isolate_S48.scaffolds_55_22	300	2.4e-29	3	122	105	226	0.9153846153846154
GT51.hmm	177	m3g2_p1_H10_well_C6_Isolate_S48.scaffolds_59_6	684	1e-66	4	177	61	235	0.9774011299435028
AA4.hmm	522	m3g2_p1_H10_well_C6_Isolate_S48.scaffolds_5_10	464	3.8e-24	14	261	5	242	0.4731800766283525
GH109.hmm	399	m3g2_p1_H10_well_C6_Isolate_S48.scaffolds_5_119	344	6.4e-20	4	164	2	151	0.40100250626566414
GH18.hmm	296	m3g2_p1_H10_well_C6_Isolate_S48.scaffolds_5_131	446	1.1e-40	69	278	177	410	0.706081081081081
AA10.hmm	178	m3g2_p1_H10_well_C6_Isolate_S48.scaffolds_5_20	459	2.4e-55	1	178	41	208	0.9943820224719101
GH5_48.hmm	315	m3g2_p1_H10_well_C6_Isolate_S48.scaffolds_5_40	423	8.5e-154	2	315	62	389	0.9936507936507937
GH13_5.hmm	342	m3g2_p1_H10_well_C6_Isolate_S48.scaffolds_64_13	514	9.4e-157	2	342	60	399	0.9941520467836257
GT2.hmm	170	m3g2_p1_H10_well_C6_Isolate_S48.scaffolds_65_5	853	2.7e-24	1	107	17	122	0.6235294117647059
GT2.hmm	170	m3g2_p1_H10_well_C6_Isolate_S48.scaffolds_65_5	853	2.2e-25	1	131	324	452	0.7647058823529411
GT51.hmm	177	m3g2_p1_H10_well_C6_Isolate_S48.scaffolds_6_63	681	1.6e-66	3	177	67	241	0.9830508474576272
GT4.hmm	160	m3g2_p1_H10_well_C6_Isolate_S48.scaffolds_77_3	382	4.3e-46	5	160	194	346	0.96875
CE14.hmm	124	m3g2_p1_H10_well_C6_Isolate_S48.scaffolds_77_4	235	2.7e-25	1	124	7	112	0.9919354838709677
GT28.hmm	157	m3g2_p1_H10_well_C6_Isolate_S48.scaffolds_7_20	389	3.2e-31	2	152	205	352	0.9554140127388535
GT2.hmm	170	m3g2_p1_H10_well_C6_Isolate_S48.scaffolds_7_23	515	1.4e-18	1	123	6	120	0.7176470588235294
GT2.hmm	170	m3g2_p1_H10_well_C6_Isolate_S48.scaffolds_7_23	515	6.3e-17	1	121	274	385	0.7058823529411765
GT2.hmm	170	m3g2_p1_H10_well_C6_Isolate_S48.scaffolds_7_26	515	8e-23	1	113	4	107	0.6588235294117647
CE4.hmm	130	m3g2_p1_H10_well_C6_Isolate_S48.scaffolds_7_44	261	1.9e-35	2	122	61	184	0.9230769230769231
GH18.hmm	296	m3g2_p1_H10_well_C6_Isolate_S48.scaffolds_7_83	675	3.1e-94	3	287	39	457	0.9594594594594594
CBM2.hmm	101	m3g2_p1_H10_well_C6_Isolate_S48.scaffolds_7_83	675	1.3e-23	2	86	580	663	0.8316831683168316
GH13_31.hmm	349	m3g2_p1_H10_well_C6_Isolate_S48.scaffolds_7_97	555	3e-166	1	349	28	372	0.997134670487106
GH109.hmm	399	m3g2_p1_H10_well_C6_Isolate_S48.scaffolds_8_125	354	7.8e-19	6	162	3	151	0.39097744360902253
GT2.hmm	230	m3g2_p1_H10_well_C6_Isolate_S48.scaffolds_8_142	357	3.2e-35	9	230	2	217	0.9608695652173913
GH18.hmm	296	m3g2_p1_H10_well_C6_Isolate_S48.scaffolds_8_143	718	3.4e-38	3	279	112	403	0.9324324324324325
CE4.hmm	130	m3g2_p1_H10_well_C6_Isolate_S48.scaffolds_8_143	718	2.6e-31	5	127	483	612	0.9384615384615385
GT2.hmm	170	m3g2_p1_H10_well_C6_Isolate_S48.scaffolds_8_146	254	2.7e-22	1	109	19	123	0.6352941176470588
CE14.hmm	124	m3g2_p1_H10_well_C6_Isolate_S48.scaffolds_96_10	221	1.3e-31	1	124	6	124	0.9919354838709677
