GH5_44.hmm	302	m3g2_p1_F5_well_A1_Isolate_S19.scaffolds_10_12	354	2.9e-60	1	265	50	311	0.8741721854304636
GT2.hmm	170	m3g2_p1_F5_well_A1_Isolate_S19.scaffolds_13_11	344	4.5e-23	4	104	9	110	0.5882352941176471
GH1.hmm	429	m3g2_p1_F5_well_A1_Isolate_S19.scaffolds_13_6	477	2.4e-142	5	428	3	472	0.986013986013986
GH109.hmm	399	m3g2_p1_F5_well_A1_Isolate_S19.scaffolds_14_29	340	7.6e-20	5	161	12	169	0.39097744360902253
GH13_30.hmm	365	m3g2_p1_F5_well_A1_Isolate_S19.scaffolds_14_51	578	1.7e-163	1	365	34	401	0.9972602739726028
GT4.hmm	160	m3g2_p1_F5_well_A1_Isolate_S19.scaffolds_15_25	386	4.1e-27	5	117	205	315	0.7
GT2.hmm	170	m3g2_p1_F5_well_A1_Isolate_S19.scaffolds_15_27	264	2.5e-38	1	110	12	120	0.6411764705882353
CBM48.hmm	76	m3g2_p1_F5_well_A1_Isolate_S19.scaffolds_15_34	749	6.4e-19	2	71	44	130	0.9078947368421053
GH13_9.hmm	301	m3g2_p1_F5_well_A1_Isolate_S19.scaffolds_15_34	749	4.5e-136	1	301	220	516	0.9966777408637874
GT35.hmm	674	m3g2_p1_F5_well_A1_Isolate_S19.scaffolds_15_35	809	9.6e-256	1	672	95	807	0.9955489614243324
GT5.hmm	472	m3g2_p1_F5_well_A1_Isolate_S19.scaffolds_15_38	765	1.4e-180	1	470	9	482	0.9936440677966102
GH13_39.hmm	316	m3g2_p1_F5_well_A1_Isolate_S19.scaffolds_15_39	1099	8.2e-122	1	315	194	524	0.9936708860759493
GH77.hmm	494	m3g2_p1_F5_well_A1_Isolate_S19.scaffolds_15_39	1099	8e-100	109	482	727	1085	0.7550607287449392
GT28.hmm	157	m3g2_p1_F5_well_A1_Isolate_S19.scaffolds_16_32	372	5.1e-50	2	155	196	357	0.9745222929936306
GH77.hmm	494	m3g2_p1_F5_well_A1_Isolate_S19.scaffolds_17_25	502	1.3e-161	1	490	9	486	0.9898785425101214
GT35.hmm	674	m3g2_p1_F5_well_A1_Isolate_S19.scaffolds_17_26	756	4.3e-219	2	673	80	754	0.9955489614243324
GH13_20.hmm	300	m3g2_p1_F5_well_A1_Isolate_S19.scaffolds_1_120	459	3e-70	6	298	49	338	0.9733333333333334
GH32.hmm	293	m3g2_p1_F5_well_A1_Isolate_S19.scaffolds_1_2	461	2.4e-43	2	273	6	283	0.9249146757679181
GH32.hmm	293	m3g2_p1_F5_well_A1_Isolate_S19.scaffolds_1_4	481	1.6e-84	1	293	37	351	0.9965870307167235
CE7.hmm	313	m3g2_p1_F5_well_A1_Isolate_S19.scaffolds_22_17	309	2e-85	17	307	2	296	0.9265175718849841
GH23.hmm	135	m3g2_p1_F5_well_A1_Isolate_S19.scaffolds_22_31	194	6e-29	13	119	56	179	0.7851851851851852
CE4.hmm	130	m3g2_p1_F5_well_A1_Isolate_S19.scaffolds_26_8	469	7.2e-26	6	115	245	356	0.8384615384615385
GH4.hmm	179	m3g2_p1_F5_well_A1_Isolate_S19.scaffolds_2_109	448	7e-68	2	178	8	184	0.9832402234636871
GH28.hmm	325	m3g2_p1_F5_well_A1_Isolate_S19.scaffolds_2_18	532	2e-66	8	307	105	477	0.92
CE8.hmm	288	m3g2_p1_F5_well_A1_Isolate_S19.scaffolds_2_20	722	4.9e-81	4	287	10	329	0.9826388888888888
CE19.hmm	332	m3g2_p1_F5_well_A1_Isolate_S19.scaffolds_2_20	722	6.3e-26	70	272	454	698	0.608433734939759
GH105.hmm	332	m3g2_p1_F5_well_A1_Isolate_S19.scaffolds_2_22	413	2.8e-107	8	331	33	374	0.9728915662650602
GT51.hmm	177	m3g2_p1_F5_well_A1_Isolate_S19.scaffolds_30_14	733	9.4e-66	2	176	72	247	0.9830508474576272
GH1.hmm	429	m3g2_p1_F5_well_A1_Isolate_S19.scaffolds_3_3	493	4.4e-135	2	428	5	488	0.993006993006993
GT28.hmm	157	m3g2_p1_F5_well_A1_Isolate_S19.scaffolds_4_105	434	1.5e-20	16	147	256	388	0.8343949044585988
GT4.hmm	160	m3g2_p1_F5_well_A1_Isolate_S19.scaffolds_5_24	476	1.6e-23	13	159	286	437	0.9125
GT4.hmm	160	m3g2_p1_F5_well_A1_Isolate_S19.scaffolds_5_4	369	1.6e-29	9	149	194	330	0.875
GT2.hmm	170	m3g2_p1_F5_well_A1_Isolate_S19.scaffolds_5_5	338	3.2e-36	1	122	8	127	0.711764705882353
GT2.hmm	230	m3g2_p1_F5_well_A1_Isolate_S19.scaffolds_5_68	432	1.9e-25	2	228	52	276	0.9826086956521739
GT2.hmm	170	m3g2_p1_F5_well_A1_Isolate_S19.scaffolds_5_7	333	7.9e-33	1	117	4	118	0.6823529411764706
GT2.hmm	170	m3g2_p1_F5_well_A1_Isolate_S19.scaffolds_5_8	333	1.2e-31	1	109	7	113	0.6352941176470588
GH109.hmm	399	m3g2_p1_F5_well_A1_Isolate_S19.scaffolds_6_55	347	4.3e-17	3	166	4	156	0.40852130325814534
CE9.hmm	373	m3g2_p1_F5_well_A1_Isolate_S19.scaffolds_7_69	390	1.6e-119	14	373	19	380	0.9624664879356568
GH1.hmm	429	m3g2_p1_F5_well_A1_Isolate_S19.scaffolds_7_79	474	4.3e-141	4	425	6	467	0.9813519813519813
GH1.hmm	429	m3g2_p1_F5_well_A1_Isolate_S19.scaffolds_7_83	481	5.4e-141	3	425	8	474	0.9836829836829837
GH1.hmm	429	m3g2_p1_F5_well_A1_Isolate_S19.scaffolds_7_85	480	1.4e-147	4	427	14	476	0.986013986013986
GH32.hmm	293	m3g2_p1_F5_well_A1_Isolate_S19.scaffolds_8_35	479	1.2e-42	2	281	13	303	0.9522184300341296
GT2.hmm	170	m3g2_p1_F5_well_A1_Isolate_S19.scaffolds_9_31	340	2.5e-18	2	135	14	166	0.7823529411764706
GT2.hmm	170	m3g2_p1_F5_well_A1_Isolate_S19.scaffolds_9_35	367	5.1e-28	1	107	3	107	0.6235294117647059
GH25.hmm	177	m3g2_p1_F5_well_A1_Isolate_S19.scaffolds_9_42	1112	2.7e-45	1	177	164	339	0.9943502824858758
GT2.hmm	170	m3g2_p1_F5_well_A1_Isolate_S19.scaffolds_9_47	327	4.6e-27	2	166	12	178	0.9647058823529412
GT2.hmm	170	m3g2_p1_F5_well_A1_Isolate_S19.scaffolds_9_48	272	1e-27	1	149	5	153	0.8705882352941177
GT81.hmm	293	m3g2_p1_F5_well_A1_Isolate_S19.scaffolds_9_55	310	2.1e-18	23	215	6	185	0.6552901023890785
