GH127.hmm	524	m3g2_p1_H2_well_B10_Isolate_S40.scaffolds_10_148	626	1.7e-65	45	523	67	529	0.9122137404580153
GH36.hmm	688	m3g2_p1_H2_well_B10_Isolate_S40.scaffolds_10_26	720	1.2e-202	3	686	27	700	0.9927325581395349
GH23.hmm	135	m3g2_p1_H2_well_B10_Isolate_S40.scaffolds_10_43	465	2.3e-25	12	125	301	458	0.837037037037037
GH43_33.hmm	315	m3g2_p1_H2_well_B10_Isolate_S40.scaffolds_10_57	371	5e-140	1	315	41	360	0.9968253968253968
GH89.hmm	663	m3g2_p1_H2_well_B10_Isolate_S40.scaffolds_10_69	642	1.9e-187	2	581	61	625	0.8733031674208145
CBM51.hmm	134	m3g2_p1_H2_well_B10_Isolate_S40.scaffolds_10_71	939	3.7e-17	62	133	123	196	0.5298507462686567
GH20.hmm	337	m3g2_p1_H2_well_B10_Isolate_S40.scaffolds_11_121	725	1.4e-120	8	337	121	471	0.9762611275964391
GH92.hmm	491	m3g2_p1_H2_well_B10_Isolate_S40.scaffolds_11_122	748	5.2e-175	2	490	257	746	0.9938900203665988
GT2.hmm	170	m3g2_p1_H2_well_B10_Isolate_S40.scaffolds_11_46	650	6.7e-31	1	111	9	117	0.6470588235294118
GT10.hmm	347	m3g2_p1_H2_well_B10_Isolate_S40.scaffolds_11_46	650	1.4e-73	31	331	338	630	0.8645533141210374
GH31.hmm	427	m3g2_p1_H2_well_B10_Isolate_S40.scaffolds_11_8	795	1.4e-52	151	427	403	666	0.6463700234192038
GT51.hmm	177	m3g2_p1_H2_well_B10_Isolate_S40.scaffolds_12_100	273	1.3e-50	12	176	57	220	0.9265536723163842
GH92.hmm	491	m3g2_p1_H2_well_B10_Isolate_S40.scaffolds_12_13	767	3.1e-163	3	490	227	747	0.9918533604887984
GH92.hmm	491	m3g2_p1_H2_well_B10_Isolate_S40.scaffolds_12_14	770	1.8e-186	2	491	239	746	0.9959266802443992
GH23.hmm	135	m3g2_p1_H2_well_B10_Isolate_S40.scaffolds_12_31	326	4.4e-21	7	123	102	231	0.8592592592592593
PL30.hmm	712	m3g2_p1_H2_well_B10_Isolate_S40.scaffolds_12_51	743	2.7e-16	221	475	239	483	0.35674157303370785
PL8.hmm	259	m3g2_p1_H2_well_B10_Isolate_S40.scaffolds_12_51	743	4.4e-63	1	257	367	616	0.9884169884169884
GT51.hmm	177	m3g2_p1_H2_well_B10_Isolate_S40.scaffolds_12_55	782	4.8e-59	9	177	70	243	0.9491525423728814
GH97.hmm	631	m3g2_p1_H2_well_B10_Isolate_S40.scaffolds_12_62	663	2.1e-213	5	630	12	660	0.9904912836767037
GH109.hmm	399	m3g2_p1_H2_well_B10_Isolate_S40.scaffolds_13_102	339	1.9e-24	4	161	3	150	0.39348370927318294
CE17.hmm	165	m3g2_p1_H2_well_B10_Isolate_S40.scaffolds_13_2	651	6.7e-16	1	164	305	471	0.9878787878787879
GH92.hmm	491	m3g2_p1_H2_well_B10_Isolate_S40.scaffolds_13_30	774	3.8e-182	3	491	264	756	0.9938900203665988
GH156.hmm	552	m3g2_p1_H2_well_B10_Isolate_S40.scaffolds_13_31	551	2.9e-114	31	547	27	544	0.9347826086956522
GH28.hmm	325	m3g2_p1_H2_well_B10_Isolate_S40.scaffolds_13_33	490	2.3e-59	9	309	53	391	0.9230769230769231
GH106.hmm	824	m3g2_p1_H2_well_B10_Isolate_S40.scaffolds_13_34	961	7.6e-194	3	821	46	954	0.9927184466019418
GH28.hmm	325	m3g2_p1_H2_well_B10_Isolate_S40.scaffolds_13_35	251	3.1e-24	9	185	53	240	0.5415384615384615
GH28.hmm	325	m3g2_p1_H2_well_B10_Isolate_S40.scaffolds_13_36	494	2.3e-57	8	309	51	394	0.9261538461538461
GT2.hmm	170	m3g2_p1_H2_well_B10_Isolate_S40.scaffolds_13_50	333	1.6e-30	1	154	7	156	0.9
GT2.hmm	170	m3g2_p1_H2_well_B10_Isolate_S40.scaffolds_13_52	254	2.1e-25	1	131	8	132	0.7647058823529411
GH73.hmm	128	m3g2_p1_H2_well_B10_Isolate_S40.scaffolds_13_60	151	1.7e-27	3	124	14	143	0.9453125
GT4.hmm	160	m3g2_p1_H2_well_B10_Isolate_S40.scaffolds_13_63	401	1.1e-24	14	153	233	364	0.86875
GT2.hmm	170	m3g2_p1_H2_well_B10_Isolate_S40.scaffolds_13_64	318	2.5e-29	1	117	8	120	0.6823529411764706
GT10.hmm	347	m3g2_p1_H2_well_B10_Isolate_S40.scaffolds_13_72	324	8.2e-41	166	305	109	248	0.40057636887608067
GT23.hmm	318	m3g2_p1_H2_well_B10_Isolate_S40.scaffolds_13_74	318	4.6e-19	9	275	15	293	0.8364779874213837
GT30.hmm	177	m3g2_p1_H2_well_B10_Isolate_S40.scaffolds_14_90	409	1.3e-48	6	176	27	204	0.96045197740113
GH92.hmm	491	m3g2_p1_H2_well_B10_Isolate_S40.scaffolds_14_92	510	3.6e-163	2	491	24	503	0.9959266802443992
GH20.hmm	337	m3g2_p1_H2_well_B10_Isolate_S40.scaffolds_15_37	775	7.5e-127	8	336	155	511	0.973293768545994
GH20.hmm	337	m3g2_p1_H2_well_B10_Isolate_S40.scaffolds_15_4	533	1.1e-111	8	336	146	501	0.973293768545994
GH88.hmm	329	m3g2_p1_H2_well_B10_Isolate_S40.scaffolds_15_5	402	1.8e-128	6	328	77	395	0.9787234042553191
PL35.hmm	179	m3g2_p1_H2_well_B10_Isolate_S40.scaffolds_15_6	620	1.7e-66	2	178	384	562	0.9832402234636871
GH3.hmm	216	m3g2_p1_H2_well_B10_Isolate_S40.scaffolds_15_61	956	1e-58	3	215	158	383	0.9814814814814815
PL38.hmm	279	m3g2_p1_H2_well_B10_Isolate_S40.scaffolds_15_7	1066	9.1e-17	126	279	147	295	0.5483870967741935
PL8_3.hmm	249	m3g2_p1_H2_well_B10_Isolate_S40.scaffolds_15_7	1066	1.2e-73	2	248	683	932	0.9879518072289156
GH20.hmm	337	m3g2_p1_H2_well_B10_Isolate_S40.scaffolds_15_71	634	1.8e-125	8	336	158	509	0.973293768545994
PL40.hmm	873	m3g2_p1_H2_well_B10_Isolate_S40.scaffolds_15_8	886	1.2e-201	7	839	4	867	0.9530355097365406
GH23.hmm	135	m3g2_p1_H2_well_B10_Isolate_S40.scaffolds_15_90	517	1.2e-23	2	119	130	263	0.8666666666666667
CBM50.hmm	40	m3g2_p1_H2_well_B10_Isolate_S40.scaffolds_15_90	517	1.2e-16	1	40	471	514	0.975
GH109.hmm	399	m3g2_p1_H2_well_B10_Isolate_S40.scaffolds_16_1	438	5.5e-29	3	157	35	186	0.38596491228070173
GH109.hmm	399	m3g2_p1_H2_well_B10_Isolate_S40.scaffolds_16_30	462	1.1e-19	4	169	68	237	0.41353383458646614
GH2.hmm	752	m3g2_p1_H2_well_B10_Isolate_S40.scaffolds_16_32	1033	1.2e-218	21	747	53	904	0.9654255319148937
GH109.hmm	399	m3g2_p1_H2_well_B10_Isolate_S40.scaffolds_16_4	451	4.4e-23	3	157	41	196	0.38596491228070173
GT2.hmm	170	m3g2_p1_H2_well_B10_Isolate_S40.scaffolds_16_53	393	6e-16	1	120	59	181	0.7
GH105.hmm	332	m3g2_p1_H2_well_B10_Isolate_S40.scaffolds_16_64	321	1e-73	9	329	7	317	0.963855421686747
GH15.hmm	361	m3g2_p1_H2_well_B10_Isolate_S40.scaffolds_18_54	596	3.7e-77	3	360	221	582	0.9889196675900277
GT20.hmm	475	m3g2_p1_H2_well_B10_Isolate_S40.scaffolds_18_55	754	1.9e-173	14	472	2	458	0.9642105263157895
GH76.hmm	358	m3g2_p1_H2_well_B10_Isolate_S40.scaffolds_19_33	398	6.4e-81	8	328	38	372	0.8938547486033519
GH125.hmm	402	m3g2_p1_H2_well_B10_Isolate_S40.scaffolds_19_34	490	1e-178	1	401	75	473	0.9950248756218906
GH92.hmm	491	m3g2_p1_H2_well_B10_Isolate_S40.scaffolds_19_49	754	2.1e-174	4	491	245	751	0.9918533604887984
GT4.hmm	160	m3g2_p1_H2_well_B10_Isolate_S40.scaffolds_1_12	361	3.1e-30	11	156	183	328	0.90625
CE1.hmm	227	m3g2_p1_H2_well_B10_Isolate_S40.scaffolds_1_134	702	2.1e-18	5	207	451	676	0.8898678414096917
GT2.hmm	170	m3g2_p1_H2_well_B10_Isolate_S40.scaffolds_1_14	325	1.5e-34	1	164	13	171	0.9588235294117647
GH105.hmm	332	m3g2_p1_H2_well_B10_Isolate_S40.scaffolds_1_142	442	6.2e-89	8	332	121	437	0.9759036144578314
GH2.hmm	752	m3g2_p1_H2_well_B10_Isolate_S40.scaffolds_1_146	706	2.8e-88	28	487	25	599	0.6103723404255319
GH13_8.hmm	293	m3g2_p1_H2_well_B10_Isolate_S40.scaffolds_1_149	673	1.3e-148	1	293	219	510	0.9965870307167235
GH3.hmm	216	m3g2_p1_H2_well_B10_Isolate_S40.scaffolds_1_151	869	2.1e-69	3	215	61	308	0.9814814814814815
GT2.hmm	170	m3g2_p1_H2_well_B10_Isolate_S40.scaffolds_1_17	318	1.4e-31	1	152	4	152	0.888235294117647
CE3.hmm	194	m3g2_p1_H2_well_B10_Isolate_S40.scaffolds_1_193	257	4e-17	3	193	49	252	0.979381443298969
CE3.hmm	194	m3g2_p1_H2_well_B10_Isolate_S40.scaffolds_1_204	484	8e-43	3	194	34	222	0.9845360824742269
GH29.hmm	346	m3g2_p1_H2_well_B10_Isolate_S40.scaffolds_1_210	413	5.8e-87	28	340	34	381	0.9017341040462428
CE1.hmm	227	m3g2_p1_H2_well_B10_Isolate_S40.scaffolds_1_232	287	1.1e-62	1	224	33	280	0.9823788546255506
GH43_31.hmm	268	m3g2_p1_H2_well_B10_Isolate_S40.scaffolds_1_239	314	3.1e-106	2	266	34	292	0.9850746268656716
GT105.hmm	131	m3g2_p1_H2_well_B10_Isolate_S40.scaffolds_1_245	317	8.2e-30	3	124	83	216	0.9236641221374046
GH51.hmm	630	m3g2_p1_H2_well_B10_Isolate_S40.scaffolds_1_256	652	2e-106	112	542	197	650	0.6825396825396826
GT2.hmm	170	m3g2_p1_H2_well_B10_Isolate_S40.scaffolds_1_264	311	6.6e-32	2	167	6	167	0.9705882352941176
GH20.hmm	337	m3g2_p1_H2_well_B10_Isolate_S40.scaffolds_1_286	532	1.3e-101	8	336	150	491	0.973293768545994
GH109.hmm	399	m3g2_p1_H2_well_B10_Isolate_S40.scaffolds_1_297	447	1e-16	3	161	37	195	0.39598997493734334
GT83.hmm	540	m3g2_p1_H2_well_B10_Isolate_S40.scaffolds_1_298	589	5.9e-71	12	464	17	508	0.837037037037037
PL38.hmm	279	m3g2_p1_H2_well_B10_Isolate_S40.scaffolds_1_325	386	1.8e-112	4	279	52	325	0.985663082437276
GH88.hmm	329	m3g2_p1_H2_well_B10_Isolate_S40.scaffolds_1_328	403	6.9e-131	5	328	70	390	0.9817629179331308
GH2.hmm	752	m3g2_p1_H2_well_B10_Isolate_S40.scaffolds_1_329	827	5.9e-93	28	522	25	737	0.6569148936170213
GH43_34.hmm	280	m3g2_p1_H2_well_B10_Isolate_S40.scaffolds_1_388	327	1.7e-109	1	279	29	307	0.9928571428571429
GH51.hmm	630	m3g2_p1_H2_well_B10_Isolate_S40.scaffolds_1_41	513	1.2e-150	82	542	20	512	0.7301587301587301
GT4.hmm	160	m3g2_p1_H2_well_B10_Isolate_S40.scaffolds_1_414	394	6.5e-24	11	156	205	357	0.90625
GT4.hmm	160	m3g2_p1_H2_well_B10_Isolate_S40.scaffolds_1_419	380	4.4e-24	9	156	184	333	0.91875
GH73.hmm	128	m3g2_p1_H2_well_B10_Isolate_S40.scaffolds_1_434	156	4.2e-25	3	126	12	143	0.9609375
GH78.hmm	504	m3g2_p1_H2_well_B10_Isolate_S40.scaffolds_1_474	584	2.2e-103	7	499	75	580	0.9761904761904762
CBM67.hmm	176	m3g2_p1_H2_well_B10_Isolate_S40.scaffolds_1_475	855	5.2e-42	2	171	122	302	0.9602272727272727
GH78.hmm	504	m3g2_p1_H2_well_B10_Isolate_S40.scaffolds_1_475	855	1.5e-150	2	503	326	837	0.9940476190476191
CBM67.hmm	176	m3g2_p1_H2_well_B10_Isolate_S40.scaffolds_1_476	739	1.9e-32	1	160	25	191	0.9034090909090909
GH78.hmm	504	m3g2_p1_H2_well_B10_Isolate_S40.scaffolds_1_476	739	1.3e-86	27	503	255	713	0.9444444444444444
GT2.hmm	170	m3g2_p1_H2_well_B10_Isolate_S40.scaffolds_1_630	253	2.4e-28	2	168	6	172	0.9764705882352941
GT2.hmm	170	m3g2_p1_H2_well_B10_Isolate_S40.scaffolds_1_7	332	2e-35	1	132	9	138	0.7705882352941177
GT2.hmm	170	m3g2_p1_H2_well_B10_Isolate_S40.scaffolds_1_8	331	4e-33	1	131	4	134	0.7647058823529411
GH2.hmm	752	m3g2_p1_H2_well_B10_Isolate_S40.scaffolds_1_91	683	9.3e-56	181	532	9	530	0.46675531914893614
GH51.hmm	630	m3g2_p1_H2_well_B10_Isolate_S40.scaffolds_21_2	817	4.4e-83	110	628	225	814	0.8222222222222222
GH20.hmm	337	m3g2_p1_H2_well_B10_Isolate_S40.scaffolds_21_3	783	7.9e-118	8	336	162	510	0.973293768545994
GH109.hmm	399	m3g2_p1_H2_well_B10_Isolate_S40.scaffolds_21_5	352	5.8e-19	4	164	2	151	0.40100250626566414
GT51.hmm	177	m3g2_p1_H2_well_B10_Isolate_S40.scaffolds_24_8	546	1e-47	17	175	56	214	0.8926553672316384
GH43_8.hmm	281	m3g2_p1_H2_well_B10_Isolate_S40.scaffolds_26_4	514	1.3e-124	1	281	28	303	0.99644128113879
GH110.hmm	548	m3g2_p1_H2_well_B10_Isolate_S40.scaffolds_2_114	603	1.5e-230	2	548	23	586	0.9963503649635036
GH2.hmm	752	m3g2_p1_H2_well_B10_Isolate_S40.scaffolds_2_131	834	4.7e-134	22	486	18	637	0.6170212765957447
GH16_24.hmm	241	m3g2_p1_H2_well_B10_Isolate_S40.scaffolds_2_144	396	8.6e-62	1	241	43	281	0.995850622406639
GH89.hmm	663	m3g2_p1_H2_well_B10_Isolate_S40.scaffolds_2_146	719	2.5e-257	2	661	55	712	0.9939668174962293
GH31.hmm	427	m3g2_p1_H2_well_B10_Isolate_S40.scaffolds_2_147	532	1.1e-86	32	421	142	528	0.9110070257611241
GH2.hmm	752	m3g2_p1_H2_well_B10_Isolate_S40.scaffolds_2_155	960	3.4e-70	25	554	27	718	0.7034574468085106
GH43.hmm	248	m3g2_p1_H2_well_B10_Isolate_S40.scaffolds_2_163	325	1.2e-33	13	247	37	321	0.9435483870967742
GH43_18.hmm	229	m3g2_p1_H2_well_B10_Isolate_S40.scaffolds_2_164	332	7.1e-32	4	228	42	290	0.9781659388646288
GH109.hmm	399	m3g2_p1_H2_well_B10_Isolate_S40.scaffolds_2_172	462	1.2e-22	4	161	44	196	0.39348370927318294
GH105.hmm	332	m3g2_p1_H2_well_B10_Isolate_S40.scaffolds_2_178	373	2.2e-75	11	329	60	368	0.9578313253012049
GH95.hmm	722	m3g2_p1_H2_well_B10_Isolate_S40.scaffolds_2_187	845	3.9e-290	4	715	22	803	0.9847645429362881
CBM67.hmm	176	m3g2_p1_H2_well_B10_Isolate_S40.scaffolds_2_2	932	8.8e-38	13	167	179	343	0.875
GH78.hmm	504	m3g2_p1_H2_well_B10_Isolate_S40.scaffolds_2_2	932	6.1e-155	2	504	370	883	0.996031746031746
GH29.hmm	346	m3g2_p1_H2_well_B10_Isolate_S40.scaffolds_2_215	685	1.8e-75	33	329	27	335	0.8554913294797688
GH106.hmm	824	m3g2_p1_H2_well_B10_Isolate_S40.scaffolds_2_289	1076	1.1e-225	91	822	342	1071	0.8871359223300971
GH32.hmm	293	m3g2_p1_H2_well_B10_Isolate_S40.scaffolds_2_293	549	4.4e-85	1	293	120	407	0.9965870307167235
GH106.hmm	824	m3g2_p1_H2_well_B10_Isolate_S40.scaffolds_2_3	1038	3.1e-78	2	652	40	715	0.7888349514563107
GH92.hmm	491	m3g2_p1_H2_well_B10_Isolate_S40.scaffolds_2_378	736	2.6e-193	5	491	238	733	0.9898167006109979
GH2.hmm	752	m3g2_p1_H2_well_B10_Isolate_S40.scaffolds_2_385	899	2.5e-90	48	532	67	728	0.6436170212765957
GT28.hmm	157	m3g2_p1_H2_well_B10_Isolate_S40.scaffolds_2_404	373	2.3e-45	1	155	193	353	0.9808917197452229
GT19.hmm	354	m3g2_p1_H2_well_B10_Isolate_S40.scaffolds_2_422	378	3.7e-112	2	352	4	358	0.9887005649717514
GH109.hmm	399	m3g2_p1_H2_well_B10_Isolate_S40.scaffolds_2_428	496	3.4e-19	3	163	38	189	0.40100250626566414
GH73.hmm	128	m3g2_p1_H2_well_B10_Isolate_S40.scaffolds_2_435	167	2.3e-20	3	121	13	141	0.921875
CE20.hmm	249	m3g2_p1_H2_well_B10_Isolate_S40.scaffolds_2_46	1056	3.8e-80	3	249	297	580	0.9879518072289156
GH20.hmm	337	m3g2_p1_H2_well_B10_Isolate_S40.scaffolds_2_47	670	1.9e-59	9	335	141	412	0.9673590504451038
GH33.hmm	342	m3g2_p1_H2_well_B10_Isolate_S40.scaffolds_2_48	540	1.5e-93	12	330	189	525	0.9298245614035088
GH31.hmm	427	m3g2_p1_H2_well_B10_Isolate_S40.scaffolds_2_64	723	1e-83	3	427	208	636	0.9929742388758782
GH2.hmm	752	m3g2_p1_H2_well_B10_Isolate_S40.scaffolds_2_68	938	2.7e-73	25	397	23	489	0.4946808510638298
GH2.hmm	752	m3g2_p1_H2_well_B10_Isolate_S40.scaffolds_2_69	920	1e-72	23	394	18	462	0.4933510638297872
GH95.hmm	722	m3g2_p1_H2_well_B10_Isolate_S40.scaffolds_2_70	762	4.2e-108	7	715	31	725	0.9806094182825484
GH35.hmm	307	m3g2_p1_H2_well_B10_Isolate_S40.scaffolds_2_71	781	1.3e-116	1	306	40	352	0.993485342019544
GH29.hmm	346	m3g2_p1_H2_well_B10_Isolate_S40.scaffolds_2_72	714	1.4e-74	47	336	59	392	0.8352601156069365
GH2.hmm	752	m3g2_p1_H2_well_B10_Isolate_S40.scaffolds_2_74	930	5.8e-70	26	570	23	717	0.723404255319149
GH120.hmm	91	m3g2_p1_H2_well_B10_Isolate_S40.scaffolds_2_78	617	9.6e-37	1	91	311	401	0.989010989010989
GH2.hmm	752	m3g2_p1_H2_well_B10_Isolate_S40.scaffolds_2_79	1138	4.1e-132	26	743	209	1012	0.9534574468085106
GH2.hmm	752	m3g2_p1_H2_well_B10_Isolate_S40.scaffolds_2_85	1000	6.9e-132	29	744	48	869	0.9507978723404256
GH20.hmm	337	m3g2_p1_H2_well_B10_Isolate_S40.scaffolds_2_88	525	4.8e-113	8	336	136	473	0.973293768545994
GH73.hmm	128	m3g2_p1_H2_well_B10_Isolate_S40.scaffolds_2_98	160	4e-23	3	122	13	143	0.9296875
GH92.hmm	491	m3g2_p1_H2_well_B10_Isolate_S40.scaffolds_3_12	790	3.7e-174	2	491	262	759	0.9959266802443992
GH92.hmm	491	m3g2_p1_H2_well_B10_Isolate_S40.scaffolds_3_13	763	7.2e-186	2	491	234	741	0.9959266802443992
GT4.hmm	160	m3g2_p1_H2_well_B10_Isolate_S40.scaffolds_3_138	325	6.1e-19	4	157	156	297	0.95625
GH92.hmm	491	m3g2_p1_H2_well_B10_Isolate_S40.scaffolds_3_14	776	1.5e-178	3	491	264	757	0.9938900203665988
GT4.hmm	160	m3g2_p1_H2_well_B10_Isolate_S40.scaffolds_3_140	262	3.4e-38	5	159	79	233	0.9625
GT26.hmm	171	m3g2_p1_H2_well_B10_Isolate_S40.scaffolds_3_143	236	3.5e-54	6	171	55	220	0.9649122807017544
CBM67.hmm	176	m3g2_p1_H2_well_B10_Isolate_S40.scaffolds_3_163	912	9e-41	10	172	164	334	0.9204545454545454
GH78.hmm	504	m3g2_p1_H2_well_B10_Isolate_S40.scaffolds_3_163	912	4.2e-162	3	503	358	873	0.9920634920634921
CE9.hmm	373	m3g2_p1_H2_well_B10_Isolate_S40.scaffolds_3_232	387	3.2e-103	2	373	6	376	0.9946380697050938
CE9.hmm	373	m3g2_p1_H2_well_B10_Isolate_S40.scaffolds_3_233	389	4.3e-113	1	373	5	378	0.9973190348525469
GH159.hmm	219	m3g2_p1_H2_well_B10_Isolate_S40.scaffolds_3_236	356	1.3e-69	1	218	43	263	0.9908675799086758
GH2.hmm	752	m3g2_p1_H2_well_B10_Isolate_S40.scaffolds_3_237	971	3.9e-108	27	483	29	592	0.6063829787234043
GH2.hmm	752	m3g2_p1_H2_well_B10_Isolate_S40.scaffolds_3_243	1126	7.4e-208	20	751	64	964	0.9720744680851063
GH2.hmm	752	m3g2_p1_H2_well_B10_Isolate_S40.scaffolds_3_307	618	3.4e-95	26	486	33	610	0.6117021276595744
GH2.hmm	752	m3g2_p1_H2_well_B10_Isolate_S40.scaffolds_3_308	604	4.3e-102	24	394	50	484	0.4920212765957447
GH43_3.hmm	299	m3g2_p1_H2_well_B10_Isolate_S40.scaffolds_3_309	986	1.9e-114	1	299	684	967	0.9966555183946488
GH142.hmm	479	m3g2_p1_H2_well_B10_Isolate_S40.scaffolds_3_324	519	8.7e-168	2	478	39	512	0.9937369519832986
GH127.hmm	524	m3g2_p1_H2_well_B10_Isolate_S40.scaffolds_3_325	618	1.2e-213	1	524	39	548	0.9980916030534351
GH146.hmm	503	m3g2_p1_H2_well_B10_Isolate_S40.scaffolds_3_326	680	4e-36	139	503	168	552	0.7236580516898609
GH127.hmm	524	m3g2_p1_H2_well_B10_Isolate_S40.scaffolds_3_328	479	1.9e-32	301	522	120	346	0.4217557251908397
GH109.hmm	399	m3g2_p1_H2_well_B10_Isolate_S40.scaffolds_3_331	441	6.9e-39	3	165	48	201	0.40601503759398494
CE7.hmm	313	m3g2_p1_H2_well_B10_Isolate_S40.scaffolds_3_366	427	4.1e-88	11	313	128	421	0.9648562300319489
GT2.hmm	170	m3g2_p1_H2_well_B10_Isolate_S40.scaffolds_3_370	487	4.9e-21	1	133	244	379	0.7764705882352941
GH88.hmm	329	m3g2_p1_H2_well_B10_Isolate_S40.scaffolds_4_15	404	3.2e-120	7	328	71	395	0.9756838905775076
PL33_1.hmm	155	m3g2_p1_H2_well_B10_Isolate_S40.scaffolds_4_16	501	1.5e-59	2	152	285	431	0.967741935483871
GH2.hmm	752	m3g2_p1_H2_well_B10_Isolate_S40.scaffolds_4_21	679	2.8e-106	26	496	20	589	0.625
PL35.hmm	179	m3g2_p1_H2_well_B10_Isolate_S40.scaffolds_4_210	610	3.7e-65	2	178	383	561	0.9832402234636871
GH130.hmm	296	m3g2_p1_H2_well_B10_Isolate_S40.scaffolds_4_30	380	7.1e-88	13	286	55	366	0.9222972972972973
GH2.hmm	752	m3g2_p1_H2_well_B10_Isolate_S40.scaffolds_4_31	897	2.9e-93	33	550	42	746	0.6875
CBM32.hmm	124	m3g2_p1_H2_well_B10_Isolate_S40.scaffolds_4_62	443	4.2e-18	4	123	309	437	0.9596774193548387
GH16_3.hmm	230	m3g2_p1_H2_well_B10_Isolate_S40.scaffolds_4_79	263	8.9e-51	1	230	31	258	0.9956521739130435
GH2.hmm	752	m3g2_p1_H2_well_B10_Isolate_S40.scaffolds_4_80	887	3.1e-92	24	481	35	598	0.6077127659574468
GH20.hmm	337	m3g2_p1_H2_well_B10_Isolate_S40.scaffolds_4_82	684	1.8e-37	10	336	143	467	0.9673590504451038
GH2.hmm	752	m3g2_p1_H2_well_B10_Isolate_S40.scaffolds_4_92	923	4.2e-122	35	748	36	797	0.9481382978723404
GH92.hmm	491	m3g2_p1_H2_well_B10_Isolate_S40.scaffolds_4_95	762	6.3e-188	3	491	251	744	0.9938900203665988
GH109.hmm	399	m3g2_p1_H2_well_B10_Isolate_S40.scaffolds_5_128	458	3.9e-23	4	160	38	198	0.39097744360902253
GH116.hmm	363	m3g2_p1_H2_well_B10_Isolate_S40.scaffolds_5_162	838	5.6e-71	4	361	399	754	0.9834710743801653
GH2.hmm	752	m3g2_p1_H2_well_B10_Isolate_S40.scaffolds_5_186	835	2.2e-125	25	583	22	766	0.7420212765957447
GH2.hmm	752	m3g2_p1_H2_well_B10_Isolate_S40.scaffolds_5_207	1341	2.4e-211	16	751	64	1002	0.9773936170212766
CBM32.hmm	124	m3g2_p1_H2_well_B10_Isolate_S40.scaffolds_5_207	1341	3.5e-26	8	122	1209	1335	0.9193548387096774
GH133.hmm	372	m3g2_p1_H2_well_B10_Isolate_S40.scaffolds_5_244	647	2.5e-99	6	372	285	636	0.9838709677419355
GT4.hmm	160	m3g2_p1_H2_well_B10_Isolate_S40.scaffolds_5_245	423	1.3e-34	6	154	240	385	0.925
GH57.hmm	383	m3g2_p1_H2_well_B10_Isolate_S40.scaffolds_5_246	436	2.8e-51	12	310	20	323	0.7780678851174935
GT5.hmm	472	m3g2_p1_H2_well_B10_Isolate_S40.scaffolds_5_248	290	2.1e-47	1	224	22	256	0.4724576271186441
CBM67.hmm	176	m3g2_p1_H2_well_B10_Isolate_S40.scaffolds_5_260	808	3.6e-45	1	166	45	216	0.9375
GH78.hmm	504	m3g2_p1_H2_well_B10_Isolate_S40.scaffolds_5_260	808	8e-113	7	501	279	787	0.9801587301587301
CE11.hmm	271	m3g2_p1_H2_well_B10_Isolate_S40.scaffolds_5_44	462	9.8e-74	1	220	4	224	0.8081180811808119
GH73.hmm	128	m3g2_p1_H2_well_B10_Isolate_S40.scaffolds_5_49	301	5.7e-37	4	128	41	168	0.96875
CE1.hmm	227	m3g2_p1_H2_well_B10_Isolate_S40.scaffolds_5_60	277	1.5e-23	2	177	34	221	0.7709251101321586
GT35.hmm	674	m3g2_p1_H2_well_B10_Isolate_S40.scaffolds_5_70	857	4.1e-129	20	612	124	689	0.8783382789317508
GT3.hmm	637	m3g2_p1_H2_well_B10_Isolate_S40.scaffolds_5_71	553	4.1e-119	1	350	13	351	0.5478806907378336
PL12.hmm	138	m3g2_p1_H2_well_B10_Isolate_S40.scaffolds_5_83	518	4.8e-22	2	137	308	437	0.9782608695652174
GT4.hmm	160	m3g2_p1_H2_well_B10_Isolate_S40.scaffolds_5_84	352	1e-25	13	148	188	316	0.84375
GT4.hmm	160	m3g2_p1_H2_well_B10_Isolate_S40.scaffolds_5_85	368	1e-22	7	157	189	335	0.9375
GT2.hmm	170	m3g2_p1_H2_well_B10_Isolate_S40.scaffolds_5_88	330	1.5e-28	1	164	7	170	0.9588235294117647
GT4.hmm	160	m3g2_p1_H2_well_B10_Isolate_S40.scaffolds_5_92	365	4.4e-29	20	159	194	337	0.86875
CBM20.hmm	90	m3g2_p1_H2_well_B10_Isolate_S40.scaffolds_6_106	895	9e-21	2	81	2	81	0.8777777777777778
CBM20.hmm	90	m3g2_p1_H2_well_B10_Isolate_S40.scaffolds_6_106	895	6.1e-17	9	87	139	218	0.8666666666666667
GH77.hmm	494	m3g2_p1_H2_well_B10_Isolate_S40.scaffolds_6_106	895	8.6e-149	1	489	244	888	0.9878542510121457
GH13_38.hmm	375	m3g2_p1_H2_well_B10_Isolate_S40.scaffolds_6_138	564	3.4e-181	1	375	33	398	0.9973333333333333
GH43_28.hmm	262	m3g2_p1_H2_well_B10_Isolate_S40.scaffolds_6_143	579	5.9e-98	1	262	56	314	0.9961832061068703
CBM32.hmm	124	m3g2_p1_H2_well_B10_Isolate_S40.scaffolds_6_143	579	4.5e-23	10	109	356	468	0.7983870967741935
GH43_10.hmm	271	m3g2_p1_H2_well_B10_Isolate_S40.scaffolds_6_146	528	1.9e-104	1	271	35	309	0.996309963099631
CBM91.hmm	200	m3g2_p1_H2_well_B10_Isolate_S40.scaffolds_6_146	528	5.6e-29	4	197	337	525	0.965
GH35.hmm	307	m3g2_p1_H2_well_B10_Isolate_S40.scaffolds_6_147	820	2.8e-84	2	304	40	368	0.9837133550488599
GH43_2.hmm	273	m3g2_p1_H2_well_B10_Isolate_S40.scaffolds_6_152	491	3.5e-65	2	273	60	326	0.9926739926739927
GH2.hmm	752	m3g2_p1_H2_well_B10_Isolate_S40.scaffolds_6_153	838	3e-117	26	471	22	581	0.5917553191489362
GH97.hmm	631	m3g2_p1_H2_well_B10_Isolate_S40.scaffolds_6_161	631	4.2e-152	6	630	14	624	0.9889064976228209
GH20.hmm	337	m3g2_p1_H2_well_B10_Isolate_S40.scaffolds_6_162	521	2.4e-108	8	336	133	469	0.973293768545994
GH97.hmm	631	m3g2_p1_H2_well_B10_Isolate_S40.scaffolds_6_165	645	4.4e-143	11	630	23	640	0.9809825673534073
GH171.hmm	355	m3g2_p1_H2_well_B10_Isolate_S40.scaffolds_6_219	398	1.1e-120	1	355	49	393	0.9971830985915493
GH78.hmm	504	m3g2_p1_H2_well_B10_Isolate_S40.scaffolds_6_77	763	9.2e-107	1	504	184	720	0.998015873015873
GT27.hmm	295	m3g2_p1_H2_well_B10_Isolate_S40.scaffolds_6_98	355	2.3e-20	2	237	22	251	0.7966101694915254
GH109.hmm	399	m3g2_p1_H2_well_B10_Isolate_S40.scaffolds_7_116	470	3.8e-166	2	398	55	459	0.9924812030075187
PL35.hmm	179	m3g2_p1_H2_well_B10_Isolate_S40.scaffolds_7_133	607	1.4e-54	2	177	390	561	0.9776536312849162
GH88.hmm	329	m3g2_p1_H2_well_B10_Isolate_S40.scaffolds_7_134	406	9.1e-122	7	328	69	393	0.9756838905775076
GH109.hmm	399	m3g2_p1_H2_well_B10_Isolate_S40.scaffolds_7_147	463	2.3e-22	4	161	45	197	0.39348370927318294
GH20.hmm	337	m3g2_p1_H2_well_B10_Isolate_S40.scaffolds_7_164	658	7e-73	8	336	150	474	0.973293768545994
GH2.hmm	752	m3g2_p1_H2_well_B10_Isolate_S40.scaffolds_7_203	1209	4.7e-84	33	555	395	1079	0.6941489361702128
GT9.hmm	225	m3g2_p1_H2_well_B10_Isolate_S40.scaffolds_7_208	343	5e-37	3	216	72	317	0.9466666666666667
GT113.hmm	322	m3g2_p1_H2_well_B10_Isolate_S40.scaffolds_7_209	330	5.7e-91	19	321	2	315	0.937888198757764
GT32.hmm	90	m3g2_p1_H2_well_B10_Isolate_S40.scaffolds_7_213	233	8.8e-17	4	89	21	97	0.9444444444444444
GH43_24.hmm	246	m3g2_p1_H2_well_B10_Isolate_S40.scaffolds_7_51	379	1.2e-108	2	246	53	346	0.991869918699187
CBM67.hmm	176	m3g2_p1_H2_well_B10_Isolate_S40.scaffolds_7_61	883	1.1e-38	1	171	142	341	0.9659090909090909
GH78.hmm	504	m3g2_p1_H2_well_B10_Isolate_S40.scaffolds_7_61	883	2.2e-149	4	504	367	858	0.9920634920634921
CE4.hmm	130	m3g2_p1_H2_well_B10_Isolate_S40.scaffolds_7_73	203	4.7e-27	5	107	22	126	0.7846153846153846
GT35.hmm	674	m3g2_p1_H2_well_B10_Isolate_S40.scaffolds_7_86	853	3.9e-113	209	637	272	734	0.6350148367952523
GH92.hmm	491	m3g2_p1_H2_well_B10_Isolate_S40.scaffolds_8_117	741	5.6e-197	5	491	240	732	0.9898167006109979
GH31.hmm	427	m3g2_p1_H2_well_B10_Isolate_S40.scaffolds_8_14	1289	7.5e-55	212	427	455	679	0.5035128805620609
GT2.hmm	170	m3g2_p1_H2_well_B10_Isolate_S40.scaffolds_8_145	390	4.2e-21	1	170	4	190	0.9941176470588236
CE1.hmm	227	m3g2_p1_H2_well_B10_Isolate_S40.scaffolds_8_168	273	3.3e-52	1	218	30	256	0.9559471365638766
GH109.hmm	399	m3g2_p1_H2_well_B10_Isolate_S40.scaffolds_8_6	326	6.1e-18	4	162	2	151	0.39598997493734334
GH109.hmm	399	m3g2_p1_H2_well_B10_Isolate_S40.scaffolds_8_61	470	1.7e-169	4	398	50	460	0.9874686716791979
GH78.hmm	504	m3g2_p1_H2_well_B10_Isolate_S40.scaffolds_8_67	547	5.8e-74	8	439	87	540	0.8551587301587301
CBM13.hmm	188	m3g2_p1_H2_well_B10_Isolate_S40.scaffolds_8_68	1195	6e-16	5	146	33	179	0.75
GH2.hmm	752	m3g2_p1_H2_well_B10_Isolate_S40.scaffolds_8_68	1195	1.9e-226	24	751	225	1076	0.9667553191489362
GH84.hmm	295	m3g2_p1_H2_well_B10_Isolate_S40.scaffolds_8_7	832	1.8e-111	1	294	148	438	0.9932203389830508
GH2.hmm	752	m3g2_p1_H2_well_B10_Isolate_S40.scaffolds_8_84	976	2.5e-48	34	492	296	892	0.6090425531914894
GH73.hmm	128	m3g2_p1_H2_well_B10_Isolate_S40.scaffolds_9_110	157	7.7e-25	3	126	14	147	0.9609375
GH154.hmm	348	m3g2_p1_H2_well_B10_Isolate_S40.scaffolds_9_180	406	3.6e-109	1	345	31	383	0.9885057471264368
GH88.hmm	329	m3g2_p1_H2_well_B10_Isolate_S40.scaffolds_9_181	399	8.2e-133	3	329	68	394	0.9908814589665653
GH95.hmm	722	m3g2_p1_H2_well_B10_Isolate_S40.scaffolds_9_187	810	6.3e-285	5	718	25	775	0.9875346260387812
GH123.hmm	538	m3g2_p1_H2_well_B10_Isolate_S40.scaffolds_9_191	592	1.3e-223	3	537	50	589	0.9925650557620818
GH3.hmm	216	m3g2_p1_H2_well_B10_Isolate_S40.scaffolds_9_56	994	7.9e-56	4	215	101	326	0.9768518518518519
CE15.hmm	269	m3g2_p1_H2_well_B10_Isolate_S40.scaffolds_9_58	412	5.5e-93	1	268	37	411	0.9925650557620818
