GH57.hmm	383	m3g2_p3_B1_Day0_Gavage__S137.scaffolds_1013_11	396	4.1e-45	2	310	6	318	0.804177545691906
GT4.hmm	160	m3g2_p3_B1_Day0_Gavage__S137.scaffolds_1013_12	433	2.3e-29	6	157	253	401	0.94375
GH31.hmm	427	m3g2_p3_B1_Day0_Gavage__S137.scaffolds_1013_13	799	3.3e-148	1	427	226	669	0.9976580796252927
GT9.hmm	225	m3g2_p3_B1_Day0_Gavage__S137.scaffolds_1046_10	325	5.6e-28	2	187	72	271	0.8222222222222222
GT2.hmm	170	m3g2_p3_B1_Day0_Gavage__S137.scaffolds_1046_13	385	1.8e-31	1	144	6	144	0.8411764705882353
GT4.hmm	160	m3g2_p3_B1_Day0_Gavage__S137.scaffolds_1046_15	464	5.6e-18	40	157	317	426	0.73125
GT10.hmm	347	m3g2_p3_B1_Day0_Gavage__S137.scaffolds_1046_16	333	6.4e-40	136	305	94	263	0.48703170028818443
GT8.hmm	257	m3g2_p3_B1_Day0_Gavage__S137.scaffolds_1046_8	325	7.6e-50	28	256	4	265	0.8871595330739299
GT2.hmm	170	m3g2_p3_B1_Day0_Gavage__S137.scaffolds_1046_9	396	5.5e-36	5	168	66	229	0.9588235294117647
GT28.hmm	157	m3g2_p3_B1_Day0_Gavage__S137.scaffolds_1077_12	375	1.3e-48	3	157	200	356	0.9808917197452229
GH2.hmm	752	m3g2_p3_B1_Day0_Gavage__S137.scaffolds_1080_7	932	4.8e-92	24	450	68	579	0.5664893617021277
GH18.hmm	296	m3g2_p3_B1_Day0_Gavage__S137.scaffolds_1146_3	1234	1.3e-31	59	290	766	988	0.7804054054054054
GH89.hmm	663	m3g2_p3_B1_Day0_Gavage__S137.scaffolds_1148_1	853	8.1e-215	3	662	67	725	0.9939668174962293
CBM51.hmm	134	m3g2_p3_B1_Day0_Gavage__S137.scaffolds_114_15	638	6.2e-19	40	131	544	632	0.6791044776119403
GT4.hmm	160	m3g2_p3_B1_Day0_Gavage__S137.scaffolds_114_50	665	1.2e-26	9	159	198	344	0.9375
GT11.hmm	276	m3g2_p3_B1_Day0_Gavage__S137.scaffolds_114_60	253	3.5e-30	8	275	14	251	0.967391304347826
GT51.hmm	177	m3g2_p3_B1_Day0_Gavage__S137.scaffolds_1166_4	598	3.9e-60	2	176	66	240	0.9830508474576272
GH109.hmm	399	m3g2_p3_B1_Day0_Gavage__S137.scaffolds_1190_4	402	7e-16	4	164	14	181	0.40100250626566414
GH33.hmm	342	m3g2_p3_B1_Day0_Gavage__S137.scaffolds_1218_6	675	3e-93	12	330	324	656	0.9298245614035088
PL38.hmm	279	m3g2_p3_B1_Day0_Gavage__S137.scaffolds_1226_9	322	8.9e-89	4	279	18	293	0.985663082437276
GH95.hmm	722	m3g2_p3_B1_Day0_Gavage__S137.scaffolds_1249_4	797	2e-247	10	719	55	778	0.981994459833795
GH37.hmm	491	m3g2_p3_B1_Day0_Gavage__S137.scaffolds_1307_7	331	6.9e-26	304	480	104	290	0.35845213849287166
GH35.hmm	307	m3g2_p3_B1_Day0_Gavage__S137.scaffolds_1323_5	644	2.9e-100	1	305	55	368	0.990228013029316
GT8.hmm	257	m3g2_p3_B1_Day0_Gavage__S137.scaffolds_1327_1	354	6.2e-52	29	254	20	285	0.8754863813229572
GT2.hmm	170	m3g2_p3_B1_Day0_Gavage__S137.scaffolds_1327_3	377	6.2e-35	1	115	9	121	0.6705882352941176
GT11.hmm	276	m3g2_p3_B1_Day0_Gavage__S137.scaffolds_1327_4	299	3.1e-77	2	276	7	298	0.9927536231884058
GT2.hmm	170	m3g2_p3_B1_Day0_Gavage__S137.scaffolds_1327_5	352	6.3e-34	1	127	12	136	0.7411764705882353
GT2.hmm	170	m3g2_p3_B1_Day0_Gavage__S137.scaffolds_1327_7	359	7.8e-36	1	168	6	175	0.9823529411764705
GH27.hmm	229	m3g2_p3_B1_Day0_Gavage__S137.scaffolds_1355_3	534	9.5e-75	10	228	275	508	0.9519650655021834
GH20.hmm	337	m3g2_p3_B1_Day0_Gavage__S137.scaffolds_1370_1	518	1.5e-121	8	337	113	471	0.9762611275964391
GH105.hmm	332	m3g2_p3_B1_Day0_Gavage__S137.scaffolds_1370_7	629	4.1e-72	73	331	2	253	0.7771084337349398
GH97.hmm	631	m3g2_p3_B1_Day0_Gavage__S137.scaffolds_138_110	647	7e-146	13	630	27	639	0.9778129952456418
AA4.hmm	522	m3g2_p3_B1_Day0_Gavage__S137.scaffolds_138_45	459	9.1e-24	53	249	36	225	0.37547892720306514
CE4.hmm	130	m3g2_p3_B1_Day0_Gavage__S137.scaffolds_138_8	348	1.5e-34	5	119	108	224	0.8769230769230769
CBM51.hmm	134	m3g2_p3_B1_Day0_Gavage__S137.scaffolds_138_88	638	9.2e-21	40	131	544	632	0.6791044776119403
GT51.hmm	177	m3g2_p3_B1_Day0_Gavage__S137.scaffolds_1397_5	830	1.2e-58	2	176	76	258	0.9830508474576272
GH2.hmm	752	m3g2_p3_B1_Day0_Gavage__S137.scaffolds_1413_8	753	3.7e-117	71	499	6	579	0.5691489361702128
CBM51.hmm	134	m3g2_p3_B1_Day0_Gavage__S137.scaffolds_1415_6	764	1.4e-30	11	131	48	171	0.8955223880597015
GH110.hmm	548	m3g2_p3_B1_Day0_Gavage__S137.scaffolds_1415_6	764	2.9e-199	1	548	187	736	0.9981751824817519
GH109.hmm	399	m3g2_p3_B1_Day0_Gavage__S137.scaffolds_1468_2	474	1.9e-155	3	398	65	465	0.9899749373433584
GT4.hmm	160	m3g2_p3_B1_Day0_Gavage__S137.scaffolds_1568_2	656	1.4e-26	9	158	198	343	0.93125
CE4.hmm	130	m3g2_p3_B1_Day0_Gavage__S137.scaffolds_1589_3	321	3.1e-34	5	119	85	201	0.8769230769230769
GT2.hmm	170	m3g2_p3_B1_Day0_Gavage__S137.scaffolds_1615_7	274	1.1e-23	1	131	8	132	0.7647058823529411
GT2.hmm	170	m3g2_p3_B1_Day0_Gavage__S137.scaffolds_1615_8	315	1.4e-30	1	166	5	168	0.9705882352941176
GH35.hmm	307	m3g2_p3_B1_Day0_Gavage__S137.scaffolds_1659_3	781	4.4e-116	1	306	41	353	0.993485342019544
GT28.hmm	157	m3g2_p3_B1_Day0_Gavage__S137.scaffolds_1713_5	376	1.8e-18	21	150	220	351	0.821656050955414
GT2.hmm	170	m3g2_p3_B1_Day0_Gavage__S137.scaffolds_1736_2	338	8.2e-25	1	167	3	174	0.9764705882352941
GT8.hmm	257	m3g2_p3_B1_Day0_Gavage__S137.scaffolds_1741_3	252	2.7e-36	100	254	7	194	0.5992217898832685
GT30.hmm	177	m3g2_p3_B1_Day0_Gavage__S137.scaffolds_1863_3	429	1.4e-48	3	176	39	217	0.9774011299435028
GH20.hmm	337	m3g2_p3_B1_Day0_Gavage__S137.scaffolds_1868_1	494	1.1e-102	8	336	106	449	0.973293768545994
GH20.hmm	337	m3g2_p3_B1_Day0_Gavage__S137.scaffolds_1868_2	505	2.9e-102	8	336	118	465	0.973293768545994
GH109.hmm	399	m3g2_p3_B1_Day0_Gavage__S137.scaffolds_1892_2	452	1e-18	6	167	131	281	0.40350877192982454
GH77.hmm	494	m3g2_p3_B1_Day0_Gavage__S137.scaffolds_2019_1	593	1.1e-133	1	471	11	554	0.951417004048583
GH97.hmm	631	m3g2_p3_B1_Day0_Gavage__S137.scaffolds_2043_1	288	1.1e-79	354	630	1	277	0.43740095087163233
GH16_3.hmm	230	m3g2_p3_B1_Day0_Gavage__S137.scaffolds_2070_1	291	4e-69	1	230	22	268	0.9956521739130435
GH84.hmm	295	m3g2_p3_B1_Day0_Gavage__S137.scaffolds_2126_2	990	1.2e-99	1	294	162	451	0.9932203389830508
GH20.hmm	337	m3g2_p3_B1_Day0_Gavage__S137.scaffolds_436_11	519	5.1e-96	9	335	104	453	0.9673590504451038
GH31.hmm	427	m3g2_p3_B1_Day0_Gavage__S137.scaffolds_436_27	1296	6.8e-58	206	427	435	666	0.5175644028103045
GT31.hmm	192	m3g2_p3_B1_Day0_Gavage__S137.scaffolds_436_31	750	1.3e-17	2	100	20	106	0.5104166666666666
GT11.hmm	276	m3g2_p3_B1_Day0_Gavage__S137.scaffolds_436_31	750	7.7e-28	101	276	588	749	0.6340579710144928
GH20.hmm	337	m3g2_p3_B1_Day0_Gavage__S137.scaffolds_500_7	666	2.8e-114	8	336	161	511	0.973293768545994
GH20.hmm	337	m3g2_p3_B1_Day0_Gavage__S137.scaffolds_517_19	548	6.8e-105	9	336	164	516	0.9703264094955489
GH2.hmm	752	m3g2_p3_B1_Day0_Gavage__S137.scaffolds_517_21	859	1.3e-110	33	504	40	593	0.6263297872340425
GH2.hmm	752	m3g2_p3_B1_Day0_Gavage__S137.scaffolds_517_22	1290	1.2e-211	25	750	47	938	0.964095744680851
CBM32.hmm	124	m3g2_p3_B1_Day0_Gavage__S137.scaffolds_517_22	1290	1e-21	9	122	1154	1284	0.9112903225806451
GH2.hmm	752	m3g2_p3_B1_Day0_Gavage__S137.scaffolds_517_23	713	7.2e-101	26	492	27	616	0.6196808510638298
GT2.hmm	170	m3g2_p3_B1_Day0_Gavage__S137.scaffolds_553_14	313	5.7e-22	15	133	27	157	0.6941176470588235
GH33.hmm	342	m3g2_p3_B1_Day0_Gavage__S137.scaffolds_602_36	420	3.2e-79	8	338	52	393	0.9649122807017544
CBM32.hmm	124	m3g2_p3_B1_Day0_Gavage__S137.scaffolds_623_13	713	1.7e-25	8	122	54	176	0.9193548387096774
GH123.hmm	538	m3g2_p3_B1_Day0_Gavage__S137.scaffolds_623_13	713	2.5e-195	4	538	186	706	0.9925650557620818
GH109.hmm	399	m3g2_p3_B1_Day0_Gavage__S137.scaffolds_694_13	482	1.1e-158	2	398	71	473	0.9924812030075187
CE19.hmm	332	m3g2_p3_B1_Day0_Gavage__S137.scaffolds_696_24	360	6.2e-17	43	192	52	192	0.44879518072289154
GH31.hmm	427	m3g2_p3_B1_Day0_Gavage__S137.scaffolds_703_15	1304	1.2e-57	206	427	435	666	0.5175644028103045
GH13_38.hmm	375	m3g2_p3_B1_Day0_Gavage__S137.scaffolds_719_8	575	8.4e-123	1	374	14	393	0.9946666666666667
GT4.hmm	160	m3g2_p3_B1_Day0_Gavage__S137.scaffolds_765_21	403	5.2e-32	12	159	218	363	0.91875
CE4.hmm	130	m3g2_p3_B1_Day0_Gavage__S137.scaffolds_771_5	486	2e-25	4	126	179	318	0.9384615384615385
GH13_8.hmm	293	m3g2_p3_B1_Day0_Gavage__S137.scaffolds_776_19	669	2e-144	1	293	214	504	0.9965870307167235
GT2.hmm	230	m3g2_p3_B1_Day0_Gavage__S137.scaffolds_776_4	506	1.4e-26	4	228	54	280	0.9739130434782609
GH2.hmm	752	m3g2_p3_B1_Day0_Gavage__S137.scaffolds_802_2	1265	1.6e-222	23	748	71	980	0.964095744680851
CBM32.hmm	124	m3g2_p3_B1_Day0_Gavage__S137.scaffolds_802_2	1265	4.1e-27	6	122	1131	1257	0.9354838709677419
GT26.hmm	171	m3g2_p3_B1_Day0_Gavage__S137.scaffolds_820_10	266	4.1e-59	2	171	72	249	0.9883040935672515
GH16_3.hmm	230	m3g2_p3_B1_Day0_Gavage__S137.scaffolds_820_6	371	6.6e-64	1	230	51	296	0.9956521739130435
GT35.hmm	674	m3g2_p3_B1_Day0_Gavage__S137.scaffolds_821_16	555	2.3e-70	210	558	181	482	0.516320474777448
CBM51.hmm	134	m3g2_p3_B1_Day0_Gavage__S137.scaffolds_848_13	640	9e-19	40	131	546	634	0.6791044776119403
CE3.hmm	194	m3g2_p3_B1_Day0_Gavage__S137.scaffolds_853_10	1942	9.3e-18	3	188	36	290	0.9536082474226805
GH20.hmm	337	m3g2_p3_B1_Day0_Gavage__S137.scaffolds_866_10	757	4.3e-60	9	313	228	541	0.9020771513353115
AA4.hmm	522	m3g2_p3_B1_Day0_Gavage__S137.scaffolds_885_6	459	1.7e-24	22	247	8	223	0.43103448275862066
GH110.hmm	548	m3g2_p3_B1_Day0_Gavage__S137.scaffolds_885_9	487	1.4e-97	27	335	92	403	0.5620437956204379
GT4.hmm	160	m3g2_p3_B1_Day0_Gavage__S137.scaffolds_915_11	371	2.2e-19	7	149	190	336	0.8875
GT31.hmm	192	m3g2_p3_B1_Day0_Gavage__S137.scaffolds_946_1	563	2.3e-18	1	188	290	436	0.9739583333333334
GT11.hmm	276	m3g2_p3_B1_Day0_Gavage__S137.scaffolds_946_2	262	5.9e-34	9	275	24	260	0.9637681159420289
GH13_5.hmm	342	m3g2_p3_B1_Day0_Gavage__S137.scaffolds_969_12	527	6e-155	1	342	64	404	0.9970760233918129
GH20.hmm	337	m3g2_p3_B1_Day0_Gavage__S137.scaffolds_969_9	714	1.2e-48	10	335	161	440	0.9643916913946587
CBM32.hmm	124	m3g2_p3_B1_Day0_Gavage__S137.scaffolds_971_1	261	2.2e-23	13	122	132	251	0.8790322580645161
GH20.hmm	337	m3g2_p3_B1_Day0_Gavage__S137.scaffolds_971_5	723	2.5e-60	8	335	163	438	0.9703264094955489
