GH97.hmm	631	m3g2_p1_G6_well_B2_Isolate_S32.scaffolds_10_11	666	8.4e-214	8	630	17	662	0.9857369255150554
GH36.hmm	688	m3g2_p1_G6_well_B2_Isolate_S32.scaffolds_10_20	733	5.4e-230	2	686	26	714	0.9941860465116279
GH31.hmm	427	m3g2_p1_G6_well_B2_Isolate_S32.scaffolds_10_64	747	1.3e-103	1	426	183	612	0.9953161592505855
GH43_31.hmm	268	m3g2_p1_G6_well_B2_Isolate_S32.scaffolds_10_86	313	3.1e-106	2	268	26	290	0.9925373134328358
GH43_33.hmm	315	m3g2_p1_G6_well_B2_Isolate_S32.scaffolds_10_87	365	1.4e-133	1	315	27	343	0.9968253968253968
GH3.hmm	216	m3g2_p1_G6_well_B2_Isolate_S32.scaffolds_10_88	734	9.3e-70	3	216	102	324	0.9861111111111112
GH2.hmm	752	m3g2_p1_G6_well_B2_Isolate_S32.scaffolds_10_90	906	1.8e-75	25	534	23	671	0.6768617021276596
CE15.hmm	269	m3g2_p1_G6_well_B2_Isolate_S32.scaffolds_10_91	428	2.5e-105	1	268	38	426	0.9925650557620818
GH88.hmm	329	m3g2_p1_G6_well_B2_Isolate_S32.scaffolds_10_92	397	5.3e-129	4	328	66	389	0.9848024316109423
GH2.hmm	752	m3g2_p1_G6_well_B2_Isolate_S32.scaffolds_10_93	595	4.7e-98	22	447	28	525	0.5651595744680851
GT4.hmm	160	m3g2_p1_G6_well_B2_Isolate_S32.scaffolds_11_13	382	1.4e-17	6	155	196	348	0.93125
GH2.hmm	752	m3g2_p1_G6_well_B2_Isolate_S32.scaffolds_11_70	607	1.4e-101	22	394	48	483	0.4946808510638298
GT3.hmm	637	m3g2_p1_G6_well_B2_Isolate_S32.scaffolds_12_21	1416	3.2e-121	1	348	13	348	0.5447409733124019
GT35.hmm	674	m3g2_p1_G6_well_B2_Isolate_S32.scaffolds_12_21	1416	1.2e-137	19	557	683	1197	0.798219584569733
GH133.hmm	372	m3g2_p1_G6_well_B2_Isolate_S32.scaffolds_12_22	708	1.2e-81	11	371	291	632	0.967741935483871
GT4.hmm	160	m3g2_p1_G6_well_B2_Isolate_S32.scaffolds_12_23	440	4.1e-33	9	153	257	398	0.9
GH57.hmm	383	m3g2_p1_G6_well_B2_Isolate_S32.scaffolds_12_24	406	4.7e-71	2	316	6	329	0.8198433420365535
GH2.hmm	752	m3g2_p1_G6_well_B2_Isolate_S32.scaffolds_12_46	678	1.7e-87	24	470	18	551	0.5930851063829787
CE1.hmm	227	m3g2_p1_G6_well_B2_Isolate_S32.scaffolds_12_60	644	1.7e-20	8	211	382	608	0.8942731277533039
GH109.hmm	399	m3g2_p1_G6_well_B2_Isolate_S32.scaffolds_12_88	466	1e-162	2	398	53	454	0.9924812030075187
GT2.hmm	170	m3g2_p1_G6_well_B2_Isolate_S32.scaffolds_13_47	350	7.1e-27	1	133	9	144	0.7764705882352941
GH20.hmm	337	m3g2_p1_G6_well_B2_Isolate_S32.scaffolds_13_58	529	3.1e-124	7	336	139	493	0.9762611275964391
CE1.hmm	227	m3g2_p1_G6_well_B2_Isolate_S32.scaffolds_14_37	517	3.4e-50	1	218	29	255	0.9559471365638766
GT80.hmm	379	m3g2_p1_G6_well_B2_Isolate_S32.scaffolds_15_91	504	1.1e-43	201	354	341	484	0.40369393139841686
GT2.hmm	170	m3g2_p1_G6_well_B2_Isolate_S32.scaffolds_16_10	279	4.5e-20	1	116	4	118	0.6764705882352942
GH20.hmm	337	m3g2_p1_G6_well_B2_Isolate_S32.scaffolds_16_19	526	9.8e-124	8	335	139	488	0.9703264094955489
GT51.hmm	177	m3g2_p1_G6_well_B2_Isolate_S32.scaffolds_16_21	768	1.7e-47	14	176	58	220	0.9152542372881356
PL33_1.hmm	155	m3g2_p1_G6_well_B2_Isolate_S32.scaffolds_16_27	682	5e-56	2	150	451	598	0.9548387096774194
PL35.hmm	179	m3g2_p1_G6_well_B2_Isolate_S32.scaffolds_16_28	646	1.5e-57	2	178	414	597	0.9832402234636871
GH88.hmm	329	m3g2_p1_G6_well_B2_Isolate_S32.scaffolds_16_33	402	3.3e-123	5	329	66	390	0.9848024316109423
PL8.hmm	259	m3g2_p1_G6_well_B2_Isolate_S32.scaffolds_16_34	682	1.1e-51	2	257	365	605	0.9845559845559846
GH97.hmm	631	m3g2_p1_G6_well_B2_Isolate_S32.scaffolds_16_45	732	4.8e-250	6	630	13	717	0.9889064976228209
GH13.hmm	299	m3g2_p1_G6_well_B2_Isolate_S32.scaffolds_16_46	626	6.3e-60	13	293	170	488	0.9364548494983278
GH13.hmm	299	m3g2_p1_G6_well_B2_Isolate_S32.scaffolds_16_47	446	9e-58	12	290	46	325	0.9297658862876255
GH13_36.hmm	314	m3g2_p1_G6_well_B2_Isolate_S32.scaffolds_16_48	773	3e-108	1	313	161	618	0.9936305732484076
GH77.hmm	494	m3g2_p1_G6_well_B2_Isolate_S32.scaffolds_16_55	868	3.2e-153	1	489	230	861	0.9878542510121457
GT2.hmm	170	m3g2_p1_G6_well_B2_Isolate_S32.scaffolds_16_8	298	1.5e-43	1	166	6	167	0.9705882352941176
GT5.hmm	472	m3g2_p1_G6_well_B2_Isolate_S32.scaffolds_17_17	269	8e-44	1	215	4	228	0.4533898305084746
GT28.hmm	157	m3g2_p1_G6_well_B2_Isolate_S32.scaffolds_17_41	367	5.7e-48	2	157	193	353	0.9872611464968153
GT19.hmm	354	m3g2_p1_G6_well_B2_Isolate_S32.scaffolds_17_61	380	1.9e-106	2	350	4	354	0.9830508474576272
GT2.hmm	170	m3g2_p1_G6_well_B2_Isolate_S32.scaffolds_17_73	311	4.8e-29	1	129	7	137	0.7529411764705882
GT2.hmm	170	m3g2_p1_G6_well_B2_Isolate_S32.scaffolds_18_3	319	4.5e-32	1	167	7	168	0.9764705882352941
GH3.hmm	216	m3g2_p1_G6_well_B2_Isolate_S32.scaffolds_18_47	702	4.4e-66	4	216	63	281	0.9814814814814815
GT27.hmm	295	m3g2_p1_G6_well_B2_Isolate_S32.scaffolds_18_58	339	2.8e-24	2	237	6	234	0.7966101694915254
GH3.hmm	216	m3g2_p1_G6_well_B2_Isolate_S32.scaffolds_18_63	739	2.3e-74	3	216	95	316	0.9861111111111112
GT4.hmm	160	m3g2_p1_G6_well_B2_Isolate_S32.scaffolds_19_48	400	2.8e-32	5	159	220	373	0.9625
GH123.hmm	538	m3g2_p1_G6_well_B2_Isolate_S32.scaffolds_1_110	574	1.1e-22	252	516	262	552	0.49070631970260226
GH127.hmm	524	m3g2_p1_G6_well_B2_Isolate_S32.scaffolds_1_111	646	4.7e-32	301	523	289	515	0.42366412213740456
GH3.hmm	216	m3g2_p1_G6_well_B2_Isolate_S32.scaffolds_1_112	745	1.3e-53	8	213	167	427	0.9490740740740741
GH20.hmm	337	m3g2_p1_G6_well_B2_Isolate_S32.scaffolds_1_114	616	5.3e-112	9	336	116	484	0.9703264094955489
GH3.hmm	216	m3g2_p1_G6_well_B2_Isolate_S32.scaffolds_1_115	777	8.9e-66	5	216	80	295	0.9768518518518519
GH3.hmm	216	m3g2_p1_G6_well_B2_Isolate_S32.scaffolds_1_116	766	3.3e-66	7	216	108	334	0.9675925925925926
GH20.hmm	337	m3g2_p1_G6_well_B2_Isolate_S32.scaffolds_1_117	529	2.7e-125	8	335	143	491	0.9703264094955489
GH97.hmm	631	m3g2_p1_G6_well_B2_Isolate_S32.scaffolds_1_119	672	9.3e-221	3	630	17	666	0.993660855784469
GH65.hmm	372	m3g2_p1_G6_well_B2_Isolate_S32.scaffolds_1_120	665	4.1e-102	1	371	294	633	0.9946236559139785
GH5_38.hmm	312	m3g2_p1_G6_well_B2_Isolate_S32.scaffolds_1_126	578	1.1e-67	1	308	227	529	0.9839743589743589
GH28.hmm	325	m3g2_p1_G6_well_B2_Isolate_S32.scaffolds_1_127	497	2.8e-37	64	307	191	475	0.7476923076923077
GH28.hmm	325	m3g2_p1_G6_well_B2_Isolate_S32.scaffolds_1_128	758	3.6e-35	64	307	450	736	0.7476923076923077
GH20.hmm	337	m3g2_p1_G6_well_B2_Isolate_S32.scaffolds_1_131	624	1.9e-115	8	337	122	494	0.9762611275964391
GT51.hmm	177	m3g2_p1_G6_well_B2_Isolate_S32.scaffolds_1_153	801	2.3e-60	1	177	64	267	0.9943502824858758
CE20.hmm	249	m3g2_p1_G6_well_B2_Isolate_S32.scaffolds_1_161	475	3e-93	3	248	101	359	0.9839357429718876
CE1.hmm	227	m3g2_p1_G6_well_B2_Isolate_S32.scaffolds_1_178	712	4.5e-16	6	208	472	690	0.8898678414096917
GH73.hmm	128	m3g2_p1_G6_well_B2_Isolate_S32.scaffolds_1_180	335	9.9e-38	2	128	37	166	0.984375
GT9.hmm	225	m3g2_p1_G6_well_B2_Isolate_S32.scaffolds_1_182	376	5.1e-37	1	219	102	344	0.9688888888888889
CE1.hmm	227	m3g2_p1_G6_well_B2_Isolate_S32.scaffolds_1_25	290	2e-22	6	143	37	205	0.6035242290748899
GT2.hmm	170	m3g2_p1_G6_well_B2_Isolate_S32.scaffolds_1_26	310	1.9e-30	1	125	7	127	0.7294117647058823
GH2.hmm	752	m3g2_p1_G6_well_B2_Isolate_S32.scaffolds_1_96	1036	1.5e-221	23	751	56	910	0.9680851063829787
GT2.hmm	170	m3g2_p1_G6_well_B2_Isolate_S32.scaffolds_20_33	300	1.1e-26	1	166	5	174	0.9705882352941176
CE4.hmm	130	m3g2_p1_G6_well_B2_Isolate_S32.scaffolds_21_66	191	7.5e-26	7	121	10	117	0.8769230769230769
GH20.hmm	337	m3g2_p1_G6_well_B2_Isolate_S32.scaffolds_22_48	687	6.3e-118	8	335	146	492	0.9703264094955489
GH2.hmm	752	m3g2_p1_G6_well_B2_Isolate_S32.scaffolds_23_26	622	9e-98	25	487	32	613	0.6143617021276596
GH27.hmm	229	m3g2_p1_G6_well_B2_Isolate_S32.scaffolds_24_2	532	9.5e-73	4	228	262	497	0.9781659388646288
GH109.hmm	399	m3g2_p1_G6_well_B2_Isolate_S32.scaffolds_25_17	487	8.4e-17	4	156	36	178	0.38095238095238093
CE11.hmm	271	m3g2_p1_G6_well_B2_Isolate_S32.scaffolds_25_9	464	1.5e-75	1	219	5	224	0.8044280442804428
CE2.hmm	209	m3g2_p1_G6_well_B2_Isolate_S32.scaffolds_26_18	366	7.4e-55	1	208	146	350	0.9904306220095693
GH171.hmm	355	m3g2_p1_G6_well_B2_Isolate_S32.scaffolds_2_104	130	1.8e-17	218	355	1	128	0.38591549295774646
GH36.hmm	688	m3g2_p1_G6_well_B2_Isolate_S32.scaffolds_2_124	726	6.8e-214	3	687	26	707	0.9941860465116279
GH20.hmm	337	m3g2_p1_G6_well_B2_Isolate_S32.scaffolds_2_171	526	3.2e-123	7	335	133	488	0.973293768545994
GT30.hmm	177	m3g2_p1_G6_well_B2_Isolate_S32.scaffolds_2_22	409	2.7e-48	10	176	44	206	0.9378531073446328
GT90.hmm	250	m3g2_p1_G6_well_B2_Isolate_S32.scaffolds_30_6	326	1.2e-19	60	244	152	318	0.736
GT4.hmm	160	m3g2_p1_G6_well_B2_Isolate_S32.scaffolds_31_2	397	4.3e-19	71	152	283	363	0.50625
GT4.hmm	160	m3g2_p1_G6_well_B2_Isolate_S32.scaffolds_31_3	398	7.8e-21	5	139	181	317	0.8375
GT4.hmm	160	m3g2_p1_G6_well_B2_Isolate_S32.scaffolds_31_4	309	6.1e-20	14	157	131	276	0.89375
GH109.hmm	399	m3g2_p1_G6_well_B2_Isolate_S32.scaffolds_32_3	419	2.1e-16	4	161	8	160	0.39348370927318294
GH92.hmm	491	m3g2_p1_G6_well_B2_Isolate_S32.scaffolds_33_6	777	2.9e-177	5	491	265	757	0.9898167006109979
GH92.hmm	491	m3g2_p1_G6_well_B2_Isolate_S32.scaffolds_33_7	771	4.4e-171	3	491	251	747	0.9938900203665988
GT2.hmm	170	m3g2_p1_G6_well_B2_Isolate_S32.scaffolds_34_13	240	4.5e-30	2	166	5	168	0.9647058823529412
GT83.hmm	540	m3g2_p1_G6_well_B2_Isolate_S32.scaffolds_34_15	575	1.5e-30	9	366	20	360	0.6611111111111111
GH123.hmm	538	m3g2_p1_G6_well_B2_Isolate_S32.scaffolds_3_105	594	1.1e-45	33	509	50	549	0.8847583643122676
GH43_31.hmm	268	m3g2_p1_G6_well_B2_Isolate_S32.scaffolds_3_107	330	3.9e-107	2	268	43	307	0.9925373134328358
GH123.hmm	538	m3g2_p1_G6_well_B2_Isolate_S32.scaffolds_3_109	580	1.1e-209	7	537	52	577	0.9851301115241635
GH2.hmm	752	m3g2_p1_G6_well_B2_Isolate_S32.scaffolds_3_119	452	2.2e-36	78	392	83	442	0.4175531914893617
GH92.hmm	491	m3g2_p1_G6_well_B2_Isolate_S32.scaffolds_3_144	764	4.5e-183	2	491	234	742	0.9959266802443992
CE1.hmm	227	m3g2_p1_G6_well_B2_Isolate_S32.scaffolds_3_78	708	6.4e-20	5	210	458	686	0.9030837004405287
CBM32.hmm	124	m3g2_p1_G6_well_B2_Isolate_S32.scaffolds_3_89	331	8e-21	4	122	192	327	0.9516129032258065
GH23.hmm	135	m3g2_p1_G6_well_B2_Isolate_S32.scaffolds_3_93	231	9.9e-23	12	123	66	223	0.8222222222222222
GH116.hmm	363	m3g2_p1_G6_well_B2_Isolate_S32.scaffolds_3_99	847	1.9e-53	11	362	410	772	0.9669421487603306
GH92.hmm	491	m3g2_p1_G6_well_B2_Isolate_S32.scaffolds_40_1	1174	1.3e-179	5	490	230	718	0.9877800407331976
GH125.hmm	402	m3g2_p1_G6_well_B2_Isolate_S32.scaffolds_40_1	1174	1.1e-174	2	402	762	1161	0.9950248756218906
GH92.hmm	491	m3g2_p1_G6_well_B2_Isolate_S32.scaffolds_40_2	751	7.3e-168	2	488	261	747	0.9898167006109979
GH130.hmm	296	m3g2_p1_G6_well_B2_Isolate_S32.scaffolds_40_3	336	2.4e-87	1	296	27	330	0.9966216216216216
GT2.hmm	170	m3g2_p1_G6_well_B2_Isolate_S32.scaffolds_4_128	283	5.4e-19	2	113	42	146	0.6529411764705882
GH26.hmm	303	m3g2_p1_G6_well_B2_Isolate_S32.scaffolds_4_20	384	2.9e-61	1	296	33	362	0.9735973597359736
GH173.hmm	255	m3g2_p1_G6_well_B2_Isolate_S32.scaffolds_4_21	492	2.1e-74	1	255	77	345	0.996078431372549
GH173.hmm	255	m3g2_p1_G6_well_B2_Isolate_S32.scaffolds_4_22	494	3.3e-78	23	255	99	345	0.9098039215686274
GH130.hmm	296	m3g2_p1_G6_well_B2_Isolate_S32.scaffolds_4_26	343	9.6e-108	1	295	3	335	0.9932432432432432
GH2.hmm	752	m3g2_p1_G6_well_B2_Isolate_S32.scaffolds_4_29	846	4.6e-111	27	590	13	780	0.7486702127659575
GH20.hmm	337	m3g2_p1_G6_well_B2_Isolate_S32.scaffolds_4_38	720	1.7e-99	9	336	142	492	0.9703264094955489
GH2.hmm	752	m3g2_p1_G6_well_B2_Isolate_S32.scaffolds_5_33	433	3.5e-41	75	392	66	419	0.42154255319148937
GH29.hmm	346	m3g2_p1_G6_well_B2_Isolate_S32.scaffolds_5_44	436	2.2e-100	19	346	16	352	0.9450867052023122
PL29.hmm	301	m3g2_p1_G6_well_B2_Isolate_S32.scaffolds_5_60	859	2.5e-111	1	301	354	684	0.9966777408637874
PL8_2.hmm	247	m3g2_p1_G6_well_B2_Isolate_S32.scaffolds_5_62	1011	3.1e-92	2	246	597	847	0.9878542510121457
GH88.hmm	329	m3g2_p1_G6_well_B2_Isolate_S32.scaffolds_5_63	405	5e-122	6	328	70	393	0.9787234042553191
PL8_2.hmm	247	m3g2_p1_G6_well_B2_Isolate_S32.scaffolds_5_64	984	4.4e-94	1	247	592	841	0.9959514170040485
GH31.hmm	427	m3g2_p1_G6_well_B2_Isolate_S32.scaffolds_5_94	872	4.8e-108	1	427	192	631	0.9976580796252927
GH13_8.hmm	293	m3g2_p1_G6_well_B2_Isolate_S32.scaffolds_6_110	679	4.8e-139	1	293	228	518	0.9965870307167235
CE8.hmm	288	m3g2_p1_G6_well_B2_Isolate_S32.scaffolds_6_21	272	5.1e-76	3	242	25	262	0.8298611111111112
GH13.hmm	299	m3g2_p1_G6_well_B2_Isolate_S32.scaffolds_6_45	424	1.8e-54	12	290	21	302	0.9297658862876255
GH65.hmm	372	m3g2_p1_G6_well_B2_Isolate_S32.scaffolds_6_46	761	1.9e-141	1	371	314	694	0.9946236559139785
GH3.hmm	216	m3g2_p1_G6_well_B2_Isolate_S32.scaffolds_6_82	745	3e-68	2	214	70	290	0.9814814814814815
GH30_3.hmm	417	m3g2_p1_G6_well_B2_Isolate_S32.scaffolds_6_84	505	8.3e-149	4	417	75	498	0.9904076738609112
CE1.hmm	227	m3g2_p1_G6_well_B2_Isolate_S32.scaffolds_7_28	282	1.3e-61	1	223	31	275	0.9779735682819384
GH2.hmm	752	m3g2_p1_G6_well_B2_Isolate_S32.scaffolds_9_133	1036	1e-215	17	751	49	912	0.976063829787234
GH23.hmm	135	m3g2_p1_G6_well_B2_Isolate_S32.scaffolds_9_24	454	2.3e-27	2	119	160	292	0.8666666666666667
CBM50.hmm	40	m3g2_p1_G6_well_B2_Isolate_S32.scaffolds_9_24	454	3.2e-16	1	39	408	450	0.95
