GT4.hmm	160	m3g2_p1_H3_well_B11_Isolate_S41.scaffolds_15_4	475	9.6e-25	8	146	303	441	0.8625
GT51.hmm	177	m3g2_p1_H3_well_B11_Isolate_S41.scaffolds_15_40	863	9.4e-47	13	164	135	285	0.8531073446327684
GT4.hmm	160	m3g2_p1_H3_well_B11_Isolate_S41.scaffolds_15_8	441	5.4e-17	10	123	261	378	0.70625
GT51.hmm	177	m3g2_p1_H3_well_B11_Isolate_S41.scaffolds_17_36	791	1.6e-66	2	177	72	247	0.9887005649717514
GH102.hmm	157	m3g2_p1_H3_well_B11_Isolate_S41.scaffolds_17_60	406	1.1e-55	2	157	136	291	0.9872611464968153
GH3.hmm	216	m3g2_p1_H3_well_B11_Isolate_S41.scaffolds_18_25	351	5.4e-47	11	215	68	284	0.9444444444444444
GT19.hmm	354	m3g2_p1_H3_well_B11_Isolate_S41.scaffolds_1_269	393	2.8e-115	1	353	14	373	0.9943502824858758
GT4.hmm	160	m3g2_p1_H3_well_B11_Isolate_S41.scaffolds_1_32	372	1.5e-32	7	159	181	336	0.95
GH8.hmm	320	m3g2_p1_H3_well_B11_Isolate_S41.scaffolds_1_405	368	3.3e-74	1	319	27	345	0.99375
GT2.hmm	170	m3g2_p1_H3_well_B11_Isolate_S41.scaffolds_1_409	868	3.4e-38	1	170	284	455	0.9941176470588236
GT2.hmm	170	m3g2_p1_H3_well_B11_Isolate_S41.scaffolds_21_9	402	8.2e-20	2	132	67	194	0.7647058823529411
GT28.hmm	157	m3g2_p1_H3_well_B11_Isolate_S41.scaffolds_23_21	379	2.5e-44	2	157	198	356	0.9872611464968153
CE11.hmm	271	m3g2_p1_H3_well_B11_Isolate_S41.scaffolds_23_27	316	2.6e-107	1	270	4	275	0.992619926199262
GH103.hmm	295	m3g2_p1_H3_well_B11_Isolate_S41.scaffolds_27_17	497	2.7e-78	40	294	191	453	0.8610169491525423
GT2.hmm	170	m3g2_p1_H3_well_B11_Isolate_S41.scaffolds_3_56	318	2.6e-23	23	128	3	110	0.6176470588235294
GH23.hmm	135	m3g2_p1_H3_well_B11_Isolate_S41.scaffolds_3_65	704	1.4e-21	6	120	114	245	0.8444444444444444
GT2.hmm	170	m3g2_p1_H3_well_B11_Isolate_S41.scaffolds_3_67	257	8.9e-23	1	131	7	128	0.7647058823529411
GT2.hmm	170	m3g2_p1_H3_well_B11_Isolate_S41.scaffolds_3_70	271	9.7e-25	1	116	4	118	0.6764705882352942
GT9.hmm	225	m3g2_p1_H3_well_B11_Isolate_S41.scaffolds_3_71	318	5.1e-31	11	203	76	294	0.8533333333333334
GT9.hmm	225	m3g2_p1_H3_well_B11_Isolate_S41.scaffolds_3_75	360	8.3e-31	7	218	70	326	0.9377777777777778
GT25.hmm	181	m3g2_p1_H3_well_B11_Isolate_S41.scaffolds_3_87	259	1.2e-24	5	180	4	184	0.9668508287292817
GT4.hmm	160	m3g2_p1_H3_well_B11_Isolate_S41.scaffolds_3_91	395	2.2e-25	9	159	214	366	0.9375
GH23.hmm	135	m3g2_p1_H3_well_B11_Isolate_S41.scaffolds_7_123	804	6.3e-24	17	124	646	774	0.7925925925925926
GT30.hmm	177	m3g2_p1_H3_well_B11_Isolate_S41.scaffolds_7_24	438	8.4e-63	3	176	37	216	0.9774011299435028
GT9.hmm	225	m3g2_p1_H3_well_B11_Isolate_S41.scaffolds_7_25	323	2.5e-35	3	188	78	283	0.8222222222222222
GT104.hmm	379	m3g2_p1_H3_well_B11_Isolate_S41.scaffolds_8_78	375	5.8e-74	4	369	5	367	0.9630606860158312
