GH28.hmm	325	MouseExp3_p2_H10_Stool_m12noFiber_S122.scaffolds_111_31	899	1.7e-67	6	313	409	751	0.9446153846153846
CE7.hmm	313	MouseExp3_p2_H10_Stool_m12noFiber_S122.scaffolds_111_32	432	1.8e-73	11	309	125	419	0.952076677316294
GH28.hmm	325	MouseExp3_p2_H10_Stool_m12noFiber_S122.scaffolds_111_33	469	2.1e-64	6	306	47	383	0.9230769230769231
GH26.hmm	303	MouseExp3_p2_H10_Stool_m12noFiber_S122.scaffolds_111_39	373	5.5e-61	2	300	28	365	0.9834983498349835
GH130.hmm	296	MouseExp3_p2_H10_Stool_m12noFiber_S122.scaffolds_111_40	399	2.8e-90	1	295	50	362	0.9932432432432432
GH97.hmm	631	MouseExp3_p2_H10_Stool_m12noFiber_S122.scaffolds_111_41	713	4.3e-255	5	630	12	698	0.9904912836767037
GH2.hmm	752	MouseExp3_p2_H10_Stool_m12noFiber_S122.scaffolds_111_43	903	7.7e-85	36	531	47	732	0.6582446808510638
GH88.hmm	329	MouseExp3_p2_H10_Stool_m12noFiber_S122.scaffolds_111_44	404	1.2e-119	4	329	75	397	0.9878419452887538
CBM67.hmm	176	MouseExp3_p2_H10_Stool_m12noFiber_S122.scaffolds_111_45	921	4.7e-37	1	170	152	342	0.9602272727272727
GH78.hmm	504	MouseExp3_p2_H10_Stool_m12noFiber_S122.scaffolds_111_45	921	9.6e-123	2	503	366	872	0.9940476190476191
GH130.hmm	296	MouseExp3_p2_H10_Stool_m12noFiber_S122.scaffolds_11_10	324	7.8e-97	1	296	20	318	0.9966216216216216
GH146.hmm	503	MouseExp3_p2_H10_Stool_m12noFiber_S122.scaffolds_11_12	1023	3.1e-201	1	503	56	565	0.9980119284294234
GH97.hmm	631	MouseExp3_p2_H10_Stool_m12noFiber_S122.scaffolds_11_125	720	2.4e-262	4	630	17	705	0.9920760697305864
GH2.hmm	752	MouseExp3_p2_H10_Stool_m12noFiber_S122.scaffolds_11_13	867	1.7e-118	25	534	53	740	0.6768617021276596
GT2.hmm	170	MouseExp3_p2_H10_Stool_m12noFiber_S122.scaffolds_11_133	318	1.5e-33	1	167	4	166	0.9764705882352941
GH20.hmm	337	MouseExp3_p2_H10_Stool_m12noFiber_S122.scaffolds_11_14	791	2.5e-125	8	336	169	524	0.973293768545994
GH15.hmm	361	MouseExp3_p2_H10_Stool_m12noFiber_S122.scaffolds_11_171	598	7.4e-78	3	360	221	582	0.9889196675900277
GT20.hmm	475	MouseExp3_p2_H10_Stool_m12noFiber_S122.scaffolds_11_172	751	8.2e-176	14	474	2	459	0.968421052631579
GH28.hmm	325	MouseExp3_p2_H10_Stool_m12noFiber_S122.scaffolds_11_177	442	2.2e-63	8	309	73	414	0.9261538461538461
GH23.hmm	135	MouseExp3_p2_H10_Stool_m12noFiber_S122.scaffolds_11_191	326	4e-23	2	123	96	230	0.8962962962962963
GH97.hmm	631	MouseExp3_p2_H10_Stool_m12noFiber_S122.scaffolds_11_211	759	1.1e-177	4	630	13	668	0.9920760697305864
GH92.hmm	491	MouseExp3_p2_H10_Stool_m12noFiber_S122.scaffolds_11_23	754	3.2e-196	3	490	243	750	0.9918533604887984
GH128.hmm	224	MouseExp3_p2_H10_Stool_m12noFiber_S122.scaffolds_11_48	925	7e-41	9	224	224	457	0.9598214285714286
GH43_24.hmm	246	MouseExp3_p2_H10_Stool_m12noFiber_S122.scaffolds_11_55	602	1.1e-88	2	245	52	295	0.9878048780487805
GH43_24.hmm	246	MouseExp3_p2_H10_Stool_m12noFiber_S122.scaffolds_11_56	598	4.7e-63	2	245	46	300	0.9878048780487805
GH128.hmm	224	MouseExp3_p2_H10_Stool_m12noFiber_S122.scaffolds_11_58	937	5.5e-46	8	224	245	470	0.9642857142857143
PL27.hmm	610	MouseExp3_p2_H10_Stool_m12noFiber_S122.scaffolds_11_66	703	5e-257	2	610	72	696	0.9967213114754099
GH105.hmm	332	MouseExp3_p2_H10_Stool_m12noFiber_S122.scaffolds_11_67	375	6.2e-83	5	332	44	371	0.9849397590361446
PL42.hmm	296	MouseExp3_p2_H10_Stool_m12noFiber_S122.scaffolds_11_68	431	6.2e-124	1	296	34	326	0.9966216216216216
GH43_24.hmm	246	MouseExp3_p2_H10_Stool_m12noFiber_S122.scaffolds_11_69	347	1.1e-103	1	245	54	310	0.991869918699187
GH154.hmm	348	MouseExp3_p2_H10_Stool_m12noFiber_S122.scaffolds_11_70	418	4e-107	1	346	34	395	0.9913793103448276
GH16_3.hmm	230	MouseExp3_p2_H10_Stool_m12noFiber_S122.scaffolds_11_71	632	4.5e-61	1	230	28	279	0.9956521739130435
GH43_24.hmm	246	MouseExp3_p2_H10_Stool_m12noFiber_S122.scaffolds_11_71	632	8e-105	2	246	307	599	0.991869918699187
GH127.hmm	524	MouseExp3_p2_H10_Stool_m12noFiber_S122.scaffolds_11_72	673	5.8e-209	1	524	38	568	0.9980916030534351
GH51.hmm	630	MouseExp3_p2_H10_Stool_m12noFiber_S122.scaffolds_11_73	835	5.6e-95	111	429	377	717	0.5047619047619047
GH97.hmm	631	MouseExp3_p2_H10_Stool_m12noFiber_S122.scaffolds_11_74	657	7.5e-178	7	627	23	652	0.9825673534072901
GH51.hmm	630	MouseExp3_p2_H10_Stool_m12noFiber_S122.scaffolds_11_75	513	5e-146	82	541	20	511	0.7285714285714285
GH51.hmm	630	MouseExp3_p2_H10_Stool_m12noFiber_S122.scaffolds_11_76	675	1.7e-113	96	541	199	673	0.7063492063492064
GH35.hmm	307	MouseExp3_p2_H10_Stool_m12noFiber_S122.scaffolds_11_77	777	4.2e-120	1	306	34	346	0.993485342019544
GH20.hmm	337	MouseExp3_p2_H10_Stool_m12noFiber_S122.scaffolds_11_8	690	3.4e-124	8	336	149	496	0.973293768545994
GH92.hmm	491	MouseExp3_p2_H10_Stool_m12noFiber_S122.scaffolds_11_9	750	3.7e-179	2	486	262	747	0.9857433808553971
GH33.hmm	342	MouseExp3_p2_H10_Stool_m12noFiber_S122.scaffolds_122_71	563	7.4e-94	12	336	212	550	0.9473684210526315
GH20.hmm	337	MouseExp3_p2_H10_Stool_m12noFiber_S122.scaffolds_122_72	669	3.4e-59	10	335	140	410	0.9643916913946587
CE20.hmm	249	MouseExp3_p2_H10_Stool_m12noFiber_S122.scaffolds_122_76	688	4.1e-84	3	249	299	580	0.9879518072289156
GH73.hmm	128	MouseExp3_p2_H10_Stool_m12noFiber_S122.scaffolds_139_24	517	1.3e-34	2	128	13	145	0.984375
GH43_2.hmm	273	MouseExp3_p2_H10_Stool_m12noFiber_S122.scaffolds_139_62	311	2.2e-123	1	273	31	302	0.9963369963369964
GH43_2.hmm	273	MouseExp3_p2_H10_Stool_m12noFiber_S122.scaffolds_139_63	330	2.1e-116	1	273	50	321	0.9963369963369964
GH20.hmm	337	MouseExp3_p2_H10_Stool_m12noFiber_S122.scaffolds_139_70	775	1.6e-110	8	336	157	515	0.973293768545994
GH2.hmm	752	MouseExp3_p2_H10_Stool_m12noFiber_S122.scaffolds_139_71	1024	3.6e-216	18	749	55	903	0.9720744680851063
GT4.hmm	160	MouseExp3_p2_H10_Stool_m12noFiber_S122.scaffolds_14_109	414	7.6e-20	60	151	289	377	0.56875
PL12.hmm	138	MouseExp3_p2_H10_Stool_m12noFiber_S122.scaffolds_14_116	521	2.7e-22	1	137	315	447	0.9855072463768116
CE1.hmm	227	MouseExp3_p2_H10_Stool_m12noFiber_S122.scaffolds_14_131	282	2.3e-24	1	174	36	221	0.762114537444934
GT2.hmm	170	MouseExp3_p2_H10_Stool_m12noFiber_S122.scaffolds_14_18	391	1.7e-20	1	164	57	221	0.9588235294117647
GT4.hmm	160	MouseExp3_p2_H10_Stool_m12noFiber_S122.scaffolds_14_183	386	1.9e-28	11	159	215	355	0.925
GT2.hmm	170	MouseExp3_p2_H10_Stool_m12noFiber_S122.scaffolds_14_186	300	6.6e-34	1	145	3	145	0.8470588235294118
GT4.hmm	160	MouseExp3_p2_H10_Stool_m12noFiber_S122.scaffolds_14_188	373	2.8e-41	10	157	195	342	0.91875
CE14.hmm	124	MouseExp3_p2_H10_Stool_m12noFiber_S122.scaffolds_14_190	242	1.1e-18	1	117	32	142	0.9354838709677419
GT4.hmm	160	MouseExp3_p2_H10_Stool_m12noFiber_S122.scaffolds_14_193	393	4.7e-29	8	155	212	357	0.91875
GT26.hmm	171	MouseExp3_p2_H10_Stool_m12noFiber_S122.scaffolds_14_208	624	1.3e-50	2	171	419	591	0.9883040935672515
GH66.hmm	556	MouseExp3_p2_H10_Stool_m12noFiber_S122.scaffolds_14_92	1075	8.6e-16	118	486	323	712	0.6618705035971223
CBM35.hmm	119	MouseExp3_p2_H10_Stool_m12noFiber_S122.scaffolds_14_94	888	1.1e-17	1	107	746	856	0.8907563025210085
GH13_14.hmm	289	MouseExp3_p2_H10_Stool_m12noFiber_S122.scaffolds_153_18	667	4.4e-119	1	289	199	523	0.9965397923875432
GT26.hmm	171	MouseExp3_p2_H10_Stool_m12noFiber_S122.scaffolds_153_87	258	4.5e-34	4	169	55	221	0.9649122807017544
GH2.hmm	752	MouseExp3_p2_H10_Stool_m12noFiber_S122.scaffolds_167_10	877	6.2e-103	23	411	51	510	0.5159574468085106
GH53.hmm	342	MouseExp3_p2_H10_Stool_m12noFiber_S122.scaffolds_167_12	404	5.1e-34	7	333	53	382	0.9532163742690059
GH51.hmm	630	MouseExp3_p2_H10_Stool_m12noFiber_S122.scaffolds_167_17	494	1.6e-33	137	358	71	328	0.35079365079365077
GH2.hmm	752	MouseExp3_p2_H10_Stool_m12noFiber_S122.scaffolds_167_20	614	2e-113	24	464	54	576	0.5851063829787234
GH2.hmm	752	MouseExp3_p2_H10_Stool_m12noFiber_S122.scaffolds_167_21	805	2.5e-126	22	475	22	585	0.6023936170212766
GH2.hmm	752	MouseExp3_p2_H10_Stool_m12noFiber_S122.scaffolds_167_22	605	1.2e-104	19	406	45	492	0.5146276595744681
GH43_34.hmm	280	MouseExp3_p2_H10_Stool_m12noFiber_S122.scaffolds_167_24	866	2.4e-51	1	280	166	467	0.9964285714285714
CBM32.hmm	124	MouseExp3_p2_H10_Stool_m12noFiber_S122.scaffolds_167_24	866	2.3e-16	9	108	501	603	0.7983870967741935
GT2.hmm	170	MouseExp3_p2_H10_Stool_m12noFiber_S122.scaffolds_167_29	437	4e-33	1	168	20	188	0.9823529411764705
GH97.hmm	631	MouseExp3_p2_H10_Stool_m12noFiber_S122.scaffolds_18_108	660	6e-209	6	630	15	654	0.9889064976228209
GH92.hmm	491	MouseExp3_p2_H10_Stool_m12noFiber_S122.scaffolds_18_109	745	9.1e-173	2	491	236	726	0.9959266802443992
GH20.hmm	337	MouseExp3_p2_H10_Stool_m12noFiber_S122.scaffolds_18_115	812	4.9e-120	8	336	160	526	0.973293768545994
GT5.hmm	472	MouseExp3_p2_H10_Stool_m12noFiber_S122.scaffolds_18_151	275	3.2e-47	1	225	6	241	0.4745762711864407
GH57.hmm	383	MouseExp3_p2_H10_Stool_m12noFiber_S122.scaffolds_18_153	477	2.6e-52	12	321	20	334	0.8067885117493473
GT4.hmm	160	MouseExp3_p2_H10_Stool_m12noFiber_S122.scaffolds_18_154	423	3.5e-34	4	152	239	384	0.925
GH133.hmm	372	MouseExp3_p2_H10_Stool_m12noFiber_S122.scaffolds_18_155	647	8.9e-105	6	372	285	636	0.9838709677419355
CE8.hmm	288	MouseExp3_p2_H10_Stool_m12noFiber_S122.scaffolds_18_158	1240	5e-57	9	286	715	1070	0.9618055555555556
CE12.hmm	210	MouseExp3_p2_H10_Stool_m12noFiber_S122.scaffolds_18_159	651	2.2e-56	1	210	27	245	0.9952380952380953
GH51.hmm	630	MouseExp3_p2_H10_Stool_m12noFiber_S122.scaffolds_18_161	844	3.4e-103	110	628	237	840	0.8222222222222222
CE1.hmm	227	MouseExp3_p2_H10_Stool_m12noFiber_S122.scaffolds_18_163	564	3.4e-19	5	222	60	287	0.9559471365638766
CBM67.hmm	176	MouseExp3_p2_H10_Stool_m12noFiber_S122.scaffolds_18_164	878	5.8e-30	9	172	145	320	0.9261363636363636
GH78.hmm	504	MouseExp3_p2_H10_Stool_m12noFiber_S122.scaffolds_18_164	878	5e-147	1	503	342	857	0.996031746031746
CBM67.hmm	176	MouseExp3_p2_H10_Stool_m12noFiber_S122.scaffolds_18_165	898	3.7e-39	1	171	147	346	0.9659090909090909
GH78.hmm	504	MouseExp3_p2_H10_Stool_m12noFiber_S122.scaffolds_18_165	898	2.1e-141	6	502	374	862	0.9841269841269841
GH92.hmm	491	MouseExp3_p2_H10_Stool_m12noFiber_S122.scaffolds_18_166	749	2.6e-177	13	491	249	732	0.9735234215885947
GH92.hmm	491	MouseExp3_p2_H10_Stool_m12noFiber_S122.scaffolds_18_173	752	2.8e-187	15	491	255	734	0.9694501018329938
GH92.hmm	491	MouseExp3_p2_H10_Stool_m12noFiber_S122.scaffolds_18_174	767	1.8e-185	2	491	239	746	0.9959266802443992
GH43_34.hmm	280	MouseExp3_p2_H10_Stool_m12noFiber_S122.scaffolds_18_175	347	2.9e-108	1	279	26	327	0.9928571428571429
GH3.hmm	216	MouseExp3_p2_H10_Stool_m12noFiber_S122.scaffolds_18_18	947	1.7e-63	3	215	150	375	0.9814814814814815
GH85.hmm	315	MouseExp3_p2_H10_Stool_m12noFiber_S122.scaffolds_18_199	1280	2.8e-60	16	314	114	433	0.946031746031746
GH84.hmm	295	MouseExp3_p2_H10_Stool_m12noFiber_S122.scaffolds_18_203	1529	1.4e-74	1	294	174	488	0.9932203389830508
GT4.hmm	160	MouseExp3_p2_H10_Stool_m12noFiber_S122.scaffolds_18_62	358	5.2e-35	5	157	174	324	0.95
GH20.hmm	337	MouseExp3_p2_H10_Stool_m12noFiber_S122.scaffolds_190_22	781	1e-127	9	335	158	511	0.9673590504451038
GH13_36.hmm	314	MouseExp3_p2_H10_Stool_m12noFiber_S122.scaffolds_190_25	566	1.2e-65	1	312	49	402	0.9904458598726115
GH97.hmm	631	MouseExp3_p2_H10_Stool_m12noFiber_S122.scaffolds_190_29	657	1.5e-191	5	630	6	655	0.9904912836767037
CE19.hmm	332	MouseExp3_p2_H10_Stool_m12noFiber_S122.scaffolds_190_38	345	3.7e-16	44	192	39	178	0.4457831325301205
GH28.hmm	325	MouseExp3_p2_H10_Stool_m12noFiber_S122.scaffolds_195_24	469	9.6e-82	7	310	74	449	0.9323076923076923
GH106.hmm	824	MouseExp3_p2_H10_Stool_m12noFiber_S122.scaffolds_195_33	1100	6.9e-197	94	822	379	1095	0.883495145631068
GH109.hmm	399	MouseExp3_p2_H10_Stool_m12noFiber_S122.scaffolds_195_34	329	6.8e-26	5	196	5	185	0.47869674185463656
GH25.hmm	177	MouseExp3_p2_H10_Stool_m12noFiber_S122.scaffolds_195_44	301	5.4e-55	1	177	87	262	0.9943502824858758
GH97.hmm	631	MouseExp3_p2_H10_Stool_m12noFiber_S122.scaffolds_201_26	756	1.2e-156	6	630	15	662	0.9889064976228209
GH2.hmm	752	MouseExp3_p2_H10_Stool_m12noFiber_S122.scaffolds_201_27	980	1.1e-91	45	609	57	780	0.75
CBM32.hmm	124	MouseExp3_p2_H10_Stool_m12noFiber_S122.scaffolds_201_27	980	1.5e-24	10	122	727	836	0.9032258064516129
GH43_10.hmm	271	MouseExp3_p2_H10_Stool_m12noFiber_S122.scaffolds_201_28	592	9e-99	2	271	98	356	0.992619926199262
CBM91.hmm	200	MouseExp3_p2_H10_Stool_m12noFiber_S122.scaffolds_201_28	592	2.5e-27	4	197	390	580	0.965
CE1.hmm	227	MouseExp3_p2_H10_Stool_m12noFiber_S122.scaffolds_201_3	257	3.4e-28	5	208	33	235	0.8942731277533039
CE7.hmm	313	MouseExp3_p2_H10_Stool_m12noFiber_S122.scaffolds_20_102	436	1.3e-85	11	311	131	428	0.9584664536741214
GH43_10.hmm	271	MouseExp3_p2_H10_Stool_m12noFiber_S122.scaffolds_20_105	559	3.5e-109	1	271	39	309	0.996309963099631
CBM91.hmm	200	MouseExp3_p2_H10_Stool_m12noFiber_S122.scaffolds_20_105	559	2.1e-20	4	196	343	555	0.96
GH28.hmm	325	MouseExp3_p2_H10_Stool_m12noFiber_S122.scaffolds_20_108	538	4.1e-86	8	319	83	496	0.9569230769230769
CE11.hmm	271	MouseExp3_p2_H10_Stool_m12noFiber_S122.scaffolds_20_135	462	5.1e-74	1	220	4	224	0.8081180811808119
GH2.hmm	752	MouseExp3_p2_H10_Stool_m12noFiber_S122.scaffolds_20_157	1113	2.1e-208	21	751	63	964	0.9707446808510638
GH105.hmm	332	MouseExp3_p2_H10_Stool_m12noFiber_S122.scaffolds_20_24	400	3.7e-123	6	332	51	395	0.9819277108433735
CE8.hmm	288	MouseExp3_p2_H10_Stool_m12noFiber_S122.scaffolds_20_25	320	1.3e-105	2	286	28	308	0.9861111111111112
CE12.hmm	210	MouseExp3_p2_H10_Stool_m12noFiber_S122.scaffolds_20_27	576	1.6e-80	1	210	26	257	0.9952380952380953
CE8.hmm	288	MouseExp3_p2_H10_Stool_m12noFiber_S122.scaffolds_20_27	576	5.9e-103	2	275	273	546	0.9479166666666666
CE19.hmm	332	MouseExp3_p2_H10_Stool_m12noFiber_S122.scaffolds_20_28	385	2.1e-25	13	290	62	383	0.8343373493975904
GH138.hmm	907	MouseExp3_p2_H10_Stool_m12noFiber_S122.scaffolds_20_31	899	0	1	907	1	898	0.9988974641675854
GH137.hmm	340	MouseExp3_p2_H10_Stool_m12noFiber_S122.scaffolds_20_32	1413	2e-158	4	340	34	380	0.9882352941176471
GH2.hmm	752	MouseExp3_p2_H10_Stool_m12noFiber_S122.scaffolds_20_32	1413	1.2e-76	23	388	385	809	0.4853723404255319
CBM57.hmm	147	MouseExp3_p2_H10_Stool_m12noFiber_S122.scaffolds_20_32	1413	9.2e-47	1	147	1079	1241	0.9931972789115646
GH2.hmm	752	MouseExp3_p2_H10_Stool_m12noFiber_S122.scaffolds_20_33	1111	2.4e-220	26	750	50	974	0.9627659574468085
GH2.hmm	752	MouseExp3_p2_H10_Stool_m12noFiber_S122.scaffolds_20_34	1018	5e-122	35	740	112	893	0.9375
GH106.hmm	824	MouseExp3_p2_H10_Stool_m12noFiber_S122.scaffolds_20_35	1122	1.6e-120	95	500	372	821	0.49150485436893204
CE20.hmm	249	MouseExp3_p2_H10_Stool_m12noFiber_S122.scaffolds_20_36	463	3.5e-92	3	248	92	352	0.9839357429718876
GH139.hmm	777	MouseExp3_p2_H10_Stool_m12noFiber_S122.scaffolds_20_37	751	0	20	771	12	739	0.9665379665379665
GH2.hmm	752	MouseExp3_p2_H10_Stool_m12noFiber_S122.scaffolds_20_38	875	1.3e-92	27	521	41	649	0.6569148936170213
CE8.hmm	288	MouseExp3_p2_H10_Stool_m12noFiber_S122.scaffolds_20_46	971	3e-78	2	286	30	325	0.9861111111111112
PL1_2.hmm	183	MouseExp3_p2_H10_Stool_m12noFiber_S122.scaffolds_20_46	971	6e-63	1	183	475	678	0.994535519125683
PL1_2.hmm	183	MouseExp3_p2_H10_Stool_m12noFiber_S122.scaffolds_20_48	937	1.9e-56	1	183	374	562	0.994535519125683
PL1_2.hmm	183	MouseExp3_p2_H10_Stool_m12noFiber_S122.scaffolds_20_51	576	4e-66	1	183	134	324	0.994535519125683
GH43_18.hmm	229	MouseExp3_p2_H10_Stool_m12noFiber_S122.scaffolds_20_53	320	5.4e-83	2	229	67	293	0.9912663755458515
GH143.hmm	556	MouseExp3_p2_H10_Stool_m12noFiber_S122.scaffolds_20_54	1108	1.6e-286	6	556	19	569	0.9892086330935251
GH142.hmm	479	MouseExp3_p2_H10_Stool_m12noFiber_S122.scaffolds_20_54	1108	1.4e-222	2	479	633	1099	0.9958246346555324
CBM67.hmm	176	MouseExp3_p2_H10_Stool_m12noFiber_S122.scaffolds_20_55	967	1e-35	13	171	184	355	0.8977272727272727
GH78.hmm	504	MouseExp3_p2_H10_Stool_m12noFiber_S122.scaffolds_20_55	967	5.9e-157	3	504	396	934	0.9940476190476191
GH28.hmm	325	MouseExp3_p2_H10_Stool_m12noFiber_S122.scaffolds_20_56	448	7.9e-94	10	309	53	422	0.92
CE19.hmm	332	MouseExp3_p2_H10_Stool_m12noFiber_S122.scaffolds_20_57	645	2.4e-133	2	331	108	440	0.9909638554216867
PL1_2.hmm	183	MouseExp3_p2_H10_Stool_m12noFiber_S122.scaffolds_20_64	925	5.2e-54	1	183	365	550	0.994535519125683
GH141.hmm	527	MouseExp3_p2_H10_Stool_m12noFiber_S122.scaffolds_20_65	628	1.1e-202	2	524	23	580	0.9905123339658444
GH31.hmm	427	MouseExp3_p2_H10_Stool_m12noFiber_S122.scaffolds_20_66	750	4.5e-131	2	427	283	715	0.9953161592505855
GH95.hmm	722	MouseExp3_p2_H10_Stool_m12noFiber_S122.scaffolds_20_71	828	4.4e-298	4	714	34	765	0.9833795013850416
GH105.hmm	332	MouseExp3_p2_H10_Stool_m12noFiber_S122.scaffolds_20_72	401	9.6e-124	5	332	50	396	0.9849397590361446
GH140.hmm	412	MouseExp3_p2_H10_Stool_m12noFiber_S122.scaffolds_20_73	486	9e-171	1	412	37	466	0.9975728155339806
CBM67.hmm	176	MouseExp3_p2_H10_Stool_m12noFiber_S122.scaffolds_20_74	1268	1e-38	5	171	152	330	0.9431818181818182
GH78.hmm	504	MouseExp3_p2_H10_Stool_m12noFiber_S122.scaffolds_20_74	1268	2.1e-164	7	503	358	885	0.9841269841269841
GH33.hmm	342	MouseExp3_p2_H10_Stool_m12noFiber_S122.scaffolds_20_74	1268	7.1e-34	15	325	921	1250	0.9064327485380117
GH127.hmm	524	MouseExp3_p2_H10_Stool_m12noFiber_S122.scaffolds_20_75	697	2.1e-189	2	524	47	605	0.9961832061068703
GH141.hmm	527	MouseExp3_p2_H10_Stool_m12noFiber_S122.scaffolds_20_76	621	2.6e-223	2	527	26	578	0.9962049335863378
GH78.hmm	504	MouseExp3_p2_H10_Stool_m12noFiber_S122.scaffolds_20_77	728	5.5e-113	7	485	193	677	0.9484126984126984
PL1_2.hmm	183	MouseExp3_p2_H10_Stool_m12noFiber_S122.scaffolds_20_84	527	9.9e-78	1	183	104	288	0.994535519125683
CE8.hmm	288	MouseExp3_p2_H10_Stool_m12noFiber_S122.scaffolds_20_85	1263	7.2e-70	2	261	779	1058	0.8993055555555556
GH95.hmm	722	MouseExp3_p2_H10_Stool_m12noFiber_S122.scaffolds_20_92	822	1.9e-288	4	713	21	754	0.981994459833795
GH3.hmm	216	MouseExp3_p2_H10_Stool_m12noFiber_S122.scaffolds_20_93	851	6e-72	4	215	50	294	0.9768518518518519
GH28.hmm	325	MouseExp3_p2_H10_Stool_m12noFiber_S122.scaffolds_20_95	500	5.4e-97	9	309	50	423	0.9230769230769231
GT2.hmm	230	MouseExp3_p2_H10_Stool_m12noFiber_S122.scaffolds_26_11	408	5.8e-21	1	227	55	273	0.9826086956521739
GH13_8.hmm	293	MouseExp3_p2_H10_Stool_m12noFiber_S122.scaffolds_26_112	671	1.2e-148	1	293	220	511	0.9965870307167235
GH13_38.hmm	375	MouseExp3_p2_H10_Stool_m12noFiber_S122.scaffolds_26_117	566	2.8e-184	1	375	33	400	0.9973333333333333
GH109.hmm	399	MouseExp3_p2_H10_Stool_m12noFiber_S122.scaffolds_26_118	353	5.8e-18	4	165	2	152	0.40350877192982454
GT2.hmm	170	MouseExp3_p2_H10_Stool_m12noFiber_S122.scaffolds_26_14	284	5.6e-20	7	141	48	175	0.788235294117647
GT32.hmm	90	MouseExp3_p2_H10_Stool_m12noFiber_S122.scaffolds_26_15	250	4.8e-23	2	87	19	95	0.9444444444444444
GH105.hmm	332	MouseExp3_p2_H10_Stool_m12noFiber_S122.scaffolds_26_171	498	7.2e-73	7	331	62	393	0.9759036144578314
GH29.hmm	346	MouseExp3_p2_H10_Stool_m12noFiber_S122.scaffolds_26_184	623	6.3e-90	29	346	39	392	0.9161849710982659
GT4.hmm	160	MouseExp3_p2_H10_Stool_m12noFiber_S122.scaffolds_26_185	377	4.7e-26	10	154	198	343	0.9
GT2.hmm	170	MouseExp3_p2_H10_Stool_m12noFiber_S122.scaffolds_26_191	259	1.3e-20	1	169	4	159	0.9882352941176471
GT4.hmm	160	MouseExp3_p2_H10_Stool_m12noFiber_S122.scaffolds_26_192	379	1.1e-41	9	159	201	349	0.9375
GT4.hmm	160	MouseExp3_p2_H10_Stool_m12noFiber_S122.scaffolds_26_194	368	3.4e-27	8	140	195	323	0.825
GT4.hmm	160	MouseExp3_p2_H10_Stool_m12noFiber_S122.scaffolds_26_29	382	5.5e-29	8	157	193	342	0.93125
GT2.hmm	230	MouseExp3_p2_H10_Stool_m12noFiber_S122.scaffolds_26_30	423	2e-27	2	229	46	266	0.9869565217391304
GT2.hmm	170	MouseExp3_p2_H10_Stool_m12noFiber_S122.scaffolds_26_31	302	2.8e-20	1	167	10	182	0.9764705882352941
GH2.hmm	752	MouseExp3_p2_H10_Stool_m12noFiber_S122.scaffolds_26_68	1076	2.5e-219	18	751	53	929	0.9747340425531915
GT2.hmm	170	MouseExp3_p2_H10_Stool_m12noFiber_S122.scaffolds_26_77	398	2.3e-25	1	166	4	186	0.9705882352941176
GT51.hmm	177	MouseExp3_p2_H10_Stool_m12noFiber_S122.scaffolds_26_94	779	3.9e-56	1	176	56	243	0.9887005649717514
GH32.hmm	293	MouseExp3_p2_H10_Stool_m12noFiber_S122.scaffolds_29_100	514	4.5e-37	2	282	53	337	0.9556313993174061
GH20.hmm	337	MouseExp3_p2_H10_Stool_m12noFiber_S122.scaffolds_29_126	758	2.4e-124	9	336	162	500	0.9703264094955489
GH3.hmm	216	MouseExp3_p2_H10_Stool_m12noFiber_S122.scaffolds_29_127	858	2.2e-62	3	214	109	329	0.9768518518518519
GH89.hmm	663	MouseExp3_p2_H10_Stool_m12noFiber_S122.scaffolds_29_128	729	6.9e-228	2	648	59	701	0.9743589743589743
GT4.hmm	160	MouseExp3_p2_H10_Stool_m12noFiber_S122.scaffolds_29_147	383	1.3e-26	6	157	200	349	0.94375
GH13.hmm	299	MouseExp3_p2_H10_Stool_m12noFiber_S122.scaffolds_29_24	619	3.9e-61	12	296	162	486	0.9498327759197325
GH13_10.hmm	313	MouseExp3_p2_H10_Stool_m12noFiber_S122.scaffolds_29_28	938	6.8e-44	1	182	389	591	0.5782747603833865
GH65.hmm	372	MouseExp3_p2_H10_Stool_m12noFiber_S122.scaffolds_29_36	770	7.8e-134	1	371	322	701	0.9946236559139785
GH36.hmm	688	MouseExp3_p2_H10_Stool_m12noFiber_S122.scaffolds_29_79	732	1e-211	3	686	28	712	0.9927325581395349
GH164.hmm	670	MouseExp3_p2_H10_Stool_m12noFiber_S122.scaffolds_29_90	674	0	1	670	1	671	0.9985074626865672
GH32.hmm	293	MouseExp3_p2_H10_Stool_m12noFiber_S122.scaffolds_29_97	605	9.2e-102	1	289	143	438	0.9829351535836177
GH172.hmm	236	MouseExp3_p2_H10_Stool_m12noFiber_S122.scaffolds_29_98	696	2.3e-62	1	235	277	513	0.9915254237288136
GH85.hmm	315	MouseExp3_p2_H10_Stool_m12noFiber_S122.scaffolds_312_4	1254	7e-43	13	314	103	414	0.9555555555555556
GH36.hmm	688	MouseExp3_p2_H10_Stool_m12noFiber_S122.scaffolds_316_13	721	1.5e-207	2	686	26	702	0.9941860465116279
GH2.hmm	752	MouseExp3_p2_H10_Stool_m12noFiber_S122.scaffolds_316_20	607	6.8e-100	24	408	51	498	0.5106382978723404
GH3.hmm	216	MouseExp3_p2_H10_Stool_m12noFiber_S122.scaffolds_316_4	760	9.4e-66	4	214	104	323	0.9722222222222222
CE19.hmm	332	MouseExp3_p2_H10_Stool_m12noFiber_S122.scaffolds_31_37	564	1.2e-17	45	188	257	393	0.4307228915662651
GH92.hmm	491	MouseExp3_p2_H10_Stool_m12noFiber_S122.scaffolds_324_1	1042	1.8e-136	2	491	522	1031	0.9959266802443992
GH2.hmm	752	MouseExp3_p2_H10_Stool_m12noFiber_S122.scaffolds_324_4	1057	4.5e-217	25	751	59	935	0.9654255319148937
GH39.hmm	431	MouseExp3_p2_H10_Stool_m12noFiber_S122.scaffolds_324_6	657	1.9e-17	75	377	297	600	0.7006960556844548
GH92.hmm	491	MouseExp3_p2_H10_Stool_m12noFiber_S122.scaffolds_324_8	762	1.8e-143	2	491	249	760	0.9959266802443992
GH29.hmm	346	MouseExp3_p2_H10_Stool_m12noFiber_S122.scaffolds_328_15	598	6.4e-82	39	339	44	365	0.8670520231213873
GH2.hmm	752	MouseExp3_p2_H10_Stool_m12noFiber_S122.scaffolds_328_16	889	5.2e-96	24	491	36	610	0.6210106382978723
GH95.hmm	722	MouseExp3_p2_H10_Stool_m12noFiber_S122.scaffolds_328_17	819	1.4e-277	13	717	54	792	0.9750692520775623
GH2.hmm	752	MouseExp3_p2_H10_Stool_m12noFiber_S122.scaffolds_34_13	865	3.7e-112	29	618	30	827	0.7832446808510638
CE4.hmm	130	MouseExp3_p2_H10_Stool_m12noFiber_S122.scaffolds_34_134	219	2.8e-26	4	115	21	128	0.8538461538461538
GH35.hmm	307	MouseExp3_p2_H10_Stool_m12noFiber_S122.scaffolds_34_52	606	5.5e-114	1	306	39	353	0.993485342019544
PL30.hmm	712	MouseExp3_p2_H10_Stool_m12noFiber_S122.scaffolds_34_53	796	1e-219	4	712	52	741	0.9943820224719101
GH88.hmm	329	MouseExp3_p2_H10_Stool_m12noFiber_S122.scaffolds_34_56	412	5.5e-130	5	329	65	404	0.9848024316109423
GH89.hmm	663	MouseExp3_p2_H10_Stool_m12noFiber_S122.scaffolds_34_58	762	2.5e-207	2	663	67	729	0.9969834087481146
GH31.hmm	427	MouseExp3_p2_H10_Stool_m12noFiber_S122.scaffolds_34_59	960	2.7e-146	1	427	381	848	0.9976580796252927
GH95.hmm	722	MouseExp3_p2_H10_Stool_m12noFiber_S122.scaffolds_34_65	805	4.1e-226	6	704	30	772	0.9667590027700831
GH18.hmm	296	MouseExp3_p2_H10_Stool_m12noFiber_S122.scaffolds_34_66	834	2.7e-38	22	286	437	731	0.8918918918918919
GH20.hmm	337	MouseExp3_p2_H10_Stool_m12noFiber_S122.scaffolds_34_70	631	1.8e-123	8	336	159	510	0.973293768545994
GH163.hmm	251	MouseExp3_p2_H10_Stool_m12noFiber_S122.scaffolds_34_71	624	2.8e-41	5	250	264	533	0.9760956175298805
GH3.hmm	216	MouseExp3_p2_H10_Stool_m12noFiber_S122.scaffolds_34_79	771	9.9e-63	5	216	75	290	0.9768518518518519
GH105.hmm	332	MouseExp3_p2_H10_Stool_m12noFiber_S122.scaffolds_34_93	368	8.7e-85	11	331	49	364	0.963855421686747
CE7.hmm	313	MouseExp3_p2_H10_Stool_m12noFiber_S122.scaffolds_34_94	425	2.7e-77	8	311	123	416	0.9680511182108626
GH43_26.hmm	294	MouseExp3_p2_H10_Stool_m12noFiber_S122.scaffolds_35_10	370	7.5e-77	2	294	38	345	0.9931972789115646
GH84.hmm	295	MouseExp3_p2_H10_Stool_m12noFiber_S122.scaffolds_35_11	603	1.5e-107	1	294	151	443	0.9932203389830508
GT2.hmm	170	MouseExp3_p2_H10_Stool_m12noFiber_S122.scaffolds_35_136	251	1.8e-31	2	168	9	175	0.9764705882352941
GH127.hmm	524	MouseExp3_p2_H10_Stool_m12noFiber_S122.scaffolds_35_14	664	3.8e-61	46	524	103	565	0.9122137404580153
GH63.hmm	570	MouseExp3_p2_H10_Stool_m12noFiber_S122.scaffolds_35_16	455	1.4e-23	331	563	44	440	0.4070175438596491
GH36.hmm	688	MouseExp3_p2_H10_Stool_m12noFiber_S122.scaffolds_35_18	739	7.1e-205	4	687	29	711	0.9927325581395349
GH3.hmm	216	MouseExp3_p2_H10_Stool_m12noFiber_S122.scaffolds_35_19	759	1.1e-71	3	216	97	318	0.9861111111111112
CE19.hmm	332	MouseExp3_p2_H10_Stool_m12noFiber_S122.scaffolds_35_33	370	1.3e-16	45	192	65	203	0.4427710843373494
GH2.hmm	752	MouseExp3_p2_H10_Stool_m12noFiber_S122.scaffolds_35_38	846	5.6e-105	24	572	7	748	0.7287234042553191
GH13_5.hmm	342	MouseExp3_p2_H10_Stool_m12noFiber_S122.scaffolds_35_4	482	2.1e-148	1	342	30	370	0.9970760233918129
GH3.hmm	216	MouseExp3_p2_H10_Stool_m12noFiber_S122.scaffolds_35_43	821	6.1e-68	3	216	60	268	0.9861111111111112
GH3.hmm	216	MouseExp3_p2_H10_Stool_m12noFiber_S122.scaffolds_35_44	728	6e-65	3	216	87	309	0.9861111111111112
GH89.hmm	663	MouseExp3_p2_H10_Stool_m12noFiber_S122.scaffolds_35_49	725	2.7e-234	3	660	66	715	0.9909502262443439
GH89.hmm	663	MouseExp3_p2_H10_Stool_m12noFiber_S122.scaffolds_35_53	724	1.6e-209	2	654	68	708	0.9834087481146304
CE1.hmm	227	MouseExp3_p2_H10_Stool_m12noFiber_S122.scaffolds_35_67	272	3.5e-52	1	219	30	261	0.960352422907489
GT51.hmm	177	MouseExp3_p2_H10_Stool_m12noFiber_S122.scaffolds_35_77	770	4.2e-46	20	176	65	220	0.8813559322033898
PL1_2.hmm	183	MouseExp3_p2_H10_Stool_m12noFiber_S122.scaffolds_35_86	577	2.4e-81	1	183	78	265	0.994535519125683
GH2.hmm	752	MouseExp3_p2_H10_Stool_m12noFiber_S122.scaffolds_35_9	608	6.8e-105	24	399	53	493	0.49867021276595747
GH23.hmm	135	MouseExp3_p2_H10_Stool_m12noFiber_S122.scaffolds_35_93	464	9.4e-23	11	129	300	427	0.8740740740740741
GH146.hmm	503	MouseExp3_p2_H10_Stool_m12noFiber_S122.scaffolds_37_1	674	3.5e-155	1	503	41	592	0.9980119284294234
PL8_3.hmm	249	MouseExp3_p2_H10_Stool_m12noFiber_S122.scaffolds_37_121	713	1.1e-105	1	248	340	592	0.9919678714859438
GT2.hmm	170	MouseExp3_p2_H10_Stool_m12noFiber_S122.scaffolds_37_17	250	1.5e-25	1	129	11	137	0.7529411764705882
GT4.hmm	160	MouseExp3_p2_H10_Stool_m12noFiber_S122.scaffolds_37_18	422	1.6e-24	18	152	251	383	0.8375
GH2.hmm	752	MouseExp3_p2_H10_Stool_m12noFiber_S122.scaffolds_37_2	876	2.1e-104	29	465	22	573	0.5797872340425532
CBM57.hmm	147	MouseExp3_p2_H10_Stool_m12noFiber_S122.scaffolds_37_2	876	2.4e-26	16	146	714	868	0.8843537414965986
GT4.hmm	160	MouseExp3_p2_H10_Stool_m12noFiber_S122.scaffolds_37_21	401	8.9e-30	7	160	219	371	0.95625
GT2.hmm	170	MouseExp3_p2_H10_Stool_m12noFiber_S122.scaffolds_37_22	309	4.1e-20	2	169	5	180	0.9823529411764705
GT14.hmm	250	MouseExp3_p2_H10_Stool_m12noFiber_S122.scaffolds_37_23	306	1.2e-46	1	227	4	252	0.904
GT2.hmm	170	MouseExp3_p2_H10_Stool_m12noFiber_S122.scaffolds_37_24	333	2.1e-30	1	121	22	138	0.7058823529411765
GH146.hmm	503	MouseExp3_p2_H10_Stool_m12noFiber_S122.scaffolds_37_3	680	8.6e-32	146	501	175	542	0.705765407554672
GH43_8.hmm	281	MouseExp3_p2_H10_Stool_m12noFiber_S122.scaffolds_37_4	514	6.3e-127	1	281	29	311	0.99644128113879
GH146.hmm	503	MouseExp3_p2_H10_Stool_m12noFiber_S122.scaffolds_37_5	797	7.7e-179	1	503	44	558	0.9980119284294234
PL1_2.hmm	183	MouseExp3_p2_H10_Stool_m12noFiber_S122.scaffolds_37_53	1235	8.4e-47	2	172	80	248	0.9289617486338798
GH127.hmm	524	MouseExp3_p2_H10_Stool_m12noFiber_S122.scaffolds_37_6	808	6.7e-211	1	524	36	579	0.9980916030534351
GH63.hmm	570	MouseExp3_p2_H10_Stool_m12noFiber_S122.scaffolds_37_64	890	4.6e-108	261	567	206	635	0.5368421052631579
GH2.hmm	752	MouseExp3_p2_H10_Stool_m12noFiber_S122.scaffolds_37_67	1048	1.4e-224	21	750	57	910	0.9694148936170213
GH63.hmm	570	MouseExp3_p2_H10_Stool_m12noFiber_S122.scaffolds_37_68	643	5.5e-106	248	568	191	634	0.5614035087719298
GH43_18.hmm	229	MouseExp3_p2_H10_Stool_m12noFiber_S122.scaffolds_37_7	323	1.9e-29	5	229	36	283	0.9781659388646288
GH127.hmm	524	MouseExp3_p2_H10_Stool_m12noFiber_S122.scaffolds_37_83	676	4.3e-33	301	523	318	547	0.42366412213740456
GH43_33.hmm	315	MouseExp3_p2_H10_Stool_m12noFiber_S122.scaffolds_37_84	373	8.6e-136	1	314	34	350	0.9936507936507937
GH2.hmm	752	MouseExp3_p2_H10_Stool_m12noFiber_S122.scaffolds_37_85	735	1.5e-99	22	491	47	614	0.6236702127659575
GH43_26.hmm	294	MouseExp3_p2_H10_Stool_m12noFiber_S122.scaffolds_37_87	370	1.6e-92	1	294	44	344	0.9965986394557823
GH93.hmm	307	MouseExp3_p2_H10_Stool_m12noFiber_S122.scaffolds_37_93	483	2.2e-16	4	275	37	342	0.8827361563517915
GH85.hmm	315	MouseExp3_p2_H10_Stool_m12noFiber_S122.scaffolds_37_99	1011	1.8e-38	17	314	125	433	0.9428571428571428
GH123.hmm	538	MouseExp3_p2_H10_Stool_m12noFiber_S122.scaffolds_392_10	600	1.1e-237	3	538	59	598	0.9944237918215614
GT30.hmm	177	MouseExp3_p2_H10_Stool_m12noFiber_S122.scaffolds_392_15	407	4.5e-49	12	176	45	205	0.9265536723163842
GT28.hmm	157	MouseExp3_p2_H10_Stool_m12noFiber_S122.scaffolds_3_118	374	1.8e-47	1	156	194	355	0.9872611464968153
GH171.hmm	355	MouseExp3_p2_H10_Stool_m12noFiber_S122.scaffolds_3_13	413	8.2e-132	1	355	46	411	0.9971830985915493
GH2.hmm	752	MouseExp3_p2_H10_Stool_m12noFiber_S122.scaffolds_3_160	674	1.7e-105	25	507	24	596	0.6409574468085106
GH92.hmm	491	MouseExp3_p2_H10_Stool_m12noFiber_S122.scaffolds_3_161	746	2e-180	2	490	256	740	0.9938900203665988
CBM62.hmm	131	MouseExp3_p2_H10_Stool_m12noFiber_S122.scaffolds_3_162	649	1.4e-16	3	63	520	580	0.4580152671755725
GH2.hmm	752	MouseExp3_p2_H10_Stool_m12noFiber_S122.scaffolds_3_168	976	2.2e-67	44	466	203	724	0.5611702127659575
GH43_24.hmm	246	MouseExp3_p2_H10_Stool_m12noFiber_S122.scaffolds_3_170	337	3.8e-101	2	246	46	302	0.991869918699187
GH2.hmm	752	MouseExp3_p2_H10_Stool_m12noFiber_S122.scaffolds_3_173	1432	2.1e-105	21	378	51	454	0.4747340425531915
CE20.hmm	249	MouseExp3_p2_H10_Stool_m12noFiber_S122.scaffolds_3_195	651	8.8e-43	3	117	105	225	0.4578313253012048
CE20.hmm	249	MouseExp3_p2_H10_Stool_m12noFiber_S122.scaffolds_3_195	651	1.6e-50	103	248	398	544	0.5823293172690763
GH3.hmm	216	MouseExp3_p2_H10_Stool_m12noFiber_S122.scaffolds_3_196	863	4.7e-68	4	215	58	303	0.9768518518518519
GH3.hmm	216	MouseExp3_p2_H10_Stool_m12noFiber_S122.scaffolds_3_197	853	9.4e-68	2	215	62	305	0.9861111111111112
GH30_2.hmm	417	MouseExp3_p2_H10_Stool_m12noFiber_S122.scaffolds_3_198	465	1.2e-177	5	416	54	462	0.9856115107913669
GH92.hmm	491	MouseExp3_p2_H10_Stool_m12noFiber_S122.scaffolds_3_199	763	9.6e-159	13	490	225	737	0.9714867617107943
GH3.hmm	216	MouseExp3_p2_H10_Stool_m12noFiber_S122.scaffolds_3_213	780	3.9e-63	3	216	118	348	0.9861111111111112
GT2.hmm	170	MouseExp3_p2_H10_Stool_m12noFiber_S122.scaffolds_3_228	313	6.9e-27	1	133	7	139	0.7764705882352941
GT2.hmm	170	MouseExp3_p2_H10_Stool_m12noFiber_S122.scaffolds_3_229	266	3.2e-22	1	125	6	129	0.7294117647058823
GT11.hmm	276	MouseExp3_p2_H10_Stool_m12noFiber_S122.scaffolds_3_230	274	8.2e-24	1	255	1	256	0.9202898550724637
GT2.hmm	170	MouseExp3_p2_H10_Stool_m12noFiber_S122.scaffolds_3_233	257	5.5e-18	1	116	4	112	0.6764705882352942
GT2.hmm	170	MouseExp3_p2_H10_Stool_m12noFiber_S122.scaffolds_3_234	326	3e-34	1	146	9	155	0.8529411764705882
GT2.hmm	170	MouseExp3_p2_H10_Stool_m12noFiber_S122.scaffolds_3_238	338	1.4e-35	1	168	15	180	0.9823529411764705
GT2.hmm	170	MouseExp3_p2_H10_Stool_m12noFiber_S122.scaffolds_3_243	325	3.1e-22	2	169	5	174	0.9823529411764705
GT4.hmm	160	MouseExp3_p2_H10_Stool_m12noFiber_S122.scaffolds_3_245	376	1.9e-25	9	158	202	347	0.93125
GT9.hmm	225	MouseExp3_p2_H10_Stool_m12noFiber_S122.scaffolds_3_247	346	1.5e-33	4	220	73	323	0.96
CE8.hmm	288	MouseExp3_p2_H10_Stool_m12noFiber_S122.scaffolds_3_259	1436	8.3e-53	23	286	1025	1296	0.9131944444444444
GH88.hmm	329	MouseExp3_p2_H10_Stool_m12noFiber_S122.scaffolds_3_263	478	2.8e-129	6	328	147	470	0.9787234042553191
GH29.hmm	346	MouseExp3_p2_H10_Stool_m12noFiber_S122.scaffolds_3_275	611	1.8e-95	31	346	26	353	0.9104046242774566
PL8_2.hmm	247	MouseExp3_p2_H10_Stool_m12noFiber_S122.scaffolds_3_276	1013	6.4e-85	1	247	606	850	0.9959514170040485
GH117.hmm	211	MouseExp3_p2_H10_Stool_m12noFiber_S122.scaffolds_3_277	375	6e-19	41	149	109	229	0.5118483412322274
GH117.hmm	211	MouseExp3_p2_H10_Stool_m12noFiber_S122.scaffolds_3_277	375	5.6e-19	57	210	204	352	0.7251184834123223
PL8_2.hmm	247	MouseExp3_p2_H10_Stool_m12noFiber_S122.scaffolds_3_280	1708	2e-46	1	245	1209	1479	0.9878542510121457
PL8_2.hmm	247	MouseExp3_p2_H10_Stool_m12noFiber_S122.scaffolds_3_287	1024	8.2e-86	1	247	616	860	0.9959514170040485
GT2.hmm	170	MouseExp3_p2_H10_Stool_m12noFiber_S122.scaffolds_3_293	490	9.5e-19	1	114	61	199	0.6647058823529411
GH163.hmm	251	MouseExp3_p2_H10_Stool_m12noFiber_S122.scaffolds_3_295	722	9.3e-72	8	250	198	438	0.9641434262948207
GH3.hmm	216	MouseExp3_p2_H10_Stool_m12noFiber_S122.scaffolds_3_30	762	9e-74	3	216	69	294	0.9861111111111112
PL11_1.hmm	583	MouseExp3_p2_H10_Stool_m12noFiber_S122.scaffolds_3_302	1192	1.4e-240	4	576	500	1094	0.9811320754716981
GH3.hmm	216	MouseExp3_p2_H10_Stool_m12noFiber_S122.scaffolds_3_308	742	1.8e-69	4	214	62	280	0.9722222222222222
GH144.hmm	404	MouseExp3_p2_H10_Stool_m12noFiber_S122.scaffolds_3_31	452	2.8e-190	3	403	39	450	0.9900990099009901
GH95.hmm	722	MouseExp3_p2_H10_Stool_m12noFiber_S122.scaffolds_3_43	1401	4.2e-284	3	713	23	782	0.9833795013850416
GH125.hmm	402	MouseExp3_p2_H10_Stool_m12noFiber_S122.scaffolds_3_51	488	1.8e-186	2	402	73	472	0.9950248756218906
GH127.hmm	524	MouseExp3_p2_H10_Stool_m12noFiber_S122.scaffolds_3_53	688	1.9e-34	296	522	322	551	0.4312977099236641
GH2.hmm	752	MouseExp3_p2_H10_Stool_m12noFiber_S122.scaffolds_3_54	600	2.4e-101	23	489	32	593	0.6196808510638298
GH38.hmm	269	MouseExp3_p2_H10_Stool_m12noFiber_S122.scaffolds_3_55	1206	3.3e-54	1	250	30	284	0.9256505576208178
CBM32.hmm	124	MouseExp3_p2_H10_Stool_m12noFiber_S122.scaffolds_3_55	1206	4.9e-17	10	123	1080	1202	0.9112903225806451
GH171.hmm	355	MouseExp3_p2_H10_Stool_m12noFiber_S122.scaffolds_3_6	389	4e-111	1	355	43	386	0.9971830985915493
GH85.hmm	315	MouseExp3_p2_H10_Stool_m12noFiber_S122.scaffolds_3_79	1223	6.3e-53	17	312	107	426	0.9365079365079365
GT2.hmm	170	MouseExp3_p2_H10_Stool_m12noFiber_S122.scaffolds_3_9	489	7.7e-22	1	120	247	368	0.7
GH23.hmm	135	MouseExp3_p2_H10_Stool_m12noFiber_S122.scaffolds_41_102	437	3.8e-25	2	119	133	266	0.8666666666666667
GT19.hmm	354	MouseExp3_p2_H10_Stool_m12noFiber_S122.scaffolds_41_107	379	7.2e-115	2	351	4	358	0.9858757062146892
GH20.hmm	337	MouseExp3_p2_H10_Stool_m12noFiber_S122.scaffolds_41_26	655	1.3e-69	10	336	151	473	0.9673590504451038
GH2.hmm	752	MouseExp3_p2_H10_Stool_m12noFiber_S122.scaffolds_41_27	833	2.6e-120	26	533	22	700	0.6742021276595744
PL10_1.hmm	288	MouseExp3_p2_H10_Stool_m12noFiber_S122.scaffolds_41_42	365	1.3e-123	1	286	62	349	0.9895833333333334
GH97.hmm	631	MouseExp3_p2_H10_Stool_m12noFiber_S122.scaffolds_41_90	672	3.2e-230	5	630	14	666	0.9904912836767037
GH85.hmm	315	MouseExp3_p2_H10_Stool_m12noFiber_S122.scaffolds_41_91	1439	1.2e-52	10	313	82	384	0.9619047619047619
CBM32.hmm	124	MouseExp3_p2_H10_Stool_m12noFiber_S122.scaffolds_41_91	1439	1.8e-19	11	123	756	877	0.9032258064516129
GH92.hmm	491	MouseExp3_p2_H10_Stool_m12noFiber_S122.scaffolds_41_94	754	1.4e-185	2	491	224	731	0.9959266802443992
GH92.hmm	491	MouseExp3_p2_H10_Stool_m12noFiber_S122.scaffolds_41_97	750	6.1e-197	4	491	249	743	0.9918533604887984
CE1.hmm	227	MouseExp3_p2_H10_Stool_m12noFiber_S122.scaffolds_52_76	696	5.7e-18	5	207	446	671	0.8898678414096917
GT3.hmm	637	MouseExp3_p2_H10_Stool_m12noFiber_S122.scaffolds_52_8	554	1.3e-126	1	346	13	347	0.5416012558869702
GT35.hmm	674	MouseExp3_p2_H10_Stool_m12noFiber_S122.scaffolds_52_9	855	5.9e-117	208	647	270	719	0.6513353115727003
GT4.hmm	160	MouseExp3_p2_H10_Stool_m12noFiber_S122.scaffolds_6_169	416	4.1e-23	19	150	233	378	0.81875
GH105.hmm	332	MouseExp3_p2_H10_Stool_m12noFiber_S122.scaffolds_6_226	375	2.3e-81	11	332	55	371	0.9668674698795181
GH76.hmm	358	MouseExp3_p2_H10_Stool_m12noFiber_S122.scaffolds_6_227	540	6.4e-21	25	190	39	208	0.46089385474860334
PL32.hmm	620	MouseExp3_p2_H10_Stool_m12noFiber_S122.scaffolds_6_228	347	3.8e-175	294	620	21	346	0.5258064516129032
PL32.hmm	620	MouseExp3_p2_H10_Stool_m12noFiber_S122.scaffolds_6_229	621	0	1	620	1	620	0.9983870967741936
GH154.hmm	348	MouseExp3_p2_H10_Stool_m12noFiber_S122.scaffolds_6_230	680	2.6e-95	1	347	59	411	0.9942528735632183
GH105.hmm	332	MouseExp3_p2_H10_Stool_m12noFiber_S122.scaffolds_6_231	677	4.3e-79	5	331	44	353	0.9819277108433735
CBM32.hmm	124	MouseExp3_p2_H10_Stool_m12noFiber_S122.scaffolds_6_231	677	3.9e-20	7	121	461	577	0.9193548387096774
GH31.hmm	427	MouseExp3_p2_H10_Stool_m12noFiber_S122.scaffolds_6_295	533	8e-84	32	421	145	529	0.9110070257611241
GH110.hmm	548	MouseExp3_p2_H10_Stool_m12noFiber_S122.scaffolds_6_297	596	9.5e-230	1	546	27	595	0.9945255474452555
GH140.hmm	412	MouseExp3_p2_H10_Stool_m12noFiber_S122.scaffolds_6_311	489	2.6e-170	1	412	36	462	0.9975728155339806
GT2.hmm	170	MouseExp3_p2_H10_Stool_m12noFiber_S122.scaffolds_6_314	296	6.2e-20	1	166	3	165	0.9705882352941176
GT51.hmm	177	MouseExp3_p2_H10_Stool_m12noFiber_S122.scaffolds_6_327	235	3.8e-54	12	176	58	221	0.9265536723163842
GT2.hmm	170	MouseExp3_p2_H10_Stool_m12noFiber_S122.scaffolds_6_78	252	2.7e-23	1	167	5	163	0.9764705882352941
CE12.hmm	210	MouseExp3_p2_H10_Stool_m12noFiber_S122.scaffolds_72_23	547	8.5e-52	2	210	65	283	0.9904761904761905
CE12.hmm	210	MouseExp3_p2_H10_Stool_m12noFiber_S122.scaffolds_72_23	547	1.1e-59	2	210	315	530	0.9904761904761905
PL1_2.hmm	183	MouseExp3_p2_H10_Stool_m12noFiber_S122.scaffolds_72_47	605	7.2e-68	1	183	102	300	0.994535519125683
PL1_2.hmm	183	MouseExp3_p2_H10_Stool_m12noFiber_S122.scaffolds_72_48	903	2.1e-78	1	183	68	255	0.994535519125683
GH43_12.hmm	281	MouseExp3_p2_H10_Stool_m12noFiber_S122.scaffolds_72_5	518	1.2e-115	1	281	22	296	0.99644128113879
CBM91.hmm	200	MouseExp3_p2_H10_Stool_m12noFiber_S122.scaffolds_72_5	518	5.4e-60	3	197	322	517	0.97
GH73.hmm	128	MouseExp3_p2_H10_Stool_m12noFiber_S122.scaffolds_72_54	302	1e-36	3	128	39	167	0.9765625
GH3.hmm	216	MouseExp3_p2_H10_Stool_m12noFiber_S122.scaffolds_72_98	930	2.6e-64	3	215	75	309	0.9814814814814815
CBM6.hmm	138	MouseExp3_p2_H10_Stool_m12noFiber_S122.scaffolds_72_98	930	2.6e-21	11	136	441	572	0.9057971014492754
GT8.hmm	257	MouseExp3_p2_H10_Stool_m12noFiber_S122.scaffolds_77_10	308	2.1e-51	30	255	2	257	0.8754863813229572
CBM32.hmm	124	MouseExp3_p2_H10_Stool_m12noFiber_S122.scaffolds_77_30	2211	5.1e-20	16	122	2010	2117	0.8548387096774194
GH78.hmm	504	MouseExp3_p2_H10_Stool_m12noFiber_S122.scaffolds_77_31	987	2.3e-27	73	413	404	786	0.6746031746031746
GH3.hmm	216	MouseExp3_p2_H10_Stool_m12noFiber_S122.scaffolds_77_32	1351	5.9e-67	2	215	499	707	0.9861111111111112
GH2.hmm	752	MouseExp3_p2_H10_Stool_m12noFiber_S122.scaffolds_77_34	1244	6.5e-154	194	749	18	656	0.738031914893617
CBM32.hmm	124	MouseExp3_p2_H10_Stool_m12noFiber_S122.scaffolds_77_34	1244	7.1e-20	10	122	879	1003	0.9032258064516129
GH76.hmm	358	MouseExp3_p2_H10_Stool_m12noFiber_S122.scaffolds_77_36	1311	8.5e-57	18	331	169	484	0.8743016759776536
CBM6.hmm	138	MouseExp3_p2_H10_Stool_m12noFiber_S122.scaffolds_77_36	1311	7.9e-17	18	138	527	651	0.8695652173913043
GH92.hmm	491	MouseExp3_p2_H10_Stool_m12noFiber_S122.scaffolds_77_37	761	4.2e-178	2	491	234	741	0.9959266802443992
GH38.hmm	269	MouseExp3_p2_H10_Stool_m12noFiber_S122.scaffolds_77_44	1320	9.1e-54	3	256	29	302	0.9405204460966543
GH2.hmm	752	MouseExp3_p2_H10_Stool_m12noFiber_S122.scaffolds_77_45	1294	4.3e-109	19	491	485	1063	0.6276595744680851
CE20.hmm	249	MouseExp3_p2_H10_Stool_m12noFiber_S122.scaffolds_77_46	666	1.2e-45	3	135	105	251	0.5301204819277109
CE20.hmm	249	MouseExp3_p2_H10_Stool_m12noFiber_S122.scaffolds_77_46	666	9e-55	120	248	417	546	0.5140562248995983
GH3.hmm	216	MouseExp3_p2_H10_Stool_m12noFiber_S122.scaffolds_77_47	822	1.8e-71	3	216	59	267	0.9861111111111112
GH125.hmm	402	MouseExp3_p2_H10_Stool_m12noFiber_S122.scaffolds_77_48	490	2.7e-186	2	402	76	474	0.9950248756218906
GH76.hmm	358	MouseExp3_p2_H10_Stool_m12noFiber_S122.scaffolds_77_49	398	1.2e-68	39	327	65	369	0.8044692737430168
GH97.hmm	631	MouseExp3_p2_H10_Stool_m12noFiber_S122.scaffolds_77_50	709	1.2e-233	6	630	12	699	0.9889064976228209
GT4.hmm	160	MouseExp3_p2_H10_Stool_m12noFiber_S122.scaffolds_77_7	369	6e-34	5	160	181	337	0.96875
GT2.hmm	170	MouseExp3_p2_H10_Stool_m12noFiber_S122.scaffolds_77_8	273	1.7e-31	4	131	2	126	0.7470588235294118
GT4.hmm	160	MouseExp3_p2_H10_Stool_m12noFiber_S122.scaffolds_77_9	363	4.3e-36	12	157	178	331	0.90625
GH33.hmm	342	MouseExp3_p2_H10_Stool_m12noFiber_S122.scaffolds_87_1	1069	1.5e-73	11	330	375	699	0.9327485380116959
GH171.hmm	355	MouseExp3_p2_H10_Stool_m12noFiber_S122.scaffolds_87_20	388	4.4e-115	1	355	44	387	0.9971830985915493
GH109.hmm	399	MouseExp3_p2_H10_Stool_m12noFiber_S122.scaffolds_87_21	514	8e-164	2	398	62	473	0.9924812030075187
CBM20.hmm	90	MouseExp3_p2_H10_Stool_m12noFiber_S122.scaffolds_87_29	915	2e-17	2	81	16	98	0.8777777777777778
GH77.hmm	494	MouseExp3_p2_H10_Stool_m12noFiber_S122.scaffolds_87_29	915	1e-155	1	491	261	907	0.9919028340080972
GT2.hmm	170	MouseExp3_p2_H10_Stool_m12noFiber_S122.scaffolds_87_34	344	3.7e-26	1	163	5	176	0.9529411764705882
GH2.hmm	752	MouseExp3_p2_H10_Stool_m12noFiber_S122.scaffolds_87_47	699	4.7e-88	123	465	2	449	0.45478723404255317
GH30_4.hmm	484	MouseExp3_p2_H10_Stool_m12noFiber_S122.scaffolds_87_48	1043	6.1e-156	2	484	453	951	0.9958677685950413
CE12.hmm	210	MouseExp3_p2_H10_Stool_m12noFiber_S122.scaffolds_8_121	419	3.8e-74	1	209	168	372	0.9904761904761905
GH2.hmm	752	MouseExp3_p2_H10_Stool_m12noFiber_S122.scaffolds_8_127	947	3.4e-117	19	624	20	707	0.8045212765957447
PL11_1.hmm	583	MouseExp3_p2_H10_Stool_m12noFiber_S122.scaffolds_8_128	1027	8.6e-263	3	571	25	618	0.9742710120068611
PL1_2.hmm	183	MouseExp3_p2_H10_Stool_m12noFiber_S122.scaffolds_8_136	973	2.9e-52	1	183	77	257	0.994535519125683
CBM89.hmm	312	MouseExp3_p2_H10_Stool_m12noFiber_S122.scaffolds_8_137	666	2.3e-110	2	298	205	499	0.9487179487179487
GH105.hmm	332	MouseExp3_p2_H10_Stool_m12noFiber_S122.scaffolds_8_141	433	2.6e-91	10	331	71	411	0.9668674698795181
GH28.hmm	325	MouseExp3_p2_H10_Stool_m12noFiber_S122.scaffolds_8_146	510	5.1e-82	8	319	75	485	0.9569230769230769
PL11.hmm	606	MouseExp3_p2_H10_Stool_m12noFiber_S122.scaffolds_8_147	612	1.4e-157	3	571	50	611	0.9372937293729373
GH106.hmm	824	MouseExp3_p2_H10_Stool_m12noFiber_S122.scaffolds_8_148	922	1.1e-286	5	823	31	914	0.9927184466019418
CE20.hmm	249	MouseExp3_p2_H10_Stool_m12noFiber_S122.scaffolds_8_149	843	1.7e-91	3	249	104	366	0.9879518072289156
GH105.hmm	332	MouseExp3_p2_H10_Stool_m12noFiber_S122.scaffolds_8_149	843	5.4e-119	13	331	506	841	0.9578313253012049
GH20.hmm	337	MouseExp3_p2_H10_Stool_m12noFiber_S122.scaffolds_8_182	838	4e-94	14	335	315	726	0.9525222551928784
GH33.hmm	342	MouseExp3_p2_H10_Stool_m12noFiber_S122.scaffolds_8_183	1453	2.1e-83	9	341	403	743	0.9707602339181286
GH85.hmm	315	MouseExp3_p2_H10_Stool_m12noFiber_S122.scaffolds_8_184	1249	1.4e-44	17	314	113	424	0.9428571428571428
PL1.hmm	202	MouseExp3_p2_H10_Stool_m12noFiber_S122.scaffolds_8_209	731	4.6e-44	26	202	211	389	0.8712871287128713
CBM77.hmm	103	MouseExp3_p2_H10_Stool_m12noFiber_S122.scaffolds_8_209	731	2.2e-29	5	103	576	677	0.9514563106796117
GT2.hmm	170	MouseExp3_p2_H10_Stool_m12noFiber_S122.scaffolds_8_227	330	1.7e-26	1	168	4	168	0.9823529411764705
GH84.hmm	295	MouseExp3_p2_H10_Stool_m12noFiber_S122.scaffolds_8_36	858	1.3e-105	1	294	178	472	0.9932203389830508
GH3.hmm	216	MouseExp3_p2_H10_Stool_m12noFiber_S122.scaffolds_8_84	431	3.2e-57	3	215	103	327	0.9814814814814815
