GT4.hmm	160	MouseExp3_p2_D12_Distal_m16Normal_S98.scaffolds_12_101	459	4.3e-17	69	154	335	418	0.53125
GT10.hmm	347	MouseExp3_p2_D12_Distal_m16Normal_S98.scaffolds_12_102	333	9.1e-39	155	303	109	261	0.4265129682997118
GT10.hmm	347	MouseExp3_p2_D12_Distal_m16Normal_S98.scaffolds_12_104	344	6.7e-20	58	277	24	242	0.6311239193083573
GH35.hmm	307	MouseExp3_p2_D12_Distal_m16Normal_S98.scaffolds_12_113	644	4e-100	1	305	55	368	0.990228013029316
PL38.hmm	279	MouseExp3_p2_D12_Distal_m16Normal_S98.scaffolds_12_129	341	4.4e-87	4	279	37	312	0.985663082437276
GH43_24.hmm	246	MouseExp3_p2_D12_Distal_m16Normal_S98.scaffolds_12_28	371	2.4e-104	2	246	54	337	0.991869918699187
GH37.hmm	491	MouseExp3_p2_D12_Distal_m16Normal_S98.scaffolds_12_56	509	2.8e-25	304	480	235	421	0.35845213849287166
GH20.hmm	337	MouseExp3_p2_D12_Distal_m16Normal_S98.scaffolds_12_57	551	7.7e-115	8	336	152	506	0.973293768545994
GH16_3.hmm	230	MouseExp3_p2_D12_Distal_m16Normal_S98.scaffolds_12_65	306	2.7e-69	1	230	37	283	0.9956521739130435
GT8.hmm	257	MouseExp3_p2_D12_Distal_m16Normal_S98.scaffolds_12_95	328	1.4e-50	28	256	4	265	0.8871595330739299
GT2.hmm	170	MouseExp3_p2_D12_Distal_m16Normal_S98.scaffolds_12_96	342	2.3e-38	1	168	8	175	0.9823529411764705
GT9.hmm	225	MouseExp3_p2_D12_Distal_m16Normal_S98.scaffolds_12_97	325	1.2e-27	4	187	74	271	0.8133333333333334
GT2.hmm	170	MouseExp3_p2_D12_Distal_m16Normal_S98.scaffolds_12_99	385	2.7e-32	1	145	6	145	0.8470588235294118
CBM32.hmm	124	MouseExp3_p2_D12_Distal_m16Normal_S98.scaffolds_132_6	711	1.1e-24	8	122	52	174	0.9193548387096774
GH123.hmm	538	MouseExp3_p2_D12_Distal_m16Normal_S98.scaffolds_132_6	711	1.3e-194	4	538	184	704	0.9925650557620818
CBM9.hmm	182	MouseExp3_p2_D12_Distal_m16Normal_S98.scaffolds_15_12	350	2.5e-18	1	178	38	222	0.9725274725274725
GH27.hmm	229	MouseExp3_p2_D12_Distal_m16Normal_S98.scaffolds_15_37	534	1.1e-74	10	228	275	508	0.9519650655021834
GH109.hmm	399	MouseExp3_p2_D12_Distal_m16Normal_S98.scaffolds_15_4	402	2.4e-17	6	164	16	181	0.39598997493734334
GH95.hmm	722	MouseExp3_p2_D12_Distal_m16Normal_S98.scaffolds_15_73	797	4.5e-248	11	719	56	778	0.9806094182825484
GT28.hmm	157	MouseExp3_p2_D12_Distal_m16Normal_S98.scaffolds_18_16	375	1.2e-48	3	157	200	356	0.9808917197452229
GT4.hmm	160	MouseExp3_p2_D12_Distal_m16Normal_S98.scaffolds_18_36	390	2.9e-20	3	159	202	351	0.975
GT8.hmm	257	MouseExp3_p2_D12_Distal_m16Normal_S98.scaffolds_18_40	316	3.4e-49	31	254	2	258	0.867704280155642
GT2.hmm	170	MouseExp3_p2_D12_Distal_m16Normal_S98.scaffolds_18_43	351	1e-17	1	122	10	134	0.711764705882353
GT2.hmm	170	MouseExp3_p2_D12_Distal_m16Normal_S98.scaffolds_18_46	355	8.4e-35	1	122	19	136	0.711764705882353
GH20.hmm	337	MouseExp3_p2_D12_Distal_m16Normal_S98.scaffolds_18_50	494	4.1e-102	8	336	106	459	0.973293768545994
GH33.hmm	342	MouseExp3_p2_D12_Distal_m16Normal_S98.scaffolds_18_58	404	1.5e-79	7	338	35	377	0.9678362573099415
GT19.hmm	354	MouseExp3_p2_D12_Distal_m16Normal_S98.scaffolds_1_101	373	2e-104	2	352	4	353	0.9887005649717514
CE3.hmm	194	MouseExp3_p2_D12_Distal_m16Normal_S98.scaffolds_1_109	1002	9.2e-22	3	192	32	285	0.9742268041237113
GH20.hmm	337	MouseExp3_p2_D12_Distal_m16Normal_S98.scaffolds_1_145	505	1.5e-102	8	336	118	465	0.973293768545994
GH20.hmm	337	MouseExp3_p2_D12_Distal_m16Normal_S98.scaffolds_1_146	512	5.3e-104	8	336	124	467	0.973293768545994
GH109.hmm	399	MouseExp3_p2_D12_Distal_m16Normal_S98.scaffolds_1_23	452	4.9e-17	6	166	131	280	0.40100250626566414
GH18.hmm	296	MouseExp3_p2_D12_Distal_m16Normal_S98.scaffolds_1_266	481	8.2e-41	4	287	181	464	0.956081081081081
GH13_8.hmm	293	MouseExp3_p2_D12_Distal_m16Normal_S98.scaffolds_1_28	670	8.8e-144	1	293	214	504	0.9965870307167235
GH20.hmm	337	MouseExp3_p2_D12_Distal_m16Normal_S98.scaffolds_1_288	643	1.4e-50	8	335	105	389	0.9703264094955489
CE11.hmm	271	MouseExp3_p2_D12_Distal_m16Normal_S98.scaffolds_1_296	439	8.5e-96	1	270	6	275	0.992619926199262
GH31.hmm	427	MouseExp3_p2_D12_Distal_m16Normal_S98.scaffolds_1_350	800	3.7e-149	1	427	226	669	0.9976580796252927
GT4.hmm	160	MouseExp3_p2_D12_Distal_m16Normal_S98.scaffolds_1_351	433	3.9e-29	6	157	253	401	0.94375
GH57.hmm	383	MouseExp3_p2_D12_Distal_m16Normal_S98.scaffolds_1_352	394	6.1e-45	2	309	6	317	0.8015665796344648
AA1.hmm	358	MouseExp3_p2_D12_Distal_m16Normal_S98.scaffolds_1_375	750	1.2e-64	7	357	44	545	0.9776536312849162
GH33.hmm	342	MouseExp3_p2_D12_Distal_m16Normal_S98.scaffolds_1_387	683	6.2e-95	10	330	330	664	0.935672514619883
GH20.hmm	337	MouseExp3_p2_D12_Distal_m16Normal_S98.scaffolds_1_415	714	2.8e-49	10	335	161	440	0.9643916913946587
GH13_5.hmm	342	MouseExp3_p2_D12_Distal_m16Normal_S98.scaffolds_1_418	492	1.2e-154	1	342	25	365	0.9970760233918129
CE19.hmm	332	MouseExp3_p2_D12_Distal_m16Normal_S98.scaffolds_1_426	325	3.1e-16	45	192	19	157	0.4427710843373494
GT2.hmm	230	MouseExp3_p2_D12_Distal_m16Normal_S98.scaffolds_1_43	506	1.8e-28	4	228	54	280	0.9739130434782609
GT2.hmm	170	MouseExp3_p2_D12_Distal_m16Normal_S98.scaffolds_1_480	259	2.9e-27	1	123	4	126	0.7176470588235294
GT4.hmm	160	MouseExp3_p2_D12_Distal_m16Normal_S98.scaffolds_1_481	383	1.6e-25	7	150	212	353	0.89375
GT4.hmm	160	MouseExp3_p2_D12_Distal_m16Normal_S98.scaffolds_1_482	396	4.5e-34	6	159	219	370	0.95625
GT4.hmm	160	MouseExp3_p2_D12_Distal_m16Normal_S98.scaffolds_1_483	380	6.2e-32	9	159	199	348	0.9375
GT4.hmm	160	MouseExp3_p2_D12_Distal_m16Normal_S98.scaffolds_1_484	391	4.2e-33	9	148	216	353	0.86875
GT4.hmm	160	MouseExp3_p2_D12_Distal_m16Normal_S98.scaffolds_1_487	384	6.9e-21	8	156	190	333	0.925
GT4.hmm	160	MouseExp3_p2_D12_Distal_m16Normal_S98.scaffolds_1_488	379	5e-23	10	158	191	337	0.925
GT4.hmm	160	MouseExp3_p2_D12_Distal_m16Normal_S98.scaffolds_1_489	394	3.1e-21	8	137	211	338	0.80625
GT2.hmm	170	MouseExp3_p2_D12_Distal_m16Normal_S98.scaffolds_1_492	283	2.3e-21	1	129	5	127	0.7529411764705882
GT2.hmm	170	MouseExp3_p2_D12_Distal_m16Normal_S98.scaffolds_1_493	335	1e-31	1	168	6	177	0.9823529411764705
GT2.hmm	170	MouseExp3_p2_D12_Distal_m16Normal_S98.scaffolds_1_495	341	8.8e-31	1	114	11	122	0.6647058823529411
GH16_3.hmm	230	MouseExp3_p2_D12_Distal_m16Normal_S98.scaffolds_1_511	322	2.7e-53	2	230	38	287	0.991304347826087
GH3.hmm	216	MouseExp3_p2_D12_Distal_m16Normal_S98.scaffolds_1_512	355	5.1e-45	11	214	57	274	0.9398148148148148
GT51.hmm	177	MouseExp3_p2_D12_Distal_m16Normal_S98.scaffolds_1_529	830	7e-59	2	176	76	258	0.9830508474576272
GH20.hmm	337	MouseExp3_p2_D12_Distal_m16Normal_S98.scaffolds_22_107	666	4.5e-112	9	336	162	511	0.9703264094955489
CBM32.hmm	124	MouseExp3_p2_D12_Distal_m16Normal_S98.scaffolds_22_32	988	8e-27	8	123	62	178	0.9274193548387096
GH2.hmm	752	MouseExp3_p2_D12_Distal_m16Normal_S98.scaffolds_22_32	988	9.6e-123	12	496	143	811	0.6436170212765957
CE3.hmm	194	MouseExp3_p2_D12_Distal_m16Normal_S98.scaffolds_23_28	1942	4.3e-19	3	188	36	290	0.9536082474226805
GH2.hmm	752	MouseExp3_p2_D12_Distal_m16Normal_S98.scaffolds_23_49	913	5.4e-96	22	480	47	623	0.6090425531914894
GH95.hmm	722	MouseExp3_p2_D12_Distal_m16Normal_S98.scaffolds_26_14	789	4.8e-191	5	711	27	762	0.9778393351800554
GT51.hmm	177	MouseExp3_p2_D12_Distal_m16Normal_S98.scaffolds_26_4	889	1.2e-58	3	174	195	366	0.9661016949152542
GT35.hmm	674	MouseExp3_p2_D12_Distal_m16Normal_S98.scaffolds_26_70	555	1.6e-70	210	569	181	493	0.5326409495548962
GH84.hmm	295	MouseExp3_p2_D12_Distal_m16Normal_S98.scaffolds_28_17	990	5.8e-100	1	294	162	451	0.9932203389830508
GH20.hmm	337	MouseExp3_p2_D12_Distal_m16Normal_S98.scaffolds_28_31	723	3.8e-63	8	335	163	438	0.9703264094955489
GH29.hmm	346	MouseExp3_p2_D12_Distal_m16Normal_S98.scaffolds_28_36	693	1.2e-79	40	335	35	341	0.8526011560693642
CBM32.hmm	124	MouseExp3_p2_D12_Distal_m16Normal_S98.scaffolds_28_36	693	5.1e-22	14	122	565	683	0.8709677419354839
GT2.hmm	170	MouseExp3_p2_D12_Distal_m16Normal_S98.scaffolds_35_17	321	1.3e-24	2	163	6	164	0.9470588235294117
CBM51.hmm	134	MouseExp3_p2_D12_Distal_m16Normal_S98.scaffolds_35_27	766	4.4e-31	11	131	48	173	0.8955223880597015
GH110.hmm	548	MouseExp3_p2_D12_Distal_m16Normal_S98.scaffolds_35_27	766	5.7e-198	1	548	189	738	0.9981751824817519
GT30.hmm	177	MouseExp3_p2_D12_Distal_m16Normal_S98.scaffolds_35_32	429	1.1e-49	3	176	39	217	0.9774011299435028
CE20.hmm	249	MouseExp3_p2_D12_Distal_m16Normal_S98.scaffolds_35_53	513	1e-68	3	248	103	394	0.9839357429718876
GT4.hmm	160	MouseExp3_p2_D12_Distal_m16Normal_S98.scaffolds_35_67	371	8.4e-17	7	125	190	312	0.7375
GT2.hmm	170	MouseExp3_p2_D12_Distal_m16Normal_S98.scaffolds_35_8	313	4.8e-21	15	133	27	153	0.6941176470588235
GT51.hmm	177	MouseExp3_p2_D12_Distal_m16Normal_S98.scaffolds_36_44	597	3e-59	2	176	66	240	0.9830508474576272
GH89.hmm	663	MouseExp3_p2_D12_Distal_m16Normal_S98.scaffolds_36_66	838	3.1e-208	3	662	52	710	0.9939668174962293
GH20.hmm	337	MouseExp3_p2_D12_Distal_m16Normal_S98.scaffolds_3_10	752	9.1e-61	9	323	228	552	0.9317507418397626
GT10.hmm	347	MouseExp3_p2_D12_Distal_m16Normal_S98.scaffolds_3_134	211	8.3e-33	186	319	6	144	0.38328530259365995
GH84.hmm	295	MouseExp3_p2_D12_Distal_m16Normal_S98.scaffolds_3_138	954	3.2e-112	1	294	128	423	0.9932203389830508
GH20.hmm	337	MouseExp3_p2_D12_Distal_m16Normal_S98.scaffolds_3_22	550	5.7e-106	9	336	162	515	0.9703264094955489
GH29.hmm	346	MouseExp3_p2_D12_Distal_m16Normal_S98.scaffolds_3_248	712	1.6e-95	36	346	286	610	0.8959537572254336
GH18.hmm	296	MouseExp3_p2_D12_Distal_m16Normal_S98.scaffolds_3_34	1236	5.2e-32	58	290	763	990	0.7837837837837838
GH109.hmm	399	MouseExp3_p2_D12_Distal_m16Normal_S98.scaffolds_3_36	441	1.9e-18	4	161	5	160	0.39348370927318294
GT10.hmm	347	MouseExp3_p2_D12_Distal_m16Normal_S98.scaffolds_3_57	960	5.1e-40	158	305	114	255	0.42363112391930835
GT10.hmm	347	MouseExp3_p2_D12_Distal_m16Normal_S98.scaffolds_3_59	1076	3.5e-42	160	304	122	262	0.414985590778098
GT6.hmm	280	MouseExp3_p2_D12_Distal_m16Normal_S98.scaffolds_3_60	787	4e-61	44	267	542	760	0.7964285714285714
GT31.hmm	192	MouseExp3_p2_D12_Distal_m16Normal_S98.scaffolds_3_61	752	2.2e-16	2	100	20	106	0.5104166666666666
GT11.hmm	276	MouseExp3_p2_D12_Distal_m16Normal_S98.scaffolds_3_61	752	2.5e-34	9	276	514	751	0.967391304347826
GH29.hmm	346	MouseExp3_p2_D12_Distal_m16Normal_S98.scaffolds_3_90	539	5.1e-101	29	346	78	426	0.9161849710982659
GH109.hmm	399	MouseExp3_p2_D12_Distal_m16Normal_S98.scaffolds_3_95	482	2.6e-158	2	398	71	473	0.9924812030075187
GH95.hmm	722	MouseExp3_p2_D12_Distal_m16Normal_S98.scaffolds_3_97	791	1.7e-228	16	718	52	777	0.9722991689750693
GH13_38.hmm	375	MouseExp3_p2_D12_Distal_m16Normal_S98.scaffolds_4_117	590	2.9e-121	1	374	29	408	0.9946666666666667
GH77.hmm	494	MouseExp3_p2_D12_Distal_m16Normal_S98.scaffolds_4_135	620	1.8e-131	1	472	11	555	0.9534412955465587
CE4.hmm	130	MouseExp3_p2_D12_Distal_m16Normal_S98.scaffolds_4_139	491	2.9e-26	4	126	182	321	0.9384615384615385
GT2.hmm	170	MouseExp3_p2_D12_Distal_m16Normal_S98.scaffolds_4_182	315	1.4e-32	1	167	5	169	0.9764705882352941
GT2.hmm	170	MouseExp3_p2_D12_Distal_m16Normal_S98.scaffolds_4_183	274	8e-24	1	128	8	130	0.7470588235294118
GH29.hmm	346	MouseExp3_p2_D12_Distal_m16Normal_S98.scaffolds_4_21	655	5.5e-71	36	337	51	369	0.869942196531792
GT26.hmm	171	MouseExp3_p2_D12_Distal_m16Normal_S98.scaffolds_4_24	384	2.4e-32	2	171	58	228	0.9883040935672515
GT4.hmm	160	MouseExp3_p2_D12_Distal_m16Normal_S98.scaffolds_4_25	415	1.1e-20	5	158	224	381	0.95625
GT4.hmm	160	MouseExp3_p2_D12_Distal_m16Normal_S98.scaffolds_4_27	370	5.3e-30	8	151	199	337	0.89375
GT4.hmm	160	MouseExp3_p2_D12_Distal_m16Normal_S98.scaffolds_4_32	444	3.9e-23	19	153	243	387	0.8375
GH35.hmm	307	MouseExp3_p2_D12_Distal_m16Normal_S98.scaffolds_4_63	765	1.3e-115	1	306	25	337	0.993485342019544
GH20.hmm	337	MouseExp3_p2_D12_Distal_m16Normal_S98.scaffolds_4_87	547	6.7e-105	9	336	163	515	0.9703264094955489
GH2.hmm	752	MouseExp3_p2_D12_Distal_m16Normal_S98.scaffolds_4_89	862	1.6e-110	28	532	36	627	0.6702127659574468
GH2.hmm	752	MouseExp3_p2_D12_Distal_m16Normal_S98.scaffolds_4_90	1290	1.4e-209	26	750	48	938	0.9627659574468085
CBM32.hmm	124	MouseExp3_p2_D12_Distal_m16Normal_S98.scaffolds_4_90	1290	3.1e-22	9	122	1154	1284	0.9112903225806451
GH2.hmm	752	MouseExp3_p2_D12_Distal_m16Normal_S98.scaffolds_4_91	714	3.4e-102	26	492	27	616	0.6196808510638298
GT8.hmm	257	MouseExp3_p2_D12_Distal_m16Normal_S98.scaffolds_6_100	363	1.8e-51	29	254	14	280	0.8754863813229572
GT8.hmm	257	MouseExp3_p2_D12_Distal_m16Normal_S98.scaffolds_6_101	367	3.2e-53	32	255	24	288	0.867704280155642
GH109.hmm	399	MouseExp3_p2_D12_Distal_m16Normal_S98.scaffolds_6_124	474	1.3e-156	4	398	66	465	0.9874686716791979
GT51.hmm	177	MouseExp3_p2_D12_Distal_m16Normal_S98.scaffolds_6_130	762	8.6e-53	12	176	71	235	0.9265536723163842
GT26.hmm	171	MouseExp3_p2_D12_Distal_m16Normal_S98.scaffolds_6_168	265	2.1e-61	2	171	72	248	0.9883040935672515
GH16_3.hmm	230	MouseExp3_p2_D12_Distal_m16Normal_S98.scaffolds_6_172	332	7e-64	1	230	52	297	0.9956521739130435
CE3.hmm	194	MouseExp3_p2_D12_Distal_m16Normal_S98.scaffolds_6_173	218	2e-19	2	188	26	205	0.9587628865979382
GH20.hmm	337	MouseExp3_p2_D12_Distal_m16Normal_S98.scaffolds_6_180	541	2.2e-121	8	336	136	493	0.973293768545994
GH105.hmm	332	MouseExp3_p2_D12_Distal_m16Normal_S98.scaffolds_6_186	745	6.7e-81	8	331	57	369	0.9728915662650602
GH36.hmm	688	MouseExp3_p2_D12_Distal_m16Normal_S98.scaffolds_6_191	735	1e-196	2	686	29	714	0.9941860465116279
GH29.hmm	346	MouseExp3_p2_D12_Distal_m16Normal_S98.scaffolds_6_202	694	1.5e-78	41	337	29	347	0.8554913294797688
CBM32.hmm	124	MouseExp3_p2_D12_Distal_m16Normal_S98.scaffolds_6_202	694	1.6e-21	14	121	567	687	0.8629032258064516
GH31.hmm	427	MouseExp3_p2_D12_Distal_m16Normal_S98.scaffolds_6_41	1304	1.1e-57	206	427	435	666	0.5175644028103045
GT28.hmm	157	MouseExp3_p2_D12_Distal_m16Normal_S98.scaffolds_6_63	376	5.6e-18	19	134	221	338	0.732484076433121
GH20.hmm	337	MouseExp3_p2_D12_Distal_m16Normal_S98.scaffolds_6_8	519	3e-96	9	335	104	453	0.9673590504451038
CE9.hmm	373	MouseExp3_p2_D12_Distal_m16Normal_S98.scaffolds_6_93	383	2.4e-116	1	373	5	376	0.9973190348525469
GT2.hmm	170	MouseExp3_p2_D12_Distal_m16Normal_S98.scaffolds_6_96	359	5.4e-35	1	133	6	137	0.7764705882352941
GT2.hmm	170	MouseExp3_p2_D12_Distal_m16Normal_S98.scaffolds_6_97	362	6e-37	1	167	6	174	0.9764705882352941
GT2.hmm	170	MouseExp3_p2_D12_Distal_m16Normal_S98.scaffolds_6_98	363	9.2e-38	1	168	4	173	0.9823529411764705
GT2.hmm	170	MouseExp3_p2_D12_Distal_m16Normal_S98.scaffolds_6_99	367	7.9e-34	1	126	6	129	0.7352941176470589
GT4.hmm	160	MouseExp3_p2_D12_Distal_m16Normal_S98.scaffolds_789_5	211	2.3e-32	11	159	25	171	0.925
CBM50.hmm	40	MouseExp3_p2_D12_Distal_m16Normal_S98.scaffolds_95_10	163	2.6e-16	1	40	117	159	0.975
GH2.hmm	752	MouseExp3_p2_D12_Distal_m16Normal_S98.scaffolds_95_13	1265	2.6e-223	23	748	71	980	0.964095744680851
CBM32.hmm	124	MouseExp3_p2_D12_Distal_m16Normal_S98.scaffolds_95_13	1265	1.8e-27	6	122	1131	1257	0.9354838709677419
GH33.hmm	342	MouseExp3_p2_D12_Distal_m16Normal_S98.scaffolds_95_16	1046	4.3e-79	16	342	356	725	0.9532163742690059
GH27.hmm	229	MouseExp3_p2_D12_Distal_m16Normal_S98.scaffolds_95_23	535	6.7e-71	8	228	275	509	0.9606986899563319
GT2.hmm	170	MouseExp3_p2_D12_Distal_m16Normal_S98.scaffolds_9_115	356	5.8e-33	1	131	5	133	0.7647058823529411
GT4.hmm	160	MouseExp3_p2_D12_Distal_m16Normal_S98.scaffolds_9_116	387	1.2e-39	8	159	204	354	0.94375
GT2.hmm	170	MouseExp3_p2_D12_Distal_m16Normal_S98.scaffolds_9_117	297	3.5e-24	1	114	6	118	0.6647058823529411
GT4.hmm	160	MouseExp3_p2_D12_Distal_m16Normal_S98.scaffolds_9_118	366	1.5e-26	9	149	189	328	0.875
GT2.hmm	170	MouseExp3_p2_D12_Distal_m16Normal_S98.scaffolds_9_119	364	7e-34	1	137	20	166	0.8
GT4.hmm	160	MouseExp3_p2_D12_Distal_m16Normal_S98.scaffolds_9_120	372	5.3e-31	8	159	186	336	0.94375
GT4.hmm	160	MouseExp3_p2_D12_Distal_m16Normal_S98.scaffolds_9_121	386	1e-19	8	154	216	359	0.9125
GH105.hmm	332	MouseExp3_p2_D12_Distal_m16Normal_S98.scaffolds_9_123	397	3e-22	87	330	159	389	0.7319277108433735
GT2.hmm	170	MouseExp3_p2_D12_Distal_m16Normal_S98.scaffolds_9_125	342	9.5e-37	1	166	5	170	0.9705882352941176
GT4.hmm	160	MouseExp3_p2_D12_Distal_m16Normal_S98.scaffolds_9_126	383	3e-24	11	156	210	352	0.90625
GT4.hmm	160	MouseExp3_p2_D12_Distal_m16Normal_S98.scaffolds_9_127	378	1.5e-33	4	153	198	344	0.93125
GT4.hmm	160	MouseExp3_p2_D12_Distal_m16Normal_S98.scaffolds_9_133	373	4.7e-28	7	159	197	343	0.95
GT2.hmm	170	MouseExp3_p2_D12_Distal_m16Normal_S98.scaffolds_9_135	357	2.2e-36	1	159	15	180	0.9294117647058824
CBM51.hmm	134	MouseExp3_p2_D12_Distal_m16Normal_S98.scaffolds_9_149	638	6.2e-19	40	131	544	632	0.6791044776119403
GH97.hmm	631	MouseExp3_p2_D12_Distal_m16Normal_S98.scaffolds_9_170	647	7e-146	13	630	27	639	0.9778129952456418
GT4.hmm	160	MouseExp3_p2_D12_Distal_m16Normal_S98.scaffolds_9_185	654	1.3e-25	9	153	198	338	0.9
CE4.hmm	130	MouseExp3_p2_D12_Distal_m16Normal_S98.scaffolds_9_54	341	4.2e-34	5	119	105	221	0.8769230769230769
GH33.hmm	342	MouseExp3_p2_D12_Distal_m16Normal_S98.scaffolds_9_9	596	1e-17	149	304	148	331	0.45321637426900585
AA4.hmm	522	MouseExp3_p2_D12_Distal_m16Normal_S98.scaffolds_9_92	459	3.6e-24	48	249	31	225	0.3850574712643678
GH110.hmm	548	MouseExp3_p2_D12_Distal_m16Normal_S98.scaffolds_9_95	597	8.9e-168	29	527	94	588	0.9087591240875912
