CE11.hmm	271	MouseExp3_p2_A1_Proximal_m1Normal_S51.scaffolds_101_20	462	1.9e-73	1	220	4	224	0.8081180811808119
GH28.hmm	325	MouseExp3_p2_A1_Proximal_m1Normal_S51.scaffolds_101_34	530	2.6e-87	9	306	77	473	0.9138461538461539
GH43_10.hmm	271	MouseExp3_p2_A1_Proximal_m1Normal_S51.scaffolds_101_36	559	2e-108	1	271	39	309	0.996309963099631
CBM91.hmm	200	MouseExp3_p2_A1_Proximal_m1Normal_S51.scaffolds_101_36	559	1.6e-21	4	196	343	555	0.96
GH105.hmm	332	MouseExp3_p2_A1_Proximal_m1Normal_S51.scaffolds_101_42	380	5.4e-92	9	332	58	374	0.9728915662650602
CBM62.hmm	131	MouseExp3_p2_A1_Proximal_m1Normal_S51.scaffolds_101_48	651	7e-16	65	131	452	516	0.5038167938931297
GH57.hmm	383	MouseExp3_p2_A1_Proximal_m1Normal_S51.scaffolds_103_2	485	9.4e-53	12	313	20	326	0.7859007832898173
GH109.hmm	399	MouseExp3_p2_A1_Proximal_m1Normal_S51.scaffolds_103_21	420	5.9e-166	3	398	18	416	0.9899749373433584
GH109.hmm	399	MouseExp3_p2_A1_Proximal_m1Normal_S51.scaffolds_103_22	470	3.3e-163	2	398	55	459	0.9924812030075187
GH2.hmm	752	MouseExp3_p2_A1_Proximal_m1Normal_S51.scaffolds_103_25	1114	5.3e-212	22	750	51	949	0.9680851063829787
GT4.hmm	160	MouseExp3_p2_A1_Proximal_m1Normal_S51.scaffolds_103_3	422	2e-34	7	154	240	384	0.91875
GH133.hmm	372	MouseExp3_p2_A1_Proximal_m1Normal_S51.scaffolds_103_4	646	4.5e-104	6	372	285	636	0.9838709677419355
GH32.hmm	293	MouseExp3_p2_A1_Proximal_m1Normal_S51.scaffolds_105_17	619	7.3e-101	1	287	152	444	0.9761092150170648
GH32.hmm	293	MouseExp3_p2_A1_Proximal_m1Normal_S51.scaffolds_105_18	520	8.3e-42	2	282	49	346	0.9556313993174061
GH88.hmm	329	MouseExp3_p2_A1_Proximal_m1Normal_S51.scaffolds_105_2	400	1.3e-129	4	329	68	390	0.9878419452887538
GH32.hmm	293	MouseExp3_p2_A1_Proximal_m1Normal_S51.scaffolds_105_23	627	2.9e-92	1	290	139	440	0.9863481228668942
GH38.hmm	269	MouseExp3_p2_A1_Proximal_m1Normal_S51.scaffolds_108_28	855	1.5e-30	31	175	43	190	0.5353159851301115
GH92.hmm	491	MouseExp3_p2_A1_Proximal_m1Normal_S51.scaffolds_108_29	780	7.8e-162	2	491	291	773	0.9959266802443992
GH2.hmm	752	MouseExp3_p2_A1_Proximal_m1Normal_S51.scaffolds_108_30	1030	2.1e-90	50	555	64	758	0.6715425531914894
CBM32.hmm	124	MouseExp3_p2_A1_Proximal_m1Normal_S51.scaffolds_108_30	1030	7.3e-27	7	123	765	879	0.9354838709677419
CBM67.hmm	176	MouseExp3_p2_A1_Proximal_m1Normal_S51.scaffolds_108_32	894	4.5e-16	17	170	165	327	0.8693181818181818
GH78.hmm	504	MouseExp3_p2_A1_Proximal_m1Normal_S51.scaffolds_108_32	894	1.4e-122	2	502	352	856	0.9920634920634921
GH95.hmm	722	MouseExp3_p2_A1_Proximal_m1Normal_S51.scaffolds_110_3	830	4e-271	17	717	71	805	0.9695290858725761
GH2.hmm	752	MouseExp3_p2_A1_Proximal_m1Normal_S51.scaffolds_112_17	888	3.9e-100	25	465	23	586	0.5851063829787234
CBM57.hmm	147	MouseExp3_p2_A1_Proximal_m1Normal_S51.scaffolds_112_17	888	1.7e-24	7	147	713	881	0.9523809523809523
GH50.hmm	653	MouseExp3_p2_A1_Proximal_m1Normal_S51.scaffolds_112_18	471	1.3e-84	291	652	116	456	0.552833078101072
GH50.hmm	653	MouseExp3_p2_A1_Proximal_m1Normal_S51.scaffolds_112_19	518	2.6e-49	287	652	164	509	0.55895865237366
PL10_1.hmm	288	MouseExp3_p2_A1_Proximal_m1Normal_S51.scaffolds_112_6	365	4.2e-121	1	287	62	350	0.9930555555555556
GT83.hmm	540	MouseExp3_p2_A1_Proximal_m1Normal_S51.scaffolds_113_26	591	1.2e-76	2	444	2	470	0.8185185185185185
GT2.hmm	170	MouseExp3_p2_A1_Proximal_m1Normal_S51.scaffolds_113_29	319	2.2e-24	2	169	6	175	0.9823529411764705
CE4.hmm	130	MouseExp3_p2_A1_Proximal_m1Normal_S51.scaffolds_113_30	268	4.4e-19	25	125	34	128	0.7692307692307693
GT2.hmm	210	MouseExp3_p2_A1_Proximal_m1Normal_S51.scaffolds_113_36	291	2.5e-33	1	180	3	208	0.8523809523809524
GH36.hmm	688	MouseExp3_p2_A1_Proximal_m1Normal_S51.scaffolds_113_4	730	7.9e-212	2	687	25	712	0.9956395348837209
GH29.hmm	346	MouseExp3_p2_A1_Proximal_m1Normal_S51.scaffolds_116_17	433	7.2e-110	14	346	10	349	0.9595375722543352
GT8.hmm	257	MouseExp3_p2_A1_Proximal_m1Normal_S51.scaffolds_11_1	333	4.5e-22	38	252	15	227	0.8326848249027238
GH76.hmm	358	MouseExp3_p2_A1_Proximal_m1Normal_S51.scaffolds_11_116	388	2e-74	36	328	52	360	0.8156424581005587
GH125.hmm	402	MouseExp3_p2_A1_Proximal_m1Normal_S51.scaffolds_11_117	489	3.6e-188	2	402	76	474	0.9950248756218906
CBM67.hmm	176	MouseExp3_p2_A1_Proximal_m1Normal_S51.scaffolds_11_120	750	3e-39	3	165	8	181	0.9204545454545454
GH78.hmm	504	MouseExp3_p2_A1_Proximal_m1Normal_S51.scaffolds_11_120	750	1.3e-156	2	503	211	720	0.9940476190476191
CE1.hmm	227	MouseExp3_p2_A1_Proximal_m1Normal_S51.scaffolds_11_126	259	1.4e-26	5	208	34	237	0.8942731277533039
GT4.hmm	160	MouseExp3_p2_A1_Proximal_m1Normal_S51.scaffolds_11_13	378	2.8e-32	9	158	203	348	0.93125
GT9.hmm	225	MouseExp3_p2_A1_Proximal_m1Normal_S51.scaffolds_11_16	353	3.4e-32	3	195	75	305	0.8533333333333334
GT4.hmm	160	MouseExp3_p2_A1_Proximal_m1Normal_S51.scaffolds_11_17	359	4.1e-27	6	153	180	326	0.91875
GT9.hmm	225	MouseExp3_p2_A1_Proximal_m1Normal_S51.scaffolds_11_18	344	1.6e-35	3	216	72	318	0.9466666666666667
GT6.hmm	280	MouseExp3_p2_A1_Proximal_m1Normal_S51.scaffolds_11_2	264	1.4e-77	44	257	2	217	0.7607142857142857
PL29.hmm	301	MouseExp3_p2_A1_Proximal_m1Normal_S51.scaffolds_11_29	834	3.2e-116	1	301	360	667	0.9966777408637874
GT11.hmm	276	MouseExp3_p2_A1_Proximal_m1Normal_S51.scaffolds_11_3	304	1.9e-33	3	254	26	287	0.9094202898550725
PL8_2.hmm	247	MouseExp3_p2_A1_Proximal_m1Normal_S51.scaffolds_11_34	954	2.8e-92	1	247	577	809	0.9959514170040485
GH88.hmm	329	MouseExp3_p2_A1_Proximal_m1Normal_S51.scaffolds_11_36	401	3.8e-131	6	328	70	393	0.9787234042553191
GH2.hmm	752	MouseExp3_p2_A1_Proximal_m1Normal_S51.scaffolds_11_37	603	1.9e-100	23	410	49	497	0.5146276595744681
GH43_3.hmm	299	MouseExp3_p2_A1_Proximal_m1Normal_S51.scaffolds_11_39	362	3.7e-108	1	299	46	338	0.9966555183946488
GT2.hmm	170	MouseExp3_p2_A1_Proximal_m1Normal_S51.scaffolds_11_4	325	4.8e-37	1	128	9	134	0.7470588235294118
GT2.hmm	170	MouseExp3_p2_A1_Proximal_m1Normal_S51.scaffolds_11_5	327	8.2e-36	1	131	8	135	0.7647058823529411
GH2.hmm	752	MouseExp3_p2_A1_Proximal_m1Normal_S51.scaffolds_11_52	1036	1.8e-224	18	751	52	910	0.9747340425531915
PL8_2.hmm	247	MouseExp3_p2_A1_Proximal_m1Normal_S51.scaffolds_11_65	1024	5.4e-87	1	247	616	860	0.9959514170040485
GT2.hmm	170	MouseExp3_p2_A1_Proximal_m1Normal_S51.scaffolds_11_69	492	3.5e-19	1	114	61	199	0.6647058823529411
GH163.hmm	251	MouseExp3_p2_A1_Proximal_m1Normal_S51.scaffolds_11_71	718	3.3e-76	7	250	197	438	0.9681274900398407
CBM62.hmm	131	MouseExp3_p2_A1_Proximal_m1Normal_S51.scaffolds_11_74	602	7.8e-17	63	131	403	470	0.5190839694656488
GT2.hmm	170	MouseExp3_p2_A1_Proximal_m1Normal_S51.scaffolds_11_8	316	1.7e-30	4	128	1	127	0.7294117647058823
GH35.hmm	307	MouseExp3_p2_A1_Proximal_m1Normal_S51.scaffolds_11_86	570	2.7e-32	1	171	34	214	0.5537459283387622
GT2.hmm	170	MouseExp3_p2_A1_Proximal_m1Normal_S51.scaffolds_11_9	270	4.1e-27	1	166	12	191	0.9705882352941176
GH3.hmm	216	MouseExp3_p2_A1_Proximal_m1Normal_S51.scaffolds_11_90	749	5.9e-69	2	214	61	281	0.9814814814814815
GH30_3.hmm	417	MouseExp3_p2_A1_Proximal_m1Normal_S51.scaffolds_11_92	494	6.1e-156	5	417	65	489	0.988009592326139
CE1.hmm	227	MouseExp3_p2_A1_Proximal_m1Normal_S51.scaffolds_122_24	671	1.2e-17	5	190	446	654	0.8149779735682819
GT5.hmm	472	MouseExp3_p2_A1_Proximal_m1Normal_S51.scaffolds_122_38	399	6.2e-21	239	472	197	391	0.4936440677966102
GT2.hmm	170	MouseExp3_p2_A1_Proximal_m1Normal_S51.scaffolds_122_41	235	3.1e-25	1	159	7	164	0.9294117647058824
GT2.hmm	170	MouseExp3_p2_A1_Proximal_m1Normal_S51.scaffolds_122_42	315	8.9e-38	1	130	4	131	0.7588235294117647
GT4.hmm	160	MouseExp3_p2_A1_Proximal_m1Normal_S51.scaffolds_122_43	327	9.1e-28	11	145	186	312	0.8375
GH2.hmm	752	MouseExp3_p2_A1_Proximal_m1Normal_S51.scaffolds_127_18	683	2.8e-103	25	544	26	662	0.6901595744680851
GH13_8.hmm	293	MouseExp3_p2_A1_Proximal_m1Normal_S51.scaffolds_127_27	671	3.1e-149	1	293	220	511	0.9965870307167235
GH13_38.hmm	375	MouseExp3_p2_A1_Proximal_m1Normal_S51.scaffolds_127_29	566	3.1e-186	1	375	33	400	0.9973333333333333
GT51.hmm	177	MouseExp3_p2_A1_Proximal_m1Normal_S51.scaffolds_127_4	775	3.6e-57	6	177	61	240	0.9661016949152542
GH65.hmm	372	MouseExp3_p2_A1_Proximal_m1Normal_S51.scaffolds_131_18	686	4.2e-98	3	371	311	653	0.989247311827957
CE20.hmm	249	MouseExp3_p2_A1_Proximal_m1Normal_S51.scaffolds_131_19	475	2.1e-92	3	248	100	358	0.9839357429718876
GH97.hmm	631	MouseExp3_p2_A1_Proximal_m1Normal_S51.scaffolds_133_18	649	5.7e-203	3	630	11	647	0.993660855784469
GH92.hmm	491	MouseExp3_p2_A1_Proximal_m1Normal_S51.scaffolds_133_19	786	5.3e-172	2	491	252	749	0.9959266802443992
GH92.hmm	491	MouseExp3_p2_A1_Proximal_m1Normal_S51.scaffolds_133_21	781	7e-187	3	491	266	759	0.9938900203665988
GH92.hmm	491	MouseExp3_p2_A1_Proximal_m1Normal_S51.scaffolds_133_22	762	1.3e-187	2	491	234	741	0.9959266802443992
GH154.hmm	348	MouseExp3_p2_A1_Proximal_m1Normal_S51.scaffolds_137_37	263	1.7e-73	120	348	2	241	0.6551724137931034
CE20.hmm	249	MouseExp3_p2_A1_Proximal_m1Normal_S51.scaffolds_13_101	644	2.6e-35	3	121	97	223	0.4738955823293173
CE20.hmm	249	MouseExp3_p2_A1_Proximal_m1Normal_S51.scaffolds_13_101	644	7.7e-44	121	244	402	527	0.4939759036144578
GH115.hmm	697	MouseExp3_p2_A1_Proximal_m1Normal_S51.scaffolds_13_102	846	1.3e-288	2	697	31	821	0.9971305595408895
GH95.hmm	722	MouseExp3_p2_A1_Proximal_m1Normal_S51.scaffolds_13_103	812	8.3e-293	5	713	20	743	0.9806094182825484
GH43_29.hmm	278	MouseExp3_p2_A1_Proximal_m1Normal_S51.scaffolds_13_105	463	4e-120	1	277	27	314	0.9928057553956835
CBM6.hmm	138	MouseExp3_p2_A1_Proximal_m1Normal_S51.scaffolds_13_105	463	6.4e-34	16	138	336	462	0.8840579710144928
CE6.hmm	99	MouseExp3_p2_A1_Proximal_m1Normal_S51.scaffolds_13_106	639	3.7e-32	2	99	87	197	0.9797979797979798
CE1.hmm	227	MouseExp3_p2_A1_Proximal_m1Normal_S51.scaffolds_13_106	639	6.1e-57	4	222	406	634	0.960352422907489
GH5_21.hmm	259	MouseExp3_p2_A1_Proximal_m1Normal_S51.scaffolds_13_107	442	7e-110	2	258	74	360	0.9884169884169884
GH10.hmm	303	MouseExp3_p2_A1_Proximal_m1Normal_S51.scaffolds_13_108	733	4.6e-46	96	301	461	722	0.6765676567656765
GH43_12.hmm	281	MouseExp3_p2_A1_Proximal_m1Normal_S51.scaffolds_13_114	578	1.5e-113	2	281	70	365	0.9928825622775801
CBM91.hmm	200	MouseExp3_p2_A1_Proximal_m1Normal_S51.scaffolds_13_114	578	4.6e-53	6	180	398	576	0.87
GH43_29.hmm	278	MouseExp3_p2_A1_Proximal_m1Normal_S51.scaffolds_13_115	444	1.7e-114	1	278	25	297	0.9964028776978417
CBM6.hmm	138	MouseExp3_p2_A1_Proximal_m1Normal_S51.scaffolds_13_115	444	5.7e-31	18	137	321	443	0.8623188405797102
GH97.hmm	631	MouseExp3_p2_A1_Proximal_m1Normal_S51.scaffolds_13_116	648	5.4e-170	5	628	12	645	0.9873217115689382
GH31.hmm	427	MouseExp3_p2_A1_Proximal_m1Normal_S51.scaffolds_13_117	815	1.1e-141	1	427	217	713	0.9976580796252927
GH43_12.hmm	281	MouseExp3_p2_A1_Proximal_m1Normal_S51.scaffolds_13_118	576	1e-108	2	281	65	359	0.9928825622775801
CBM91.hmm	200	MouseExp3_p2_A1_Proximal_m1Normal_S51.scaffolds_13_118	576	3.1e-55	4	182	395	574	0.89
GH3.hmm	216	MouseExp3_p2_A1_Proximal_m1Normal_S51.scaffolds_13_120	862	1.8e-69	3	215	59	304	0.9814814814814815
GH43_10.hmm	271	MouseExp3_p2_A1_Proximal_m1Normal_S51.scaffolds_13_121	533	5.3e-96	1	271	28	297	0.996309963099631
CBM91.hmm	200	MouseExp3_p2_A1_Proximal_m1Normal_S51.scaffolds_13_121	533	7.2e-31	5	197	323	526	0.96
GH13.hmm	299	MouseExp3_p2_A1_Proximal_m1Normal_S51.scaffolds_13_33	685	8.3e-61	12	294	231	553	0.9431438127090301
GH97.hmm	631	MouseExp3_p2_A1_Proximal_m1Normal_S51.scaffolds_13_34	739	3.5e-251	3	630	12	723	0.993660855784469
GH13_10.hmm	313	MouseExp3_p2_A1_Proximal_m1Normal_S51.scaffolds_13_39	759	1.2e-47	1	200	325	545	0.6357827476038339
GH2.hmm	752	MouseExp3_p2_A1_Proximal_m1Normal_S51.scaffolds_13_42	880	1.5e-91	25	527	35	646	0.6675531914893617
GH20.hmm	337	MouseExp3_p2_A1_Proximal_m1Normal_S51.scaffolds_13_51	672	2.7e-67	9	336	149	471	0.9703264094955489
GT2.hmm	170	MouseExp3_p2_A1_Proximal_m1Normal_S51.scaffolds_13_53	330	9.7e-26	1	167	4	167	0.9764705882352941
GH105.hmm	332	MouseExp3_p2_A1_Proximal_m1Normal_S51.scaffolds_13_60	378	1.2e-81	5	331	46	372	0.9819277108433735
PL42.hmm	296	MouseExp3_p2_A1_Proximal_m1Normal_S51.scaffolds_13_61	432	7.2e-128	1	296	34	326	0.9966216216216216
GH43_24.hmm	246	MouseExp3_p2_A1_Proximal_m1Normal_S51.scaffolds_13_62	347	6.3e-103	2	245	55	310	0.9878048780487805
GH154.hmm	348	MouseExp3_p2_A1_Proximal_m1Normal_S51.scaffolds_13_64	667	1.5e-94	1	347	44	395	0.9942528735632183
GH31.hmm	427	MouseExp3_p2_A1_Proximal_m1Normal_S51.scaffolds_13_66	825	1.1e-136	1	427	221	712	0.9976580796252927
GH97.hmm	631	MouseExp3_p2_A1_Proximal_m1Normal_S51.scaffolds_13_68	649	2.3e-182	4	627	12	644	0.9873217115689382
GH51.hmm	630	MouseExp3_p2_A1_Proximal_m1Normal_S51.scaffolds_13_69	822	4.9e-98	88	429	348	706	0.5412698412698412
GH43_19.hmm	233	MouseExp3_p2_A1_Proximal_m1Normal_S51.scaffolds_13_70	326	8.5e-96	1	233	73	304	0.9957081545064378
GH35.hmm	307	MouseExp3_p2_A1_Proximal_m1Normal_S51.scaffolds_13_71	779	4.4e-117	1	306	36	348	0.993485342019544
GT2.hmm	170	MouseExp3_p2_A1_Proximal_m1Normal_S51.scaffolds_13_95	817	2.2e-23	1	133	249	384	0.7764705882352941
GH43_31.hmm	268	MouseExp3_p2_A1_Proximal_m1Normal_S51.scaffolds_140_14	330	6.4e-108	2	265	35	303	0.9813432835820896
GH2.hmm	752	MouseExp3_p2_A1_Proximal_m1Normal_S51.scaffolds_140_3	735	2.8e-103	15	412	42	498	0.5279255319148937
GH43.hmm	248	MouseExp3_p2_A1_Proximal_m1Normal_S51.scaffolds_140_5	396	4.5e-37	9	226	65	362	0.875
GH51.hmm	630	MouseExp3_p2_A1_Proximal_m1Normal_S51.scaffolds_140_7	686	2.4e-73	92	541	229	684	0.7126984126984127
GH16.hmm	189	MouseExp3_p2_A1_Proximal_m1Normal_S51.scaffolds_141_21	888	4.7e-19	2	188	544	828	0.9841269841269841
GH16.hmm	189	MouseExp3_p2_A1_Proximal_m1Normal_S51.scaffolds_141_22	1050	4.5e-22	2	189	37	317	0.9894179894179894
GH3.hmm	216	MouseExp3_p2_A1_Proximal_m1Normal_S51.scaffolds_141_22	1050	4e-68	3	215	405	625	0.9814814814814815
GH92.hmm	491	MouseExp3_p2_A1_Proximal_m1Normal_S51.scaffolds_143_11	746	1.1e-195	4	491	239	733	0.9918533604887984
GH23.hmm	135	MouseExp3_p2_A1_Proximal_m1Normal_S51.scaffolds_143_16	432	7.5e-24	4	119	130	261	0.8518518518518519
GT19.hmm	354	MouseExp3_p2_A1_Proximal_m1Normal_S51.scaffolds_143_21	379	4.3e-114	2	350	4	357	0.9830508474576272
GH92.hmm	491	MouseExp3_p2_A1_Proximal_m1Normal_S51.scaffolds_143_7	757	1.6e-186	2	491	230	737	0.9959266802443992
GH92.hmm	491	MouseExp3_p2_A1_Proximal_m1Normal_S51.scaffolds_143_8	769	1.8e-191	4	491	245	752	0.9918533604887984
CE4.hmm	130	MouseExp3_p2_A1_Proximal_m1Normal_S51.scaffolds_148_6	205	4e-25	4	110	21	123	0.8153846153846154
GH123.hmm	538	MouseExp3_p2_A1_Proximal_m1Normal_S51.scaffolds_159_13	599	1e-243	3	538	59	597	0.9944237918215614
GT30.hmm	177	MouseExp3_p2_A1_Proximal_m1Normal_S51.scaffolds_159_17	408	1.6e-48	10	176	43	205	0.9378531073446328
GT26.hmm	171	MouseExp3_p2_A1_Proximal_m1Normal_S51.scaffolds_160_33	245	2.2e-55	4	171	49	222	0.9766081871345029
GT4.hmm	160	MouseExp3_p2_A1_Proximal_m1Normal_S51.scaffolds_160_34	173	9.9e-24	21	159	4	144	0.8625
GT4.hmm	160	MouseExp3_p2_A1_Proximal_m1Normal_S51.scaffolds_160_36	303	5.8e-18	6	144	129	260	0.8625
PL33_1.hmm	155	MouseExp3_p2_A1_Proximal_m1Normal_S51.scaffolds_165_13	645	1.2e-60	2	152	430	576	0.967741935483871
GT2.hmm	170	MouseExp3_p2_A1_Proximal_m1Normal_S51.scaffolds_172_15	351	8.1e-25	1	133	5	146	0.7764705882352941
CBM20.hmm	90	MouseExp3_p2_A1_Proximal_m1Normal_S51.scaffolds_172_19	894	3.3e-16	12	87	137	214	0.8333333333333334
GH77.hmm	494	MouseExp3_p2_A1_Proximal_m1Normal_S51.scaffolds_172_19	894	2.9e-156	1	490	240	885	0.9898785425101214
GH109.hmm	399	MouseExp3_p2_A1_Proximal_m1Normal_S51.scaffolds_172_7	371	6.1e-16	5	157	10	153	0.38095238095238093
GH109.hmm	399	MouseExp3_p2_A1_Proximal_m1Normal_S51.scaffolds_172_8	496	7.1e-19	3	163	38	189	0.40100250626566414
GT26.hmm	171	MouseExp3_p2_A1_Proximal_m1Normal_S51.scaffolds_173_11	269	3.6e-52	1	171	67	243	0.9941520467836257
GT2.hmm	170	MouseExp3_p2_A1_Proximal_m1Normal_S51.scaffolds_173_5	343	4.5e-24	1	133	6	142	0.7764705882352941
GT4.hmm	160	MouseExp3_p2_A1_Proximal_m1Normal_S51.scaffolds_173_7	390	4.4e-30	9	159	211	362	0.9375
GH51.hmm	630	MouseExp3_p2_A1_Proximal_m1Normal_S51.scaffolds_175_12	515	1.8e-143	75	542	15	514	0.7412698412698413
GH146.hmm	503	MouseExp3_p2_A1_Proximal_m1Normal_S51.scaffolds_175_13	801	3.8e-214	1	503	32	559	0.9980119284294234
GH51.hmm	630	MouseExp3_p2_A1_Proximal_m1Normal_S51.scaffolds_175_20	661	3.7e-112	110	542	197	658	0.6857142857142857
GH141.hmm	527	MouseExp3_p2_A1_Proximal_m1Normal_S51.scaffolds_175_4	620	3.3e-216	2	526	24	585	0.9943074003795066
GH31.hmm	427	MouseExp3_p2_A1_Proximal_m1Normal_S51.scaffolds_175_5	760	3.1e-130	2	427	283	715	0.9953161592505855
GH31.hmm	427	MouseExp3_p2_A1_Proximal_m1Normal_S51.scaffolds_179_1	849	2e-118	1	427	201	623	0.9976580796252927
GH43_3.hmm	299	MouseExp3_p2_A1_Proximal_m1Normal_S51.scaffolds_179_18	336	2.9e-112	1	299	31	316	0.9966555183946488
GH43_3.hmm	299	MouseExp3_p2_A1_Proximal_m1Normal_S51.scaffolds_179_2	355	6.1e-107	1	299	41	334	0.9966555183946488
GH65.hmm	372	MouseExp3_p2_A1_Proximal_m1Normal_S51.scaffolds_179_9	670	6e-100	1	371	299	635	0.9946236559139785
GT35.hmm	674	MouseExp3_p2_A1_Proximal_m1Normal_S51.scaffolds_17_10	853	3.2e-115	208	610	271	708	0.5964391691394659
GH24.hmm	137	MouseExp3_p2_A1_Proximal_m1Normal_S51.scaffolds_17_108	145	4.1e-45	6	137	8	135	0.9562043795620438
GH23.hmm	135	MouseExp3_p2_A1_Proximal_m1Normal_S51.scaffolds_17_142	323	1.6e-22	2	125	93	229	0.9111111111111111
GH29.hmm	346	MouseExp3_p2_A1_Proximal_m1Normal_S51.scaffolds_182_19	625	1.8e-81	39	327	32	336	0.8323699421965318
GH20.hmm	337	MouseExp3_p2_A1_Proximal_m1Normal_S51.scaffolds_191_10	770	8.4e-120	9	335	153	510	0.9673590504451038
CE20.hmm	249	MouseExp3_p2_A1_Proximal_m1Normal_S51.scaffolds_191_14	885	6.2e-89	3	249	103	362	0.9879518072289156
GH89.hmm	663	MouseExp3_p2_A1_Proximal_m1Normal_S51.scaffolds_191_3	727	8.5e-247	2	661	59	717	0.9939668174962293
GH115.hmm	697	MouseExp3_p2_A1_Proximal_m1Normal_S51.scaffolds_194_10	797	3e-246	4	697	24	786	0.994261119081779
GT4.hmm	160	MouseExp3_p2_A1_Proximal_m1Normal_S51.scaffolds_194_8	422	8.4e-24	8	155	239	386	0.91875
GT2.hmm	170	MouseExp3_p2_A1_Proximal_m1Normal_S51.scaffolds_194_9	250	2.9e-26	1	129	11	137	0.7529411764705882
GT35.hmm	674	MouseExp3_p2_A1_Proximal_m1Normal_S51.scaffolds_195_11	855	3.1e-115	208	629	270	707	0.6246290801186943
GT3.hmm	637	MouseExp3_p2_A1_Proximal_m1Normal_S51.scaffolds_195_12	554	6.1e-129	1	346	13	347	0.5416012558869702
GT2.hmm	170	MouseExp3_p2_A1_Proximal_m1Normal_S51.scaffolds_20_110	410	8.6e-25	2	141	34	166	0.8176470588235294
CE4.hmm	130	MouseExp3_p2_A1_Proximal_m1Normal_S51.scaffolds_20_115	226	2.9e-32	4	123	36	158	0.9153846153846154
GH20.hmm	337	MouseExp3_p2_A1_Proximal_m1Normal_S51.scaffolds_20_26	661	1.2e-67	8	336	154	478	0.973293768545994
GH88.hmm	329	MouseExp3_p2_A1_Proximal_m1Normal_S51.scaffolds_20_34	403	3.8e-128	4	329	68	390	0.9878419452887538
PL15_2.hmm	156	MouseExp3_p2_A1_Proximal_m1Normal_S51.scaffolds_20_36	868	3.1e-96	5	156	540	691	0.967948717948718
PL15.hmm	134	MouseExp3_p2_A1_Proximal_m1Normal_S51.scaffolds_20_40	849	5.3e-53	4	134	508	662	0.9701492537313433
GH138.hmm	907	MouseExp3_p2_A1_Proximal_m1Normal_S51.scaffolds_215_3	900	0	1	907	1	899	0.9988974641675854
GH137.hmm	340	MouseExp3_p2_A1_Proximal_m1Normal_S51.scaffolds_215_4	1400	1.1e-160	2	340	20	368	0.9941176470588236
GH2.hmm	752	MouseExp3_p2_A1_Proximal_m1Normal_S51.scaffolds_215_4	1400	6.3e-83	22	387	372	799	0.4853723404255319
CBM57.hmm	147	MouseExp3_p2_A1_Proximal_m1Normal_S51.scaffolds_215_4	1400	5.2e-46	2	147	1067	1228	0.9863945578231292
GH2.hmm	752	MouseExp3_p2_A1_Proximal_m1Normal_S51.scaffolds_215_8	1079	9.8e-228	27	751	50	962	0.9627659574468085
GH2.hmm	752	MouseExp3_p2_A1_Proximal_m1Normal_S51.scaffolds_215_9	667	2.6e-123	35	551	40	625	0.6861702127659575
GH2.hmm	752	MouseExp3_p2_A1_Proximal_m1Normal_S51.scaffolds_219_10	864	4e-112	19	587	22	779	0.7553191489361702
GH33.hmm	342	MouseExp3_p2_A1_Proximal_m1Normal_S51.scaffolds_219_11	545	1.5e-93	11	330	191	528	0.9327485380116959
GH20.hmm	337	MouseExp3_p2_A1_Proximal_m1Normal_S51.scaffolds_219_8	692	3.3e-121	8	336	151	498	0.973293768545994
GH20.hmm	337	MouseExp3_p2_A1_Proximal_m1Normal_S51.scaffolds_219_9	777	9.2e-123	9	336	157	511	0.9703264094955489
GH76.hmm	358	MouseExp3_p2_A1_Proximal_m1Normal_S51.scaffolds_21_37	464	3.1e-72	2	329	51	408	0.9134078212290503
GH92.hmm	491	MouseExp3_p2_A1_Proximal_m1Normal_S51.scaffolds_21_41	761	9.7e-179	2	491	237	742	0.9959266802443992
GH76.hmm	358	MouseExp3_p2_A1_Proximal_m1Normal_S51.scaffolds_21_43	377	9.1e-79	37	333	59	360	0.8268156424581006
GH125.hmm	402	MouseExp3_p2_A1_Proximal_m1Normal_S51.scaffolds_21_44	482	2.7e-187	2	402	70	466	0.9950248756218906
GH130.hmm	296	MouseExp3_p2_A1_Proximal_m1Normal_S51.scaffolds_21_45	387	2e-90	14	286	66	374	0.918918918918919
GH92.hmm	491	MouseExp3_p2_A1_Proximal_m1Normal_S51.scaffolds_21_46	757	1e-186	3	491	246	736	0.9938900203665988
CE20.hmm	249	MouseExp3_p2_A1_Proximal_m1Normal_S51.scaffolds_21_50	266	1.1e-28	5	248	31	258	0.9759036144578314
GH2.hmm	752	MouseExp3_p2_A1_Proximal_m1Normal_S51.scaffolds_21_51	892	7e-98	23	492	18	615	0.6236702127659575
CBM57.hmm	147	MouseExp3_p2_A1_Proximal_m1Normal_S51.scaffolds_21_51	892	1.7e-30	4	147	714	885	0.9727891156462585
GH31.hmm	427	MouseExp3_p2_A1_Proximal_m1Normal_S51.scaffolds_21_52	785	7.3e-137	1	427	220	678	0.9976580796252927
GH99.hmm	334	MouseExp3_p2_A1_Proximal_m1Normal_S51.scaffolds_21_53	590	3.1e-22	13	309	28	370	0.8862275449101796
GH50.hmm	653	MouseExp3_p2_A1_Proximal_m1Normal_S51.scaffolds_21_60	519	1.4e-53	293	651	151	505	0.5482388973966309
GH28.hmm	325	MouseExp3_p2_A1_Proximal_m1Normal_S51.scaffolds_21_87	514	1.8e-99	7	306	47	419	0.92
CE8.hmm	288	MouseExp3_p2_A1_Proximal_m1Normal_S51.scaffolds_21_89	435	6e-76	2	265	28	315	0.9131944444444444
GH95.hmm	722	MouseExp3_p2_A1_Proximal_m1Normal_S51.scaffolds_21_93	817	1.8e-290	7	714	17	750	0.9792243767313019
CE8.hmm	288	MouseExp3_p2_A1_Proximal_m1Normal_S51.scaffolds_21_94	540	2.5e-72	2	266	141	423	0.9166666666666666
PL1_2.hmm	183	MouseExp3_p2_A1_Proximal_m1Normal_S51.scaffolds_21_95	547	3.7e-80	1	183	107	297	0.994535519125683
GH141.hmm	527	MouseExp3_p2_A1_Proximal_m1Normal_S51.scaffolds_231_1	787	9.6e-44	3	286	27	293	0.5370018975332068
GH141.hmm	527	MouseExp3_p2_A1_Proximal_m1Normal_S51.scaffolds_231_1	787	2.9e-19	320	523	306	543	0.38519924098671726
PL12_2.hmm	131	MouseExp3_p2_A1_Proximal_m1Normal_S51.scaffolds_231_3	709	5e-58	1	131	422	556	0.9923664122137404
GH29.hmm	346	MouseExp3_p2_A1_Proximal_m1Normal_S51.scaffolds_231_8	473	6.9e-102	25	346	38	383	0.9277456647398844
CE15.hmm	269	MouseExp3_p2_A1_Proximal_m1Normal_S51.scaffolds_234_10	408	7.5e-18	5	267	80	403	0.9739776951672863
CBM67.hmm	176	MouseExp3_p2_A1_Proximal_m1Normal_S51.scaffolds_239_2	739	8.5e-27	1	157	28	192	0.8863636363636364
GH78.hmm	504	MouseExp3_p2_A1_Proximal_m1Normal_S51.scaffolds_239_2	739	4.8e-80	24	502	256	714	0.9484126984126984
GH78.hmm	504	MouseExp3_p2_A1_Proximal_m1Normal_S51.scaffolds_239_4	606	4.9e-97	8	499	98	602	0.9742063492063492
GH20.hmm	337	MouseExp3_p2_A1_Proximal_m1Normal_S51.scaffolds_239_5	778	1.2e-115	8	336	163	518	0.973293768545994
GH13_14.hmm	289	MouseExp3_p2_A1_Proximal_m1Normal_S51.scaffolds_23_22	667	2.8e-118	1	289	200	524	0.9965397923875432
GH10.hmm	303	MouseExp3_p2_A1_Proximal_m1Normal_S51.scaffolds_23_27	741	6.4e-56	95	302	491	724	0.6831683168316832
CE20.hmm	249	MouseExp3_p2_A1_Proximal_m1Normal_S51.scaffolds_23_28	553	1.6e-37	3	126	101	242	0.4939759036144578
CE20.hmm	249	MouseExp3_p2_A1_Proximal_m1Normal_S51.scaffolds_23_28	553	2e-46	121	248	415	542	0.5100401606425703
GH10.hmm	303	MouseExp3_p2_A1_Proximal_m1Normal_S51.scaffolds_23_30	377	3.5e-108	1	302	29	370	0.9933993399339934
GH43_1.hmm	310	MouseExp3_p2_A1_Proximal_m1Normal_S51.scaffolds_23_31	326	2.1e-163	2	310	8	317	0.9935483870967742
GH67.hmm	669	MouseExp3_p2_A1_Proximal_m1Normal_S51.scaffolds_23_32	712	5.5e-279	4	666	25	679	0.9895366218236173
GH18.hmm	296	MouseExp3_p2_A1_Proximal_m1Normal_S51.scaffolds_23_52	547	3.2e-36	48	286	288	527	0.8040540540540541
GH20.hmm	337	MouseExp3_p2_A1_Proximal_m1Normal_S51.scaffolds_23_57	775	3.5e-114	8	336	156	515	0.973293768545994
GH2.hmm	752	MouseExp3_p2_A1_Proximal_m1Normal_S51.scaffolds_23_58	1029	6.6e-218	24	749	67	911	0.964095744680851
GH29.hmm	346	MouseExp3_p2_A1_Proximal_m1Normal_S51.scaffolds_23_59	606	8.3e-82	31	338	45	372	0.8872832369942196
GH27.hmm	229	MouseExp3_p2_A1_Proximal_m1Normal_S51.scaffolds_245_4	546	6.8e-67	4	229	142	385	0.982532751091703
GH15.hmm	361	MouseExp3_p2_A1_Proximal_m1Normal_S51.scaffolds_255_1	597	2.3e-77	3	360	221	581	0.9889196675900277
GT20.hmm	475	MouseExp3_p2_A1_Proximal_m1Normal_S51.scaffolds_255_2	758	9.3e-177	13	474	8	466	0.9705263157894737
GT2.hmm	170	MouseExp3_p2_A1_Proximal_m1Normal_S51.scaffolds_259_11	317	5.8e-34	1	168	4	167	0.9823529411764705
GH97.hmm	631	MouseExp3_p2_A1_Proximal_m1Normal_S51.scaffolds_259_3	720	3.1e-262	4	630	16	704	0.9920760697305864
GH2.hmm	752	MouseExp3_p2_A1_Proximal_m1Normal_S51.scaffolds_25_101	857	8.3e-106	25	589	19	775	0.75
GH31.hmm	427	MouseExp3_p2_A1_Proximal_m1Normal_S51.scaffolds_25_102	835	8.3e-148	1	427	233	683	0.9976580796252927
GH66.hmm	556	MouseExp3_p2_A1_Proximal_m1Normal_S51.scaffolds_25_103	593	1.4e-200	2	554	46	591	0.9928057553956835
GH24.hmm	137	MouseExp3_p2_A1_Proximal_m1Normal_S51.scaffolds_25_11	176	8.6e-17	5	137	43	168	0.9635036496350365
GH3.hmm	216	MouseExp3_p2_A1_Proximal_m1Normal_S51.scaffolds_25_81	801	3.8e-66	3	213	148	370	0.9722222222222222
GH16_3.hmm	230	MouseExp3_p2_A1_Proximal_m1Normal_S51.scaffolds_25_84	272	1.1e-58	2	229	38	270	0.9869565217391304
GH3.hmm	216	MouseExp3_p2_A1_Proximal_m1Normal_S51.scaffolds_25_88	765	2.9e-62	5	215	115	342	0.9722222222222222
GH26.hmm	303	MouseExp3_p2_A1_Proximal_m1Normal_S51.scaffolds_25_92	395	1e-59	1	284	41	361	0.933993399339934
GH173.hmm	255	MouseExp3_p2_A1_Proximal_m1Normal_S51.scaffolds_25_93	495	1.8e-82	1	255	79	347	0.996078431372549
GH173.hmm	255	MouseExp3_p2_A1_Proximal_m1Normal_S51.scaffolds_25_94	488	2.9e-75	26	255	95	339	0.8980392156862745
GH130.hmm	296	MouseExp3_p2_A1_Proximal_m1Normal_S51.scaffolds_25_98	342	3.9e-106	1	295	3	335	0.9932432432432432
GH92.hmm	491	MouseExp3_p2_A1_Proximal_m1Normal_S51.scaffolds_27_12	753	6.7e-165	3	491	214	735	0.9938900203665988
GH78.hmm	504	MouseExp3_p2_A1_Proximal_m1Normal_S51.scaffolds_27_19	857	1.5e-141	5	504	292	838	0.9900793650793651
CE20.hmm	249	MouseExp3_p2_A1_Proximal_m1Normal_S51.scaffolds_27_39	478	1e-88	3	248	102	360	0.9839357429718876
PL35.hmm	179	MouseExp3_p2_A1_Proximal_m1Normal_S51.scaffolds_27_42	605	4.4e-66	2	177	379	556	0.9776536312849162
PL35.hmm	179	MouseExp3_p2_A1_Proximal_m1Normal_S51.scaffolds_27_43	644	5.2e-64	2	176	415	595	0.9720670391061452
GH88.hmm	329	MouseExp3_p2_A1_Proximal_m1Normal_S51.scaffolds_27_44	394	6.4e-127	5	329	64	388	0.9848024316109423
GH130.hmm	296	MouseExp3_p2_A1_Proximal_m1Normal_S51.scaffolds_27_64	353	1.9e-87	2	296	5	347	0.9932432432432432
GT5.hmm	472	MouseExp3_p2_A1_Proximal_m1Normal_S51.scaffolds_31_2	278	5.6e-47	1	222	6	238	0.4682203389830508
GH20.hmm	337	MouseExp3_p2_A1_Proximal_m1Normal_S51.scaffolds_31_32	810	5e-126	9	336	160	525	0.9703264094955489
GH35.hmm	307	MouseExp3_p2_A1_Proximal_m1Normal_S51.scaffolds_31_67	778	3.4e-122	1	306	39	348	0.993485342019544
GH89.hmm	663	MouseExp3_p2_A1_Proximal_m1Normal_S51.scaffolds_31_68	712	8.2e-250	2	645	64	707	0.9698340874811463
PL1_2.hmm	183	MouseExp3_p2_A1_Proximal_m1Normal_S51.scaffolds_32_2	796	3.2e-64	1	183	372	577	0.994535519125683
GH92.hmm	491	MouseExp3_p2_A1_Proximal_m1Normal_S51.scaffolds_32_26	759	3.5e-183	2	491	231	738	0.9959266802443992
GH106.hmm	824	MouseExp3_p2_A1_Proximal_m1Normal_S51.scaffolds_32_32	922	0	3	823	21	915	0.9951456310679612
GH28.hmm	325	MouseExp3_p2_A1_Proximal_m1Normal_S51.scaffolds_32_33	468	2e-65	6	309	47	395	0.9323076923076923
GH28.hmm	325	MouseExp3_p2_A1_Proximal_m1Normal_S51.scaffolds_32_35	512	5.2e-62	6	309	88	454	0.9323076923076923
CE12.hmm	210	MouseExp3_p2_A1_Proximal_m1Normal_S51.scaffolds_32_36	433	3.1e-74	1	209	183	387	0.9904761904761905
GH2.hmm	752	MouseExp3_p2_A1_Proximal_m1Normal_S51.scaffolds_32_37	968	1.1e-69	27	524	31	699	0.660904255319149
GH43_18.hmm	229	MouseExp3_p2_A1_Proximal_m1Normal_S51.scaffolds_32_38	786	1e-88	2	229	67	301	0.9912663755458515
GH43_34.hmm	280	MouseExp3_p2_A1_Proximal_m1Normal_S51.scaffolds_32_38	786	8.9e-69	1	280	318	611	0.9964285714285714
GH42.hmm	371	MouseExp3_p2_A1_Proximal_m1Normal_S51.scaffolds_32_39	717	2.5e-122	2	370	62	436	0.9919137466307277
GH28.hmm	325	MouseExp3_p2_A1_Proximal_m1Normal_S51.scaffolds_32_41	462	7.1e-72	5	321	76	450	0.9723076923076923
PL11_1.hmm	583	MouseExp3_p2_A1_Proximal_m1Normal_S51.scaffolds_32_53	695	1.6e-184	18	574	72	690	0.9536878216123499
PL26.hmm	862	MouseExp3_p2_A1_Proximal_m1Normal_S51.scaffolds_32_54	1126	0	2	858	232	1121	0.9930394431554525
CE12.hmm	210	MouseExp3_p2_A1_Proximal_m1Normal_S51.scaffolds_32_56	515	3.8e-53	2	210	36	255	0.9904761904761905
CE12.hmm	210	MouseExp3_p2_A1_Proximal_m1Normal_S51.scaffolds_32_56	515	1.1e-62	2	210	287	502	0.9904761904761905
GH105.hmm	332	MouseExp3_p2_A1_Proximal_m1Normal_S51.scaffolds_32_57	381	2.7e-94	10	332	62	378	0.9698795180722891
PL11_1.hmm	583	MouseExp3_p2_A1_Proximal_m1Normal_S51.scaffolds_32_58	614	1.8e-273	3	574	30	601	0.9794168096054888
GH105.hmm	332	MouseExp3_p2_A1_Proximal_m1Normal_S51.scaffolds_32_59	470	2.8e-90	9	331	96	431	0.9698795180722891
GH2.hmm	752	MouseExp3_p2_A1_Proximal_m1Normal_S51.scaffolds_32_65	988	4e-69	23	618	21	749	0.7912234042553191
PL11.hmm	606	MouseExp3_p2_A1_Proximal_m1Normal_S51.scaffolds_32_66	634	7.6e-273	2	573	30	620	0.9422442244224423
GH28.hmm	325	MouseExp3_p2_A1_Proximal_m1Normal_S51.scaffolds_32_67	488	3.5e-65	5	309	77	449	0.9353846153846154
GH117.hmm	211	MouseExp3_p2_A1_Proximal_m1Normal_S51.scaffolds_32_69	359	2.5e-30	45	150	110	208	0.4976303317535545
GH117.hmm	211	MouseExp3_p2_A1_Proximal_m1Normal_S51.scaffolds_32_69	359	5.3e-47	46	210	173	340	0.7772511848341233
CE8.hmm	288	MouseExp3_p2_A1_Proximal_m1Normal_S51.scaffolds_32_7	804	5.4e-38	6	204	479	699	0.6875
GH28.hmm	325	MouseExp3_p2_A1_Proximal_m1Normal_S51.scaffolds_32_8	525	9.3e-85	7	321	83	488	0.9661538461538461
GH3.hmm	216	MouseExp3_p2_A1_Proximal_m1Normal_S51.scaffolds_32_9	864	4e-72	3	215	61	306	0.9814814814814815
GH3.hmm	216	MouseExp3_p2_A1_Proximal_m1Normal_S51.scaffolds_33_15	694	2.3e-62	6	215	61	276	0.9675925925925926
GH33.hmm	342	MouseExp3_p2_A1_Proximal_m1Normal_S51.scaffolds_33_18	387	3.6e-93	12	332	50	371	0.935672514619883
GH33.hmm	342	MouseExp3_p2_A1_Proximal_m1Normal_S51.scaffolds_33_22	547	2.2e-89	9	330	169	532	0.9385964912280702
GT2.hmm	170	MouseExp3_p2_A1_Proximal_m1Normal_S51.scaffolds_33_35	391	6.8e-16	1	166	57	223	0.9705882352941176
GH73.hmm	128	MouseExp3_p2_A1_Proximal_m1Normal_S51.scaffolds_33_95	302	1.8e-35	4	128	40	167	0.96875
GH109.hmm	399	MouseExp3_p2_A1_Proximal_m1Normal_S51.scaffolds_344_1	425	3.6e-33	3	161	34	183	0.39598997493734334
GT51.hmm	177	MouseExp3_p2_A1_Proximal_m1Normal_S51.scaffolds_352_1	248	7.8e-54	12	176	60	223	0.9265536723163842
GT2.hmm	170	MouseExp3_p2_A1_Proximal_m1Normal_S51.scaffolds_376_1	251	4.2e-26	1	128	4	132	0.7470588235294118
GH20.hmm	337	MouseExp3_p2_A1_Proximal_m1Normal_S51.scaffolds_37_28	769	1.2e-113	8	335	154	509	0.9703264094955489
GH171.hmm	355	MouseExp3_p2_A1_Proximal_m1Normal_S51.scaffolds_386_6	389	3.5e-118	1	355	44	387	0.9971830985915493
GH36.hmm	688	MouseExp3_p2_A1_Proximal_m1Normal_S51.scaffolds_44_25	730	2e-203	4	686	26	708	0.9912790697674418
GH2.hmm	752	MouseExp3_p2_A1_Proximal_m1Normal_S51.scaffolds_44_27	953	6.9e-74	27	587	31	756	0.7446808510638298
GH3.hmm	216	MouseExp3_p2_A1_Proximal_m1Normal_S51.scaffolds_44_29	734	4.5e-62	2	216	95	318	0.9907407407407407
GH97.hmm	631	MouseExp3_p2_A1_Proximal_m1Normal_S51.scaffolds_44_31	667	4.7e-204	7	630	18	664	0.9873217115689382
GH5_13.hmm	275	MouseExp3_p2_A1_Proximal_m1Normal_S51.scaffolds_44_42	359	1e-95	1	274	52	315	0.9927272727272727
GH93.hmm	307	MouseExp3_p2_A1_Proximal_m1Normal_S51.scaffolds_44_43	626	1.1e-22	3	281	94	379	0.9055374592833876
GH43_3.hmm	299	MouseExp3_p2_A1_Proximal_m1Normal_S51.scaffolds_487_3	628	3.7e-103	1	299	319	609	0.9966555183946488
GH30_4.hmm	484	MouseExp3_p2_A1_Proximal_m1Normal_S51.scaffolds_49_12	542	5e-170	2	484	41	537	0.9958677685950413
GH30_4.hmm	484	MouseExp3_p2_A1_Proximal_m1Normal_S51.scaffolds_49_13	529	5.6e-198	2	483	30	525	0.993801652892562
GH105.hmm	332	MouseExp3_p2_A1_Proximal_m1Normal_S51.scaffolds_49_19	391	1.6e-72	10	329	70	381	0.9608433734939759
GH3.hmm	216	MouseExp3_p2_A1_Proximal_m1Normal_S51.scaffolds_49_26	787	3.4e-65	4	216	119	348	0.9814814814814815
GH43_12.hmm	281	MouseExp3_p2_A1_Proximal_m1Normal_S51.scaffolds_49_27	146	4.1e-57	2	122	25	145	0.42704626334519574
GH43_12.hmm	281	MouseExp3_p2_A1_Proximal_m1Normal_S51.scaffolds_49_28	376	7.1e-55	142	281	8	147	0.49466192170818507
CBM91.hmm	200	MouseExp3_p2_A1_Proximal_m1Normal_S51.scaffolds_49_28	376	2.4e-54	4	198	174	369	0.97
GH5_4.hmm	276	MouseExp3_p2_A1_Proximal_m1Normal_S51.scaffolds_49_29	503	8.4e-89	2	275	182	475	0.9891304347826086
GH9.hmm	418	MouseExp3_p2_A1_Proximal_m1Normal_S51.scaffolds_49_33	588	1.5e-102	5	416	121	574	0.9832535885167464
GH31.hmm	427	MouseExp3_p2_A1_Proximal_m1Normal_S51.scaffolds_49_35	953	3.5e-141	1	427	374	841	0.9976580796252927
GH2.hmm	752	MouseExp3_p2_A1_Proximal_m1Normal_S51.scaffolds_49_36	843	1.3e-126	27	548	33	736	0.6928191489361702
GH130.hmm	296	MouseExp3_p2_A1_Proximal_m1Normal_S51.scaffolds_49_45	398	3.7e-92	2	295	52	363	0.9898648648648649
GH30_6.hmm	450	MouseExp3_p2_A1_Proximal_m1Normal_S51.scaffolds_49_46	493	5.7e-203	2	449	35	485	0.9933333333333333
GH18.hmm	296	MouseExp3_p2_A1_Proximal_m1Normal_S51.scaffolds_49_6	321	1e-37	48	286	74	307	0.8040540540540541
PL1_2.hmm	183	MouseExp3_p2_A1_Proximal_m1Normal_S51.scaffolds_50_15	580	4.1e-64	1	183	135	328	0.994535519125683
GH43_18.hmm	229	MouseExp3_p2_A1_Proximal_m1Normal_S51.scaffolds_50_17	316	1.6e-88	2	229	66	292	0.9912663755458515
GH143.hmm	556	MouseExp3_p2_A1_Proximal_m1Normal_S51.scaffolds_50_18	1107	1.6e-294	3	556	18	567	0.9946043165467626
GH142.hmm	479	MouseExp3_p2_A1_Proximal_m1Normal_S51.scaffolds_50_18	1107	2.1e-232	1	479	630	1098	0.9979123173277662
CBM67.hmm	176	MouseExp3_p2_A1_Proximal_m1Normal_S51.scaffolds_50_19	296	2.9e-18	26	117	183	284	0.5170454545454546
CBM67.hmm	176	MouseExp3_p2_A1_Proximal_m1Normal_S51.scaffolds_50_20	765	3.3e-35	26	171	20	175	0.8238636363636364
GH78.hmm	504	MouseExp3_p2_A1_Proximal_m1Normal_S51.scaffolds_50_20	765	3.7e-161	3	504	216	744	0.9940476190476191
GH28.hmm	325	MouseExp3_p2_A1_Proximal_m1Normal_S51.scaffolds_50_21	451	2e-96	10	310	53	425	0.9230769230769231
CE19.hmm	332	MouseExp3_p2_A1_Proximal_m1Normal_S51.scaffolds_50_22	435	1.4e-138	2	313	118	429	0.9367469879518072
CBM67.hmm	176	MouseExp3_p2_A1_Proximal_m1Normal_S51.scaffolds_50_25	1287	3.3e-38	3	169	141	325	0.9431818181818182
GH78.hmm	504	MouseExp3_p2_A1_Proximal_m1Normal_S51.scaffolds_50_25	1287	6e-164	7	504	355	884	0.9861111111111112
GH33.hmm	342	MouseExp3_p2_A1_Proximal_m1Normal_S51.scaffolds_50_25	1287	2.9e-38	14	326	918	1270	0.9122807017543859
GH140.hmm	412	MouseExp3_p2_A1_Proximal_m1Normal_S51.scaffolds_50_26	489	8.6e-178	1	412	36	462	0.9975728155339806
GH105.hmm	332	MouseExp3_p2_A1_Proximal_m1Normal_S51.scaffolds_50_27	401	5e-123	5	332	49	396	0.9849397590361446
GH95.hmm	722	MouseExp3_p2_A1_Proximal_m1Normal_S51.scaffolds_50_28	823	7.9e-292	6	713	30	759	0.9792243767313019
GH18.hmm	296	MouseExp3_p2_A1_Proximal_m1Normal_S51.scaffolds_50_3	355	1.4e-16	7	240	88	342	0.7871621621621622
GH127.hmm	524	MouseExp3_p2_A1_Proximal_m1Normal_S51.scaffolds_50_44	699	3.9e-194	1	524	44	607	0.9980916030534351
GH141.hmm	527	MouseExp3_p2_A1_Proximal_m1Normal_S51.scaffolds_50_45	619	1.8e-233	2	527	21	579	0.9962049335863378
GH78.hmm	504	MouseExp3_p2_A1_Proximal_m1Normal_S51.scaffolds_50_46	735	1.8e-116	3	489	191	685	0.9642857142857143
GH165.hmm	635	MouseExp3_p2_A1_Proximal_m1Normal_S51.scaffolds_50_53	561	1.2e-225	128	634	22	559	0.7968503937007874
GH165.hmm	635	MouseExp3_p2_A1_Proximal_m1Normal_S51.scaffolds_50_54	571	7.5e-197	123	632	38	569	0.8015748031496063
GH165.hmm	635	MouseExp3_p2_A1_Proximal_m1Normal_S51.scaffolds_50_56	518	7.8e-201	149	634	19	512	0.7637795275590551
GH163.hmm	251	MouseExp3_p2_A1_Proximal_m1Normal_S51.scaffolds_50_6	734	4.3e-111	1	251	196	450	0.9960159362549801
GH130.hmm	296	MouseExp3_p2_A1_Proximal_m1Normal_S51.scaffolds_50_8	323	1.7e-95	1	296	19	317	0.9966216216216216
GH92.hmm	491	MouseExp3_p2_A1_Proximal_m1Normal_S51.scaffolds_50_9	758	2.4e-179	2	487	270	756	0.9877800407331976
GH3.hmm	216	MouseExp3_p2_A1_Proximal_m1Normal_S51.scaffolds_51_28	626	1.8e-59	36	215	1	195	0.8287037037037037
GH33.hmm	342	MouseExp3_p2_A1_Proximal_m1Normal_S51.scaffolds_51_38	664	6e-20	23	308	311	610	0.8333333333333334
CBM62.hmm	131	MouseExp3_p2_A1_Proximal_m1Normal_S51.scaffolds_538_2	488	2e-23	64	131	286	353	0.5114503816793893
GH3.hmm	216	MouseExp3_p2_A1_Proximal_m1Normal_S51.scaffolds_55_19	1004	3.4e-57	3	215	109	333	0.9814814814814815
GT51.hmm	177	MouseExp3_p2_A1_Proximal_m1Normal_S51.scaffolds_55_32	650	1.4e-44	13	159	437	585	0.8248587570621468
CE7.hmm	313	MouseExp3_p2_A1_Proximal_m1Normal_S51.scaffolds_55_50	437	3.3e-91	11	311	129	430	0.9584664536741214
GH16_3.hmm	230	MouseExp3_p2_A1_Proximal_m1Normal_S51.scaffolds_55_65	268	3.1e-54	1	230	35	261	0.9956521739130435
GH92.hmm	491	MouseExp3_p2_A1_Proximal_m1Normal_S51.scaffolds_55_68	761	4.1e-188	2	491	230	737	0.9959266802443992
GH3.hmm	216	MouseExp3_p2_A1_Proximal_m1Normal_S51.scaffolds_59_51	736	3e-69	2	216	103	326	0.9907407407407407
GH3.hmm	216	MouseExp3_p2_A1_Proximal_m1Normal_S51.scaffolds_59_52	818	1e-68	3	216	58	267	0.9861111111111112
GH105.hmm	332	MouseExp3_p2_A1_Proximal_m1Normal_S51.scaffolds_59_53	371	2.9e-89	9	332	49	367	0.9728915662650602
CE7.hmm	313	MouseExp3_p2_A1_Proximal_m1Normal_S51.scaffolds_59_56	433	9.1e-84	11	311	129	422	0.9584664536741214
GH2.hmm	752	MouseExp3_p2_A1_Proximal_m1Normal_S51.scaffolds_59_57	599	1e-93	22	461	28	554	0.5837765957446809
GH26.hmm	303	MouseExp3_p2_A1_Proximal_m1Normal_S51.scaffolds_59_65	361	3.4e-88	3	299	48	351	0.976897689768977
GH26.hmm	303	MouseExp3_p2_A1_Proximal_m1Normal_S51.scaffolds_59_66	367	8.5e-63	4	259	29	301	0.8415841584158416
GH36.hmm	688	MouseExp3_p2_A1_Proximal_m1Normal_S51.scaffolds_59_67	736	1.3e-211	2	687	25	709	0.9956395348837209
GH130.hmm	296	MouseExp3_p2_A1_Proximal_m1Normal_S51.scaffolds_59_68	391	7.4e-91	2	295	50	361	0.9898648648648649
GT28.hmm	157	MouseExp3_p2_A1_Proximal_m1Normal_S51.scaffolds_61_28	374	7.6e-49	1	156	194	355	0.9872611464968153
GH43_26.hmm	294	MouseExp3_p2_A1_Proximal_m1Normal_S51.scaffolds_61_42	368	4.1e-103	1	294	35	343	0.9965986394557823
CE20.hmm	249	MouseExp3_p2_A1_Proximal_m1Normal_S51.scaffolds_61_47	641	6.7e-44	3	117	101	222	0.4578313253012048
CE20.hmm	249	MouseExp3_p2_A1_Proximal_m1Normal_S51.scaffolds_61_47	641	2.5e-52	121	247	405	530	0.5060240963855421
GH3.hmm	216	MouseExp3_p2_A1_Proximal_m1Normal_S51.scaffolds_61_49	760	1.1e-70	3	216	98	319	0.9861111111111112
GH2.hmm	752	MouseExp3_p2_A1_Proximal_m1Normal_S51.scaffolds_62_19	607	1.1e-105	23	405	52	494	0.5079787234042553
GH115.hmm	697	MouseExp3_p2_A1_Proximal_m1Normal_S51.scaffolds_62_21	692	1.3e-47	12	524	37	624	0.7345767575322812
GH76.hmm	358	MouseExp3_p2_A1_Proximal_m1Normal_S51.scaffolds_62_27	391	1.4e-54	25	329	56	368	0.8491620111731844
GH67.hmm	669	MouseExp3_p2_A1_Proximal_m1Normal_S51.scaffolds_62_28	686	7e-233	2	657	35	681	0.9790732436472347
GH115.hmm	697	MouseExp3_p2_A1_Proximal_m1Normal_S51.scaffolds_62_31	983	1.2e-226	3	579	32	659	0.8263988522238164
GH43_26.hmm	294	MouseExp3_p2_A1_Proximal_m1Normal_S51.scaffolds_62_32	368	1.4e-107	1	294	37	346	0.9965986394557823
GH43_34.hmm	280	MouseExp3_p2_A1_Proximal_m1Normal_S51.scaffolds_62_33	330	9.9e-111	1	279	32	311	0.9928571428571429
GH76.hmm	358	MouseExp3_p2_A1_Proximal_m1Normal_S51.scaffolds_62_38	440	4.3e-67	29	328	63	413	0.835195530726257
GH76.hmm	358	MouseExp3_p2_A1_Proximal_m1Normal_S51.scaffolds_62_41	420	1.9e-71	28	336	57	401	0.8603351955307262
GH92.hmm	491	MouseExp3_p2_A1_Proximal_m1Normal_S51.scaffolds_62_43	764	8.5e-187	2	491	233	740	0.9959266802443992
GH125.hmm	402	MouseExp3_p2_A1_Proximal_m1Normal_S51.scaffolds_62_44	488	4.7e-186	2	402	72	472	0.9950248756218906
GH127.hmm	524	MouseExp3_p2_A1_Proximal_m1Normal_S51.scaffolds_62_46	705	1.4e-34	301	522	342	568	0.4217557251908397
CBM62.hmm	131	MouseExp3_p2_A1_Proximal_m1Normal_S51.scaffolds_62_55	675	1.8e-22	62	131	469	538	0.5267175572519084
CBM62.hmm	131	MouseExp3_p2_A1_Proximal_m1Normal_S51.scaffolds_62_55	675	2.2e-18	2	64	545	609	0.4732824427480916
CE9.hmm	373	MouseExp3_p2_A1_Proximal_m1Normal_S51.scaffolds_631_4	392	2.3e-105	1	373	5	378	0.9973190348525469
CE9.hmm	373	MouseExp3_p2_A1_Proximal_m1Normal_S51.scaffolds_631_5	389	1.4e-112	1	373	5	378	0.9973190348525469
GT101.hmm	224	MouseExp3_p2_A1_Proximal_m1Normal_S51.scaffolds_69_10	304	4.9e-93	1	224	57	280	0.9955357142857143
GT4.hmm	160	MouseExp3_p2_A1_Proximal_m1Normal_S51.scaffolds_69_12	397	4.5e-30	10	149	220	358	0.86875
GT2.hmm	230	MouseExp3_p2_A1_Proximal_m1Normal_S51.scaffolds_69_22	398	1.6e-29	3	229	42	262	0.9826086956521739
GT2.hmm	170	MouseExp3_p2_A1_Proximal_m1Normal_S51.scaffolds_69_23	306	2.9e-20	1	169	9	183	0.9882352941176471
GT2.hmm	230	MouseExp3_p2_A1_Proximal_m1Normal_S51.scaffolds_69_4	405	1.8e-20	1	226	57	274	0.9782608695652174
GT2.hmm	170	MouseExp3_p2_A1_Proximal_m1Normal_S51.scaffolds_69_6	285	4.8e-20	7	147	47	180	0.8235294117647058
GT4.hmm	160	MouseExp3_p2_A1_Proximal_m1Normal_S51.scaffolds_69_7	385	3e-42	11	160	202	350	0.93125
GT4.hmm	160	MouseExp3_p2_A1_Proximal_m1Normal_S51.scaffolds_69_8	385	1.2e-39	4	159	198	351	0.96875
GH109.hmm	399	MouseExp3_p2_A1_Proximal_m1Normal_S51.scaffolds_72_10	442	4.5e-40	3	170	49	207	0.41854636591478694
GH109.hmm	399	MouseExp3_p2_A1_Proximal_m1Normal_S51.scaffolds_72_12	448	2.1e-30	3	167	39	199	0.41102756892230574
GH20.hmm	337	MouseExp3_p2_A1_Proximal_m1Normal_S51.scaffolds_72_2	543	7.1e-104	8	336	162	501	0.973293768545994
GH3.hmm	216	MouseExp3_p2_A1_Proximal_m1Normal_S51.scaffolds_72_29	770	8.3e-73	3	216	97	318	0.9861111111111112
GH32.hmm	293	MouseExp3_p2_A1_Proximal_m1Normal_S51.scaffolds_72_3	550	7.1e-56	1	287	74	356	0.9761092150170648
GH144.hmm	404	MouseExp3_p2_A1_Proximal_m1Normal_S51.scaffolds_72_30	458	1.3e-192	2	403	36	448	0.9925742574257426
GH43_26.hmm	294	MouseExp3_p2_A1_Proximal_m1Normal_S51.scaffolds_72_40	366	2.1e-106	1	294	35	343	0.9965986394557823
GH43_34.hmm	280	MouseExp3_p2_A1_Proximal_m1Normal_S51.scaffolds_72_41	331	2.3e-109	1	280	33	313	0.9964285714285714
GH42.hmm	371	MouseExp3_p2_A1_Proximal_m1Normal_S51.scaffolds_72_42	704	4.6e-126	2	370	38	417	0.9919137466307277
GH3.hmm	216	MouseExp3_p2_A1_Proximal_m1Normal_S51.scaffolds_72_43	760	1.5e-71	3	216	98	319	0.9861111111111112
CE9.hmm	373	MouseExp3_p2_A1_Proximal_m1Normal_S51.scaffolds_72_5	396	4e-118	2	373	7	389	0.9946380697050938
CBM35.hmm	119	MouseExp3_p2_A1_Proximal_m1Normal_S51.scaffolds_73_3	653	8.9e-16	3	119	529	650	0.9747899159663865
CE12.hmm	210	MouseExp3_p2_A1_Proximal_m1Normal_S51.scaffolds_73_6	564	2.5e-76	1	210	27	249	0.9952380952380953
CE4.hmm	130	MouseExp3_p2_A1_Proximal_m1Normal_S51.scaffolds_73_6	564	1.7e-30	5	119	274	399	0.8769230769230769
GH43_24.hmm	246	MouseExp3_p2_A1_Proximal_m1Normal_S51.scaffolds_73_7	457	1.6e-72	2	245	49	283	0.9878048780487805
GH115.hmm	697	MouseExp3_p2_A1_Proximal_m1Normal_S51.scaffolds_73_8	785	3.2e-241	3	697	20	775	0.9956958393113343
GH92.hmm	491	MouseExp3_p2_A1_Proximal_m1Normal_S51.scaffolds_76_34	726	3.6e-189	5	487	235	724	0.9816700610997964
GH5_13.hmm	275	MouseExp3_p2_A1_Proximal_m1Normal_S51.scaffolds_76_41	358	1.9e-118	1	275	53	315	0.9963636363636363
GH20.hmm	337	MouseExp3_p2_A1_Proximal_m1Normal_S51.scaffolds_76_42	844	1.5e-99	14	336	319	731	0.9554896142433235
GH43_18.hmm	229	MouseExp3_p2_A1_Proximal_m1Normal_S51.scaffolds_76_47	333	3.4e-66	3	229	73	316	0.9868995633187773
GH42.hmm	371	MouseExp3_p2_A1_Proximal_m1Normal_S51.scaffolds_76_49	704	2e-124	2	370	38	417	0.9919137466307277
GH5_13.hmm	275	MouseExp3_p2_A1_Proximal_m1Normal_S51.scaffolds_76_50	365	2.8e-113	1	275	59	320	0.9963636363636363
GH97.hmm	631	MouseExp3_p2_A1_Proximal_m1Normal_S51.scaffolds_76_51	680	4.7e-209	5	630	29	678	0.9904912836767037
PL1_2.hmm	183	MouseExp3_p2_A1_Proximal_m1Normal_S51.scaffolds_77_10	528	1.2e-80	1	183	111	304	0.994535519125683
PL1_2.hmm	183	MouseExp3_p2_A1_Proximal_m1Normal_S51.scaffolds_77_11	554	3e-70	1	183	110	304	0.994535519125683
PL1_2.hmm	183	MouseExp3_p2_A1_Proximal_m1Normal_S51.scaffolds_77_12	499	1e-77	1	183	96	284	0.994535519125683
CE12.hmm	210	MouseExp3_p2_A1_Proximal_m1Normal_S51.scaffolds_77_16	583	7.7e-79	1	210	33	264	0.9952380952380953
CE8.hmm	288	MouseExp3_p2_A1_Proximal_m1Normal_S51.scaffolds_77_16	583	7e-100	2	277	280	555	0.9548611111111112
CE8.hmm	288	MouseExp3_p2_A1_Proximal_m1Normal_S51.scaffolds_77_17	324	1.9e-107	2	287	33	314	0.9895833333333334
GH105.hmm	332	MouseExp3_p2_A1_Proximal_m1Normal_S51.scaffolds_77_18	400	5.6e-122	6	332	52	396	0.9819277108433735
PL1_2.hmm	183	MouseExp3_p2_A1_Proximal_m1Normal_S51.scaffolds_77_3	510	3.6e-76	1	183	91	275	0.994535519125683
GH130.hmm	296	MouseExp3_p2_A1_Proximal_m1Normal_S51.scaffolds_77_31	378	1.3e-87	14	286	63	372	0.918918918918919
GH92.hmm	491	MouseExp3_p2_A1_Proximal_m1Normal_S51.scaffolds_77_32	719	2.2e-156	3	491	231	704	0.9938900203665988
GH92.hmm	491	MouseExp3_p2_A1_Proximal_m1Normal_S51.scaffolds_77_33	758	1.3e-175	3	491	235	739	0.9938900203665988
GH31.hmm	427	MouseExp3_p2_A1_Proximal_m1Normal_S51.scaffolds_77_41	715	2e-136	2	415	177	601	0.9672131147540983
CE8.hmm	288	MouseExp3_p2_A1_Proximal_m1Normal_S51.scaffolds_77_9	543	1.1e-57	2	286	140	462	0.9861111111111112
GH2.hmm	752	MouseExp3_p2_A1_Proximal_m1Normal_S51.scaffolds_78_10	814	1.7e-116	22	555	18	716	0.7087765957446809
PL12_2.hmm	131	MouseExp3_p2_A1_Proximal_m1Normal_S51.scaffolds_78_18	697	1.2e-53	1	131	424	558	0.9923664122137404
PL13.hmm	363	MouseExp3_p2_A1_Proximal_m1Normal_S51.scaffolds_78_2	393	1.2e-207	2	363	23	392	0.9944903581267218
GH88.hmm	329	MouseExp3_p2_A1_Proximal_m1Normal_S51.scaffolds_78_23	429	5.2e-119	6	328	101	416	0.9787234042553191
PL12_2.hmm	131	MouseExp3_p2_A1_Proximal_m1Normal_S51.scaffolds_78_24	667	4.1e-64	1	131	404	534	0.9923664122137404
PL15_2.hmm	156	MouseExp3_p2_A1_Proximal_m1Normal_S51.scaffolds_78_29	874	9e-103	1	156	534	689	0.9935897435897436
GH147.hmm	816	MouseExp3_p2_A1_Proximal_m1Normal_S51.scaffolds_78_5	870	0	6	816	20	851	0.9926470588235294
GH53.hmm	342	MouseExp3_p2_A1_Proximal_m1Normal_S51.scaffolds_78_9	371	1.1e-93	2	338	54	364	0.9824561403508771
GH76.hmm	358	MouseExp3_p2_A1_Proximal_m1Normal_S51.scaffolds_87_28	411	2.7e-52	16	330	55	384	0.8770949720670391
GH76.hmm	358	MouseExp3_p2_A1_Proximal_m1Normal_S51.scaffolds_87_29	381	1.4e-64	6	332	17	350	0.9106145251396648
GH92.hmm	491	MouseExp3_p2_A1_Proximal_m1Normal_S51.scaffolds_87_30	791	2.3e-147	4	491	252	776	0.9918533604887984
PL29.hmm	301	MouseExp3_p2_A1_Proximal_m1Normal_S51.scaffolds_89_29	1043	5e-19	32	275	99	329	0.8073089700996677
PL1_2.hmm	183	MouseExp3_p2_A1_Proximal_m1Normal_S51.scaffolds_89_30	561	3.5e-65	1	183	134	324	0.994535519125683
GH2.hmm	752	MouseExp3_p2_A1_Proximal_m1Normal_S51.scaffolds_89_32	885	1.3e-94	26	503	44	633	0.6343085106382979
GH139.hmm	777	MouseExp3_p2_A1_Proximal_m1Normal_S51.scaffolds_89_33	767	0	3	776	1	764	0.9948519948519948
CE20.hmm	249	MouseExp3_p2_A1_Proximal_m1Normal_S51.scaffolds_89_34	478	9.9e-95	3	248	107	367	0.9839357429718876
GH106.hmm	824	MouseExp3_p2_A1_Proximal_m1Normal_S51.scaffolds_89_35	1100	4.1e-116	93	457	360	719	0.441747572815534
GH23.hmm	135	MouseExp3_p2_A1_Proximal_m1Normal_S51.scaffolds_8_104	464	1.3e-21	13	126	302	459	0.837037037037037
GT51.hmm	177	MouseExp3_p2_A1_Proximal_m1Normal_S51.scaffolds_8_122	808	4.8e-46	18	176	69	226	0.8926553672316384
CE1.hmm	227	MouseExp3_p2_A1_Proximal_m1Normal_S51.scaffolds_8_130	273	3.1e-51	1	218	31	261	0.9559471365638766
GH88.hmm	329	MouseExp3_p2_A1_Proximal_m1Normal_S51.scaffolds_8_137	407	1.4e-127	3	329	71	395	0.9908814589665653
GH43_10.hmm	271	MouseExp3_p2_A1_Proximal_m1Normal_S51.scaffolds_8_138	550	4e-110	1	271	37	307	0.996309963099631
CBM91.hmm	200	MouseExp3_p2_A1_Proximal_m1Normal_S51.scaffolds_8_138	550	1.2e-24	5	196	342	547	0.955
GH2.hmm	752	MouseExp3_p2_A1_Proximal_m1Normal_S51.scaffolds_8_146	1051	6.8e-216	15	751	53	925	0.9787234042553191
GH146.hmm	503	MouseExp3_p2_A1_Proximal_m1Normal_S51.scaffolds_8_156	645	1.1e-199	1	503	52	557	0.9980119284294234
GH97.hmm	631	MouseExp3_p2_A1_Proximal_m1Normal_S51.scaffolds_8_163	639	4.7e-182	10	630	16	633	0.9825673534072901
GH28.hmm	325	MouseExp3_p2_A1_Proximal_m1Normal_S51.scaffolds_8_167	469	7.5e-43	63	306	191	446	0.7476923076923077
GH109.hmm	399	MouseExp3_p2_A1_Proximal_m1Normal_S51.scaffolds_8_19	329	9.5e-24	5	196	5	185	0.47869674185463656
GH25.hmm	177	MouseExp3_p2_A1_Proximal_m1Normal_S51.scaffolds_8_30	298	4.4e-56	1	177	100	275	0.9943502824858758
GH88.hmm	329	MouseExp3_p2_A1_Proximal_m1Normal_S51.scaffolds_8_5	1457	7.6e-124	5	328	61	382	0.9817629179331308
GH92.hmm	491	MouseExp3_p2_A1_Proximal_m1Normal_S51.scaffolds_8_5	1457	5.4e-187	5	490	961	1455	0.9877800407331976
GT2.hmm	170	MouseExp3_p2_A1_Proximal_m1Normal_S51.scaffolds_8_50	248	1.1e-29	2	168	8	174	0.9764705882352941
GH158.hmm	132	MouseExp3_p2_A1_Proximal_m1Normal_S51.scaffolds_8_95	452	5.8e-46	1	132	56	188	0.9924242424242424
GH3.hmm	216	MouseExp3_p2_A1_Proximal_m1Normal_S51.scaffolds_8_97	772	6.6e-73	2	215	122	351	0.9861111111111112
GH3.hmm	216	MouseExp3_p2_A1_Proximal_m1Normal_S51.scaffolds_8_99	747	3.2e-73	3	215	90	311	0.9814814814814815
GH97.hmm	631	MouseExp3_p2_A1_Proximal_m1Normal_S51.scaffolds_91_40	446	1.9e-141	7	424	16	444	0.6608557844690967
PL1_2.hmm	183	MouseExp3_p2_A1_Proximal_m1Normal_S51.scaffolds_94_15	522	7.2e-53	1	183	124	308	0.994535519125683
CE20.hmm	249	MouseExp3_p2_A1_Proximal_m1Normal_S51.scaffolds_94_17	844	9.5e-90	3	249	105	367	0.9879518072289156
GH105.hmm	332	MouseExp3_p2_A1_Proximal_m1Normal_S51.scaffolds_94_17	844	2.8e-122	7	331	501	842	0.9759036144578314
GH28.hmm	325	MouseExp3_p2_A1_Proximal_m1Normal_S51.scaffolds_94_19	344	6.5e-50	8	196	74	298	0.5784615384615385
PL11.hmm	606	MouseExp3_p2_A1_Proximal_m1Normal_S51.scaffolds_94_21	657	2.6e-202	18	574	68	655	0.9174917491749175
GH28.hmm	325	MouseExp3_p2_A1_Proximal_m1Normal_S51.scaffolds_94_5	470	2.5e-83	7	310	76	451	0.9323076923076923
GH73.hmm	128	MouseExp3_p2_A1_Proximal_m1Normal_S51.scaffolds_99_22	519	2.6e-34	2	128	12	144	0.984375
GT2.hmm	170	MouseExp3_p2_A1_Proximal_m1Normal_S51.scaffolds_99_35	321	2.4e-22	1	109	8	115	0.6352941176470588
