GH3.hmm	216	mousexp3_gavage1_C5_S29.scaffolds_110_12	954	2.7e-43	23	215	676	869	0.8888888888888888
GT5.hmm	472	mousexp3_gavage1_C5_S29.scaffolds_110_40	482	4.4e-185	1	471	3	476	0.9957627118644068
GH18.hmm	296	mousexp3_gavage1_C5_S29.scaffolds_114_35	553	3.8e-39	48	283	263	539	0.793918918918919
GT2.hmm	170	mousexp3_gavage1_C5_S29.scaffolds_115_1	321	1.1e-28	1	168	5	166	0.9823529411764705
GT2.hmm	170	mousexp3_gavage1_C5_S29.scaffolds_116_6	339	3.7e-29	1	107	5	109	0.6235294117647059
GH137.hmm	340	mousexp3_gavage1_C5_S29.scaffolds_118_30	304	3.7e-16	111	329	87	295	0.6411764705882353
GH142.hmm	479	mousexp3_gavage1_C5_S29.scaffolds_118_31	504	4e-148	1	464	17	500	0.9665970772442589
GT28.hmm	157	mousexp3_gavage1_C5_S29.scaffolds_120_14	355	3.4e-40	2	152	188	338	0.9554140127388535
GT51.hmm	177	mousexp3_gavage1_C5_S29.scaffolds_132_10	866	6.2e-63	2	176	82	266	0.9830508474576272
GH29.hmm	346	mousexp3_gavage1_C5_S29.scaffolds_132_28	479	1.1e-104	27	346	2	388	0.9219653179190751
GH29.hmm	346	mousexp3_gavage1_C5_S29.scaffolds_134_13	437	2.7e-116	39	346	6	337	0.8872832369942196
GH109.hmm	399	mousexp3_gavage1_C5_S29.scaffolds_134_14	417	5.8e-16	4	173	2	171	0.42355889724310775
GH77.hmm	494	mousexp3_gavage1_C5_S29.scaffolds_143_2	512	2.9e-171	1	488	11	492	0.9858299595141701
CE4.hmm	130	mousexp3_gavage1_C5_S29.scaffolds_147_23	297	1.1e-31	2	124	102	228	0.9384615384615385
GH2.hmm	752	mousexp3_gavage1_C5_S29.scaffolds_162_1	807	9.4e-92	28	549	2	776	0.6928191489361702
GH3.hmm	216	mousexp3_gavage1_C5_S29.scaffolds_162_16	804	6e-69	6	215	558	766	0.9675925925925926
GH78.hmm	504	mousexp3_gavage1_C5_S29.scaffolds_162_4	674	3e-91	73	484	254	665	0.8154761904761905
CBM48.hmm	76	mousexp3_gavage1_C5_S29.scaffolds_169_20	776	7.5e-19	2	73	124	213	0.9342105263157895
GH13_9.hmm	301	mousexp3_gavage1_C5_S29.scaffolds_169_20	776	7.5e-109	2	299	266	561	0.9867109634551495
GH29.hmm	346	mousexp3_gavage1_C5_S29.scaffolds_195_15	441	2.5e-115	36	346	6	340	0.8959537572254336
CBM34.hmm	120	mousexp3_gavage1_C5_S29.scaffolds_209_14	711	7.5e-17	12	106	41	129	0.7833333333333333
GH13_39.hmm	316	mousexp3_gavage1_C5_S29.scaffolds_209_14	711	7.1e-93	1	316	192	573	0.9968354430379747
GH13_31.hmm	349	mousexp3_gavage1_C5_S29.scaffolds_321_3	559	1.9e-130	1	348	31	377	0.994269340974212
GT4.hmm	160	mousexp3_gavage1_C5_S29.scaffolds_33_106	354	1.5e-21	7	146	191	316	0.86875
GT2.hmm	170	mousexp3_gavage1_C5_S29.scaffolds_33_111	333	6.7e-36	1	127	7	131	0.7411764705882353
GT2.hmm	170	mousexp3_gavage1_C5_S29.scaffolds_33_115	296	2.4e-24	2	131	5	133	0.7588235294117647
GH13_31.hmm	349	mousexp3_gavage1_C5_S29.scaffolds_33_18	558	3.4e-166	1	348	28	377	0.994269340974212
GH31.hmm	427	mousexp3_gavage1_C5_S29.scaffolds_33_19	664	1.9e-139	2	427	133	613	0.9953161592505855
GT4.hmm	160	mousexp3_gavage1_C5_S29.scaffolds_35_82	367	2e-27	9	151	194	334	0.8875
GT4.hmm	160	mousexp3_gavage1_C5_S29.scaffolds_35_87	401	2.8e-37	8	159	218	367	0.94375
CE4.hmm	130	mousexp3_gavage1_C5_S29.scaffolds_376_2	478	3.1e-32	4	117	277	391	0.8692307692307693
GH32.hmm	293	mousexp3_gavage1_C5_S29.scaffolds_38_114	464	8.5e-47	6	277	10	287	0.9249146757679181
GH43_11.hmm	292	mousexp3_gavage1_C5_S29.scaffolds_38_13	550	1.4e-128	1	292	2	313	0.9965753424657534
CBM91.hmm	200	mousexp3_gavage1_C5_S29.scaffolds_38_13	550	2.1e-41	4	197	341	541	0.965
GH42.hmm	371	mousexp3_gavage1_C5_S29.scaffolds_38_5	686	3.2e-128	1	370	17	396	0.9946091644204852
GH127.hmm	524	mousexp3_gavage1_C5_S29.scaffolds_38_65	654	1e-160	1	524	21	559	0.9980916030534351
CBM67.hmm	176	mousexp3_gavage1_C5_S29.scaffolds_38_68	890	1.7e-31	12	167	135	300	0.8806818181818182
GH78.hmm	504	mousexp3_gavage1_C5_S29.scaffolds_38_68	890	8.4e-174	1	504	327	853	0.998015873015873
GH142.hmm	479	mousexp3_gavage1_C5_S29.scaffolds_38_75	437	8.2e-22	134	386	138	397	0.5260960334029228
GH43_11.hmm	292	mousexp3_gavage1_C5_S29.scaffolds_38_76	582	6.2e-132	1	292	2	286	0.9965753424657534
CBM91.hmm	200	mousexp3_gavage1_C5_S29.scaffolds_38_76	582	1.5e-48	12	196	377	574	0.92
GT35.hmm	674	mousexp3_gavage1_C5_S29.scaffolds_38_96	826	3.9e-283	1	673	95	812	0.9970326409495549
GH42.hmm	371	mousexp3_gavage1_C5_S29.scaffolds_38_98	679	2e-111	2	370	10	376	0.9919137466307277
CE4.hmm	130	mousexp3_gavage1_C5_S29.scaffolds_44_3	271	6e-33	4	111	83	192	0.823076923076923
CBM48.hmm	76	mousexp3_gavage1_C5_S29.scaffolds_44_79	594	4.7e-18	3	69	18	95	0.868421052631579
GH13_9.hmm	301	mousexp3_gavage1_C5_S29.scaffolds_44_79	594	1.9e-123	2	301	165	453	0.9933554817275747
GH112.hmm	715	mousexp3_gavage1_C5_S29.scaffolds_45_16	721	0	1	714	6	718	0.9972027972027973
GH65.hmm	372	mousexp3_gavage1_C5_S29.scaffolds_51_46	784	2.2e-138	1	370	336	713	0.9919354838709677
GH43_12.hmm	281	mousexp3_gavage1_C5_S29.scaffolds_51_49	530	2.2e-108	1	281	10	292	0.99644128113879
CBM91.hmm	200	mousexp3_gavage1_C5_S29.scaffolds_51_49	530	2.1e-30	4	182	320	516	0.89
GH28.hmm	325	mousexp3_gavage1_C5_S29.scaffolds_54_16	449	2.7e-45	60	307	157	428	0.76
GH3.hmm	216	mousexp3_gavage1_C5_S29.scaffolds_54_29	586	5.1e-51	7	215	83	315	0.9629629629629629
GH78.hmm	504	mousexp3_gavage1_C5_S29.scaffolds_54_30	520	5.6e-77	6	439	55	508	0.8591269841269841
GH3.hmm	216	mousexp3_gavage1_C5_S29.scaffolds_54_50	1005	2e-46	14	215	713	918	0.9305555555555556
GH109.hmm	399	mousexp3_gavage1_C5_S29.scaffolds_55_16	323	6.8e-19	7	170	2	156	0.40852130325814534
GH3.hmm	216	mousexp3_gavage1_C5_S29.scaffolds_55_18	724	2.3e-70	3	215	32	271	0.9814814814814815
GH36.hmm	688	mousexp3_gavage1_C5_S29.scaffolds_55_54	721	1.6e-260	1	686	11	701	0.9956395348837209
GH32.hmm	293	mousexp3_gavage1_C5_S29.scaffolds_55_84	498	1.2e-100	1	293	29	341	0.9965870307167235
GH13_4.hmm	400	mousexp3_gavage1_C5_S29.scaffolds_55_85	617	3.6e-170	1	400	84	481	0.9975
GH2.hmm	752	mousexp3_gavage1_C5_S29.scaffolds_55_86	840	2.8e-96	48	550	16	721	0.6675531914893617
GH127.hmm	524	mousexp3_gavage1_C5_S29.scaffolds_57_18	648	6.8e-199	2	524	14	555	0.9961832061068703
GH3.hmm	216	mousexp3_gavage1_C5_S29.scaffolds_57_3	1019	2.1e-34	26	215	724	912	0.875
GT2.hmm	170	mousexp3_gavage1_C5_S29.scaffolds_57_31	307	3e-16	1	170	5	174	0.9941176470588236
GT2.hmm	170	mousexp3_gavage1_C5_S29.scaffolds_57_34	319	5.5e-29	1	170	5	176	0.9941176470588236
GT2.hmm	170	mousexp3_gavage1_C5_S29.scaffolds_57_35	623	1.9e-25	1	169	84	245	0.9882352941176471
GT2.hmm	170	mousexp3_gavage1_C5_S29.scaffolds_57_35	623	4.4e-25	1	170	341	520	0.9941176470588236
GT2.hmm	170	mousexp3_gavage1_C5_S29.scaffolds_57_37	825	6.1e-20	1	111	286	397	0.6470588235294118
GT2.hmm	170	mousexp3_gavage1_C5_S29.scaffolds_57_37	825	1.5e-21	1	168	544	722	0.9823529411764705
GH25.hmm	177	mousexp3_gavage1_C5_S29.scaffolds_57_43	522	1.7e-44	1	177	88	266	0.9943502824858758
GH94.hmm	1036	mousexp3_gavage1_C5_S29.scaffolds_58_11	812	1.4e-299	263	1036	2	808	0.7461389961389961
GH2.hmm	752	mousexp3_gavage1_C5_S29.scaffolds_58_17	646	5.2e-95	23	405	25	534	0.5079787234042553
GH13_11.hmm	351	mousexp3_gavage1_C5_S29.scaffolds_62_40	701	1.9e-51	145	351	296	481	0.5868945868945868
GH3.hmm	216	mousexp3_gavage1_C5_S29.scaffolds_64_17	836	3.2e-66	5	216	538	789	0.9768518518518519
GH94.hmm	1036	mousexp3_gavage1_C5_S29.scaffolds_64_23	958	1.4e-153	370	1019	143	927	0.6264478764478765
GH94.hmm	1036	mousexp3_gavage1_C5_S29.scaffolds_64_24	806	6.5e-251	263	1035	2	801	0.7451737451737451
GH51.hmm	630	mousexp3_gavage1_C5_S29.scaffolds_64_48	500	8.1e-144	82	542	2	498	0.7301587301587301
GT2.hmm	170	mousexp3_gavage1_C5_S29.scaffolds_64_50	273	6.6e-33	1	163	32	185	0.9529411764705882
GT2.hmm	170	mousexp3_gavage1_C5_S29.scaffolds_64_63	1035	2.7e-36	1	129	7	134	0.7529411764705882
GT2.hmm	170	mousexp3_gavage1_C5_S29.scaffolds_64_64	380	1.2e-31	3	133	6	145	0.7647058823529411
GH31.hmm	427	mousexp3_gavage1_C5_S29.scaffolds_64_72	797	1.5e-128	1	427	170	597	0.9976580796252927
GH1.hmm	429	mousexp3_gavage1_C5_S29.scaffolds_64_73	399	3.7e-126	70	428	12	395	0.8344988344988346
GH29.hmm	346	mousexp3_gavage1_C5_S29.scaffolds_66_86	475	3.6e-86	40	339	14	342	0.8641618497109826
GH32.hmm	293	mousexp3_gavage1_C5_S29.scaffolds_67_14	495	8.9e-102	1	293	28	338	0.9965870307167235
GH43_35.hmm	294	mousexp3_gavage1_C5_S29.scaffolds_67_20	484	1.4e-122	1	293	8	321	0.9931972789115646
GH78.hmm	504	mousexp3_gavage1_C5_S29.scaffolds_67_24	528	3.3e-80	5	437	68	519	0.8571428571428571
CE9.hmm	373	mousexp3_gavage1_C5_S29.scaffolds_67_29	368	1.2e-127	1	369	3	366	0.9865951742627346
CE4.hmm	130	mousexp3_gavage1_C5_S29.scaffolds_67_30	439	1.1e-28	2	117	159	275	0.8846153846153846
CBM48.hmm	76	mousexp3_gavage1_C5_S29.scaffolds_67_31	628	5.1e-20	2	71	26	112	0.9078947368421053
GH13_9.hmm	301	mousexp3_gavage1_C5_S29.scaffolds_67_31	628	1.1e-154	1	301	184	484	0.9966777408637874
CE1.hmm	227	mousexp3_gavage1_C5_S29.scaffolds_67_4	188	7e-16	56	222	8	185	0.7312775330396476
GH2.hmm	752	mousexp3_gavage1_C5_S29.scaffolds_67_5	832	5.9e-104	29	491	2	623	0.6143617021276596
GH13_20.hmm	300	mousexp3_gavage1_C5_S29.scaffolds_67_59	601	1.2e-78	9	298	39	320	0.9633333333333334
GH3.hmm	216	mousexp3_gavage1_C5_S29.scaffolds_67_6	1043	5.7e-39	5	195	734	922	0.8796296296296297
GH29.hmm	346	mousexp3_gavage1_C5_S29.scaffolds_71_16	478	2.2e-83	41	339	20	347	0.861271676300578
GH2.hmm	752	mousexp3_gavage1_C5_S29.scaffolds_71_18	1022	9.6e-198	20	749	35	906	0.9694148936170213
GT4.hmm	160	mousexp3_gavage1_C5_S29.scaffolds_72_17	475	4.1e-24	13	160	287	439	0.91875
GT2.hmm	170	mousexp3_gavage1_C5_S29.scaffolds_78_13	243	4.8e-28	2	167	12	169	0.9705882352941176
GT2.hmm	170	mousexp3_gavage1_C5_S29.scaffolds_78_16	331	2.9e-38	1	156	5	153	0.9117647058823529
GT2.hmm	170	mousexp3_gavage1_C5_S29.scaffolds_78_20	558	9.2e-23	1	109	2	113	0.6352941176470588
GT2.hmm	170	mousexp3_gavage1_C5_S29.scaffolds_78_20	558	1.1e-24	1	168	305	471	0.9823529411764705
GT2.hmm	170	mousexp3_gavage1_C5_S29.scaffolds_78_28	312	1.1e-17	2	148	6	144	0.8588235294117647
GT35.hmm	674	mousexp3_gavage1_C5_S29.scaffolds_78_45	753	1.6e-220	2	673	78	751	0.9955489614243324
GH5_2.hmm	237	mousexp3_gavage1_C5_S29.scaffolds_78_49	333	5.7e-99	2	236	45	289	0.9873417721518988
GH77.hmm	494	mousexp3_gavage1_C5_S29.scaffolds_82_10	509	1.1e-180	1	492	9	500	0.9939271255060729
GT2.hmm	170	mousexp3_gavage1_C5_S29.scaffolds_87_20	237	4.7e-17	2	128	6	136	0.7411764705882353
CBM67.hmm	176	mousexp3_gavage1_C5_S29.scaffolds_87_50	1238	5.1e-28	15	169	396	565	0.875
GH78.hmm	504	mousexp3_gavage1_C5_S29.scaffolds_87_50	1238	2.5e-130	3	504	597	1192	0.9940476190476191
GH3.hmm	216	mousexp3_gavage1_C5_S29.scaffolds_89_14	812	1e-68	5	196	31	235	0.8842592592592593
GH106.hmm	824	mousexp3_gavage1_C5_S29.scaffolds_89_33	1202	4.7e-71	6	624	11	764	0.75
GH2.hmm	752	mousexp3_gavage1_C5_S29.scaffolds_90_20	1042	2.4e-216	8	750	22	921	0.9867021276595744
GH42.hmm	371	mousexp3_gavage1_C5_S29.scaffolds_90_21	675	2.7e-152	1	370	15	385	0.9946091644204852
CE2.hmm	209	mousexp3_gavage1_C5_S29.scaffolds_95_36	349	4.5e-57	1	209	131	338	0.9952153110047847
GH32.hmm	293	mousexp3_gavage1_C5_S29.scaffolds_98_19	490	3.8e-106	1	292	23	329	0.9931740614334471
GH116.hmm	363	mousexp3_gavage1_C5_S29.scaffolds_98_20	824	2.8e-75	1	362	410	756	0.9944903581267218
GH172.hmm	236	mousexp3_gavage1_C5_S29.scaffolds_98_7	367	4e-85	1	236	87	346	0.9957627118644068
