GH105.hmm	332	MouseExp3_p2_D12_Distal_m16Normal_S98.scaffolds_10_109	369	9.5e-110	9	330	48	363	0.9668674698795181
GH1.hmm	429	MouseExp3_p2_D12_Distal_m16Normal_S98.scaffolds_10_38	489	6.2e-137	3	428	6	484	0.9906759906759907
GT2.hmm	170	MouseExp3_p2_D12_Distal_m16Normal_S98.scaffolds_10_73	320	2.1e-19	2	163	9	161	0.9470588235294117
GH1.hmm	429	MouseExp3_p2_D12_Distal_m16Normal_S98.scaffolds_10_78	452	1.7e-127	6	427	3	449	0.9813519813519813
AA10.hmm	178	MouseExp3_p2_D12_Distal_m16Normal_S98.scaffolds_10_92	457	8.4e-49	1	178	30	203	0.9943820224719101
AA10.hmm	178	MouseExp3_p2_D12_Distal_m16Normal_S98.scaffolds_10_93	466	1.7e-50	1	178	30	203	0.9943820224719101
GH170.hmm	350	MouseExp3_p2_D12_Distal_m16Normal_S98.scaffolds_11_122	356	1.3e-119	1	349	1	347	0.9942857142857143
GH18.hmm	296	MouseExp3_p2_D12_Distal_m16Normal_S98.scaffolds_11_208	863	1.7e-76	2	285	44	448	0.956081081081081
CBM5.hmm	40	MouseExp3_p2_D12_Distal_m16Normal_S98.scaffolds_11_208	863	6.9e-16	3	40	819	858	0.925
GH18.hmm	296	MouseExp3_p2_D12_Distal_m16Normal_S98.scaffolds_11_209	761	3e-75	3	286	44	448	0.956081081081081
CBM5.hmm	40	MouseExp3_p2_D12_Distal_m16Normal_S98.scaffolds_11_209	761	2.2e-17	1	40	715	756	0.975
GH170.hmm	350	MouseExp3_p2_D12_Distal_m16Normal_S98.scaffolds_11_22	367	7.1e-111	1	349	1	359	0.9942857142857143
GH151.hmm	131	MouseExp3_p2_D12_Distal_m16Normal_S98.scaffolds_11_23	671	2.2e-47	2	131	28	162	0.9847328244274809
GH73.hmm	128	MouseExp3_p2_D12_Distal_m16Normal_S98.scaffolds_11_41	491	5.5e-28	5	128	211	349	0.9609375
GH1.hmm	429	MouseExp3_p2_D12_Distal_m16Normal_S98.scaffolds_11_73	482	2.9e-145	1	428	1	477	0.9953379953379954
GH170.hmm	350	MouseExp3_p2_D12_Distal_m16Normal_S98.scaffolds_11_76	363	6.1e-112	2	350	5	360	0.9942857142857143
GH1.hmm	429	MouseExp3_p2_D12_Distal_m16Normal_S98.scaffolds_11_86	465	1.2e-147	3	428	4	461	0.9906759906759907
AA10.hmm	178	MouseExp3_p2_D12_Distal_m16Normal_S98.scaffolds_120_20	451	3e-49	1	178	29	201	0.9943820224719101
CE1.hmm	227	MouseExp3_p2_D12_Distal_m16Normal_S98.scaffolds_17_41	281	3.1e-45	1	224	23	275	0.9823788546255506
GT2.hmm	170	MouseExp3_p2_D12_Distal_m16Normal_S98.scaffolds_17_75	360	3.8e-27	1	113	39	147	0.6588235294117647
GH1.hmm	429	MouseExp3_p2_D12_Distal_m16Normal_S98.scaffolds_17_88	477	7.2e-151	4	428	2	470	0.9883449883449883
GH51.hmm	630	MouseExp3_p2_D12_Distal_m16Normal_S98.scaffolds_19_43	502	1.4e-140	84	542	3	496	0.726984126984127
GH51.hmm	630	MouseExp3_p2_D12_Distal_m16Normal_S98.scaffolds_19_48	511	6e-121	84	543	4	505	0.7285714285714285
GH43_26.hmm	294	MouseExp3_p2_D12_Distal_m16Normal_S98.scaffolds_19_49	322	5.7e-121	1	294	6	309	0.9965986394557823
GH73.hmm	128	MouseExp3_p2_D12_Distal_m16Normal_S98.scaffolds_20_33	387	2.4e-30	2	128	105	246	0.984375
GH73.hmm	128	MouseExp3_p2_D12_Distal_m16Normal_S98.scaffolds_20_34	1163	1.1e-28	3	128	1015	1158	0.9765625
GH43_11.hmm	292	MouseExp3_p2_D12_Distal_m16Normal_S98.scaffolds_20_4	539	2.8e-138	1	292	3	302	0.9965753424657534
CBM91.hmm	200	MouseExp3_p2_D12_Distal_m16Normal_S98.scaffolds_20_4	539	1.6e-48	4	198	330	534	0.97
GH32.hmm	293	MouseExp3_p2_D12_Distal_m16Normal_S98.scaffolds_21_74	493	6.1e-82	1	293	41	343	0.9965870307167235
GT51.hmm	177	MouseExp3_p2_D12_Distal_m16Normal_S98.scaffolds_2_1	797	1.4e-62	1	176	87	264	0.9887005649717514
CBM34.hmm	120	MouseExp3_p2_D12_Distal_m16Normal_S98.scaffolds_2_125	589	1.5e-33	1	119	6	127	0.9833333333333333
GH13_20.hmm	300	MouseExp3_p2_D12_Distal_m16Normal_S98.scaffolds_2_125	589	1.1e-137	1	300	176	481	0.9966666666666667
AA10.hmm	178	MouseExp3_p2_D12_Distal_m16Normal_S98.scaffolds_2_153	316	1.7e-21	105	178	1	69	0.4101123595505618
GT8.hmm	257	MouseExp3_p2_D12_Distal_m16Normal_S98.scaffolds_2_185	301	4.2e-64	28	255	5	258	0.8832684824902723
GT8.hmm	257	MouseExp3_p2_D12_Distal_m16Normal_S98.scaffolds_2_186	286	3.1e-61	30	256	8	259	0.8793774319066148
GH85.hmm	315	MouseExp3_p2_D12_Distal_m16Normal_S98.scaffolds_2_196	948	9.9e-113	1	315	109	450	0.9968253968253968
CBM32.hmm	124	MouseExp3_p2_D12_Distal_m16Normal_S98.scaffolds_2_196	948	2.5e-25	5	121	813	936	0.9354838709677419
GH38.hmm	269	MouseExp3_p2_D12_Distal_m16Normal_S98.scaffolds_2_213	866	8.4e-64	1	255	8	264	0.9442379182156134
GH2.hmm	752	MouseExp3_p2_D12_Distal_m16Normal_S98.scaffolds_2_265	626	3.1e-144	6	488	18	622	0.6409574468085106
GH36.hmm	688	MouseExp3_p2_D12_Distal_m16Normal_S98.scaffolds_2_266	745	2.2e-259	1	687	15	714	0.997093023255814
GH53.hmm	342	MouseExp3_p2_D12_Distal_m16Normal_S98.scaffolds_2_320	544	2.6e-139	1	342	34	389	0.9970760233918129
CBM61.hmm	141	MouseExp3_p2_D12_Distal_m16Normal_S98.scaffolds_2_320	544	7.7e-41	1	140	396	538	0.9858156028368794
GH1.hmm	429	MouseExp3_p2_D12_Distal_m16Normal_S98.scaffolds_2_323	467	7e-148	4	427	3	463	0.986013986013986
GH42.hmm	371	MouseExp3_p2_D12_Distal_m16Normal_S98.scaffolds_2_77	683	5.3e-146	1	370	14	395	0.9946091644204852
GH36.hmm	688	MouseExp3_p2_D12_Distal_m16Normal_S98.scaffolds_2_78	749	1.1e-245	1	687	9	715	0.997093023255814
GH13_31.hmm	349	MouseExp3_p2_D12_Distal_m16Normal_S98.scaffolds_2_98	547	1.1e-146	1	348	30	365	0.994269340974212
AA10.hmm	178	MouseExp3_p2_D12_Distal_m16Normal_S98.scaffolds_31_43	214	3.2e-51	1	178	29	201	0.9943820224719101
GH18.hmm	296	MouseExp3_p2_D12_Distal_m16Normal_S98.scaffolds_31_45	579	3e-26	3	295	39	332	0.9864864864864865
CBM5.hmm	40	MouseExp3_p2_D12_Distal_m16Normal_S98.scaffolds_31_45	579	9.1e-17	2	40	534	574	0.95
GH1.hmm	429	MouseExp3_p2_D12_Distal_m16Normal_S98.scaffolds_31_9	484	6.9e-166	4	428	10	477	0.9883449883449883
GT4.hmm	160	MouseExp3_p2_D12_Distal_m16Normal_S98.scaffolds_32_4	363	7.3e-30	6	148	184	323	0.8875
GH31.hmm	427	MouseExp3_p2_D12_Distal_m16Normal_S98.scaffolds_33_23	754	9.6e-137	1	427	237	666	0.9976580796252927
GT2.hmm	170	MouseExp3_p2_D12_Distal_m16Normal_S98.scaffolds_40_29	318	1.5e-29	1	164	4	161	0.9588235294117647
GH19.hmm	231	MouseExp3_p2_D12_Distal_m16Normal_S98.scaffolds_40_34	228	1.1e-16	59	156	92	185	0.4199134199134199
GH43_26.hmm	294	MouseExp3_p2_D12_Distal_m16Normal_S98.scaffolds_40_37	467	7.9e-99	5	292	40	318	0.9761904761904762
GH2.hmm	752	MouseExp3_p2_D12_Distal_m16Normal_S98.scaffolds_40_38	598	6.7e-99	24	488	11	590	0.6170212765957447
GH73.hmm	128	MouseExp3_p2_D12_Distal_m16Normal_S98.scaffolds_45_12	679	1.7e-27	4	128	74	212	0.96875
GH92.hmm	491	MouseExp3_p2_D12_Distal_m16Normal_S98.scaffolds_45_29	718	4.2e-157	15	488	209	696	0.9633401221995926
GH125.hmm	402	MouseExp3_p2_D12_Distal_m16Normal_S98.scaffolds_45_31	441	4.7e-181	2	402	37	431	0.9950248756218906
GH38.hmm	269	MouseExp3_p2_D12_Distal_m16Normal_S98.scaffolds_45_32	894	2.4e-71	1	255	4	272	0.9442379182156134
GT51.hmm	177	MouseExp3_p2_D12_Distal_m16Normal_S98.scaffolds_45_37	725	1.5e-67	3	176	88	262	0.9774011299435028
CE1.hmm	227	MouseExp3_p2_D12_Distal_m16Normal_S98.scaffolds_45_4	264	1.1e-51	1	223	10	258	0.9779735682819384
CE12.hmm	210	MouseExp3_p2_D12_Distal_m16Normal_S98.scaffolds_45_40	231	2.7e-65	1	209	5	213	0.9904761904761905
GH105.hmm	332	MouseExp3_p2_D12_Distal_m16Normal_S98.scaffolds_45_49	368	2.1e-105	6	331	21	363	0.9789156626506024
GH28.hmm	325	MouseExp3_p2_D12_Distal_m16Normal_S98.scaffolds_45_50	440	2.1e-95	7	309	26	368	0.9292307692307692
CE19.hmm	332	MouseExp3_p2_D12_Distal_m16Normal_S98.scaffolds_45_51	294	1.9e-18	68	288	50	292	0.6626506024096386
CE8.hmm	288	MouseExp3_p2_D12_Distal_m16Normal_S98.scaffolds_45_52	302	6.6e-67	9	259	13	285	0.8680555555555556
GH43_11.hmm	292	MouseExp3_p2_D12_Distal_m16Normal_S98.scaffolds_45_54	521	5.5e-124	2	292	7	295	0.9931506849315068
CBM91.hmm	200	MouseExp3_p2_D12_Distal_m16Normal_S98.scaffolds_45_54	521	1.7e-42	6	199	326	517	0.965
GT4.hmm	160	MouseExp3_p2_D12_Distal_m16Normal_S98.scaffolds_5_100	351	1e-26	6	120	182	294	0.7125
GT2.hmm	170	MouseExp3_p2_D12_Distal_m16Normal_S98.scaffolds_5_103	347	6.2e-31	1	134	7	144	0.7823529411764706
GT2.hmm	170	MouseExp3_p2_D12_Distal_m16Normal_S98.scaffolds_5_105	713	1.8e-25	1	108	181	289	0.6294117647058823
GT2.hmm	170	MouseExp3_p2_D12_Distal_m16Normal_S98.scaffolds_5_105	713	2.4e-19	1	126	439	567	0.7352941176470589
GT2.hmm	170	MouseExp3_p2_D12_Distal_m16Normal_S98.scaffolds_5_115	238	2.2e-28	1	126	4	127	0.7352941176470589
GT28.hmm	157	MouseExp3_p2_D12_Distal_m16Normal_S98.scaffolds_5_149	363	2.7e-51	1	157	188	348	0.9936305732484076
GT4.hmm	160	MouseExp3_p2_D12_Distal_m16Normal_S98.scaffolds_5_56	408	1.6e-34	6	151	203	346	0.90625
GT4.hmm	160	MouseExp3_p2_D12_Distal_m16Normal_S98.scaffolds_5_57	347	4.7e-19	6	152	158	300	0.9125
AA10.hmm	178	MouseExp3_p2_D12_Distal_m16Normal_S98.scaffolds_5_73	193	1.9e-50	1	178	27	190	0.9943820224719101
GT2.hmm	170	MouseExp3_p2_D12_Distal_m16Normal_S98.scaffolds_5_98	328	5.9e-25	1	110	9	119	0.6411764705882353
GH13_29.hmm	344	MouseExp3_p2_D12_Distal_m16Normal_S98.scaffolds_64_11	544	4.9e-172	1	344	24	363	0.997093023255814
GH73.hmm	128	MouseExp3_p2_D12_Distal_m16Normal_S98.scaffolds_64_17	712	9.5e-29	2	128	464	605	0.984375
GH4.hmm	179	MouseExp3_p2_D12_Distal_m16Normal_S98.scaffolds_64_21	444	3.4e-67	2	178	8	184	0.9832402234636871
GH65.hmm	372	MouseExp3_p2_D12_Distal_m16Normal_S98.scaffolds_64_46	765	1.7e-154	1	371	324	692	0.9946236559139785
GH1.hmm	429	MouseExp3_p2_D12_Distal_m16Normal_S98.scaffolds_69_6	480	4.9e-147	1	428	1	476	0.9953379953379954
GH13_31.hmm	349	MouseExp3_p2_D12_Distal_m16Normal_S98.scaffolds_70_11	540	1e-158	1	348	28	361	0.994269340974212
GH25.hmm	177	MouseExp3_p2_D12_Distal_m16Normal_S98.scaffolds_72_12	273	2.7e-35	1	174	75	252	0.9774011299435028
PL8.hmm	259	MouseExp3_p2_D12_Distal_m16Normal_S98.scaffolds_72_27	1006	1.5e-86	2	258	618	885	0.9884169884169884
GH38.hmm	269	MouseExp3_p2_D12_Distal_m16Normal_S98.scaffolds_72_3	892	1.6e-72	1	254	4	261	0.9405204460966543
GH88.hmm	329	MouseExp3_p2_D12_Distal_m16Normal_S98.scaffolds_72_32	388	1.7e-115	3	329	56	378	0.9908814589665653
GH35.hmm	307	MouseExp3_p2_D12_Distal_m16Normal_S98.scaffolds_72_33	596	2.2e-123	1	306	10	328	0.993485342019544
GH73.hmm	128	MouseExp3_p2_D12_Distal_m16Normal_S98.scaffolds_76_30	470	9.9e-27	2	128	185	326	0.984375
GH4.hmm	179	MouseExp3_p2_D12_Distal_m16Normal_S98.scaffolds_7_110	467	3.3e-72	1	173	6	180	0.9608938547486033
GH1.hmm	429	MouseExp3_p2_D12_Distal_m16Normal_S98.scaffolds_7_111	478	1.7e-147	5	428	3	471	0.986013986013986
GH20.hmm	337	MouseExp3_p2_D12_Distal_m16Normal_S98.scaffolds_7_226	339	3e-44	18	315	5	322	0.8813056379821959
GT51.hmm	177	MouseExp3_p2_D12_Distal_m16Normal_S98.scaffolds_7_97	782	3.9e-52	3	176	88	273	0.9774011299435028
CE9.hmm	373	MouseExp3_p2_D12_Distal_m16Normal_S98.scaffolds_8_131	383	2.6e-129	4	373	8	376	0.9892761394101877
GH109.hmm	399	MouseExp3_p2_D12_Distal_m16Normal_S98.scaffolds_8_140	320	3e-18	4	162	2	150	0.39598997493734334
GH73.hmm	128	MouseExp3_p2_D12_Distal_m16Normal_S98.scaffolds_8_143	162	7.4e-19	2	65	61	125	0.4921875
GH1.hmm	429	MouseExp3_p2_D12_Distal_m16Normal_S98.scaffolds_8_22	466	3.5e-148	3	428	4	462	0.9906759906759907
GT2.hmm	170	MouseExp3_p2_D12_Distal_m16Normal_S98.scaffolds_8_38	628	8e-31	2	170	106	270	0.9882352941176471
PL33_2.hmm	151	MouseExp3_p2_D12_Distal_m16Normal_S98.scaffolds_8_4	558	8.7e-46	2	148	347	493	0.9668874172185431
GH154.hmm	348	MouseExp3_p2_D12_Distal_m16Normal_S98.scaffolds_8_6	596	1.1e-130	1	345	6	344	0.9885057471264368
GH88.hmm	329	MouseExp3_p2_D12_Distal_m16Normal_S98.scaffolds_8_7	378	4.7e-125	4	329	42	369	0.9878419452887538
GH170.hmm	350	MouseExp3_p2_D12_Distal_m16Normal_S98.scaffolds_91_13	364	2.1e-126	1	349	3	359	0.9942857142857143
