GT30.hmm	177	MouseExp3_p2_H12_Stool_m14Normal_S124.scaffolds_158_26	843	1.8e-56	12	176	52	216	0.9265536723163842
GT19.hmm	354	MouseExp3_p2_H12_Stool_m14Normal_S124.scaffolds_158_28	379	1.7e-123	1	352	4	357	0.9915254237288136
CE11.hmm	271	MouseExp3_p2_H12_Stool_m14Normal_S124.scaffolds_158_32	281	8.7e-99	1	270	6	272	0.992619926199262
CE4.hmm	130	MouseExp3_p2_H12_Stool_m14Normal_S124.scaffolds_158_76	265	3.3e-32	8	126	68	188	0.9076923076923077
GT8.hmm	257	MouseExp3_p2_H12_Stool_m14Normal_S124.scaffolds_200_28	308	5.6e-57	28	254	3	239	0.8793774319066148
GT2.hmm	170	MouseExp3_p2_H12_Stool_m14Normal_S124.scaffolds_222_13	310	8.5e-29	1	167	5	166	0.9764705882352941
GT28.hmm	157	MouseExp3_p2_H12_Stool_m14Normal_S124.scaffolds_222_49	368	1.8e-51	1	157	189	353	0.9936305732484076
CE19.hmm	332	MouseExp3_p2_H12_Stool_m14Normal_S124.scaffolds_249_7	357	2.8e-16	42	191	44	186	0.44879518072289154
GT51.hmm	177	MouseExp3_p2_H12_Stool_m14Normal_S124.scaffolds_257_38	702	1.3e-75	2	176	52	226	0.9830508474576272
GT4.hmm	160	MouseExp3_p2_H12_Stool_m14Normal_S124.scaffolds_279_49	351	6.9e-23	7	158	181	330	0.94375
GT9.hmm	225	MouseExp3_p2_H12_Stool_m14Normal_S124.scaffolds_279_52	376	1.3e-37	8	220	111	352	0.9422222222222222
AA4.hmm	522	MouseExp3_p2_H12_Stool_m14Normal_S124.scaffolds_284_11	467	3.2e-28	14	254	8	242	0.45977011494252873
AA4.hmm	522	MouseExp3_p2_H12_Stool_m14Normal_S124.scaffolds_284_12	466	7.1e-24	15	255	9	239	0.45977011494252873
GH171.hmm	355	MouseExp3_p2_H12_Stool_m14Normal_S124.scaffolds_334_9	411	2.8e-122	1	355	56	409	0.9971830985915493
GH23.hmm	135	MouseExp3_p2_H12_Stool_m14Normal_S124.scaffolds_342_32	202	2.4e-29	10	123	56	189	0.837037037037037
GT8.hmm	257	MouseExp3_p2_H12_Stool_m14Normal_S124.scaffolds_496_16	319	1.5e-44	34	255	10	244	0.8599221789883269
GT2.hmm	170	MouseExp3_p2_H12_Stool_m14Normal_S124.scaffolds_497_2	251	8.8e-42	1	131	7	135	0.7647058823529411
GH3.hmm	216	MouseExp3_p2_H12_Stool_m14Normal_S124.scaffolds_50_170	395	9.2e-49	7	216	114	333	0.9675925925925926
GT4.hmm	160	MouseExp3_p2_H12_Stool_m14Normal_S124.scaffolds_577_20	367	3.7e-32	7	152	202	340	0.90625
GT32.hmm	90	MouseExp3_p2_H12_Stool_m14Normal_S124.scaffolds_577_21	244	3.5e-23	2	86	19	94	0.9333333333333333
GT2.hmm	170	MouseExp3_p2_H12_Stool_m14Normal_S124.scaffolds_577_22	337	4.7e-36	2	123	9	130	0.711764705882353
GH73.hmm	128	MouseExp3_p2_H12_Stool_m14Normal_S124.scaffolds_58_22	365	5e-18	3	125	188	314	0.953125
GT83.hmm	540	MouseExp3_p2_H12_Stool_m14Normal_S124.scaffolds_656_13	517	4.1e-122	5	473	4	455	0.8666666666666667
GT2.hmm	170	MouseExp3_p2_H12_Stool_m14Normal_S124.scaffolds_656_15	288	2.9e-17	2	145	6	149	0.8411764705882353
GT2.hmm	170	MouseExp3_p2_H12_Stool_m14Normal_S124.scaffolds_656_16	148	8.3e-32	1	129	8	137	0.7529411764705882
GT9.hmm	225	MouseExp3_p2_H12_Stool_m14Normal_S124.scaffolds_688_3	343	1.4e-50	2	217	76	319	0.9555555555555556
GT9.hmm	225	MouseExp3_p2_H12_Stool_m14Normal_S124.scaffolds_688_4	345	1e-65	3	220	79	323	0.9644444444444444
GT8.hmm	257	MouseExp3_p2_H12_Stool_m14Normal_S124.scaffolds_83_1	221	1.9e-42	115	254	1	152	0.5408560311284046
CE4.hmm	130	MouseExp3_p2_H12_Stool_m14Normal_S124.scaffolds_83_115	281	3.8e-34	4	123	94	219	0.9153846153846154
GT83.hmm	540	MouseExp3_p2_H12_Stool_m14Normal_S124.scaffolds_83_32	536	1.5e-103	6	480	2	464	0.8777777777777778
GT51.hmm	177	MouseExp3_p2_H12_Stool_m14Normal_S124.scaffolds_83_72	277	2.6e-63	10	177	83	250	0.943502824858757
GT26.hmm	171	MouseExp3_p2_H12_Stool_m14Normal_S124.scaffolds_97_108	244	2e-68	3	170	61	228	0.9766081871345029
GT2.hmm	230	MouseExp3_p2_H12_Stool_m14Normal_S124.scaffolds_97_111	428	7.2e-30	3	228	46	269	0.9782608695652174
GT28.hmm	157	MouseExp3_p2_H12_Stool_m14Normal_S124.scaffolds_97_78	375	1.8e-23	3	148	209	351	0.9235668789808917
