GH13_39.hmm	316	MouseExp3_p2_A8_Mid_m3Normal_S58.scaffolds_119_31	641	5.3e-124	1	315	187	518	0.9936708860759493
GT35.hmm	674	MouseExp3_p2_A8_Mid_m3Normal_S58.scaffolds_119_32	470	6.8e-148	244	673	1	465	0.6364985163204748
GT5.hmm	472	MouseExp3_p2_A8_Mid_m3Normal_S58.scaffolds_119_34	482	1.8e-172	1	471	8	478	0.9957627118644068
CBM48.hmm	76	MouseExp3_p2_A8_Mid_m3Normal_S58.scaffolds_119_37	745	7.1e-18	3	69	25	105	0.868421052631579
GH13_9.hmm	301	MouseExp3_p2_A8_Mid_m3Normal_S58.scaffolds_119_37	745	2.2e-144	1	301	176	477	0.9966777408637874
AA7.hmm	458	MouseExp3_p2_A8_Mid_m3Normal_S58.scaffolds_139_15	474	1e-15	15	199	48	237	0.4017467248908297
GT2.hmm	170	MouseExp3_p2_A8_Mid_m3Normal_S58.scaffolds_148_19	314	1e-19	2	155	6	149	0.9
GT2.hmm	170	MouseExp3_p2_A8_Mid_m3Normal_S58.scaffolds_148_20	323	5.2e-31	2	167	14	181	0.9705882352941176
GT2.hmm	170	MouseExp3_p2_A8_Mid_m3Normal_S58.scaffolds_148_25	1146	3.4e-40	1	144	7	144	0.8411764705882353
GT2.hmm	170	MouseExp3_p2_A8_Mid_m3Normal_S58.scaffolds_148_33	312	2.4e-21	2	109	4	112	0.6294117647058823
GT4.hmm	160	MouseExp3_p2_A8_Mid_m3Normal_S58.scaffolds_148_5	453	8.2e-21	5	154	282	420	0.93125
GT2.hmm	170	MouseExp3_p2_A8_Mid_m3Normal_S58.scaffolds_148_7	310	1e-37	1	152	3	151	0.888235294117647
GT2.hmm	170	MouseExp3_p2_A8_Mid_m3Normal_S58.scaffolds_148_8	322	3.9e-36	1	145	6	145	0.8470588235294118
GT113.hmm	322	MouseExp3_p2_A8_Mid_m3Normal_S58.scaffolds_148_9	358	1.2e-111	4	321	12	356	0.984472049689441
GH32.hmm	293	MouseExp3_p2_A8_Mid_m3Normal_S58.scaffolds_169_3	1348	9.1e-74	1	293	315	643	0.9965870307167235
CBM66.hmm	155	MouseExp3_p2_A8_Mid_m3Normal_S58.scaffolds_169_3	1348	2.8e-30	3	155	916	1076	0.9806451612903225
GH25.hmm	177	MouseExp3_p2_A8_Mid_m3Normal_S58.scaffolds_177_34	256	1.6e-46	1	176	51	234	0.9887005649717514
GT2.hmm	170	MouseExp3_p2_A8_Mid_m3Normal_S58.scaffolds_186_27	339	2.9e-27	1	106	5	108	0.6176470588235294
AA4.hmm	522	MouseExp3_p2_A8_Mid_m3Normal_S58.scaffolds_191_14	476	9.5e-21	15	252	11	238	0.4540229885057471
GH77.hmm	494	MouseExp3_p2_A8_Mid_m3Normal_S58.scaffolds_191_28	478	9.9e-115	180	490	150	458	0.6275303643724697
GH1.hmm	429	MouseExp3_p2_A8_Mid_m3Normal_S58.scaffolds_196_18	486	9.2e-169	3	428	7	479	0.9906759906759907
GH109.hmm	399	MouseExp3_p2_A8_Mid_m3Normal_S58.scaffolds_199_5	330	2.2e-16	6	154	2	142	0.37092731829573933
GT5.hmm	472	MouseExp3_p2_A8_Mid_m3Normal_S58.scaffolds_212_2	561	1.2e-176	2	470	81	554	0.9915254237288136
GH4.hmm	179	MouseExp3_p2_A8_Mid_m3Normal_S58.scaffolds_222_3	463	5.3e-71	1	173	6	180	0.9608938547486033
GH4.hmm	179	MouseExp3_p2_A8_Mid_m3Normal_S58.scaffolds_222_4	443	4e-62	1	179	6	184	0.994413407821229
GT4.hmm	160	MouseExp3_p2_A8_Mid_m3Normal_S58.scaffolds_245_10	494	5.1e-25	13	160	293	445	0.91875
GT4.hmm	160	MouseExp3_p2_A8_Mid_m3Normal_S58.scaffolds_245_13	400	3.8e-28	10	159	232	378	0.93125
GT2.hmm	170	MouseExp3_p2_A8_Mid_m3Normal_S58.scaffolds_245_14	270	3.2e-18	2	133	17	154	0.7705882352941177
GT2.hmm	170	MouseExp3_p2_A8_Mid_m3Normal_S58.scaffolds_245_18	364	3.7e-35	1	116	12	126	0.6764705882352942
GT51.hmm	177	MouseExp3_p2_A8_Mid_m3Normal_S58.scaffolds_246_1	739	2.7e-67	2	177	83	260	0.9887005649717514
AA7.hmm	458	MouseExp3_p2_A8_Mid_m3Normal_S58.scaffolds_261_12	468	3.5e-24	12	201	43	237	0.4126637554585153
GT2.hmm	170	MouseExp3_p2_A8_Mid_m3Normal_S58.scaffolds_261_5	310	1.2e-27	1	129	6	134	0.7529411764705882
GH3.hmm	216	MouseExp3_p2_A8_Mid_m3Normal_S58.scaffolds_276_29	400	3.5e-61	5	216	116	346	0.9768518518518519
GH53.hmm	342	MouseExp3_p2_A8_Mid_m3Normal_S58.scaffolds_279_28	683	9e-108	1	341	58	448	0.9941520467836257
GH13_9.hmm	301	MouseExp3_p2_A8_Mid_m3Normal_S58.scaffolds_28_56	602	1.4e-122	1	301	164	453	0.9966777408637874
CE4.hmm	130	MouseExp3_p2_A8_Mid_m3Normal_S58.scaffolds_321_17	257	1.3e-26	3	124	45	174	0.9307692307692308
GT51.hmm	177	MouseExp3_p2_A8_Mid_m3Normal_S58.scaffolds_321_8	846	7.3e-61	2	176	82	264	0.9830508474576272
GH13_31.hmm	349	MouseExp3_p2_A8_Mid_m3Normal_S58.scaffolds_347_5	558	2.3e-126	1	348	29	377	0.994269340974212
GH25.hmm	177	MouseExp3_p2_A8_Mid_m3Normal_S58.scaffolds_351_11	349	5e-42	1	177	50	227	0.9943502824858758
GT35.hmm	674	MouseExp3_p2_A8_Mid_m3Normal_S58.scaffolds_390_10	819	2.3e-281	1	673	95	814	0.9970326409495549
GH24.hmm	137	MouseExp3_p2_A8_Mid_m3Normal_S58.scaffolds_404_7	229	3.9e-32	2	137	5	141	0.9854014598540146
CE4.hmm	130	MouseExp3_p2_A8_Mid_m3Normal_S58.scaffolds_433_5	286	1.1e-27	5	114	79	190	0.8384615384615385
GT2.hmm	170	MouseExp3_p2_A8_Mid_m3Normal_S58.scaffolds_487_9	249	5.7e-25	1	169	3	164	0.9882352941176471
GH32.hmm	293	MouseExp3_p2_A8_Mid_m3Normal_S58.scaffolds_69_26	464	1.1e-46	2	285	6	294	0.9658703071672355
GH32.hmm	293	MouseExp3_p2_A8_Mid_m3Normal_S58.scaffolds_69_28	462	3.5e-88	1	292	37	339	0.9931740614334471
GH13_11.hmm	351	MouseExp3_p2_A8_Mid_m3Normal_S58.scaffolds_69_56	717	6e-150	1	351	191	552	0.9971509971509972
GH1.hmm	429	MouseExp3_p2_A8_Mid_m3Normal_S58.scaffolds_69_62	469	2.8e-140	4	428	6	460	0.9883449883449883
GH32.hmm	293	MouseExp3_p2_A8_Mid_m3Normal_S58.scaffolds_74_13	489	1.8e-95	1	293	37	347	0.9965870307167235
GH109.hmm	399	MouseExp3_p2_A8_Mid_m3Normal_S58.scaffolds_74_26	338	6.3e-26	6	155	2	144	0.37343358395989973
GH109.hmm	399	MouseExp3_p2_A8_Mid_m3Normal_S58.scaffolds_74_33	335	6.1e-26	6	165	2	154	0.39849624060150374
GH109.hmm	399	MouseExp3_p2_A8_Mid_m3Normal_S58.scaffolds_74_49	339	8.5e-26	4	161	3	152	0.39348370927318294
CE9.hmm	373	MouseExp3_p2_A8_Mid_m3Normal_S58.scaffolds_74_96	414	1.2e-122	1	373	46	410	0.9973190348525469
CE4.hmm	130	MouseExp3_p2_A8_Mid_m3Normal_S58.scaffolds_74_97	258	2.3e-31	4	125	51	174	0.9307692307692308
GH13_20.hmm	300	MouseExp3_p2_A8_Mid_m3Normal_S58.scaffolds_82_28	439	3.2e-79	7	299	30	319	0.9733333333333334
CE4.hmm	130	MouseExp3_p2_A8_Mid_m3Normal_S58.scaffolds_867_2	274	2.2e-28	6	125	81	203	0.9153846153846154
GT28.hmm	157	MouseExp3_p2_A8_Mid_m3Normal_S58.scaffolds_867_6	360	5.8e-41	2	150	188	337	0.9426751592356688
GH73.hmm	128	MouseExp3_p2_A8_Mid_m3Normal_S58.scaffolds_98_74	449	6.6e-28	4	125	268	428	0.9453125
