GH1.hmm	429	MouseExp3_p3_A3_Stool_m17noFiber_S127.scaffolds_100_54	493	4.4e-135	2	428	5	488	0.993006993006993
GH25.hmm	177	MouseExp3_p3_A3_Stool_m17noFiber_S127.scaffolds_107_18	578	1.7e-44	1	177	76	255	0.9943502824858758
GT2.hmm	170	MouseExp3_p3_A3_Stool_m17noFiber_S127.scaffolds_107_2	809	5.7e-20	1	113	279	391	0.6588235294117647
GT2.hmm	170	MouseExp3_p3_A3_Stool_m17noFiber_S127.scaffolds_107_2	809	5e-21	1	121	536	659	0.7058823529411765
GT2.hmm	170	MouseExp3_p3_A3_Stool_m17noFiber_S127.scaffolds_107_21	829	5.2e-22	1	167	292	451	0.9764705882352941
GT2.hmm	170	MouseExp3_p3_A3_Stool_m17noFiber_S127.scaffolds_107_21	829	4e-22	1	169	551	737	0.9882352941176471
GT2.hmm	170	MouseExp3_p3_A3_Stool_m17noFiber_S127.scaffolds_107_22	356	7.4e-29	1	113	7	117	0.6588235294117647
GT2.hmm	170	MouseExp3_p3_A3_Stool_m17noFiber_S127.scaffolds_107_23	373	1e-32	1	128	10	135	0.7470588235294118
GT2.hmm	170	MouseExp3_p3_A3_Stool_m17noFiber_S127.scaffolds_107_24	347	1.2e-31	1	166	10	173	0.9705882352941176
GT2.hmm	170	MouseExp3_p3_A3_Stool_m17noFiber_S127.scaffolds_107_25	368	9.9e-36	1	133	12	152	0.7764705882352941
GT2.hmm	170	MouseExp3_p3_A3_Stool_m17noFiber_S127.scaffolds_107_26	340	6.5e-18	2	135	14	166	0.7823529411764706
GT4.hmm	160	MouseExp3_p3_A3_Stool_m17noFiber_S127.scaffolds_107_8	382	3.2e-29	7	154	207	349	0.91875
GT4.hmm	160	MouseExp3_p3_A3_Stool_m17noFiber_S127.scaffolds_187_6	309	1.6e-20	12	121	117	228	0.68125
GT28.hmm	157	MouseExp3_p3_A3_Stool_m17noFiber_S127.scaffolds_187_60	372	5.1e-50	2	155	196	357	0.9745222929936306
GH32.hmm	293	MouseExp3_p3_A3_Stool_m17noFiber_S127.scaffolds_213_38	511	5.8e-80	1	293	33	374	0.9965870307167235
GT4.hmm	160	MouseExp3_p3_A3_Stool_m17noFiber_S127.scaffolds_213_45	476	1.1e-23	13	159	286	437	0.9125
GT2.hmm	170	MouseExp3_p3_A3_Stool_m17noFiber_S127.scaffolds_222_50	344	4.5e-23	4	104	9	110	0.5882352941176471
GH1.hmm	429	MouseExp3_p3_A3_Stool_m17noFiber_S127.scaffolds_222_55	477	4.6e-142	5	428	3	472	0.986013986013986
GT5.hmm	472	MouseExp3_p3_A3_Stool_m17noFiber_S127.scaffolds_233_11	765	1.4e-180	1	470	9	482	0.9936440677966102
GH13_39.hmm	316	MouseExp3_p3_A3_Stool_m17noFiber_S127.scaffolds_233_12	1099	8.2e-122	1	315	194	524	0.9936708860759493
GH77.hmm	494	MouseExp3_p3_A3_Stool_m17noFiber_S127.scaffolds_233_12	1099	8e-100	109	482	727	1085	0.7550607287449392
CBM48.hmm	76	MouseExp3_p3_A3_Stool_m17noFiber_S127.scaffolds_233_7	749	5.7e-19	2	71	44	130	0.9078947368421053
GH13_9.hmm	301	MouseExp3_p3_A3_Stool_m17noFiber_S127.scaffolds_233_7	749	4.5e-136	1	301	220	516	0.9966777408637874
GT35.hmm	674	MouseExp3_p3_A3_Stool_m17noFiber_S127.scaffolds_233_8	809	4.1e-256	1	672	95	807	0.9955489614243324
GH1.hmm	429	MouseExp3_p3_A3_Stool_m17noFiber_S127.scaffolds_277_19	474	4.3e-141	4	425	6	467	0.9813519813519813
GH1.hmm	429	MouseExp3_p3_A3_Stool_m17noFiber_S127.scaffolds_277_23	481	3.2e-141	3	425	8	474	0.9836829836829837
GH1.hmm	429	MouseExp3_p3_A3_Stool_m17noFiber_S127.scaffolds_277_25	480	1e-147	4	427	14	476	0.986013986013986
CE9.hmm	373	MouseExp3_p3_A3_Stool_m17noFiber_S127.scaffolds_277_8	390	1.7e-119	14	373	19	380	0.9624664879356568
GT28.hmm	157	MouseExp3_p3_A3_Stool_m17noFiber_S127.scaffolds_299_21	434	4.6e-21	3	147	240	388	0.9171974522292994
GH13_30.hmm	365	MouseExp3_p3_A3_Stool_m17noFiber_S127.scaffolds_325_2	578	1.7e-163	1	365	34	401	0.9972602739726028
GH109.hmm	399	MouseExp3_p3_A3_Stool_m17noFiber_S127.scaffolds_325_24	340	7.6e-20	5	161	12	169	0.39097744360902253
GH1.hmm	429	MouseExp3_p3_A3_Stool_m17noFiber_S127.scaffolds_343_17	473	5.7e-141	5	428	2	468	0.986013986013986
CE4.hmm	130	MouseExp3_p3_A3_Stool_m17noFiber_S127.scaffolds_343_9	469	2.5e-25	6	115	245	356	0.8384615384615385
GT51.hmm	177	MouseExp3_p3_A3_Stool_m17noFiber_S127.scaffolds_34_154	733	1.3e-65	2	176	72	247	0.9830508474576272
GH13_20.hmm	300	MouseExp3_p3_A3_Stool_m17noFiber_S127.scaffolds_34_57	459	3e-70	6	298	49	338	0.9733333333333334
CE7.hmm	313	MouseExp3_p3_A3_Stool_m17noFiber_S127.scaffolds_350_16	309	2e-85	17	307	2	296	0.9265175718849841
GH23.hmm	135	MouseExp3_p3_A3_Stool_m17noFiber_S127.scaffolds_350_30	194	6e-29	13	119	56	179	0.7851851851851852
GH5_44.hmm	302	MouseExp3_p3_A3_Stool_m17noFiber_S127.scaffolds_353_26	354	3.9e-60	1	265	50	311	0.8741721854304636
GH109.hmm	399	MouseExp3_p3_A3_Stool_m17noFiber_S127.scaffolds_395_22	347	6.7e-17	3	166	4	156	0.40852130325814534
GT81.hmm	293	MouseExp3_p3_A3_Stool_m17noFiber_S127.scaffolds_399_2	324	2.9e-18	20	215	3	185	0.6655290102389079
GH77.hmm	494	MouseExp3_p3_A3_Stool_m17noFiber_S127.scaffolds_423_5	502	1.4e-161	1	490	9	486	0.9898785425101214
GT35.hmm	674	MouseExp3_p3_A3_Stool_m17noFiber_S127.scaffolds_423_6	756	6.4e-219	2	673	80	754	0.9955489614243324
GH2.hmm	752	MouseExp3_p3_A3_Stool_m17noFiber_S127.scaffolds_52_9	1003	1.1e-196	19	749	34	866	0.9707446808510638
GH4.hmm	179	MouseExp3_p3_A3_Stool_m17noFiber_S127.scaffolds_52_99	448	7e-68	2	178	8	184	0.9832402234636871
GH32.hmm	293	MouseExp3_p3_A3_Stool_m17noFiber_S127.scaffolds_769_11	481	3.3e-85	1	293	37	351	0.9965870307167235
GH32.hmm	293	MouseExp3_p3_A3_Stool_m17noFiber_S127.scaffolds_769_13	461	6.8e-44	2	273	6	283	0.9249146757679181
