GT2.hmm	230	MouseExp3_p2_C2_Mid_m9noFiber_S76.scaffolds_122_39	825	1.1e-20	2	228	435	670	0.9826086956521739
GH3.hmm	216	MouseExp3_p2_C2_Mid_m9noFiber_S76.scaffolds_134_18	404	5.4e-41	9	215	132	357	0.9537037037037037
GH73.hmm	128	MouseExp3_p2_C2_Mid_m9noFiber_S76.scaffolds_134_56	362	5.7e-29	2	127	33	165	0.9765625
GT51.hmm	177	MouseExp3_p2_C2_Mid_m9noFiber_S76.scaffolds_134_58	665	2.6e-57	3	176	56	231	0.9774011299435028
GH25.hmm	177	MouseExp3_p2_C2_Mid_m9noFiber_S76.scaffolds_168_33	272	1.1e-35	1	176	65	247	0.9887005649717514
GH170.hmm	350	MouseExp3_p2_C2_Mid_m9noFiber_S76.scaffolds_168_45	354	4.8e-125	1	349	1	346	0.9942857142857143
GT2.hmm	170	MouseExp3_p2_C2_Mid_m9noFiber_S76.scaffolds_176_4	443	1.5e-32	1	169	64	235	0.9882352941176471
GT51.hmm	177	MouseExp3_p2_C2_Mid_m9noFiber_S76.scaffolds_208_39	744	1.2e-61	3	177	108	279	0.9830508474576272
GT2.hmm	170	MouseExp3_p2_C2_Mid_m9noFiber_S76.scaffolds_20_114	320	2.1e-21	2	133	5	135	0.7705882352941177
GT2.hmm	170	MouseExp3_p2_C2_Mid_m9noFiber_S76.scaffolds_20_119	325	4e-28	1	164	6	194	0.9588235294117647
GT2.hmm	170	MouseExp3_p2_C2_Mid_m9noFiber_S76.scaffolds_20_122	242	2.1e-23	3	168	9	173	0.9705882352941176
GT4.hmm	160	MouseExp3_p2_C2_Mid_m9noFiber_S76.scaffolds_20_126	380	8.4e-27	3	158	196	348	0.96875
GT2.hmm	170	MouseExp3_p2_C2_Mid_m9noFiber_S76.scaffolds_20_128	334	4e-35	1	133	4	138	0.7764705882352941
GT2.hmm	170	MouseExp3_p2_C2_Mid_m9noFiber_S76.scaffolds_20_129	296	9.4e-26	1	125	6	129	0.7294117647058823
GH25.hmm	177	MouseExp3_p2_C2_Mid_m9noFiber_S76.scaffolds_20_133	213	5.6e-26	1	92	92	195	0.5141242937853108
CE4.hmm	130	MouseExp3_p2_C2_Mid_m9noFiber_S76.scaffolds_20_16	319	1.7e-34	3	124	136	265	0.9307692307692308
GH109.hmm	399	MouseExp3_p2_C2_Mid_m9noFiber_S76.scaffolds_20_179	340	2e-17	4	164	3	156	0.40100250626566414
GT2.hmm	170	MouseExp3_p2_C2_Mid_m9noFiber_S76.scaffolds_20_18	312	3.8e-28	2	169	6	168	0.9823529411764705
GH73.hmm	128	MouseExp3_p2_C2_Mid_m9noFiber_S76.scaffolds_20_187	440	5.4e-30	2	128	70	210	0.984375
CBM50.hmm	40	MouseExp3_p2_C2_Mid_m9noFiber_S76.scaffolds_20_187	440	3.6e-17	1	39	243	284	0.95
GH13_8.hmm	293	MouseExp3_p2_C2_Mid_m9noFiber_S76.scaffolds_20_54	649	5.2e-145	1	293	211	502	0.9965870307167235
GH170.hmm	350	MouseExp3_p2_C2_Mid_m9noFiber_S76.scaffolds_20_86	365	1.3e-122	1	349	3	359	0.9942857142857143
GH1.hmm	429	MouseExp3_p2_C2_Mid_m9noFiber_S76.scaffolds_20_90	479	8.6e-162	3	428	7	475	0.9906759906759907
GH1.hmm	429	MouseExp3_p2_C2_Mid_m9noFiber_S76.scaffolds_21_129	479	1e-146	4	428	2	475	0.9883449883449883
GT4.hmm	160	MouseExp3_p2_C2_Mid_m9noFiber_S76.scaffolds_21_133	507	7.1e-32	2	157	313	472	0.96875
GT4.hmm	160	MouseExp3_p2_C2_Mid_m9noFiber_S76.scaffolds_21_134	542	2.4e-25	10	159	334	488	0.93125
GH109.hmm	399	MouseExp3_p2_C2_Mid_m9noFiber_S76.scaffolds_21_31	325	6.7e-16	6	157	2	144	0.37844611528822053
GH43_11.hmm	292	MouseExp3_p2_C2_Mid_m9noFiber_S76.scaffolds_21_80	560	4.2e-133	1	292	4	305	0.9965753424657534
CBM91.hmm	200	MouseExp3_p2_C2_Mid_m9noFiber_S76.scaffolds_21_80	560	4.1e-45	3	199	333	539	0.98
GH92.hmm	491	MouseExp3_p2_C2_Mid_m9noFiber_S76.scaffolds_21_84	718	5.9e-161	5	489	202	698	0.9857433808553971
GH125.hmm	402	MouseExp3_p2_C2_Mid_m9noFiber_S76.scaffolds_21_86	432	1.9e-176	2	402	25	422	0.9950248756218906
GH38.hmm	269	MouseExp3_p2_C2_Mid_m9noFiber_S76.scaffolds_21_87	682	3.8e-72	1	257	5	277	0.9516728624535316
GH20.hmm	337	MouseExp3_p2_C2_Mid_m9noFiber_S76.scaffolds_21_92	326	1.3e-56	16	316	3	301	0.8902077151335311
GH13_31.hmm	349	MouseExp3_p2_C2_Mid_m9noFiber_S76.scaffolds_21_93	516	7.3e-136	1	348	27	349	0.994269340974212
GH85.hmm	315	MouseExp3_p2_C2_Mid_m9noFiber_S76.scaffolds_21_94	289	3.2e-69	1	177	112	288	0.5587301587301587
GH85.hmm	315	MouseExp3_p2_C2_Mid_m9noFiber_S76.scaffolds_21_95	627	2.4e-33	185	315	5	130	0.4126984126984127
CBM32.hmm	124	MouseExp3_p2_C2_Mid_m9noFiber_S76.scaffolds_21_95	627	8.5e-25	11	123	499	619	0.9032258064516129
GH1.hmm	429	MouseExp3_p2_C2_Mid_m9noFiber_S76.scaffolds_21_97	476	2.3e-133	2	425	2	459	0.986013986013986
GH73.hmm	128	MouseExp3_p2_C2_Mid_m9noFiber_S76.scaffolds_234_2	518	5e-25	8	128	227	360	0.9375
GT4.hmm	160	MouseExp3_p2_C2_Mid_m9noFiber_S76.scaffolds_276_7	447	3.9e-34	7	150	205	345	0.89375
GT28.hmm	157	MouseExp3_p2_C2_Mid_m9noFiber_S76.scaffolds_29_111	358	2.9e-46	1	157	182	344	0.9936305732484076
CBM34.hmm	120	MouseExp3_p2_C2_Mid_m9noFiber_S76.scaffolds_29_16	585	1.6e-31	1	119	6	133	0.9833333333333333
GH13_20.hmm	300	MouseExp3_p2_C2_Mid_m9noFiber_S76.scaffolds_29_16	585	1.9e-130	1	300	183	487	0.9966666666666667
GH13_31.hmm	349	MouseExp3_p2_C2_Mid_m9noFiber_S76.scaffolds_29_17	542	9.4e-148	1	349	38	365	0.997134670487106
GH13_36.hmm	314	MouseExp3_p2_C2_Mid_m9noFiber_S76.scaffolds_29_19	525	1.2e-107	1	313	65	377	0.9936305732484076
GH13_31.hmm	349	MouseExp3_p2_C2_Mid_m9noFiber_S76.scaffolds_29_20	535	3.3e-135	1	348	20	354	0.994269340974212
GH65.hmm	372	MouseExp3_p2_C2_Mid_m9noFiber_S76.scaffolds_29_21	752	2.3e-149	1	370	320	685	0.9919354838709677
GH1.hmm	429	MouseExp3_p2_C2_Mid_m9noFiber_S76.scaffolds_29_27	478	1.4e-145	5	428	3	471	0.986013986013986
GH25.hmm	177	MouseExp3_p2_C2_Mid_m9noFiber_S76.scaffolds_319_30	430	2.3e-36	1	176	33	216	0.9887005649717514
CE4.hmm	130	MouseExp3_p2_C2_Mid_m9noFiber_S76.scaffolds_32_38	373	9.2e-34	6	118	173	284	0.8615384615384616
GH31.hmm	427	MouseExp3_p2_C2_Mid_m9noFiber_S76.scaffolds_35_110	456	3e-83	1	305	157	455	0.711943793911007
GH1.hmm	429	MouseExp3_p2_C2_Mid_m9noFiber_S76.scaffolds_35_14	454	2.3e-139	1	428	1	449	0.9953379953379954
AA10.hmm	178	MouseExp3_p2_C2_Mid_m9noFiber_S76.scaffolds_37_115	221	1.2e-51	1	178	29	205	0.9943820224719101
GH18.hmm	296	MouseExp3_p2_C2_Mid_m9noFiber_S76.scaffolds_37_116	493	2.7e-29	3	296	43	342	0.9898648648648649
GH2.hmm	752	MouseExp3_p2_C2_Mid_m9noFiber_S76.scaffolds_37_83	736	8.9e-178	28	614	33	734	0.7792553191489362
GH13_5.hmm	342	MouseExp3_p2_C2_Mid_m9noFiber_S76.scaffolds_412_3	492	1.4e-140	2	342	29	367	0.9941520467836257
GT2.hmm	170	MouseExp3_p2_C2_Mid_m9noFiber_S76.scaffolds_60_4	964	2.4e-31	2	131	14	144	0.7588235294117647
GT4.hmm	160	MouseExp3_p2_C2_Mid_m9noFiber_S76.scaffolds_60_8	1068	4.1e-33	6	154	901	1047	0.925
GT2.hmm	230	MouseExp3_p2_C2_Mid_m9noFiber_S76.scaffolds_76_26	407	9.9e-36	4	230	48	274	0.9826086956521739
CE4.hmm	130	MouseExp3_p2_C2_Mid_m9noFiber_S76.scaffolds_76_28	298	9.7e-19	8	123	122	255	0.8846153846153846
GH77.hmm	494	MouseExp3_p2_C2_Mid_m9noFiber_S76.scaffolds_76_42	668	6.8e-147	1	490	22	661	0.9898785425101214
GT5.hmm	472	MouseExp3_p2_C2_Mid_m9noFiber_S76.scaffolds_76_45	479	9e-176	1	471	2	476	0.9957627118644068
GT35.hmm	674	MouseExp3_p2_C2_Mid_m9noFiber_S76.scaffolds_76_46	801	4.1e-261	2	674	93	796	0.9970326409495549
GH13_39.hmm	316	MouseExp3_p2_C2_Mid_m9noFiber_S76.scaffolds_76_47	601	6.1e-123	1	315	186	492	0.9936708860759493
GT2.hmm	170	MouseExp3_p2_C2_Mid_m9noFiber_S76.scaffolds_79_77	319	2.3e-29	3	167	8	175	0.9647058823529412
GH65.hmm	372	MouseExp3_p2_C2_Mid_m9noFiber_S76.scaffolds_83_30	770	6.4e-119	1	371	304	703	0.9946236559139785
GH1.hmm	429	MouseExp3_p2_C2_Mid_m9noFiber_S76.scaffolds_83_42	479	7.6e-152	4	428	2	475	0.9883449883449883
GT51.hmm	177	MouseExp3_p2_C2_Mid_m9noFiber_S76.scaffolds_83_73	802	2.1e-49	3	170	111	283	0.943502824858757
CE1.hmm	227	MouseExp3_p2_C2_Mid_m9noFiber_S76.scaffolds_89_38	259	1.1e-49	1	224	10	248	0.9823788546255506
CE9.hmm	373	MouseExp3_p2_C2_Mid_m9noFiber_S76.scaffolds_98_32	383	1.7e-120	4	373	8	376	0.9892761394101877
GH73.hmm	128	MouseExp3_p2_C2_Mid_m9noFiber_S76.scaffolds_98_6	210	2.3e-35	2	128	62	200	0.984375
